2018-04-22 16:41:26,144: rp.session.WCheng.home.willcheng.017643.0000: MainProcess                     : MainThread     : INFO    : python.interpreter   version: 2.7.14 |Anaconda, Inc.| (default, Mar 27 2018, 12:28:59) [GCC 4.2.1 Compatible Clang 4.0.1 (tags/RELEASE_401/final)]
2018-04-22 16:41:26,145: rp.session.WCheng.home.willcheng.017643.0000: MainProcess                     : MainThread     : INFO    :                      pid: 2538
2018-04-22 16:41:26,145: rp.session.WCheng.home.willcheng.017643.0000: MainProcess                     : MainThread     : INFO    :                      tid: MainThread
2018-04-22 16:41:26,145: rp.session.WCheng.home.willcheng.017643.0000: MainProcess                     : MainThread     : INFO    : radical.pilot        version: 0.47.5-v0.47.5-153-g5bd2455@devel
2018-04-22 16:41:26,297: rp.session.WCheng.home.willcheng.017643.0000: MainProcess                     : MainThread     : INFO    : using database mongodb://rp:rp@ds015335.mlab.com:15335/rp
2018-04-22 16:41:26,298: rp.session.WCheng.home.willcheng.017643.0000: MainProcess                     : MainThread     : INFO    : Load resource configurations from /Users/WillC/Documents/Rutgers/Research/RADICAL/watershed/midas/watershed/Vanilla/myenv/lib/python2.7/site-packages/radical/pilot/configs/resource_nersc.json
2018-04-22 16:41:26,311: rp.session.WCheng.home.willcheng.017643.0000: MainProcess                     : MainThread     : INFO    : Load resource configurations for nersc.edison_ccm_ssh
2018-04-22 16:41:26,311: rp.session.WCheng.home.willcheng.017643.0000: MainProcess                     : MainThread     : DEBUG   : read rcfg for nersc.edison_ccm_ssh (None)
2018-04-22 16:41:26,311: rp.session.WCheng.home.willcheng.017643.0000: MainProcess                     : MainThread     : INFO    : Load resource configurations for nersc.hopper_orte
2018-04-22 16:41:26,312: rp.session.WCheng.home.willcheng.017643.0000: MainProcess                     : MainThread     : DEBUG   : read rcfg for nersc.hopper_orte (None)
2018-04-22 16:41:26,312: rp.session.WCheng.home.willcheng.017643.0000: MainProcess                     : MainThread     : INFO    : Load resource configurations for nersc.hopper_ccm_ssh
2018-04-22 16:41:26,313: rp.session.WCheng.home.willcheng.017643.0000: MainProcess                     : MainThread     : DEBUG   : read rcfg for nersc.hopper_ccm_ssh (24)
2018-04-22 16:41:26,313: rp.session.WCheng.home.willcheng.017643.0000: MainProcess                     : MainThread     : INFO    : Load resource configurations for nersc.edison_aprun
2018-04-22 16:41:26,313: rp.session.WCheng.home.willcheng.017643.0000: MainProcess                     : MainThread     : DEBUG   : read rcfg for nersc.edison_aprun (None)
2018-04-22 16:41:26,313: rp.session.WCheng.home.willcheng.017643.0000: MainProcess                     : MainThread     : INFO    : Load resource configurations for nersc.hopper_aprun
2018-04-22 16:41:26,314: rp.session.WCheng.home.willcheng.017643.0000: MainProcess                     : MainThread     : DEBUG   : read rcfg for nersc.hopper_aprun (24)
2018-04-22 16:41:26,314: rp.session.WCheng.home.willcheng.017643.0000: MainProcess                     : MainThread     : INFO    : Load resource configurations for nersc.edison_orte
2018-04-22 16:41:26,314: rp.session.WCheng.home.willcheng.017643.0000: MainProcess                     : MainThread     : DEBUG   : read rcfg for nersc.edison_orte (None)
2018-04-22 16:41:26,314: rp.session.WCheng.home.willcheng.017643.0000: MainProcess                     : MainThread     : INFO    : Load resource configurations from /Users/WillC/Documents/Rutgers/Research/RADICAL/watershed/midas/watershed/Vanilla/myenv/lib/python2.7/site-packages/radical/pilot/configs/resource_stfc.json
2018-04-22 16:41:26,317: rp.session.WCheng.home.willcheng.017643.0000: MainProcess                     : MainThread     : INFO    : Load resource configurations for stfc.joule_runjob
2018-04-22 16:41:26,317: rp.session.WCheng.home.willcheng.017643.0000: MainProcess                     : MainThread     : DEBUG   : read rcfg for stfc.joule_runjob (None)
2018-04-22 16:41:26,318: rp.session.WCheng.home.willcheng.017643.0000: MainProcess                     : MainThread     : INFO    : Load resource configurations from /Users/WillC/Documents/Rutgers/Research/RADICAL/watershed/midas/watershed/Vanilla/myenv/lib/python2.7/site-packages/radical/pilot/configs/resource_das4.json
2018-04-22 16:41:26,320: rp.session.WCheng.home.willcheng.017643.0000: MainProcess                     : MainThread     : INFO    : Load resource configurations for das4.fs2_ssh
2018-04-22 16:41:26,321: rp.session.WCheng.home.willcheng.017643.0000: MainProcess                     : MainThread     : DEBUG   : read rcfg for das4.fs2_ssh (None)
2018-04-22 16:41:26,321: rp.session.WCheng.home.willcheng.017643.0000: MainProcess                     : MainThread     : INFO    : Load resource configurations from /Users/WillC/Documents/Rutgers/Research/RADICAL/watershed/midas/watershed/Vanilla/myenv/lib/python2.7/site-packages/radical/pilot/configs/resource_futuregrid.json
2018-04-22 16:41:26,330: rp.session.WCheng.home.willcheng.017643.0000: MainProcess                     : MainThread     : INFO    : Load resource configurations for futuregrid.delta_ssh
2018-04-22 16:41:26,331: rp.session.WCheng.home.willcheng.017643.0000: MainProcess                     : MainThread     : DEBUG   : read rcfg for futuregrid.delta_ssh (None)
2018-04-22 16:41:26,331: rp.session.WCheng.home.willcheng.017643.0000: MainProcess                     : MainThread     : INFO    : Load resource configurations for futuregrid.india_ssh
2018-04-22 16:41:26,331: rp.session.WCheng.home.willcheng.017643.0000: MainProcess                     : MainThread     : DEBUG   : read rcfg for futuregrid.india_ssh (None)
2018-04-22 16:41:26,331: rp.session.WCheng.home.willcheng.017643.0000: MainProcess                     : MainThread     : INFO    : Load resource configurations for futuregrid.echo_ssh
2018-04-22 16:41:26,332: rp.session.WCheng.home.willcheng.017643.0000: MainProcess                     : MainThread     : DEBUG   : read rcfg for futuregrid.echo_ssh (None)
2018-04-22 16:41:26,332: rp.session.WCheng.home.willcheng.017643.0000: MainProcess                     : MainThread     : INFO    : Load resource configurations for futuregrid.xray_ccm
2018-04-22 16:41:26,332: rp.session.WCheng.home.willcheng.017643.0000: MainProcess                     : MainThread     : DEBUG   : read rcfg for futuregrid.xray_ccm (None)
2018-04-22 16:41:26,332: rp.session.WCheng.home.willcheng.017643.0000: MainProcess                     : MainThread     : INFO    : Load resource configurations for futuregrid.bravo_ssh
2018-04-22 16:41:26,333: rp.session.WCheng.home.willcheng.017643.0000: MainProcess                     : MainThread     : DEBUG   : read rcfg for futuregrid.bravo_ssh (None)
2018-04-22 16:41:26,333: rp.session.WCheng.home.willcheng.017643.0000: MainProcess                     : MainThread     : INFO    : Load resource configurations for futuregrid.xray_aprun
2018-04-22 16:41:26,334: rp.session.WCheng.home.willcheng.017643.0000: MainProcess                     : MainThread     : DEBUG   : read rcfg for futuregrid.xray_aprun (None)
2018-04-22 16:41:26,335: rp.session.WCheng.home.willcheng.017643.0000: MainProcess                     : MainThread     : INFO    : Load resource configurations from /Users/WillC/Documents/Rutgers/Research/RADICAL/watershed/midas/watershed/Vanilla/myenv/lib/python2.7/site-packages/radical/pilot/configs/resource_chameleon.json
2018-04-22 16:41:26,337: rp.session.WCheng.home.willcheng.017643.0000: MainProcess                     : MainThread     : INFO    : Load resource configurations for chameleon.cloud_vm_yarn
2018-04-22 16:41:26,338: rp.session.WCheng.home.willcheng.017643.0000: MainProcess                     : MainThread     : DEBUG   : read rcfg for chameleon.cloud_vm_yarn (None)
2018-04-22 16:41:26,338: rp.session.WCheng.home.willcheng.017643.0000: MainProcess                     : MainThread     : INFO    : Load resource configurations from /Users/WillC/Documents/Rutgers/Research/RADICAL/watershed/midas/watershed/Vanilla/myenv/lib/python2.7/site-packages/radical/pilot/configs/resource_das5.json
2018-04-22 16:41:26,340: rp.session.WCheng.home.willcheng.017643.0000: MainProcess                     : MainThread     : INFO    : Load resource configurations for das5.fs1_ssh
2018-04-22 16:41:26,340: rp.session.WCheng.home.willcheng.017643.0000: MainProcess                     : MainThread     : DEBUG   : read rcfg for das5.fs1_ssh (None)
2018-04-22 16:41:26,340: rp.session.WCheng.home.willcheng.017643.0000: MainProcess                     : MainThread     : INFO    : Load resource configurations from /Users/WillC/Documents/Rutgers/Research/RADICAL/watershed/midas/watershed/Vanilla/myenv/lib/python2.7/site-packages/radical/pilot/configs/resource_fub.json
2018-04-22 16:41:26,342: rp.session.WCheng.home.willcheng.017643.0000: MainProcess                     : MainThread     : INFO    : Load resource configurations for fub.allegro_rsh
2018-04-22 16:41:26,343: rp.session.WCheng.home.willcheng.017643.0000: MainProcess                     : MainThread     : DEBUG   : read rcfg for fub.allegro_rsh (None)
2018-04-22 16:41:26,343: rp.session.WCheng.home.willcheng.017643.0000: MainProcess                     : MainThread     : INFO    : Load resource configurations from /Users/WillC/Documents/Rutgers/Research/RADICAL/watershed/midas/watershed/Vanilla/myenv/lib/python2.7/site-packages/radical/pilot/configs/resource_lrz.json
2018-04-22 16:41:26,345: rp.session.WCheng.home.willcheng.017643.0000: MainProcess                     : MainThread     : INFO    : Load resource configurations for lrz.supermuc_ssh
2018-04-22 16:41:26,345: rp.session.WCheng.home.willcheng.017643.0000: MainProcess                     : MainThread     : DEBUG   : read rcfg for lrz.supermuc_ssh (None)
2018-04-22 16:41:26,345: rp.session.WCheng.home.willcheng.017643.0000: MainProcess                     : MainThread     : INFO    : Load resource configurations from /Users/WillC/Documents/Rutgers/Research/RADICAL/watershed/midas/watershed/Vanilla/myenv/lib/python2.7/site-packages/radical/pilot/configs/resource_osg.json
2018-04-22 16:41:26,349: rp.session.WCheng.home.willcheng.017643.0000: MainProcess                     : MainThread     : INFO    : Load resource configurations for osg.xsede-virt-clust
2018-04-22 16:41:26,350: rp.session.WCheng.home.willcheng.017643.0000: MainProcess                     : MainThread     : DEBUG   : read rcfg for osg.xsede-virt-clust (None)
2018-04-22 16:41:26,350: rp.session.WCheng.home.willcheng.017643.0000: MainProcess                     : MainThread     : INFO    : Load resource configurations for osg.connect
2018-04-22 16:41:26,351: rp.session.WCheng.home.willcheng.017643.0000: MainProcess                     : MainThread     : DEBUG   : read rcfg for osg.connect (None)
2018-04-22 16:41:26,351: rp.session.WCheng.home.willcheng.017643.0000: MainProcess                     : MainThread     : INFO    : Load resource configurations from /Users/WillC/Documents/Rutgers/Research/RADICAL/watershed/midas/watershed/Vanilla/myenv/lib/python2.7/site-packages/radical/pilot/configs/resource_yale.json
2018-04-22 16:41:26,354: rp.session.WCheng.home.willcheng.017643.0000: MainProcess                     : MainThread     : INFO    : Load resource configurations for yale.grace_ssh
2018-04-22 16:41:26,354: rp.session.WCheng.home.willcheng.017643.0000: MainProcess                     : MainThread     : DEBUG   : read rcfg for yale.grace_ssh (None)
2018-04-22 16:41:26,354: rp.session.WCheng.home.willcheng.017643.0000: MainProcess                     : MainThread     : INFO    : Load resource configurations from /Users/WillC/Documents/Rutgers/Research/RADICAL/watershed/midas/watershed/Vanilla/myenv/lib/python2.7/site-packages/radical/pilot/configs/resource_lumc.json
2018-04-22 16:41:26,358: rp.session.WCheng.home.willcheng.017643.0000: MainProcess                     : MainThread     : INFO    : Load resource configurations for lumc.gb-ui_ssh
2018-04-22 16:41:26,358: rp.session.WCheng.home.willcheng.017643.0000: MainProcess                     : MainThread     : DEBUG   : read rcfg for lumc.gb-ui_ssh (None)
2018-04-22 16:41:26,358: rp.session.WCheng.home.willcheng.017643.0000: MainProcess                     : MainThread     : INFO    : Load resource configurations for lumc.shark_ssh
2018-04-22 16:41:26,359: rp.session.WCheng.home.willcheng.017643.0000: MainProcess                     : MainThread     : DEBUG   : read rcfg for lumc.shark_ssh (None)
2018-04-22 16:41:26,359: rp.session.WCheng.home.willcheng.017643.0000: MainProcess                     : MainThread     : INFO    : Load resource configurations from /Users/WillC/Documents/Rutgers/Research/RADICAL/watershed/midas/watershed/Vanilla/myenv/lib/python2.7/site-packages/radical/pilot/configs/resource_ornl.json
2018-04-22 16:41:26,370: rp.session.WCheng.home.willcheng.017643.0000: MainProcess                     : MainThread     : INFO    : Load resource configurations for ornl.titan_orte
2018-04-22 16:41:26,371: rp.session.WCheng.home.willcheng.017643.0000: MainProcess                     : MainThread     : DEBUG   : read rcfg for ornl.titan_orte (16)
2018-04-22 16:41:26,371: rp.session.WCheng.home.willcheng.017643.0000: MainProcess                     : MainThread     : INFO    : Load resource configurations for ornl.titan_aprun
2018-04-22 16:41:26,371: rp.session.WCheng.home.willcheng.017643.0000: MainProcess                     : MainThread     : DEBUG   : read rcfg for ornl.titan_aprun (None)
2018-04-22 16:41:26,371: rp.session.WCheng.home.willcheng.017643.0000: MainProcess                     : MainThread     : INFO    : Load resource configurations for ornl.rhea
2018-04-22 16:41:26,372: rp.session.WCheng.home.willcheng.017643.0000: MainProcess                     : MainThread     : DEBUG   : read rcfg for ornl.rhea (16)
2018-04-22 16:41:26,372: rp.session.WCheng.home.willcheng.017643.0000: MainProcess                     : MainThread     : INFO    : Load resource configurations for ornl.rhea_aprun
2018-04-22 16:41:26,373: rp.session.WCheng.home.willcheng.017643.0000: MainProcess                     : MainThread     : DEBUG   : read rcfg for ornl.rhea_aprun (None)
2018-04-22 16:41:26,373: rp.session.WCheng.home.willcheng.017643.0000: MainProcess                     : MainThread     : INFO    : Load resource configurations for ornl.titan_ortelib
2018-04-22 16:41:26,373: rp.session.WCheng.home.willcheng.017643.0000: MainProcess                     : MainThread     : DEBUG   : read rcfg for ornl.titan_ortelib (None)
2018-04-22 16:41:26,373: rp.session.WCheng.home.willcheng.017643.0000: MainProcess                     : MainThread     : INFO    : Load resource configurations from /Users/WillC/Documents/Rutgers/Research/RADICAL/watershed/midas/watershed/Vanilla/myenv/lib/python2.7/site-packages/radical/pilot/configs/resource_ncar.json
2018-04-22 16:41:26,377: rp.session.WCheng.home.willcheng.017643.0000: MainProcess                     : MainThread     : INFO    : Load resource configurations for ncar.cheyenne_mpirun
2018-04-22 16:41:26,377: rp.session.WCheng.home.willcheng.017643.0000: MainProcess                     : MainThread     : DEBUG   : read rcfg for ncar.cheyenne_mpirun (None)
2018-04-22 16:41:26,377: rp.session.WCheng.home.willcheng.017643.0000: MainProcess                     : MainThread     : INFO    : Load resource configurations for ncar.yellowstone_ssh
2018-04-22 16:41:26,378: rp.session.WCheng.home.willcheng.017643.0000: MainProcess                     : MainThread     : DEBUG   : read rcfg for ncar.yellowstone_ssh (None)
2018-04-22 16:41:26,378: rp.session.WCheng.home.willcheng.017643.0000: MainProcess                     : MainThread     : INFO    : Load resource configurations from /Users/WillC/Documents/Rutgers/Research/RADICAL/watershed/midas/watershed/Vanilla/myenv/lib/python2.7/site-packages/radical/pilot/configs/resource_local.json
2018-04-22 16:41:26,391: rp.session.WCheng.home.willcheng.017643.0000: MainProcess                     : MainThread     : INFO    : Load resource configurations for local.localhost_orte
2018-04-22 16:41:26,392: rp.session.WCheng.home.willcheng.017643.0000: MainProcess                     : MainThread     : DEBUG   : read rcfg for local.localhost_orte (None)
2018-04-22 16:41:26,392: rp.session.WCheng.home.willcheng.017643.0000: MainProcess                     : MainThread     : INFO    : Load resource configurations for local.localhost_anaconda
2018-04-22 16:41:26,392: rp.session.WCheng.home.willcheng.017643.0000: MainProcess                     : MainThread     : DEBUG   : read rcfg for local.localhost_anaconda (None)
2018-04-22 16:41:26,392: rp.session.WCheng.home.willcheng.017643.0000: MainProcess                     : MainThread     : INFO    : Load resource configurations for local.localhost_ortelib
2018-04-22 16:41:26,393: rp.session.WCheng.home.willcheng.017643.0000: MainProcess                     : MainThread     : DEBUG   : read rcfg for local.localhost_ortelib (None)
2018-04-22 16:41:26,393: rp.session.WCheng.home.willcheng.017643.0000: MainProcess                     : MainThread     : INFO    : Load resource configurations for local.localhost_aprun
2018-04-22 16:41:26,393: rp.session.WCheng.home.willcheng.017643.0000: MainProcess                     : MainThread     : DEBUG   : read rcfg for local.localhost_aprun (8)
2018-04-22 16:41:26,393: rp.session.WCheng.home.willcheng.017643.0000: MainProcess                     : MainThread     : INFO    : Load resource configurations for local.localhost
2018-04-22 16:41:26,394: rp.session.WCheng.home.willcheng.017643.0000: MainProcess                     : MainThread     : DEBUG   : read rcfg for local.localhost (8)
2018-04-22 16:41:26,394: rp.session.WCheng.home.willcheng.017643.0000: MainProcess                     : MainThread     : INFO    : Load resource configurations for local.localhost_spark
2018-04-22 16:41:26,394: rp.session.WCheng.home.willcheng.017643.0000: MainProcess                     : MainThread     : DEBUG   : read rcfg for local.localhost_spark (None)
2018-04-22 16:41:26,394: rp.session.WCheng.home.willcheng.017643.0000: MainProcess                     : MainThread     : INFO    : Load resource configurations for local.localhost_spark_anaconda
2018-04-22 16:41:26,395: rp.session.WCheng.home.willcheng.017643.0000: MainProcess                     : MainThread     : DEBUG   : read rcfg for local.localhost_spark_anaconda (None)
2018-04-22 16:41:26,395: rp.session.WCheng.home.willcheng.017643.0000: MainProcess                     : MainThread     : INFO    : Load resource configurations for local.localhost_yarn
2018-04-22 16:41:26,395: rp.session.WCheng.home.willcheng.017643.0000: MainProcess                     : MainThread     : DEBUG   : read rcfg for local.localhost_yarn (None)
2018-04-22 16:41:26,395: rp.session.WCheng.home.willcheng.017643.0000: MainProcess                     : MainThread     : INFO    : Load resource configurations from /Users/WillC/Documents/Rutgers/Research/RADICAL/watershed/midas/watershed/Vanilla/myenv/lib/python2.7/site-packages/radical/pilot/configs/resource_ncsa.json
2018-04-22 16:41:26,405: rp.session.WCheng.home.willcheng.017643.0000: MainProcess                     : MainThread     : INFO    : Load resource configurations for ncsa.bw_orte
2018-04-22 16:41:26,406: rp.session.WCheng.home.willcheng.017643.0000: MainProcess                     : MainThread     : DEBUG   : read rcfg for ncsa.bw_orte (None)
2018-04-22 16:41:26,406: rp.session.WCheng.home.willcheng.017643.0000: MainProcess                     : MainThread     : INFO    : Load resource configurations for ncsa.bw_ccm_ssh
2018-04-22 16:41:26,406: rp.session.WCheng.home.willcheng.017643.0000: MainProcess                     : MainThread     : DEBUG   : read rcfg for ncsa.bw_ccm_ssh (None)
2018-04-22 16:41:26,406: rp.session.WCheng.home.willcheng.017643.0000: MainProcess                     : MainThread     : INFO    : Load resource configurations for ncsa.bw_ortelib
2018-04-22 16:41:26,407: rp.session.WCheng.home.willcheng.017643.0000: MainProcess                     : MainThread     : DEBUG   : read rcfg for ncsa.bw_ortelib (None)
2018-04-22 16:41:26,407: rp.session.WCheng.home.willcheng.017643.0000: MainProcess                     : MainThread     : INFO    : Load resource configurations for ncsa.bw_aprun
2018-04-22 16:41:26,407: rp.session.WCheng.home.willcheng.017643.0000: MainProcess                     : MainThread     : DEBUG   : read rcfg for ncsa.bw_aprun (None)
2018-04-22 16:41:26,407: rp.session.WCheng.home.willcheng.017643.0000: MainProcess                     : MainThread     : INFO    : Load resource configurations for ncsa.bw_local_orte
2018-04-22 16:41:26,408: rp.session.WCheng.home.willcheng.017643.0000: MainProcess                     : MainThread     : DEBUG   : read rcfg for ncsa.bw_local_orte (None)
2018-04-22 16:41:26,408: rp.session.WCheng.home.willcheng.017643.0000: MainProcess                     : MainThread     : INFO    : Load resource configurations from /Users/WillC/Documents/Rutgers/Research/RADICAL/watershed/midas/watershed/Vanilla/myenv/lib/python2.7/site-packages/radical/pilot/configs/resource_radical.json
2018-04-22 16:41:26,413: rp.session.WCheng.home.willcheng.017643.0000: MainProcess                     : MainThread     : INFO    : Load resource configurations for radical.two
2018-04-22 16:41:26,414: rp.session.WCheng.home.willcheng.017643.0000: MainProcess                     : MainThread     : DEBUG   : read rcfg for radical.two (None)
2018-04-22 16:41:26,414: rp.session.WCheng.home.willcheng.017643.0000: MainProcess                     : MainThread     : INFO    : Load resource configurations for radical.tutorial
2018-04-22 16:41:26,414: rp.session.WCheng.home.willcheng.017643.0000: MainProcess                     : MainThread     : DEBUG   : read rcfg for radical.tutorial (None)
2018-04-22 16:41:26,414: rp.session.WCheng.home.willcheng.017643.0000: MainProcess                     : MainThread     : INFO    : Load resource configurations for radical.one
2018-04-22 16:41:26,415: rp.session.WCheng.home.willcheng.017643.0000: MainProcess                     : MainThread     : DEBUG   : read rcfg for radical.one (None)
2018-04-22 16:41:26,415: rp.session.WCheng.home.willcheng.017643.0000: MainProcess                     : MainThread     : INFO    : Load resource configurations from /Users/WillC/Documents/Rutgers/Research/RADICAL/watershed/midas/watershed/Vanilla/myenv/lib/python2.7/site-packages/radical/pilot/configs/resource_iu.json
2018-04-22 16:41:26,419: rp.session.WCheng.home.willcheng.017643.0000: MainProcess                     : MainThread     : INFO    : Load resource configurations for iu.bigred2_ccm_ssh
2018-04-22 16:41:26,420: rp.session.WCheng.home.willcheng.017643.0000: MainProcess                     : MainThread     : DEBUG   : read rcfg for iu.bigred2_ccm_ssh (None)
2018-04-22 16:41:26,420: rp.session.WCheng.home.willcheng.017643.0000: MainProcess                     : MainThread     : INFO    : Load resource configurations for iu.bigred2_aprun
2018-04-22 16:41:26,420: rp.session.WCheng.home.willcheng.017643.0000: MainProcess                     : MainThread     : DEBUG   : read rcfg for iu.bigred2_aprun (None)
2018-04-22 16:41:26,420: rp.session.WCheng.home.willcheng.017643.0000: MainProcess                     : MainThread     : INFO    : Load resource configurations from /Users/WillC/Documents/Rutgers/Research/RADICAL/watershed/midas/watershed/Vanilla/myenv/lib/python2.7/site-packages/radical/pilot/configs/resource_xsede.json
2018-04-22 16:41:26,465: rp.session.WCheng.home.willcheng.017643.0000: MainProcess                     : MainThread     : INFO    : Load resource configurations for xsede.gordon_ssh
2018-04-22 16:41:26,465: rp.session.WCheng.home.willcheng.017643.0000: MainProcess                     : MainThread     : DEBUG   : read rcfg for xsede.gordon_ssh (None)
2018-04-22 16:41:26,466: rp.session.WCheng.home.willcheng.017643.0000: MainProcess                     : MainThread     : INFO    : Load resource configurations for xsede.lonestar_ssh
2018-04-22 16:41:26,466: rp.session.WCheng.home.willcheng.017643.0000: MainProcess                     : MainThread     : DEBUG   : read rcfg for xsede.lonestar_ssh (None)
2018-04-22 16:41:26,466: rp.session.WCheng.home.willcheng.017643.0000: MainProcess                     : MainThread     : INFO    : Load resource configurations for xsede.supermic_spark
2018-04-22 16:41:26,467: rp.session.WCheng.home.willcheng.017643.0000: MainProcess                     : MainThread     : DEBUG   : read rcfg for xsede.supermic_spark (20)
2018-04-22 16:41:26,467: rp.session.WCheng.home.willcheng.017643.0000: MainProcess                     : MainThread     : INFO    : Load resource configurations for xsede.wrangler_yarn
2018-04-22 16:41:26,468: rp.session.WCheng.home.willcheng.017643.0000: MainProcess                     : MainThread     : DEBUG   : read rcfg for xsede.wrangler_yarn (None)
2018-04-22 16:41:26,468: rp.session.WCheng.home.willcheng.017643.0000: MainProcess                     : MainThread     : INFO    : Load resource configurations for xsede.blacklight_ssh
2018-04-22 16:41:26,468: rp.session.WCheng.home.willcheng.017643.0000: MainProcess                     : MainThread     : DEBUG   : read rcfg for xsede.blacklight_ssh (16)
2018-04-22 16:41:26,469: rp.session.WCheng.home.willcheng.017643.0000: MainProcess                     : MainThread     : INFO    : Load resource configurations for xsede.stampede_ortelib
2018-04-22 16:41:26,469: rp.session.WCheng.home.willcheng.017643.0000: MainProcess                     : MainThread     : DEBUG   : read rcfg for xsede.stampede_ortelib (None)
2018-04-22 16:41:26,469: rp.session.WCheng.home.willcheng.017643.0000: MainProcess                     : MainThread     : INFO    : Load resource configurations for xsede.stampede_yarn
2018-04-22 16:41:26,470: rp.session.WCheng.home.willcheng.017643.0000: MainProcess                     : MainThread     : DEBUG   : read rcfg for xsede.stampede_yarn (None)
2018-04-22 16:41:26,470: rp.session.WCheng.home.willcheng.017643.0000: MainProcess                     : MainThread     : INFO    : Load resource configurations for xsede.stampede_ssh
2018-04-22 16:41:26,470: rp.session.WCheng.home.willcheng.017643.0000: MainProcess                     : MainThread     : DEBUG   : read rcfg for xsede.stampede_ssh (None)
2018-04-22 16:41:26,470: rp.session.WCheng.home.willcheng.017643.0000: MainProcess                     : MainThread     : INFO    : Load resource configurations for xsede.greenfield
2018-04-22 16:41:26,471: rp.session.WCheng.home.willcheng.017643.0000: MainProcess                     : MainThread     : DEBUG   : read rcfg for xsede.greenfield (15)
2018-04-22 16:41:26,471: rp.session.WCheng.home.willcheng.017643.0000: MainProcess                     : MainThread     : INFO    : Load resource configurations for xsede.bridges
2018-04-22 16:41:26,471: rp.session.WCheng.home.willcheng.017643.0000: MainProcess                     : MainThread     : DEBUG   : read rcfg for xsede.bridges (None)
2018-04-22 16:41:26,471: rp.session.WCheng.home.willcheng.017643.0000: MainProcess                     : MainThread     : INFO    : Load resource configurations for xsede.trestles_ssh
2018-04-22 16:41:26,472: rp.session.WCheng.home.willcheng.017643.0000: MainProcess                     : MainThread     : DEBUG   : read rcfg for xsede.trestles_ssh (None)
2018-04-22 16:41:26,472: rp.session.WCheng.home.willcheng.017643.0000: MainProcess                     : MainThread     : INFO    : Load resource configurations for xsede.supermic_ortelib
2018-04-22 16:41:26,472: rp.session.WCheng.home.willcheng.017643.0000: MainProcess                     : MainThread     : DEBUG   : read rcfg for xsede.supermic_ortelib (20)
2018-04-22 16:41:26,472: rp.session.WCheng.home.willcheng.017643.0000: MainProcess                     : MainThread     : INFO    : Load resource configurations for xsede.stampede2_ssh
2018-04-22 16:41:26,473: rp.session.WCheng.home.willcheng.017643.0000: MainProcess                     : MainThread     : DEBUG   : read rcfg for xsede.stampede2_ssh (68)
2018-04-22 16:41:26,473: rp.session.WCheng.home.willcheng.017643.0000: MainProcess                     : MainThread     : INFO    : Load resource configurations for xsede.supermic_ssh
2018-04-22 16:41:26,473: rp.session.WCheng.home.willcheng.017643.0000: MainProcess                     : MainThread     : DEBUG   : read rcfg for xsede.supermic_ssh (20)
2018-04-22 16:41:26,473: rp.session.WCheng.home.willcheng.017643.0000: MainProcess                     : MainThread     : INFO    : Load resource configurations for xsede.wrangler_ssh
2018-04-22 16:41:26,474: rp.session.WCheng.home.willcheng.017643.0000: MainProcess                     : MainThread     : DEBUG   : read rcfg for xsede.wrangler_ssh (None)
2018-04-22 16:41:26,474: rp.session.WCheng.home.willcheng.017643.0000: MainProcess                     : MainThread     : INFO    : Load resource configurations for xsede.supermic_orte
2018-04-22 16:41:26,474: rp.session.WCheng.home.willcheng.017643.0000: MainProcess                     : MainThread     : DEBUG   : read rcfg for xsede.supermic_orte (20)
2018-04-22 16:41:26,475: rp.session.WCheng.home.willcheng.017643.0000: MainProcess                     : MainThread     : INFO    : Load resource configurations for xsede.wrangler_spark
2018-04-22 16:41:26,475: rp.session.WCheng.home.willcheng.017643.0000: MainProcess                     : MainThread     : DEBUG   : read rcfg for xsede.wrangler_spark (None)
2018-04-22 16:41:26,475: rp.session.WCheng.home.willcheng.017643.0000: MainProcess                     : MainThread     : INFO    : Load resource configurations for xsede.stampede_orte
2018-04-22 16:41:26,476: rp.session.WCheng.home.willcheng.017643.0000: MainProcess                     : MainThread     : DEBUG   : read rcfg for xsede.stampede_orte (None)
2018-04-22 16:41:26,476: rp.session.WCheng.home.willcheng.017643.0000: MainProcess                     : MainThread     : INFO    : Load resource configurations for xsede.comet_ortelib
2018-04-22 16:41:26,476: rp.session.WCheng.home.willcheng.017643.0000: MainProcess                     : MainThread     : DEBUG   : read rcfg for xsede.comet_ortelib (24)
2018-04-22 16:41:26,476: rp.session.WCheng.home.willcheng.017643.0000: MainProcess                     : MainThread     : INFO    : Load resource configurations for xsede.comet_orte
2018-04-22 16:41:26,477: rp.session.WCheng.home.willcheng.017643.0000: MainProcess                     : MainThread     : DEBUG   : read rcfg for xsede.comet_orte (24)
2018-04-22 16:41:26,477: rp.session.WCheng.home.willcheng.017643.0000: MainProcess                     : MainThread     : INFO    : Load resource configurations for xsede.comet_spark
2018-04-22 16:41:26,477: rp.session.WCheng.home.willcheng.017643.0000: MainProcess                     : MainThread     : DEBUG   : read rcfg for xsede.comet_spark (24)
2018-04-22 16:41:26,477: rp.session.WCheng.home.willcheng.017643.0000: MainProcess                     : MainThread     : INFO    : Load resource configurations for xsede.comet_ssh
2018-04-22 16:41:26,478: rp.session.WCheng.home.willcheng.017643.0000: MainProcess                     : MainThread     : DEBUG   : read rcfg for xsede.comet_ssh (24)
2018-04-22 16:41:26,478: rp.session.WCheng.home.willcheng.017643.0000: MainProcess                     : MainThread     : INFO    : Load resource configurations for xsede.stampede_spark
2018-04-22 16:41:26,478: rp.session.WCheng.home.willcheng.017643.0000: MainProcess                     : MainThread     : DEBUG   : read rcfg for xsede.stampede_spark (None)
2018-04-22 16:41:26,478: rp.session.WCheng.home.willcheng.017643.0000: MainProcess                     : MainThread     : INFO    : Load resource configurations from /Users/WillC/Documents/Rutgers/Research/RADICAL/watershed/midas/watershed/Vanilla/myenv/lib/python2.7/site-packages/radical/pilot/configs/resource_epsrc.json
2018-04-22 16:41:26,483: rp.session.WCheng.home.willcheng.017643.0000: MainProcess                     : MainThread     : INFO    : Load resource configurations for epsrc.archer_orte
2018-04-22 16:41:26,484: rp.session.WCheng.home.willcheng.017643.0000: MainProcess                     : MainThread     : DEBUG   : read rcfg for epsrc.archer_orte (None)
2018-04-22 16:41:26,484: rp.session.WCheng.home.willcheng.017643.0000: MainProcess                     : MainThread     : INFO    : Load resource configurations for epsrc.archer_aprun
2018-04-22 16:41:26,485: rp.session.WCheng.home.willcheng.017643.0000: MainProcess                     : MainThread     : DEBUG   : read rcfg for epsrc.archer_aprun (None)
2018-04-22 16:41:26,485: rp.session.WCheng.home.willcheng.017643.0000: MainProcess                     : MainThread     : INFO    : Load resource configurations from /Users/WillC/Documents/Rutgers/Research/RADICAL/watershed/midas/watershed/Vanilla/myenv/lib/python2.7/site-packages/radical/pilot/configs/resource_aliases.json
2018-04-22 16:41:26,486: rp.session.WCheng.home.willcheng.017643.0000: MainProcess                     : MainThread     : INFO    : Load resource configurations from /Users/WillC/Documents/Rutgers/Research/RADICAL/watershed/midas/watershed/Vanilla/myenv/lib/python2.7/site-packages/radical/pilot/configs/resource_rice.json
2018-04-22 16:41:26,490: rp.session.WCheng.home.willcheng.017643.0000: MainProcess                     : MainThread     : INFO    : Load resource configurations for rice.davinci_ssh
2018-04-22 16:41:26,490: rp.session.WCheng.home.willcheng.017643.0000: MainProcess                     : MainThread     : DEBUG   : read rcfg for rice.davinci_ssh (None)
2018-04-22 16:41:26,491: rp.session.WCheng.home.willcheng.017643.0000: MainProcess                     : MainThread     : INFO    : Load resource configurations for rice.biou_ssh
2018-04-22 16:41:26,491: rp.session.WCheng.home.willcheng.017643.0000: MainProcess                     : MainThread     : DEBUG   : read rcfg for rice.biou_ssh (None)
2018-04-22 16:41:27,113: rp.session.WCheng.home.willcheng.017643.0000: MainProcess                     : MainThread     : INFO    : New Session created: rp.session.WCheng.home.willcheng.017643.0000.
2018-04-22 16:41:27,114: rp.session.WCheng.home.willcheng.017643.0000: MainProcess                     : MainThread     : DEBUG   : start bridges   : {u'control_pubsub': {u'bulk_size': 0, u'log_level': u'debug', u'stall_hwm': 1},
 u'log_pubsub': {u'bulk_size': 0, u'log_level': u'debug', u'stall_hwm': 1},
 u'state_pubsub': {u'bulk_size': 0, u'log_level': u'debug', u'stall_hwm': 1}}
2018-04-22 16:41:27,114: rp.session.WCheng.home.willcheng.017643.0000: MainProcess                     : MainThread     : INFO    : create bridge control_pubsub
2018-04-22 16:41:27,149: rp.session.WCheng.home.willcheng.017643.0000: MainProcess                     : MainThread     : INFO    : created bridge control_pubsub (control.pubsub.bridge.0000)
2018-04-22 16:41:27,150: rp.session.WCheng.home.willcheng.017643.0000: MainProcess                     : MainThread     : INFO    : create bridge state_pubsub
2018-04-22 16:41:27,173: rp.session.WCheng.home.willcheng.017643.0000: MainProcess                     : MainThread     : INFO    : created bridge state_pubsub (state.pubsub.bridge.0000)
2018-04-22 16:41:27,174: rp.session.WCheng.home.willcheng.017643.0000: MainProcess                     : MainThread     : INFO    : create bridge log_pubsub
2018-04-22 16:41:27,216: rp.session.WCheng.home.willcheng.017643.0000: MainProcess                     : MainThread     : INFO    : created bridge log_pubsub (log.pubsub.bridge.0000)
2018-04-22 16:41:27,217: rp.session.WCheng.home.willcheng.017643.0000: MainProcess                     : MainThread     : DEBUG   : start components: {u'UpdateWorker': {u'count': 1}}
2018-04-22 16:41:27,217: rp.session.WCheng.home.willcheng.017643.0000: MainProcess                     : MainThread     : DEBUG   : start 1 component(s) UpdateWorker
2018-04-22 16:41:27,416: rp.session.WCheng.home.willcheng.017643.0000: MainProcess                     : MainThread     : INFO    : rp.session.WCheng.home.willcheng.017643.0000 starts update.0
2018-04-22 16:41:27,417: rp.session.WCheng.home.willcheng.017643.0000: MainProcess                     : MainThread     : DEBUG   : session rp.session.WCheng.home.willcheng.017643.0000 closing
2018-04-22 16:41:27,417: rp.session.WCheng.home.willcheng.017643.0000: MainProcess                     : MainThread     : DEBUG   : session rp.session.WCheng.home.willcheng.017643.0000 closes comp   update.0
2018-04-22 16:41:27,417: rp.session.WCheng.home.willcheng.017643.0000: MainProcess                     : MainThread     : DEBUG   : update.0 stop called
2018-04-22 16:41:27,674: rp.session.WCheng.home.willcheng.017643.0000: update.0                        : MainThread     : DEBUG   : update.0.child stop called
2018-04-22 16:41:28,354: rp.session.WCheng.home.willcheng.017643.0000: update.0                        : MainThread     : DEBUG   : update.0.child stop called
