2018-04-22 16:41:27,226: update.0.child      : update.0                        : MainThread     : INFO    : python.interpreter   version: 2.7.14 |Anaconda, Inc.| (default, Mar 27 2018, 12:28:59) [GCC 4.2.1 Compatible Clang 4.0.1 (tags/RELEASE_401/final)]
2018-04-22 16:41:27,226: update.0.child      : update.0                        : MainThread     : INFO    :                      pid: 2552
2018-04-22 16:41:27,227: update.0.child      : update.0                        : MainThread     : INFO    :                      tid: MainThread
2018-04-22 16:41:27,228: update.0.child      : update.0                        : MainThread     : INFO    : radical.pilot        version: 0.47.5-v0.47.5-153-g5bd2455@devel
2018-04-22 16:41:27,228: update.0.child      : update.0                        : MainThread     : INFO    : initialize update.0.child
2018-04-22 16:41:27,231: update.0.child      : update.0                        : MainThread     : INFO    : cfg: {'agents': {},
 u'bridges': {u'control_pubsub': {'addr_in': 'tcp://192.168.1.16:51515',
                                  'addr_out': 'tcp://192.168.1.16:51516',
                                  u'bulk_size': 0,
                                  u'log_level': u'debug',
                                  u'stall_hwm': 1},
              u'log_pubsub': {'addr_in': 'tcp://192.168.1.16:51519',
                              'addr_out': 'tcp://192.168.1.16:51520',
                              u'bulk_size': 0,
                              u'log_level': u'debug',
                              u'stall_hwm': 1},
              u'state_pubsub': {'addr_in': 'tcp://192.168.1.16:51517',
                                'addr_out': 'tcp://192.168.1.16:51518',
                                u'bulk_size': 0,
                                u'log_level': u'debug',
                                u'stall_hwm': 1}},
 'cname': u'UpdateWorker',
 u'components': {},
 u'count': 1,
 'dburl': 'mongodb://rp:rp@ds015335.mlab.com:15335/rp',
 'debug': 'DEBUG',
 u'default_dburl': u'mongodb://rp:rp@ds015335.mlab.com:15335/rp',
 'logdir': '/Users/WillC/Documents/Rutgers/Research/RADICAL/watershed/midas/watershed/Vanilla/rp.session.WCheng.home.willcheng.017643.0000',
 'number': 0,
 'owner': 'rp.session.WCheng.home.willcheng.017643.0000',
 'session_id': 'rp.session.WCheng.home.willcheng.017643.0000'}
2018-04-22 16:41:27,231: update.0.child      : update.0                        : MainThread     : DEBUG   : start components: {}
2018-04-22 16:41:27,232: update.0.child      : update.0                        : MainThread     : DEBUG   : alive check in term
2018-04-22 16:41:27,232: update.0.child      : update.0                        : MainThread     : DEBUG   : START: update.0.child register publisher log_pubsub
2018-04-22 16:41:27,232: update.0.child      : update.0                        : MainThread     : DEBUG   : using addr tcp://192.168.1.16:51519 for pubsub log_pubsub
2018-04-22 16:41:27,238: update.0.child      : update.0                        : MainThread     : DEBUG   : registered publisher : log_pubsub : log.pubsub.pub.0000
2018-04-22 16:41:27,238: update.0.child      : update.0                        : MainThread     : DEBUG   : alive check in term
2018-04-22 16:41:27,239: update.0.child      : update.0                        : MainThread     : DEBUG   : START: update.0.child register publisher state_pubsub
2018-04-22 16:41:27,239: update.0.child      : update.0                        : MainThread     : DEBUG   : using addr tcp://192.168.1.16:51517 for pubsub state_pubsub
2018-04-22 16:41:27,243: update.0.child      : update.0                        : MainThread     : DEBUG   : registered publisher : state_pubsub : state.pubsub.pub.0000
2018-04-22 16:41:27,243: update.0.child      : update.0                        : MainThread     : DEBUG   : alive check in term
2018-04-22 16:41:27,244: update.0.child      : update.0                        : MainThread     : DEBUG   : START: update.0.child register publisher control_pubsub
2018-04-22 16:41:27,244: update.0.child      : update.0                        : MainThread     : DEBUG   : using addr tcp://192.168.1.16:51515 for pubsub control_pubsub
2018-04-22 16:41:27,248: update.0.child      : update.0                        : MainThread     : DEBUG   : registered publisher : control_pubsub : control.pubsub.pub.0000
2018-04-22 16:41:27,249: update.0.child      : update.0                        : MainThread     : DEBUG   : alive check in term
2018-04-22 16:41:27,249: update.0.child      : update.0                        : MainThread     : DEBUG   : START: update.0.child register subscriber update.0.child.subscriber._cancel_monitor_cb
2018-04-22 16:41:27,249: update.0.child      : update.0                        : MainThread     : DEBUG   : using addr tcp://192.168.1.16:51516 for pubsub control_pubsub
2018-04-22 16:41:27,254: update.0.child      : update.0                        : MainThread     : DEBUG   : parent name: update.0.child.subscriber._cancel_monitor_cb
2018-04-22 16:41:27,254: update.0.child      : update.0                        : MainThread     : DEBUG   : start thread
2018-04-22 16:41:27,255: update.0.child      : update.0                        : update.0.child.subscriber._cancel_monitor_cb: DEBUG   : child name: update.0.child.subscriber._cancel_monitor_cb.thread
2018-04-22 16:41:27,255: update.0.child      : update.0                        : update.0.child.subscriber._cancel_monitor_cb: INFO    : child (me) initializing
2018-04-22 16:41:27,255: update.0.child      : update.0                        : update.0.child.subscriber._cancel_monitor_cb: DEBUG   : ru_initialize_common (NOOP)
2018-04-22 16:41:27,256: update.0.child      : update.0                        : update.0.child.subscriber._cancel_monitor_cb: DEBUG   : ru_initialize_child (NOOP)
2018-04-22 16:41:27,256: update.0.child      : update.0                        : update.0.child.subscriber._cancel_monitor_cb: INFO    : send alive
2018-04-22 16:41:27,256: update.0.child      : update.0                        : update.0.child.subscriber._cancel_monitor_cb: INFO    : put message: [update.0.child.subscriber._cancel_monitor_cb.thread] alive
2018-04-22 16:41:27,259: update.0.child      : update.0                        : MainThread     : INFO    : get msg: alive
2018-04-22 16:41:27,259: update.0.child      : update.0                        : MainThread     : DEBUG   : ru_initialize_common (NOOP)
2018-04-22 16:41:27,259: update.0.child      : update.0                        : MainThread     : DEBUG   : ru_initialize_parent (NOOP)
2018-04-22 16:41:27,259: update.0.child      : update.0                        : MainThread     : DEBUG   : child thread update.0.child.subscriber._cancel_monitor_cb started
2018-04-22 16:41:27,260: update.0.child      : update.0                        : MainThread     : DEBUG   : update.0.child registered control_pubsub subscriber update.0.child.subscriber._cancel_monitor_cb
2018-04-22 16:41:27,382: update.0.child      : update.0                        : MainThread     : DEBUG   : alive check in term
2018-04-22 16:41:27,382: update.0.child      : update.0                        : MainThread     : DEBUG   : START: update.0.child register subscriber update.0.child.subscriber._state_cb
2018-04-22 16:41:27,382: update.0.child      : update.0                        : MainThread     : DEBUG   : using addr tcp://192.168.1.16:51518 for pubsub state_pubsub
2018-04-22 16:41:27,387: update.0.child      : update.0                        : MainThread     : DEBUG   : parent name: update.0.child.subscriber._state_cb
2018-04-22 16:41:27,387: update.0.child      : update.0                        : MainThread     : DEBUG   : start thread
2018-04-22 16:41:27,387: update.0.child      : update.0                        : update.0.child.subscriber._state_cb: DEBUG   : child name: update.0.child.subscriber._state_cb.thread
2018-04-22 16:41:27,388: update.0.child      : update.0                        : update.0.child.subscriber._state_cb: INFO    : child (me) initializing
2018-04-22 16:41:27,388: update.0.child      : update.0                        : update.0.child.subscriber._state_cb: DEBUG   : ru_initialize_common (NOOP)
2018-04-22 16:41:27,388: update.0.child      : update.0                        : update.0.child.subscriber._state_cb: DEBUG   : ru_initialize_child (NOOP)
2018-04-22 16:41:27,389: update.0.child      : update.0                        : update.0.child.subscriber._state_cb: INFO    : send alive
2018-04-22 16:41:27,389: update.0.child      : update.0                        : update.0.child.subscriber._state_cb: INFO    : put message: [update.0.child.subscriber._state_cb.thread] alive
2018-04-22 16:41:27,391: update.0.child      : update.0                        : MainThread     : INFO    : get msg: alive
2018-04-22 16:41:27,391: update.0.child      : update.0                        : MainThread     : DEBUG   : ru_initialize_common (NOOP)
2018-04-22 16:41:27,392: update.0.child      : update.0                        : MainThread     : DEBUG   : ru_initialize_parent (NOOP)
2018-04-22 16:41:27,392: update.0.child      : update.0                        : MainThread     : DEBUG   : child thread update.0.child.subscriber._state_cb started
2018-04-22 16:41:27,392: update.0.child      : update.0                        : MainThread     : DEBUG   : update.0.child registered state_pubsub subscriber update.0.child.subscriber._state_cb
2018-04-22 16:41:27,392: update.0.child      : update.0                        : MainThread     : DEBUG   : alive check in term
2018-04-22 16:41:27,393: update.0.child      : update.0                        : MainThread     : DEBUG   : START: update.0.child register idler update.0.child.idler._idle_cb
2018-04-22 16:41:27,393: update.0.child      : update.0                        : MainThread     : DEBUG   : parent name: update.0.child.idler._idle_cb
2018-04-22 16:41:27,393: update.0.child      : update.0                        : MainThread     : DEBUG   : start thread
2018-04-22 16:41:27,394: update.0.child      : update.0                        : update.0.child.idler._idle_cb: DEBUG   : child name: update.0.child.idler._idle_cb.thread
2018-04-22 16:41:27,394: update.0.child      : update.0                        : update.0.child.idler._idle_cb: INFO    : child (me) initializing
2018-04-22 16:41:27,394: update.0.child      : update.0                        : update.0.child.idler._idle_cb: DEBUG   : ru_initialize_common (NOOP)
2018-04-22 16:41:27,394: update.0.child      : update.0                        : update.0.child.idler._idle_cb: DEBUG   : ru_initialize_child (NOOP)
2018-04-22 16:41:27,395: update.0.child      : update.0                        : update.0.child.idler._idle_cb: INFO    : send alive
2018-04-22 16:41:27,395: update.0.child      : update.0                        : update.0.child.idler._idle_cb: INFO    : put message: [update.0.child.idler._idle_cb.thread] alive
2018-04-22 16:41:27,395: update.0.child      : update.0                        : MainThread     : INFO    : get msg: alive
2018-04-22 16:41:27,395: update.0.child      : update.0                        : MainThread     : DEBUG   : ru_initialize_common (NOOP)
2018-04-22 16:41:27,396: update.0.child      : update.0                        : MainThread     : DEBUG   : ru_initialize_parent (NOOP)
2018-04-22 16:41:27,396: update.0.child      : update.0                        : MainThread     : DEBUG   : child thread update.0.child.idler._idle_cb started
2018-04-22 16:41:27,396: update.0.child      : update.0                        : MainThread     : DEBUG   : update.0.child registered idler update.0.child.idler._idle_cb
2018-04-22 16:41:27,397: update.0.child      : update.0                        : MainThread     : INFO    : child (me) initializing
2018-04-22 16:41:27,397: update.0.child      : update.0                        : MainThread     : DEBUG   : parent name: update.0.child.watch
2018-04-22 16:41:27,397: update.0.child      : update.0                        : MainThread     : DEBUG   : start thread
2018-04-22 16:41:27,397: update.0.child      : update.0                        : update.0.child.watch: DEBUG   : child name: update.0.child.watch.thread
2018-04-22 16:41:27,398: update.0.child      : update.0                        : update.0.child.watch: INFO    : child (me) initializing
2018-04-22 16:41:27,398: update.0.child      : update.0                        : update.0.child.watch: DEBUG   : ru_initialize_common (NOOP)
2018-04-22 16:41:27,398: update.0.child      : update.0                        : update.0.child.watch: DEBUG   : ru_initialize_child (NOOP)
2018-04-22 16:41:27,399: update.0.child      : update.0                        : update.0.child.watch: INFO    : send alive
2018-04-22 16:41:27,399: update.0.child      : update.0                        : update.0.child.watch: INFO    : put message: [update.0.child.watch.thread] alive
2018-04-22 16:41:27,401: update.0.child      : update.0                        : MainThread     : INFO    : get msg: alive
2018-04-22 16:41:27,401: update.0.child      : update.0                        : MainThread     : DEBUG   : ru_initialize_common (NOOP)
2018-04-22 16:41:27,402: update.0.child      : update.0                        : MainThread     : DEBUG   : ru_initialize_parent (NOOP)
2018-04-22 16:41:27,402: update.0.child      : update.0                        : MainThread     : DEBUG   : child thread update.0.child.watch started
2018-04-22 16:41:27,402: update.0.child      : update.0                        : MainThread     : INFO    : child (me) is alive
2018-04-22 16:41:27,402: update.0.child      : update.0                        : MainThread     : INFO    : send alive
2018-04-22 16:41:27,403: update.0.child      : update.0                        : MainThread     : INFO    : send message: [update.0.child] alive
2018-04-22 16:41:27,606: update.0.child      : update.0                        : update.0.child.watch: INFO    : recv message: STOP
2018-04-22 16:41:27,606: update.0.child      : update.0                        : update.0.child.watch: INFO    : message received: STOP
2018-04-22 16:41:27,606: update.0.child      : update.0                        : update.0.child.watch: INFO    : STOP received: STOP
2018-04-22 16:41:27,607: update.0.child      : update.0                        : update.0.child.watch: INFO    : watcher closes
2018-04-22 16:41:27,607: update.0.child      : update.0                        : update.0.child.watch: INFO    : put message: [update.0.child.watch.thread] work finished
2018-04-22 16:41:27,607: update.0.child      : update.0                        : update.0.child.watch: DEBUG   : ru_finalize_child (NOOP)
2018-04-22 16:41:27,607: update.0.child      : update.0                        : update.0.child.watch: DEBUG   : ru_finalize_common (NOOP)
2018-04-22 16:41:27,608: update.0.child      : update.0                        : update.0.child.watch: INFO    : put message: [update.0.child.watch.thread] terminating
2018-04-22 16:41:27,670: update.0.child      : update.0                        : MainThread     : ERROR   : abort: KeyboardInterrupt()
Traceback (most recent call last):
  File "/Users/WillC/Documents/Rutgers/Research/RADICAL/watershed/midas/watershed/Vanilla/myenv/lib/python2.7/site-packages/radical/utils/process.py", line 625, in _run
    if not self.work_cb():
  File "/Users/WillC/Documents/Rutgers/Research/RADICAL/watershed/midas/watershed/Vanilla/myenv/lib/python2.7/site-packages/radical/pilot/utils/component.py", line 1205, in work_cb
    time.sleep(0.1)
KeyboardInterrupt
2018-04-22 16:41:27,672: update.0.child      : update.0                        : MainThread     : INFO    : send message: [update.0.child] abort: KeyboardInterrupt()
2018-04-22 16:41:27,673: update.0.child      : update.0                        : MainThread     : WARNING : send failed ([Errno 9] Bad file descriptor) - terminate
2018-04-22 16:41:27,674: update.0.child      : update.0                        : MainThread     : WARNING : alive check: proc invalid - stop [False - True]
2018-04-22 16:41:27,772: update.0.child      : update.0                        : MainThread     : INFO    : stop update.0.child (2552 : 2552 : MainThread) [radical.pilot.worker.update.Update.stop]
2018-04-22 16:41:27,773: update.0.child      : update.0                        : MainThread     : INFO    : parent stops child  2552 -> 2552 [update.0.child]
2018-04-22 16:41:27,773: update.0.child      : update.0                        : MainThread     : INFO    : send message: [update.0.child] STOP
2018-04-22 16:41:27,773: update.0.child      : update.0                        : MainThread     : WARNING : send failed ([Errno 9] Bad file descriptor) - terminate
2018-04-22 16:41:27,773: update.0.child      : update.0                        : MainThread     : DEBUG   : TERM : update.0.child unregister idler update.0.child.idler._idle_cb
2018-04-22 16:41:27,774: update.0.child      : update.0                        : MainThread     : INFO    : parent stops child
2018-04-22 16:41:27,774: update.0.child      : update.0                        : MainThread     : DEBUG   : ru_finalize_parent (NOOP)
2018-04-22 16:41:27,774: update.0.child      : update.0                        : MainThread     : DEBUG   : ru_finalize_common (NOOP)
2018-04-22 16:41:27,807: update.0.child      : update.0                        : update.0.child.idler._idle_cb: DEBUG   : ru_finalize_child (NOOP)
2018-04-22 16:41:27,807: update.0.child      : update.0                        : update.0.child.idler._idle_cb: DEBUG   : ru_finalize_common (NOOP)
2018-04-22 16:41:27,808: update.0.child      : update.0                        : update.0.child.idler._idle_cb: INFO    : put message: [update.0.child.idler._idle_cb.thread] terminating
2018-04-22 16:41:27,840: update.0.child      : update.0                        : MainThread     : DEBUG   : TERM : update.0.child unregistered idler update.0.child.idler._idle_cb
2018-04-22 16:41:27,840: update.0.child      : update.0                        : MainThread     : DEBUG   : TERM : update.0.child unregister subscriber update.0.child.subscriber._state_cb
2018-04-22 16:41:27,841: update.0.child      : update.0                        : MainThread     : DEBUG   : unregistered subscriber update.0.child.subscriber._state_cb
2018-04-22 16:41:27,841: update.0.child      : update.0                        : MainThread     : DEBUG   : ru_finalize_common()
2018-04-22 16:41:27,841: update.0.child      : update.0                        : MainThread     : DEBUG   : TERM : update.0.child unregister publisher log_pubsub
2018-04-22 16:41:27,843: update.0.child      : update.0                        : MainThread     : DEBUG   : unregistered publisher log_pubsub
2018-04-22 16:41:27,843: update.0.child      : update.0                        : MainThread     : DEBUG   : TERM : update.0.child unregister publisher state_pubsub
2018-04-22 16:41:27,844: update.0.child      : update.0                        : MainThread     : DEBUG   : unregistered publisher state_pubsub
2018-04-22 16:41:27,845: update.0.child      : update.0                        : MainThread     : DEBUG   : TERM : update.0.child unregister publisher control_pubsub
2018-04-22 16:41:27,846: update.0.child      : update.0                        : MainThread     : DEBUG   : unregistered publisher control_pubsub
2018-04-22 16:41:27,846: update.0.child      : update.0                        : MainThread     : DEBUG   : update.0.child close prof
2018-04-22 16:41:27,847: update.0.child      : update.0                        : MainThread     : INFO    : parent stops child
2018-04-22 16:41:27,847: update.0.child      : update.0                        : MainThread     : DEBUG   : ru_finalize_parent (NOOP)
2018-04-22 16:41:27,847: update.0.child      : update.0                        : MainThread     : DEBUG   : ru_finalize_common (NOOP)
2018-04-22 16:41:27,847: update.0.child      : update.0                        : MainThread     : INFO    : parent stops child
2018-04-22 16:41:27,848: update.0.child      : update.0                        : MainThread     : DEBUG   : ru_finalize_parent (NOOP)
2018-04-22 16:41:27,849: update.0.child      : update.0                        : update.0.child.subscriber._cancel_monitor_cb: DEBUG   : ru_finalize_child (NOOP)
2018-04-22 16:41:27,849: update.0.child      : update.0                        : update.0.child.subscriber._cancel_monitor_cb: INFO    : put message: [update.0.child.subscriber._cancel_monitor_cb.thread] terminating
2018-04-22 16:41:28,100: update.0.child      : update.0                        : MainThread     : INFO    : parent stops child
2018-04-22 16:41:28,100: update.0.child      : update.0                        : MainThread     : DEBUG   : ru_finalize_parent (NOOP)
2018-04-22 16:41:28,101: update.0.child      : update.0                        : update.0.child.subscriber._state_cb: DEBUG   : ru_finalize_child (NOOP)
2018-04-22 16:41:28,101: update.0.child      : update.0                        : update.0.child.subscriber._state_cb: INFO    : put message: [update.0.child.subscriber._state_cb.thread] terminating
2018-04-22 16:41:28,353: update.0.child      : update.0                        : MainThread     : INFO    : parent stops child
2018-04-22 16:41:28,353: update.0.child      : update.0                        : MainThread     : WARNING : super update.0.child is invalid
2018-04-22 16:41:28,354: update.0.child      : update.0                        : MainThread     : WARNING : component update.0.child is invalid
2018-04-22 16:41:28,355: update.0.child      : update.0                        : MainThread     : INFO    : stop update.0.child (2552 : 2552 : MainThread) [radical.pilot.worker.update.Update.stop]
2018-04-22 16:41:28,356: update.0.child      : update.0                        : MainThread     : DEBUG   : TERM : update.0.child unregister idler update.0.child.idler._idle_cb
2018-04-22 16:41:28,356: update.0.child      : update.0                        : MainThread     : WARNING : timed cb update.0.child.idler._idle_cb is not registered
2018-04-22 16:41:28,356: update.0.child      : update.0                        : MainThread     : DEBUG   : TERM : update.0.child unregister subscriber update.0.child.subscriber._state_cb
2018-04-22 16:41:28,356: update.0.child      : update.0                        : MainThread     : WARNING : subscriber _state_cb is not registered
2018-04-22 16:41:28,357: update.0.child      : update.0                        : MainThread     : DEBUG   : ru_finalize_common()
2018-04-22 16:41:28,357: update.0.child      : update.0                        : MainThread     : WARNING : publisher log_pubsub is not registered
2018-04-22 16:41:28,357: update.0.child      : update.0                        : MainThread     : WARNING : publisher state_pubsub is not registered
2018-04-22 16:41:28,357: update.0.child      : update.0                        : MainThread     : WARNING : publisher control_pubsub is not registered
2018-04-22 16:41:28,358: update.0.child      : update.0                        : MainThread     : DEBUG   : update.0.child close prof
2018-04-22 16:41:28,358: update.0.child      : update.0                        : MainThread     : INFO    : send message: [update.0.child] terminating
2018-04-22 16:41:28,358: update.0.child      : update.0                        : MainThread     : WARNING : send failed ([Errno 9] Bad file descriptor) - terminate
2018-04-22 16:41:28,358: update.0.child      : update.0                        : MainThread     : INFO    : parent stops child
2018-04-22 16:41:28,359: update.0.child      : update.0                        : MainThread     : INFO    : parent stops child
2018-04-22 16:41:28,359: update.0.child      : update.0                        : MainThread     : INFO    : parent stops child
