2018-04-22 16:41:27,218: update.0            : MainProcess                     : MainThread     : INFO    : python.interpreter   version: 2.7.14 |Anaconda, Inc.| (default, Mar 27 2018, 12:28:59) [GCC 4.2.1 Compatible Clang 4.0.1 (tags/RELEASE_401/final)]
2018-04-22 16:41:27,219: update.0            : MainProcess                     : MainThread     : INFO    :                      pid: 2538
2018-04-22 16:41:27,219: update.0            : MainProcess                     : MainThread     : INFO    :                      tid: MainThread
2018-04-22 16:41:27,219: update.0            : MainProcess                     : MainThread     : INFO    : radical.pilot        version: 0.47.5-v0.47.5-153-g5bd2455@devel
2018-04-22 16:41:27,219: update.0            : MainProcess                     : MainThread     : DEBUG   : alive check in term
2018-04-22 16:41:27,219: update.0            : MainProcess                     : MainThread     : DEBUG   : start process
2018-04-22 16:41:27,403: update.0            : MainProcess                     : MainThread     : INFO    : recv message: alive
2018-04-22 16:41:27,403: update.0            : MainProcess                     : MainThread     : INFO    : initialize update.0
2018-04-22 16:41:27,406: update.0            : MainProcess                     : MainThread     : INFO    : cfg: {'agents': {},
 u'bridges': {u'control_pubsub': {'addr_in': 'tcp://192.168.1.16:51515',
                                  'addr_out': 'tcp://192.168.1.16:51516',
                                  u'bulk_size': 0,
                                  u'log_level': u'debug',
                                  u'stall_hwm': 1},
              u'log_pubsub': {'addr_in': 'tcp://192.168.1.16:51519',
                              'addr_out': 'tcp://192.168.1.16:51520',
                              u'bulk_size': 0,
                              u'log_level': u'debug',
                              u'stall_hwm': 1},
              u'state_pubsub': {'addr_in': 'tcp://192.168.1.16:51517',
                                'addr_out': 'tcp://192.168.1.16:51518',
                                u'bulk_size': 0,
                                u'log_level': u'debug',
                                u'stall_hwm': 1}},
 'cname': u'UpdateWorker',
 u'components': {},
 u'count': 1,
 'dburl': 'mongodb://rp:rp@ds015335.mlab.com:15335/rp',
 'debug': 'DEBUG',
 u'default_dburl': u'mongodb://rp:rp@ds015335.mlab.com:15335/rp',
 'logdir': '/Users/WillC/Documents/Rutgers/Research/RADICAL/watershed/midas/watershed/Vanilla/rp.session.WCheng.home.willcheng.017643.0000',
 'number': 0,
 'owner': 'rp.session.WCheng.home.willcheng.017643.0000',
 'session_id': 'rp.session.WCheng.home.willcheng.017643.0000'}
2018-04-22 16:41:27,406: update.0            : MainProcess                     : MainThread     : DEBUG   : alive check in term
2018-04-22 16:41:27,406: update.0            : MainProcess                     : MainThread     : DEBUG   : START: update.0 register publisher log_pubsub
2018-04-22 16:41:27,406: update.0            : MainProcess                     : MainThread     : DEBUG   : using addr tcp://192.168.1.16:51519 for pubsub log_pubsub
2018-04-22 16:41:27,409: update.0            : MainProcess                     : MainThread     : DEBUG   : registered publisher : log_pubsub : log.pubsub.pub.0000
2018-04-22 16:41:27,409: update.0            : MainProcess                     : MainThread     : DEBUG   : alive check in term
2018-04-22 16:41:27,409: update.0            : MainProcess                     : MainThread     : DEBUG   : START: update.0 register publisher state_pubsub
2018-04-22 16:41:27,409: update.0            : MainProcess                     : MainThread     : DEBUG   : using addr tcp://192.168.1.16:51517 for pubsub state_pubsub
2018-04-22 16:41:27,411: update.0            : MainProcess                     : MainThread     : DEBUG   : registered publisher : state_pubsub : state.pubsub.pub.0000
2018-04-22 16:41:27,411: update.0            : MainProcess                     : MainThread     : DEBUG   : alive check in term
2018-04-22 16:41:27,412: update.0            : MainProcess                     : MainThread     : DEBUG   : START: update.0 register publisher control_pubsub
2018-04-22 16:41:27,412: update.0            : MainProcess                     : MainThread     : DEBUG   : using addr tcp://192.168.1.16:51515 for pubsub control_pubsub
2018-04-22 16:41:27,414: update.0            : MainProcess                     : MainThread     : DEBUG   : registered publisher : control_pubsub : control.pubsub.pub.0000
2018-04-22 16:41:27,414: update.0            : MainProcess                     : MainThread     : DEBUG   : parent name: update.0.watch
2018-04-22 16:41:27,414: update.0            : MainProcess                     : MainThread     : DEBUG   : start thread
2018-04-22 16:41:27,414: update.0            : MainProcess                     : update.0.watch : DEBUG   : child name: update.0.watch.thread
2018-04-22 16:41:27,414: update.0            : MainProcess                     : update.0.watch : INFO    : child (me) initializing
2018-04-22 16:41:27,414: update.0            : MainProcess                     : update.0.watch : DEBUG   : ru_initialize_common (NOOP)
2018-04-22 16:41:27,415: update.0            : MainProcess                     : update.0.watch : DEBUG   : ru_initialize_child (NOOP)
2018-04-22 16:41:27,415: update.0            : MainProcess                     : update.0.watch : INFO    : send alive
2018-04-22 16:41:27,415: update.0            : MainProcess                     : update.0.watch : INFO    : put message: [update.0.watch.thread] alive
2018-04-22 16:41:27,416: update.0            : MainProcess                     : MainThread     : INFO    : get msg: alive
2018-04-22 16:41:27,416: update.0            : MainProcess                     : MainThread     : DEBUG   : ru_initialize_common (NOOP)
2018-04-22 16:41:27,416: update.0            : MainProcess                     : MainThread     : DEBUG   : ru_initialize_parent (NOOP)
2018-04-22 16:41:27,416: update.0            : MainProcess                     : MainThread     : DEBUG   : child thread update.0.watch started
2018-04-22 16:41:27,416: update.0            : MainProcess                     : MainThread     : INFO    : child is alive
2018-04-22 16:41:27,416: update.0            : MainProcess                     : MainThread     : DEBUG   : process class started child
2018-04-22 16:41:27,514: update.0            : MainProcess                     : MainThread     : INFO    : stop update.0 (2538 : 2552 : MainThread) [radical.pilot.worker.update.Update.stop]
2018-04-22 16:41:27,514: update.0            : MainProcess                     : MainThread     : INFO    : parent stops child  2538 -> 2552 [update.0]
2018-04-22 16:41:27,514: update.0            : MainProcess                     : MainThread     : INFO    : send message: [update.0] STOP
2018-04-22 16:41:27,514: update.0            : MainProcess                     : MainThread     : DEBUG   : ru_finalize_common()
2018-04-22 16:41:27,514: update.0            : MainProcess                     : MainThread     : DEBUG   : TERM : update.0 unregister publisher log_pubsub
2018-04-22 16:41:27,515: update.0            : MainProcess                     : MainThread     : DEBUG   : unregistered publisher log_pubsub
2018-04-22 16:41:27,515: update.0            : MainProcess                     : MainThread     : DEBUG   : TERM : update.0 unregister publisher state_pubsub
2018-04-22 16:41:27,517: update.0            : MainProcess                     : MainThread     : DEBUG   : unregistered publisher state_pubsub
2018-04-22 16:41:27,517: update.0            : MainProcess                     : MainThread     : DEBUG   : TERM : update.0 unregister publisher control_pubsub
2018-04-22 16:41:27,518: update.0            : MainProcess                     : MainThread     : DEBUG   : unregistered publisher control_pubsub
2018-04-22 16:41:27,518: update.0            : MainProcess                     : MainThread     : DEBUG   : update.0 close prof
2018-04-22 16:41:27,518: update.0            : MainProcess                     : MainThread     : INFO    : parent stops child
2018-04-22 16:41:27,518: update.0            : MainProcess                     : MainThread     : DEBUG   : ru_finalize_parent (NOOP)
2018-04-22 16:41:27,518: update.0            : MainProcess                     : MainThread     : DEBUG   : ru_finalize_common (NOOP)
2018-04-22 16:41:27,616: update.0            : MainProcess                     : update.0.watch : INFO    : watcher closes
2018-04-22 16:41:27,617: update.0            : MainProcess                     : update.0.watch : ERROR   : abort: error(57, 'Socket is not connected')
Traceback (most recent call last):
  File "/Users/WillC/Documents/Rutgers/Research/RADICAL/watershed/midas/watershed/Vanilla/myenv/lib/python2.7/site-packages/radical/utils/threads.py", line 375, in _run
    if not self.work_cb():
  File "/Users/WillC/Documents/Rutgers/Research/RADICAL/watershed/midas/watershed/Vanilla/myenv/lib/python2.7/site-packages/radical/utils/process.py", line 300, in _ru_watch
    self._ru_endpoint.shutdown(socket.SHUT_RDWR)
error: [Errno 57] Socket is not connected
2018-04-22 16:41:27,618: update.0            : MainProcess                     : update.0.watch : INFO    : put message: [update.0.watch.thread] error(57, 'Socket is not connected')
2018-04-22 16:41:27,618: update.0            : MainProcess                     : update.0.watch : DEBUG   : ru_finalize_child (NOOP)
2018-04-22 16:41:27,618: update.0            : MainProcess                     : update.0.watch : DEBUG   : ru_finalize_common (NOOP)
2018-04-22 16:41:27,618: update.0            : MainProcess                     : update.0.watch : INFO    : put message: [update.0.watch.thread] terminating
