2017-11-23 00:19:40,663: control.pubsub.pub.0003: umgr.staging.input.0            : MainThread     : INFO    : python.interpreter   version: 2.7.13 (default, Jan 19 2017, 14:48:08) [GCC 6.3.0 20170118]
2017-11-23 00:19:40,663: control.pubsub.pub.0003: umgr.staging.input.0            : MainThread     : INFO    :                      pid: 7550
2017-11-23 00:19:40,663: control.pubsub.pub.0003: umgr.staging.input.0            : MainThread     : INFO    :                      tid: MainThread
2017-11-23 00:19:40,663: control.pubsub.pub.0003: umgr.staging.input.0            : MainThread     : INFO    : radical.pilot        version: 0.46.2
2017-11-23 00:19:40,663: control.pubsub.pub.0003: umgr.staging.input.0            : MainThread     : INFO    : create control_pubsub - pub - tcp://144.76.72.175:36069
2017-11-23 00:19:40,663: control.pubsub.pub.0003: umgr.staging.input.0            : MainThread     : DEBUG   : start process
2017-11-23 00:19:40,663: control.pubsub.pub.0003: umgr.staging.input.0            : MainThread     : DEBUG   : ru_initialize_common (NOOP)
2017-11-23 00:19:40,663: control.pubsub.pub.0003: umgr.staging.input.0            : MainThread     : DEBUG   : ru_initialize_parent (NOOP)
2017-11-23 00:19:40,664: control.pubsub.pub.0003: umgr.staging.input.0            : MainThread     : DEBUG   : process class started (no child)
2017-11-23 00:19:40,694: control.pubsub.pub.0003: MainProcess                     : MainThread     : INFO    : python.interpreter   version: 2.7.13 (default, Jan 19 2017, 14:48:08) [GCC 6.3.0 20170118]
2017-11-23 00:19:40,694: control.pubsub.pub.0003: MainProcess                     : MainThread     : INFO    :                      pid: 7406
2017-11-23 00:19:40,694: control.pubsub.pub.0003: MainProcess                     : MainThread     : INFO    :                      tid: MainThread
2017-11-23 00:19:40,695: control.pubsub.pub.0003: MainProcess                     : MainThread     : INFO    : radical.pilot        version: 0.46.2
2017-11-23 00:19:40,695: control.pubsub.pub.0003: MainProcess                     : MainThread     : INFO    : create control_pubsub - pub - tcp://144.76.72.175:36069
2017-11-23 00:19:40,695: control.pubsub.pub.0003: MainProcess                     : MainThread     : DEBUG   : start process
2017-11-23 00:19:40,695: control.pubsub.pub.0003: MainProcess                     : MainThread     : DEBUG   : ru_initialize_common (NOOP)
2017-11-23 00:19:40,695: control.pubsub.pub.0003: MainProcess                     : MainThread     : DEBUG   : ru_initialize_parent (NOOP)
2017-11-23 00:19:40,695: control.pubsub.pub.0003: MainProcess                     : MainThread     : DEBUG   : process class started (no child)
2017-11-23 00:22:56,910: control.pubsub.pub.0003: umgr.staging.input.0            : MainThread     : INFO    : parent stops child
2017-11-23 00:22:56,910: control.pubsub.pub.0003: umgr.staging.input.0            : MainThread     : DEBUG   : ru_finalize_parent (NOOP)
2017-11-23 00:22:56,999: control.pubsub.pub.0003: MainProcess                     : MainThread     : INFO    : parent stops child
2017-11-23 00:22:56,999: control.pubsub.pub.0003: MainProcess                     : MainThread     : DEBUG   : ru_finalize_parent (NOOP)
