2017-11-23 00:19:35,615: control.pubsub.sub.0001: pmgr.launching.0                : MainThread     : INFO    : python.interpreter   version: 2.7.13 (default, Jan 19 2017, 14:48:08) [GCC 6.3.0 20170118]
2017-11-23 00:19:35,616: control.pubsub.sub.0001: pmgr.launching.0                : MainThread     : INFO    :                      pid: 7467
2017-11-23 00:19:35,616: control.pubsub.sub.0001: pmgr.launching.0                : MainThread     : INFO    :                      tid: MainThread
2017-11-23 00:19:35,616: control.pubsub.sub.0001: pmgr.launching.0                : MainThread     : INFO    : radical.pilot        version: 0.46.2
2017-11-23 00:19:35,616: control.pubsub.sub.0001: pmgr.launching.0                : MainThread     : INFO    : create control_pubsub - sub - tcp://144.76.72.175:32931
2017-11-23 00:19:35,617: control.pubsub.sub.0001: pmgr.launching.0                : MainThread     : DEBUG   : start process
2017-11-23 00:19:35,617: control.pubsub.sub.0001: pmgr.launching.0                : MainThread     : DEBUG   : ru_initialize_common (NOOP)
2017-11-23 00:19:35,617: control.pubsub.sub.0001: pmgr.launching.0                : MainThread     : DEBUG   : ru_initialize_parent (NOOP)
2017-11-23 00:19:35,617: control.pubsub.sub.0001: pmgr.launching.0                : MainThread     : DEBUG   : process class started (no child)
2017-11-23 00:19:40,835: control.pubsub.sub.0001: umgr.scheduling.0               : MainThread     : INFO    : python.interpreter   version: 2.7.13 (default, Jan 19 2017, 14:48:08) [GCC 6.3.0 20170118]
2017-11-23 00:19:40,836: control.pubsub.sub.0001: umgr.scheduling.0               : MainThread     : INFO    :                      pid: 7590
2017-11-23 00:19:40,836: control.pubsub.sub.0001: umgr.scheduling.0               : MainThread     : INFO    :                      tid: MainThread
2017-11-23 00:19:40,836: control.pubsub.sub.0001: umgr.scheduling.0               : MainThread     : INFO    : radical.pilot        version: 0.46.2
2017-11-23 00:19:40,836: control.pubsub.sub.0001: umgr.scheduling.0               : MainThread     : INFO    : create control_pubsub - sub - tcp://144.76.72.175:32931
2017-11-23 00:19:40,836: control.pubsub.sub.0001: umgr.scheduling.0               : MainThread     : DEBUG   : start process
2017-11-23 00:19:40,836: control.pubsub.sub.0001: umgr.scheduling.0               : MainThread     : DEBUG   : ru_initialize_common (NOOP)
2017-11-23 00:19:40,836: control.pubsub.sub.0001: umgr.scheduling.0               : MainThread     : DEBUG   : ru_initialize_parent (NOOP)
2017-11-23 00:19:40,836: control.pubsub.sub.0001: umgr.scheduling.0               : MainThread     : DEBUG   : process class started (no child)
2017-11-23 00:22:57,204: control.pubsub.sub.0001: umgr.scheduling.0               : MainThread     : INFO    : parent stops child
2017-11-23 00:22:57,204: control.pubsub.sub.0001: umgr.scheduling.0               : MainThread     : DEBUG   : ru_finalize_parent (NOOP)
2017-11-23 00:22:57,857: control.pubsub.sub.0001: pmgr.launching.0                : MainThread     : INFO    : parent stops child
2017-11-23 00:22:57,857: control.pubsub.sub.0001: pmgr.launching.0                : MainThread     : DEBUG   : ru_finalize_parent (NOOP)
