2017-11-23 00:19:35,574: log.pubsub.pub.0001 : pmgr.launching.0                : MainThread     : INFO    : python.interpreter   version: 2.7.13 (default, Jan 19 2017, 14:48:08) [GCC 6.3.0 20170118]
2017-11-23 00:19:35,575: log.pubsub.pub.0001 : pmgr.launching.0                : MainThread     : INFO    :                      pid: 7467
2017-11-23 00:19:35,575: log.pubsub.pub.0001 : pmgr.launching.0                : MainThread     : INFO    :                      tid: MainThread
2017-11-23 00:19:35,575: log.pubsub.pub.0001 : pmgr.launching.0                : MainThread     : INFO    : radical.pilot        version: 0.46.2
2017-11-23 00:19:35,575: log.pubsub.pub.0001 : pmgr.launching.0                : MainThread     : INFO    : create log_pubsub - pub - tcp://144.76.72.175:43536
2017-11-23 00:19:35,576: log.pubsub.pub.0001 : pmgr.launching.0                : MainThread     : DEBUG   : start process
2017-11-23 00:19:35,576: log.pubsub.pub.0001 : pmgr.launching.0                : MainThread     : DEBUG   : ru_initialize_common (NOOP)
2017-11-23 00:19:35,576: log.pubsub.pub.0001 : pmgr.launching.0                : MainThread     : DEBUG   : ru_initialize_parent (NOOP)
2017-11-23 00:19:35,576: log.pubsub.pub.0001 : pmgr.launching.0                : MainThread     : DEBUG   : process class started (no child)
2017-11-23 00:19:35,628: log.pubsub.pub.0001 : MainProcess                     : MainThread     : INFO    : python.interpreter   version: 2.7.13 (default, Jan 19 2017, 14:48:08) [GCC 6.3.0 20170118]
2017-11-23 00:19:35,628: log.pubsub.pub.0001 : MainProcess                     : MainThread     : INFO    :                      pid: 7406
2017-11-23 00:19:35,628: log.pubsub.pub.0001 : MainProcess                     : MainThread     : INFO    :                      tid: MainThread
2017-11-23 00:19:35,628: log.pubsub.pub.0001 : MainProcess                     : MainThread     : INFO    : radical.pilot        version: 0.46.2
2017-11-23 00:19:35,628: log.pubsub.pub.0001 : MainProcess                     : MainThread     : INFO    : create log_pubsub - pub - tcp://144.76.72.175:43536
2017-11-23 00:19:35,629: log.pubsub.pub.0001 : MainProcess                     : MainThread     : DEBUG   : start process
2017-11-23 00:19:35,629: log.pubsub.pub.0001 : MainProcess                     : MainThread     : DEBUG   : ru_initialize_common (NOOP)
2017-11-23 00:19:35,629: log.pubsub.pub.0001 : MainProcess                     : MainThread     : DEBUG   : ru_initialize_parent (NOOP)
2017-11-23 00:19:35,629: log.pubsub.pub.0001 : MainProcess                     : MainThread     : DEBUG   : process class started (no child)
2017-11-23 00:22:57,603: log.pubsub.pub.0001 : pmgr.launching.0                : MainThread     : INFO    : parent stops child
2017-11-23 00:22:57,603: log.pubsub.pub.0001 : pmgr.launching.0                : MainThread     : DEBUG   : ru_finalize_parent (NOOP)
2017-11-23 00:22:57,839: log.pubsub.pub.0001 : MainProcess                     : MainThread     : INFO    : parent stops child
2017-11-23 00:22:57,839: log.pubsub.pub.0001 : MainProcess                     : MainThread     : DEBUG   : ru_finalize_parent (NOOP)
