2017-11-23 00:19:35,543: pmgr.0000           : MainProcess                     : MainThread     : INFO    : python.interpreter   version: 2.7.13 (default, Jan 19 2017, 14:48:08) [GCC 6.3.0 20170118]
2017-11-23 00:19:35,543: pmgr.0000           : MainProcess                     : MainThread     : INFO    :                      pid: 7406
2017-11-23 00:19:35,543: pmgr.0000           : MainProcess                     : MainThread     : INFO    :                      tid: MainThread
2017-11-23 00:19:35,543: pmgr.0000           : MainProcess                     : MainThread     : INFO    : radical.pilot        version: 0.46.2
2017-11-23 00:19:35,544: pmgr.0000           : MainProcess                     : MainThread     : DEBUG   : alive check in term
2017-11-23 00:19:35,544: pmgr.0000           : MainProcess                     : MainThread     : DEBUG   : start process
2017-11-23 00:19:35,544: pmgr.0000           : MainProcess                     : MainThread     : INFO    : initialize pmgr.0000
2017-11-23 00:19:35,544: pmgr.0000           : MainProcess                     : MainThread     : INFO    : cfg: {u'bridges': {u'pmgr_launching_queue': {u'bulk_size': 0,
                                        u'log_level': u'debug',
                                        u'stall_hwm': 1}},
 u'components': {u'PMGRLaunchingComponent': {u'count': 1}},
 u'db_poll_sleeptime': 1.0,
 'owner': 'pmgr.0000'}
2017-11-23 00:19:35,545: pmgr.0000           : MainProcess                     : MainThread     : DEBUG   : start bridges   : {u'pmgr_launching_queue': {u'bulk_size': 0,
                           u'log_level': u'debug',
                           u'stall_hwm': 1}}
2017-11-23 00:19:35,545: pmgr.0000           : MainProcess                     : MainThread     : INFO    : create bridge pmgr_launching_queue
2017-11-23 00:19:35,561: pmgr.0000           : MainProcess                     : MainThread     : INFO    : created bridge pmgr_launching_queue (pmgr.launching.queue.bridge.0000)
2017-11-23 00:19:35,561: pmgr.0000           : MainProcess                     : MainThread     : DEBUG   : start components: {u'PMGRLaunchingComponent': {u'count': 1}}
2017-11-23 00:19:35,561: pmgr.0000           : MainProcess                     : MainThread     : DEBUG   : start 1 component(s) PMGRLaunchingComponent
2017-11-23 00:19:35,636: pmgr.0000           : MainProcess                     : MainThread     : INFO    : pmgr.0000                      starts pmgr.launching.0
2017-11-23 00:19:35,636: pmgr.0000           : MainProcess                     : MainThread     : DEBUG   : alive check in term
2017-11-23 00:19:35,636: pmgr.0000           : MainProcess                     : MainThread     : DEBUG   : START: pmgr.0000 register publisher log_pubsub
2017-11-23 00:19:35,636: pmgr.0000           : MainProcess                     : MainThread     : DEBUG   : using addr tcp://144.76.72.175:43536 for pubsub log_pubsub
2017-11-23 00:19:35,638: pmgr.0000           : MainProcess                     : MainThread     : DEBUG   : registered publisher : log_pubsub : log.pubsub.pub.0002
2017-11-23 00:19:35,638: pmgr.0000           : MainProcess                     : MainThread     : DEBUG   : alive check in term
2017-11-23 00:19:35,638: pmgr.0000           : MainProcess                     : MainThread     : DEBUG   : START: pmgr.0000 register publisher state_pubsub
2017-11-23 00:19:35,638: pmgr.0000           : MainProcess                     : MainThread     : DEBUG   : using addr tcp://144.76.72.175:33823 for pubsub state_pubsub
2017-11-23 00:19:35,640: pmgr.0000           : MainProcess                     : MainThread     : DEBUG   : registered publisher : state_pubsub : state.pubsub.pub.0002
2017-11-23 00:19:35,640: pmgr.0000           : MainProcess                     : MainThread     : DEBUG   : alive check in term
2017-11-23 00:19:35,640: pmgr.0000           : MainProcess                     : MainThread     : DEBUG   : START: pmgr.0000 register publisher control_pubsub
2017-11-23 00:19:35,640: pmgr.0000           : MainProcess                     : MainThread     : DEBUG   : using addr tcp://144.76.72.175:36069 for pubsub control_pubsub
2017-11-23 00:19:35,642: pmgr.0000           : MainProcess                     : MainThread     : DEBUG   : registered publisher : control_pubsub : control.pubsub.pub.0002
2017-11-23 00:19:35,642: pmgr.0000           : MainProcess                     : MainThread     : DEBUG   : process class started (no child)
2017-11-23 00:19:35,642: pmgr.0000           : MainProcess                     : MainThread     : DEBUG   : START: pmgr.0000 register output PMGR_LAUNCHING_PENDING
2017-11-23 00:19:35,642: pmgr.0000           : MainProcess                     : MainThread     : DEBUG   : using addr tcp://144.76.72.175:45185 for output pmgr_launching_queue
2017-11-23 00:19:35,644: pmgr.0000           : MainProcess                     : MainThread     : DEBUG   : registered output    : PMGR_LAUNCHING_PENDING : pmgr_launching_queue : pmgr.launching.queue.input.0000
2017-11-23 00:19:35,644: pmgr.0000           : MainProcess                     : MainThread     : DEBUG   : START: pmgr.0000 register idler pmgr.0000.idler._state_pull_cb
2017-11-23 00:19:35,644: pmgr.0000           : MainProcess                     : MainThread     : DEBUG   : parent name: pmgr.0000.idler._state_pull_cb
2017-11-23 00:19:35,644: pmgr.0000           : MainProcess                     : MainThread     : DEBUG   : start thread
2017-11-23 00:19:35,645: pmgr.0000           : MainProcess                     : pmgr.0000.idler._state_pull_cb: DEBUG   : child name: pmgr.0000.idler._state_pull_cb.thread
2017-11-23 00:19:35,645: pmgr.0000           : MainProcess                     : pmgr.0000.idler._state_pull_cb: INFO    : child (me) initializing
2017-11-23 00:19:35,645: pmgr.0000           : MainProcess                     : pmgr.0000.idler._state_pull_cb: DEBUG   : ru_initialize_common (NOOP)
2017-11-23 00:19:35,645: pmgr.0000           : MainProcess                     : pmgr.0000.idler._state_pull_cb: DEBUG   : ru_initialize_child (NOOP)
2017-11-23 00:19:35,645: pmgr.0000           : MainProcess                     : pmgr.0000.idler._state_pull_cb: INFO    : send alive
2017-11-23 00:19:35,645: pmgr.0000           : MainProcess                     : pmgr.0000.idler._state_pull_cb: INFO    : put message: [pmgr.0000.idler._state_pull_cb.thread] alive
2017-11-23 00:19:35,646: pmgr.0000           : MainProcess                     : MainThread     : INFO    : get msg: alive
2017-11-23 00:19:35,646: pmgr.0000           : MainProcess                     : MainThread     : DEBUG   : ru_initialize_common (NOOP)
2017-11-23 00:19:35,646: pmgr.0000           : MainProcess                     : MainThread     : DEBUG   : ru_initialize_parent (NOOP)
2017-11-23 00:19:35,646: pmgr.0000           : MainProcess                     : MainThread     : DEBUG   : child thread pmgr.0000.idler._state_pull_cb started
2017-11-23 00:19:35,646: pmgr.0000           : MainProcess                     : MainThread     : DEBUG   : pmgr.0000 registered idler pmgr.0000.idler._state_pull_cb
2017-11-23 00:19:35,647: pmgr.0000           : MainProcess                     : MainThread     : DEBUG   : START: pmgr.0000 register subscriber pmgr.0000.subscriber._state_sub_cb
2017-11-23 00:19:35,647: pmgr.0000           : MainProcess                     : MainThread     : DEBUG   : using addr tcp://144.76.72.175:45296 for pubsub state_pubsub
2017-11-23 00:19:35,649: pmgr.0000           : MainProcess                     : MainThread     : DEBUG   : parent name: pmgr.0000.subscriber._state_sub_cb
2017-11-23 00:19:35,649: pmgr.0000           : MainProcess                     : MainThread     : DEBUG   : start thread
2017-11-23 00:19:35,649: pmgr.0000           : MainProcess                     : pmgr.0000.subscriber._state_sub_cb: DEBUG   : child name: pmgr.0000.subscriber._state_sub_cb.thread
2017-11-23 00:19:35,649: pmgr.0000           : MainProcess                     : pmgr.0000.subscriber._state_sub_cb: INFO    : child (me) initializing
2017-11-23 00:19:35,650: pmgr.0000           : MainProcess                     : pmgr.0000.subscriber._state_sub_cb: DEBUG   : ru_initialize_common (NOOP)
2017-11-23 00:19:35,650: pmgr.0000           : MainProcess                     : pmgr.0000.subscriber._state_sub_cb: DEBUG   : ru_initialize_child (NOOP)
2017-11-23 00:19:35,650: pmgr.0000           : MainProcess                     : pmgr.0000.subscriber._state_sub_cb: INFO    : send alive
2017-11-23 00:19:35,650: pmgr.0000           : MainProcess                     : pmgr.0000.subscriber._state_sub_cb: INFO    : put message: [pmgr.0000.subscriber._state_sub_cb.thread] alive
2017-11-23 00:19:35,651: pmgr.0000           : MainProcess                     : MainThread     : INFO    : get msg: alive
2017-11-23 00:19:35,651: pmgr.0000           : MainProcess                     : MainThread     : DEBUG   : ru_initialize_common (NOOP)
2017-11-23 00:19:35,651: pmgr.0000           : MainProcess                     : MainThread     : DEBUG   : ru_initialize_parent (NOOP)
2017-11-23 00:19:35,651: pmgr.0000           : MainProcess                     : MainThread     : DEBUG   : child thread pmgr.0000.subscriber._state_sub_cb started
2017-11-23 00:19:35,746: pmgr.0000           : MainProcess                     : MainThread     : DEBUG   : pmgr.0000 registered state_pubsub subscriber pmgr.0000.subscriber._state_sub_cb
2017-11-23 00:19:40,393: pmgr.0000           : MainProcess                     : MainThread     : DEBUG   : advance bulk size: 1 [False, False]
2017-11-23 00:19:40,393: pmgr.0000           : MainProcess                     : MainThread     : DEBUG   : advance bulk: pilot.0000 [1]
2017-11-23 00:19:40,494: pmgr.0000           : MainProcess                     : MainThread     : INFO    : [Callback]: pilot pilot.0000 state: PMGR_LAUNCHING_PENDING.
2017-11-23 00:19:40,494: pmgr.0000           : MainProcess                     : MainThread     : DEBUG   : advance bulk size: 1 [True, True]
2017-11-23 00:19:40,494: pmgr.0000           : MainProcess                     : MainThread     : DEBUG   : advance bulk: pilot.0000 [1]
2017-11-23 00:19:40,495: pmgr.0000           : MainProcess                     : MainThread     : DEBUG   : bucket: PMGR_LAUNCHING_PENDING : ['pilot.0000']
2017-11-23 00:19:40,495: pmgr.0000           : MainProcess                     : MainThread     : DEBUG   : put bulk PMGR_LAUNCHING_PENDING: 1
2017-11-23 00:19:40,495: pmgr.0000           : MainProcess                     : MainThread     : DEBUG   : push pilot.0000 ---> PMGR_LAUNCHING_PENDING
2017-11-23 00:19:40,498: pmgr.0000           : MainProcess                     : pmgr.0000.subscriber._state_sub_cb: INFO    : [Callback]: pilot pilot.0000 state: PMGR_LAUNCHING.
2017-11-23 00:19:40,499: pmgr.0000           : MainProcess                     : pmgr.0000.subscriber._state_sub_cb: DEBUG   : advance bulk size: 1 [False, False]
2017-11-23 00:19:40,499: pmgr.0000           : MainProcess                     : pmgr.0000.subscriber._state_sub_cb: DEBUG   : advance bulk: pilot.0000 [1]
2017-11-23 00:19:58,865: pmgr.0000           : MainProcess                     : pmgr.0000.subscriber._state_sub_cb: INFO    : [Callback]: pilot pilot.0000 state: PMGR_ACTIVE_PENDING.
2017-11-23 00:19:58,870: pmgr.0000           : MainProcess                     : pmgr.0000.subscriber._state_sub_cb: DEBUG   : advance bulk size: 1 [False, False]
2017-11-23 00:19:58,870: pmgr.0000           : MainProcess                     : pmgr.0000.subscriber._state_sub_cb: DEBUG   : advance bulk: pilot.0000 [1]
2017-11-23 00:20:32,189: pmgr.0000           : MainProcess                     : pmgr.0000.idler._state_pull_cb: INFO    : [Callback]: pilot pilot.0000 state: PMGR_ACTIVE.
2017-11-23 00:20:32,189: pmgr.0000           : MainProcess                     : pmgr.0000.idler._state_pull_cb: DEBUG   : advance bulk size: 1 [False, True]
2017-11-23 00:20:32,189: pmgr.0000           : MainProcess                     : pmgr.0000.idler._state_pull_cb: DEBUG   : advance bulk: pilot.0000 [1]
2017-11-23 00:20:32,189: pmgr.0000           : MainProcess                     : pmgr.0000.idler._state_pull_cb: INFO    : pilot pilot.0000 is PMGR_ACTIVE: None [None]
2017-11-23 00:22:57,836: pmgr.0000           : MainProcess                     : MainThread     : WARNING : bridge pmgr.launching.queue.bridge.0000 is invalid
2017-11-23 00:22:57,836: pmgr.0000           : MainProcess                     : MainThread     : WARNING : component pmgr.0000 is invalid
2017-11-23 00:22:57,837: pmgr.0000           : MainProcess                     : MainThread     : INFO    : stop pmgr.0000 (7406 : None : MainThread) [radical.pilot.utils.component.PilotManager.is_valid]
2017-11-23 00:22:57,837: pmgr.0000           : MainProcess                     : MainThread     : INFO    : parent stops child
2017-11-23 00:22:58,174: pmgr.0000           : MainProcess                     : pmgr.0000.idler._state_pull_cb: INFO    : put message: [pmgr.0000.idler._state_pull_cb.thread] work finished
2017-11-23 00:22:58,174: pmgr.0000           : MainProcess                     : pmgr.0000.idler._state_pull_cb: DEBUG   : ru_finalize_child (NOOP)
2017-11-23 00:22:58,174: pmgr.0000           : MainProcess                     : pmgr.0000.idler._state_pull_cb: DEBUG   : ru_finalize_common (NOOP)
2017-11-23 00:22:58,174: pmgr.0000           : MainProcess                     : pmgr.0000.idler._state_pull_cb: INFO    : put message: [pmgr.0000.idler._state_pull_cb.thread] terminating
