2017-11-23 00:19:35,569: pmgr.launching.0.child: pmgr.launching.0                : MainThread     : INFO    : python.interpreter   version: 2.7.13 (default, Jan 19 2017, 14:48:08) [GCC 6.3.0 20170118]
2017-11-23 00:19:35,570: pmgr.launching.0.child: pmgr.launching.0                : MainThread     : INFO    :                      pid: 7467
2017-11-23 00:19:35,570: pmgr.launching.0.child: pmgr.launching.0                : MainThread     : INFO    :                      tid: MainThread
2017-11-23 00:19:35,570: pmgr.launching.0.child: pmgr.launching.0                : MainThread     : INFO    : radical.pilot        version: 0.46.2
2017-11-23 00:19:35,571: pmgr.launching.0.child: pmgr.launching.0                : MainThread     : INFO    : initialize pmgr.launching.0.child
2017-11-23 00:19:35,573: pmgr.launching.0.child: pmgr.launching.0                : MainThread     : INFO    : cfg: {'agents': {},
 u'bridges': {u'control_pubsub': {'addr_in': 'tcp://144.76.72.175:36069',
                                  'addr_out': 'tcp://144.76.72.175:32931',
                                  u'bulk_size': 0,
                                  u'log_level': u'debug',
                                  u'stall_hwm': 1},
              u'log_pubsub': {'addr_in': 'tcp://144.76.72.175:43536',
                              'addr_out': 'tcp://144.76.72.175:44185',
                              u'bulk_size': 0,
                              u'log_level': u'debug',
                              u'stall_hwm': 1},
              u'pmgr_launching_queue': {'addr_in': 'tcp://144.76.72.175:45185',
                                        'addr_out': 'tcp://144.76.72.175:43402',
                                        u'bulk_size': 0,
                                        u'log_level': u'debug',
                                        u'stall_hwm': 1},
              u'state_pubsub': {'addr_in': 'tcp://144.76.72.175:33823',
                                'addr_out': 'tcp://144.76.72.175:45296',
                                u'bulk_size': 0,
                                u'log_level': u'debug',
                                u'stall_hwm': 1}},
 'cname': u'PMGRLaunchingComponent',
 u'components': {},
 u'count': 1,
 u'db_poll_sleeptime': 1.0,
 'number': 0,
 'owner': 'pmgr.0000',
 'uid': 'pmgr.0000'}
2017-11-23 00:19:35,573: pmgr.launching.0.child: pmgr.launching.0                : MainThread     : DEBUG   : start components: {}
2017-11-23 00:19:35,573: pmgr.launching.0.child: pmgr.launching.0                : MainThread     : DEBUG   : alive check in term
2017-11-23 00:19:35,574: pmgr.launching.0.child: pmgr.launching.0                : MainThread     : DEBUG   : START: pmgr.launching.0.child register publisher log_pubsub
2017-11-23 00:19:35,574: pmgr.launching.0.child: pmgr.launching.0                : MainThread     : DEBUG   : using addr tcp://144.76.72.175:43536 for pubsub log_pubsub
2017-11-23 00:19:35,576: pmgr.launching.0.child: pmgr.launching.0                : MainThread     : DEBUG   : registered publisher : log_pubsub : log.pubsub.pub.0001
2017-11-23 00:19:35,576: pmgr.launching.0.child: pmgr.launching.0                : MainThread     : DEBUG   : alive check in term
2017-11-23 00:19:35,576: pmgr.launching.0.child: pmgr.launching.0                : MainThread     : DEBUG   : START: pmgr.launching.0.child register publisher state_pubsub
2017-11-23 00:19:35,576: pmgr.launching.0.child: pmgr.launching.0                : MainThread     : DEBUG   : using addr tcp://144.76.72.175:33823 for pubsub state_pubsub
2017-11-23 00:19:35,578: pmgr.launching.0.child: pmgr.launching.0                : MainThread     : DEBUG   : registered publisher : state_pubsub : state.pubsub.pub.0001
2017-11-23 00:19:35,578: pmgr.launching.0.child: pmgr.launching.0                : MainThread     : DEBUG   : alive check in term
2017-11-23 00:19:35,579: pmgr.launching.0.child: pmgr.launching.0                : MainThread     : DEBUG   : START: pmgr.launching.0.child register publisher control_pubsub
2017-11-23 00:19:35,579: pmgr.launching.0.child: pmgr.launching.0                : MainThread     : DEBUG   : using addr tcp://144.76.72.175:36069 for pubsub control_pubsub
2017-11-23 00:19:35,581: pmgr.launching.0.child: pmgr.launching.0                : MainThread     : DEBUG   : registered publisher : control_pubsub : control.pubsub.pub.0001
2017-11-23 00:19:35,581: pmgr.launching.0.child: pmgr.launching.0                : MainThread     : DEBUG   : alive check in term
2017-11-23 00:19:35,581: pmgr.launching.0.child: pmgr.launching.0                : MainThread     : DEBUG   : START: pmgr.launching.0.child register subscriber pmgr.launching.0.child.subscriber._cancel_monitor_cb
2017-11-23 00:19:35,581: pmgr.launching.0.child: pmgr.launching.0                : MainThread     : DEBUG   : using addr tcp://144.76.72.175:32931 for pubsub control_pubsub
2017-11-23 00:19:35,583: pmgr.launching.0.child: pmgr.launching.0                : MainThread     : DEBUG   : parent name: pmgr.launching.0.child.subscriber._cancel_monitor_cb
2017-11-23 00:19:35,583: pmgr.launching.0.child: pmgr.launching.0                : MainThread     : DEBUG   : start thread
2017-11-23 00:19:35,584: pmgr.launching.0.child: pmgr.launching.0                : pmgr.launching.0.child.subscriber._cancel_monitor_cb: DEBUG   : child name: pmgr.launching.0.child.subscriber._cancel_monitor_cb.thread
2017-11-23 00:19:35,584: pmgr.launching.0.child: pmgr.launching.0                : pmgr.launching.0.child.subscriber._cancel_monitor_cb: INFO    : child (me) initializing
2017-11-23 00:19:35,584: pmgr.launching.0.child: pmgr.launching.0                : pmgr.launching.0.child.subscriber._cancel_monitor_cb: DEBUG   : ru_initialize_common (NOOP)
2017-11-23 00:19:35,584: pmgr.launching.0.child: pmgr.launching.0                : pmgr.launching.0.child.subscriber._cancel_monitor_cb: DEBUG   : ru_initialize_child (NOOP)
2017-11-23 00:19:35,584: pmgr.launching.0.child: pmgr.launching.0                : pmgr.launching.0.child.subscriber._cancel_monitor_cb: INFO    : send alive
2017-11-23 00:19:35,584: pmgr.launching.0.child: pmgr.launching.0                : pmgr.launching.0.child.subscriber._cancel_monitor_cb: INFO    : put message: [pmgr.launching.0.child.subscriber._cancel_monitor_cb.thread] alive
2017-11-23 00:19:35,585: pmgr.launching.0.child: pmgr.launching.0                : MainThread     : INFO    : get msg: alive
2017-11-23 00:19:35,585: pmgr.launching.0.child: pmgr.launching.0                : MainThread     : DEBUG   : ru_initialize_common (NOOP)
2017-11-23 00:19:35,585: pmgr.launching.0.child: pmgr.launching.0                : MainThread     : DEBUG   : ru_initialize_parent (NOOP)
2017-11-23 00:19:35,585: pmgr.launching.0.child: pmgr.launching.0                : MainThread     : DEBUG   : child thread pmgr.launching.0.child.subscriber._cancel_monitor_cb started
2017-11-23 00:19:35,585: pmgr.launching.0.child: pmgr.launching.0                : MainThread     : DEBUG   : pmgr.launching.0.child registered control_pubsub subscriber pmgr.launching.0.child.subscriber._cancel_monitor_cb
2017-11-23 00:19:35,585: pmgr.launching.0.child: pmgr.launching.0                : MainThread     : DEBUG   : alive check in term
2017-11-23 00:19:35,585: pmgr.launching.0.child: pmgr.launching.0                : MainThread     : DEBUG   : using addr tcp://144.76.72.175:43402 for input pmgr_launching_queue
2017-11-23 00:19:35,611: pmgr.launching.0.child: pmgr.launching.0                : MainThread     : DEBUG   : registered input pmgr.launching.0.child.work.PMGR_LAUNCHING_PENDING
2017-11-23 00:19:35,611: pmgr.launching.0.child: pmgr.launching.0                : MainThread     : DEBUG   : START: pmgr.launching.0.child register input PMGR_LAUNCHING_PENDING: pmgr.launching.0.child.work.PMGR_LAUNCHING_PENDING
2017-11-23 00:19:35,611: pmgr.launching.0.child: pmgr.launching.0                : MainThread     : DEBUG   : registered worker work [PMGR_LAUNCHING_PENDING]
2017-11-23 00:19:35,611: pmgr.launching.0.child: pmgr.launching.0                : MainThread     : DEBUG   : alive check in term
2017-11-23 00:19:35,611: pmgr.launching.0.child: pmgr.launching.0                : MainThread     : DEBUG   : START: pmgr.launching.0.child register idler pmgr.launching.0.child.idler._pilot_watcher_cb
2017-11-23 00:19:35,611: pmgr.launching.0.child: pmgr.launching.0                : MainThread     : DEBUG   : parent name: pmgr.launching.0.child.idler._pilot_watcher_cb
2017-11-23 00:19:35,612: pmgr.launching.0.child: pmgr.launching.0                : MainThread     : DEBUG   : start thread
2017-11-23 00:19:35,612: pmgr.launching.0.child: pmgr.launching.0                : pmgr.launching.0.child.idler._pilot_watcher_cb: DEBUG   : child name: pmgr.launching.0.child.idler._pilot_watcher_cb.thread
2017-11-23 00:19:35,612: pmgr.launching.0.child: pmgr.launching.0                : pmgr.launching.0.child.idler._pilot_watcher_cb: INFO    : child (me) initializing
2017-11-23 00:19:35,612: pmgr.launching.0.child: pmgr.launching.0                : pmgr.launching.0.child.idler._pilot_watcher_cb: DEBUG   : ru_initialize_common (NOOP)
2017-11-23 00:19:35,612: pmgr.launching.0.child: pmgr.launching.0                : pmgr.launching.0.child.idler._pilot_watcher_cb: DEBUG   : ru_initialize_child (NOOP)
2017-11-23 00:19:35,612: pmgr.launching.0.child: pmgr.launching.0                : pmgr.launching.0.child.idler._pilot_watcher_cb: INFO    : send alive
2017-11-23 00:19:35,612: pmgr.launching.0.child: pmgr.launching.0                : pmgr.launching.0.child.idler._pilot_watcher_cb: INFO    : put message: [pmgr.launching.0.child.idler._pilot_watcher_cb.thread] alive
2017-11-23 00:19:35,613: pmgr.launching.0.child: pmgr.launching.0                : MainThread     : INFO    : get msg: alive
2017-11-23 00:19:35,613: pmgr.launching.0.child: pmgr.launching.0                : MainThread     : DEBUG   : ru_initialize_common (NOOP)
2017-11-23 00:19:35,613: pmgr.launching.0.child: pmgr.launching.0                : MainThread     : DEBUG   : ru_initialize_parent (NOOP)
2017-11-23 00:19:35,614: pmgr.launching.0.child: pmgr.launching.0                : MainThread     : DEBUG   : child thread pmgr.launching.0.child.idler._pilot_watcher_cb started
2017-11-23 00:19:35,614: pmgr.launching.0.child: pmgr.launching.0                : MainThread     : DEBUG   : pmgr.launching.0.child registered idler pmgr.launching.0.child.idler._pilot_watcher_cb
2017-11-23 00:19:35,614: pmgr.launching.0.child: pmgr.launching.0                : MainThread     : DEBUG   : alive check in term
2017-11-23 00:19:35,614: pmgr.launching.0.child: pmgr.launching.0                : MainThread     : DEBUG   : START: pmgr.launching.0.child register subscriber pmgr.launching.0.child.subscriber._pmgr_control_cb
2017-11-23 00:19:35,615: pmgr.launching.0.child: pmgr.launching.0                : MainThread     : DEBUG   : using addr tcp://144.76.72.175:32931 for pubsub control_pubsub
2017-11-23 00:19:35,618: pmgr.launching.0.child: pmgr.launching.0                : MainThread     : DEBUG   : parent name: pmgr.launching.0.child.subscriber._pmgr_control_cb
2017-11-23 00:19:35,618: pmgr.launching.0.child: pmgr.launching.0                : MainThread     : DEBUG   : start thread
2017-11-23 00:19:35,618: pmgr.launching.0.child: pmgr.launching.0                : pmgr.launching.0.child.subscriber._pmgr_control_cb: DEBUG   : child name: pmgr.launching.0.child.subscriber._pmgr_control_cb.thread
2017-11-23 00:19:35,618: pmgr.launching.0.child: pmgr.launching.0                : pmgr.launching.0.child.subscriber._pmgr_control_cb: INFO    : child (me) initializing
2017-11-23 00:19:35,619: pmgr.launching.0.child: pmgr.launching.0                : pmgr.launching.0.child.subscriber._pmgr_control_cb: DEBUG   : ru_initialize_common (NOOP)
2017-11-23 00:19:35,619: pmgr.launching.0.child: pmgr.launching.0                : pmgr.launching.0.child.subscriber._pmgr_control_cb: DEBUG   : ru_initialize_child (NOOP)
2017-11-23 00:19:35,619: pmgr.launching.0.child: pmgr.launching.0                : pmgr.launching.0.child.subscriber._pmgr_control_cb: INFO    : send alive
2017-11-23 00:19:35,619: pmgr.launching.0.child: pmgr.launching.0                : pmgr.launching.0.child.subscriber._pmgr_control_cb: INFO    : put message: [pmgr.launching.0.child.subscriber._pmgr_control_cb.thread] alive
2017-11-23 00:19:35,619: pmgr.launching.0.child: pmgr.launching.0                : MainThread     : INFO    : get msg: alive
2017-11-23 00:19:35,620: pmgr.launching.0.child: pmgr.launching.0                : MainThread     : DEBUG   : ru_initialize_common (NOOP)
2017-11-23 00:19:35,620: pmgr.launching.0.child: pmgr.launching.0                : MainThread     : DEBUG   : ru_initialize_parent (NOOP)
2017-11-23 00:19:35,620: pmgr.launching.0.child: pmgr.launching.0                : MainThread     : DEBUG   : child thread pmgr.launching.0.child.subscriber._pmgr_control_cb started
2017-11-23 00:19:35,621: pmgr.launching.0.child: pmgr.launching.0                : MainThread     : DEBUG   : pmgr.launching.0.child registered control_pubsub subscriber pmgr.launching.0.child.subscriber._pmgr_control_cb
2017-11-23 00:19:35,622: pmgr.launching.0.child: pmgr.launching.0                : MainThread     : INFO    : ('0.46.2', '0.46.2', None, None, 'radical.pilot-0.46.2.tar.gz', '/home/george/Stream_ve/local/lib/python2.7/site-packages/radical/pilot/pmgr/launching/../..//radical.pilot-0.46.2.tar.gz')
2017-11-23 00:19:35,622: pmgr.launching.0.child: pmgr.launching.0                : MainThread     : INFO    : child (me) initializing
2017-11-23 00:19:35,622: pmgr.launching.0.child: pmgr.launching.0                : MainThread     : DEBUG   : parent name: pmgr.launching.0.child.watch
2017-11-23 00:19:35,622: pmgr.launching.0.child: pmgr.launching.0                : MainThread     : DEBUG   : start thread
2017-11-23 00:19:35,622: pmgr.launching.0.child: pmgr.launching.0                : pmgr.launching.0.child.watch: DEBUG   : child name: pmgr.launching.0.child.watch.thread
2017-11-23 00:19:35,623: pmgr.launching.0.child: pmgr.launching.0                : pmgr.launching.0.child.watch: INFO    : child (me) initializing
2017-11-23 00:19:35,623: pmgr.launching.0.child: pmgr.launching.0                : pmgr.launching.0.child.watch: DEBUG   : ru_initialize_common (NOOP)
2017-11-23 00:19:35,623: pmgr.launching.0.child: pmgr.launching.0                : pmgr.launching.0.child.watch: DEBUG   : ru_initialize_child (NOOP)
2017-11-23 00:19:35,623: pmgr.launching.0.child: pmgr.launching.0                : pmgr.launching.0.child.watch: INFO    : send alive
2017-11-23 00:19:35,623: pmgr.launching.0.child: pmgr.launching.0                : pmgr.launching.0.child.watch: INFO    : put message: [pmgr.launching.0.child.watch.thread] alive
2017-11-23 00:19:35,624: pmgr.launching.0.child: pmgr.launching.0                : MainThread     : INFO    : get msg: alive
2017-11-23 00:19:35,624: pmgr.launching.0.child: pmgr.launching.0                : MainThread     : DEBUG   : ru_initialize_common (NOOP)
2017-11-23 00:19:35,624: pmgr.launching.0.child: pmgr.launching.0                : MainThread     : DEBUG   : ru_initialize_parent (NOOP)
2017-11-23 00:19:35,624: pmgr.launching.0.child: pmgr.launching.0                : MainThread     : DEBUG   : child thread pmgr.launching.0.child.watch started
2017-11-23 00:19:35,624: pmgr.launching.0.child: pmgr.launching.0                : MainThread     : INFO    : child (me) is alive
2017-11-23 00:19:35,624: pmgr.launching.0.child: pmgr.launching.0                : MainThread     : INFO    : send alive
2017-11-23 00:19:35,624: pmgr.launching.0.child: pmgr.launching.0                : MainThread     : INFO    : send message: [pmgr.launching.0.child] alive
2017-11-23 00:19:40,497: pmgr.launching.0.child: pmgr.launching.0                : MainThread     : DEBUG   : got pilot (pilot.0000)
2017-11-23 00:19:40,497: pmgr.launching.0.child: pmgr.launching.0                : MainThread     : DEBUG   : advance bulk size: 1 [False, True]
2017-11-23 00:19:40,497: pmgr.launching.0.child: pmgr.launching.0                : MainThread     : DEBUG   : advance bulk: pilot.0000 [1]
2017-11-23 00:19:40,498: pmgr.launching.0.child: pmgr.launching.0                : MainThread     : INFO    : Launching pilots on xsede.wrangler: ['pilot.0000']
2017-11-23 00:19:42,360: pmgr.launching.0.child: pmgr.launching.0                : MainThread     : INFO    : Read agent config file: /home/george/Stream_ve/local/lib/python2.7/site-packages/radical/pilot/pmgr/launching/../..//configs/agent_default.json
2017-11-23 00:19:42,361: pmgr.launching.0.child: pmgr.launching.0                : MainThread     : DEBUG   : Write agent cfg to '/tmp/rp.agent_cfg.NrG2aL'.
2017-11-23 00:19:42,370: pmgr.launching.0.child: pmgr.launching.0                : MainThread     : DEBUG   : {'agent_launch_method': 'SSH',
 u'bridges': {u'agent_executing_queue': {u'bulk_size': 0,
                                         u'log_level': u'debug',
                                         u'stall_hwm': 1},
              u'agent_reschedule_pubsub': {u'bulk_size': 0,
                                           u'log_level': u'debug',
                                           u'stall_hwm': 1},
              u'agent_scheduling_queue': {u'bulk_size': 0,
                                          u'log_level': u'debug',
                                          u'stall_hwm': 1},
              u'agent_staging_input_queue': {u'bulk_size': 0,
                                             u'log_level': u'debug',
                                             u'stall_hwm': 1},
              u'agent_staging_output_queue': {u'bulk_size': 0,
                                              u'log_level': u'debug',
                                              u'stall_hwm': 1},
              u'agent_unschedule_pubsub': {u'bulk_size': 0,
                                           u'log_level': u'debug',
                                           u'stall_hwm': 1},
              u'control_pubsub': {u'bulk_size': 0,
                                  u'log_level': u'debug',
                                  u'stall_hwm': 1},
              u'log_pubsub': {u'bulk_size': 0,
                              u'log_level': u'debug',
                              u'stall_hwm': 1},
              u'state_pubsub': {u'bulk_size': 0,
                                u'log_level': u'debug',
                                u'stall_hwm': 1}},
 u'bulk_collection_size': 100,
 u'bulk_collection_time': 1.0,
 u'components': {u'AgentExecutingComponent': {u'count': 1},
                 u'AgentSchedulingComponent': {u'count': 1},
                 u'AgentStagingInputComponent': {u'count': 1},
                 u'AgentStagingOutputComponent': {u'count': 1},
                 u'UpdateWorker': {u'count': 1}},
 'cores': 48,
 'cores_per_node': 0,
 'cu_post_exec': None,
 'cu_pre_exec': None,
 'cu_tmp': None,
 u'db_poll_sleeptime': 1.0,
 'dburl': 'mongodb://giorgos:giorgos7@ds035385.mongolab.com:35385/giorgos-radical',
 'debug': 10,
 'export_to_cu': None,
 'logdir': '.',
 'lrms': 'SLURM',
 u'max_io_loglength': 1024,
 u'mode': u'shared',
 'mpi_launch_method': 'MPIRUN_RSH',
 'owner': 'agent_0',
 'pilot_id': 'pilot.0000',
 'pilot_sandbox': '/work/03662/tg829618/wrangler/radical.pilot.sandbox/rp.session.one.george.017492.0014/pilot.0000/',
 'resource_cfg': {'agent_launch_method': 'SSH',
                  'agent_scheduler': 'CONTINUOUS',
                  'agent_spawner': 'POPEN',
                  'agent_type': 'multicore',
                  'default_queue': 'normal',
                  'default_remote_workdir': '$WORK',
                  'description': "The XSEDE 'Wrangler' cluster at TACC (https://www.tacc.utexas.edu/wrangler/).",
                  'filesystem_endpoint': 'gsisftp://wrangler.tacc.utexas.edu:2222/',
                  'go': {'filesystem_endpoint': 'go://xsede#wrangler/',
                         'job_manager_endpoint': 'slurm+ssh://wrangler.tacc.utexas.edu/'},
                  'gsissh': {'filesystem_endpoint': 'gsisftp://wrangler.tacc.utexas.edu:2222/',
                             'job_manager_endpoint': 'slurm+gsissh://wrangler.tacc.utexas.edu:2222/'},
                  'job_manager_endpoint': 'slurm+gsissh://wrangler.tacc.utexas.edu:2222/',
                  'label': 'xsede.wrangler_ssh',
                  'lrms': 'SLURM',
                  'mandatory_args': ['project'],
                  'mpi_launch_method': 'MPIRUN_RSH',
                  'notes': 'Always set the ``project`` attribute in the ComputePilotDescription or the pilot will fail.',
                  'pre_bootstrap_1': ['module load python',
                                      'export TACC_DELETE_FILES=TRUE'],
                  'pre_bootstrap_2': ['export PATH=$PATH',
                                      'export LD_LIBRARY_PATH=$LD_LIBRARY_PATH'],
                  'python_dist': 'default',
                  'rp_version': 'local',
                  'schemas': ['ssh', 'gsissh', 'go'],
                  'ssh': {'filesystem_endpoint': 'sftp://wrangler.tacc.utexas.edu/',
                          'job_manager_endpoint': 'slurm+ssh://wrangler.tacc.utexas.edu/'},
                  'task_launch_method': 'SSH',
                  'valid_roots': ['/work', '$WORK', '/data', '$DATA'],
                  'virtenv_mode': 'create'},
 'resource_sandbox': '/work/03662/tg829618/wrangler/radical.pilot.sandbox',
 'runtime': 20,
 'scheduler': 'CONTINUOUS',
 'session_id': 'rp.session.one.george.017492.0014',
 'session_sandbox': '/work/03662/tg829618/wrangler/radical.pilot.sandbox/rp.session.one.george.017492.0014',
 'spawner': 'POPEN',
 u'staging_area': u'staging_area',
 u'staging_schema': u'staging',
 u'target': u'local',
 'task_launch_method': 'SSH'}
2017-11-23 00:19:42,372: pmgr.launching.0.child: pmgr.launching.0                : MainThread     : DEBUG   : use bootstrapper /home/george/Stream_ve/local/lib/python2.7/site-packages/radical/pilot/agent/bootstrap_1.sh
2017-11-23 00:19:42,374: pmgr.launching.0.child: pmgr.launching.0                : MainThread     : DEBUG   : Bootstrap command line: /bin/bash ['-l /work/03662/tg829618/wrangler/radical.pilot.sandbox/rp.session.one.george.017492.0014/bootstrap_1.sh', " -d 'radical.utils-0.47-v0.46-13-g3748ea3-devel.tar.gz:saga-python-0.46.1.tar.gz:radical.pilot-0.46.2.tar.gz' -p 'pilot.0000' -s 'rp.session.one.george.017492.0014' -m 'create' -r 'local' -b 'default' -g 'default' -v '/work/03662/tg829618/wrangler/radical.pilot.sandbox/ve.xsede.wrangler.0.46.2' -y '20' -e 'module load python' -e 'export TACC_DELETE_FILES=TRUE' -w 'export PATH=$PATH' -w 'export LD_LIBRARY_PATH=$LD_LIBRARY_PATH'"]
2017-11-23 00:19:42,375: pmgr.launching.0.child: pmgr.launching.0                : MainThread     : DEBUG   : cmd: cd /tmp/rp_agent_tar_dirnLD_1F && tar zchf /tmp/rp_agent_tar_dirnLD_1F/rp.session.one.george.017492.0014.pmgr.launching.0.child.tgz *
2017-11-23 00:19:42,460: pmgr.launching.0.child: pmgr.launching.0                : MainThread     : DEBUG   : out: 
2017-11-23 00:19:42,460: pmgr.launching.0.child: pmgr.launching.0                : MainThread     : DEBUG   : rs.file.Directory ('gsisftp://wrangler.tacc.utexas.edu:2222/')
2017-11-23 00:19:51,116: pmgr.launching.0.child: pmgr.launching.0                : MainThread     : DEBUG   : tar cmd : tar zmxvf /work/03662/tg829618/wrangler/radical.pilot.sandbox/rp.session.one.george.017492.0014/rp.session.one.george.017492.0014.pmgr.launching.0.child.tgz -C /work/03662/tg829618/wrangler/radical.pilot.sandbox/rp.session.one.george.017492.0014
2017-11-23 00:19:51,601: pmgr.launching.0.child: pmgr.launching.0                : MainThread     : DEBUG   : tar done: Done, bootstrap_1.sh
pilot.0000/
pilot.0000/pilot.0000.log.tgz
pilot.0000/agent_0.cfg
radical.pilot-0.46.2.tar.gz
radical.utils-0.47-v0.46-13-g3748ea3-devel.tar.gz
saga-python-0.46.1.tar.gz
, 
2017-11-23 00:19:54,055: pmgr.launching.0.child: pmgr.launching.0                : MainThread     : DEBUG   : jd: {'Arguments': ['-l /work/03662/tg829618/wrangler/radical.pilot.sandbox/rp.session.one.george.017492.0014/bootstrap_1.sh',
               " -d 'radical.utils-0.47-v0.46-13-g3748ea3-devel.tar.gz:saga-python-0.46.1.tar.gz:radical.pilot-0.46.2.tar.gz' -p 'pilot.0000' -s 'rp.session.one.george.017492.0014' -m 'create' -r 'local' -b 'default' -g 'default' -v '/work/03662/tg829618/wrangler/radical.pilot.sandbox/ve.xsede.wrangler.0.46.2' -y '20' -e 'module load python' -e 'export TACC_DELETE_FILES=TRUE' -w 'export PATH=$PATH' -w 'export LD_LIBRARY_PATH=$LD_LIBRARY_PATH'"],
 'CandidateHosts': None,
 'Environment': {},
 'Error': 'bootstrap_1.err',
 'Executable': '/bin/bash',
 'FileTransfer': [],
 'Name': 'pilot.0000',
 'Output': 'bootstrap_1.out',
 'ProcessesPerHost': 0,
 'Project': 'TG-MCB090174',
 'Queue': 'normal',
 'SPMDVariation': None,
 'TotalCPUCount': 48,
 'TotalPhysicalMemory': None,
 'WallTimeLimit': 20,
 'WorkingDirectory': '/work/03662/tg829618/wrangler/radical.pilot.sandbox/rp.session.one.george.017492.0014/pilot.0000/'}
2017-11-23 00:19:58,859: pmgr.launching.0.child: pmgr.launching.0                : MainThread     : DEBUG   : pilot job: pilot.0000 : [slurm+gsissh://wrangler.tacc.utexas.edu:2222/]-[57645] : pilot.0000 : Pending
2017-11-23 00:19:58,860: pmgr.launching.0.child: pmgr.launching.0                : MainThread     : DEBUG   : advance bulk size: 1 [False, True]
2017-11-23 00:19:58,860: pmgr.launching.0.child: pmgr.launching.0                : MainThread     : DEBUG   : advance bulk: pilot.0000 [1]
2017-11-23 00:19:58,862: pmgr.launching.0.child: pmgr.launching.0                : pmgr.launching.0.child.subscriber._pmgr_control_cb: DEBUG   : launcher got {'cmd': 'add_pilots', 'arg': {'pilots': [{'resource_sandbox': 'gsisftp://wrangler.tacc.utexas.edu:2222/work/03662/tg829618/wrangler/radical.pilot.sandbox', 'resource_details': None, 'resource': 'xsede.wrangler', 'description': {'queue': None, 'resource': 'xsede.wrangler', 'exit_on_error': False, 'candidate_hosts': None, 'project': 'TG-MCB090174', 'sandbox': None, 'cleanup': False, 'access_schema': 'gsissh', 'memory': None, 'cores': 48, 'runtime': 20}, 'pmgr': 'pmgr.0000', 'stdout': None, 'state': 'PMGR_LAUNCHING', 'sandbox': 'gsisftp://wrangler.tacc.utexas.edu:2222/work/03662/tg829618/wrangler/radical.pilot.sandbox/rp.session.one.george.017492.0014/pilot.0000/', 'session': 'rp.session.one.george.017492.0014', 'log': None, 'stderr': None, 'client_sandbox': '/home/george/repos/midas/streaming/RedisKmeans/map_reduce_kmeans', 'type': 'pilot', 'pilot_sandbox': 'gsisftp://wrangler.tacc.utexas.edu:2222/work/03662/tg829618/wrangler/radical.pilot.sandbox/rp.session.one.george.017492.0014/pilot.0000/', 'uid': 'pilot.0000'}], 'umgr': 'umgr.0000'}}
2017-11-23 00:22:56,913: pmgr.launching.0.child: pmgr.launching.0                : MainThread     : ERROR   : abort: KeyboardInterrupt()
Traceback (most recent call last):
  File "/home/george/Stream_ve/local/lib/python2.7/site-packages/radical/utils/process.py", line 608, in _run
    if not self.work_cb():
  File "/home/george/Stream_ve/local/lib/python2.7/site-packages/radical/pilot/utils/component.py", line 1191, in work_cb
    things = input.get_nowait(1000) # timeout in microseconds
  File "/home/george/Stream_ve/local/lib/python2.7/site-packages/radical/pilot/utils/queue.py", line 437, in get_nowait
    if _uninterruptible(self._q.poll, flags=zmq.POLLIN, timeout=timeout):
  File "/home/george/Stream_ve/local/lib/python2.7/site-packages/radical/pilot/utils/queue.py", line 50, in _uninterruptible
    return f(*args, **kwargs)
  File "/home/george/Stream_ve/local/lib/python2.7/site-packages/zmq/sugar/socket.py", line 558, in poll
    evts = dict(p.poll(timeout))
  File "/home/george/Stream_ve/local/lib/python2.7/site-packages/zmq/sugar/poll.py", line 99, in poll
    return zmq_poll(self.sockets, timeout=timeout)
  File "zmq/backend/cython/_poll.pyx", line 116, in zmq.backend.cython._poll.zmq_poll (zmq/backend/cython/_poll.c:2036)
  File "zmq/backend/cython/checkrc.pxd", line 12, in zmq.backend.cython.checkrc._check_rc (zmq/backend/cython/_poll.c:2418)
    PyErr_CheckSignals()
KeyboardInterrupt
2017-11-23 00:22:56,915: pmgr.launching.0.child: pmgr.launching.0                : MainThread     : INFO    : send message: [pmgr.launching.0.child] abort: KeyboardInterrupt()
2017-11-23 00:22:56,915: pmgr.launching.0.child: pmgr.launching.0                : MainThread     : DEBUG   : TERM : pmgr.launching.0.child unregister idler pmgr.launching.0.child.idler._pilot_watcher_cb
2017-11-23 00:22:56,915: pmgr.launching.0.child: pmgr.launching.0                : MainThread     : INFO    : parent stops child
2017-11-23 00:22:56,915: pmgr.launching.0.child: pmgr.launching.0                : MainThread     : DEBUG   : ru_finalize_parent (NOOP)
2017-11-23 00:22:56,916: pmgr.launching.0.child: pmgr.launching.0                : MainThread     : DEBUG   : ru_finalize_common (NOOP)
2017-11-23 00:22:56,979: pmgr.launching.0.child: pmgr.launching.0                : pmgr.launching.0.child.idler._pilot_watcher_cb: DEBUG   : ru_finalize_child (NOOP)
2017-11-23 00:22:56,979: pmgr.launching.0.child: pmgr.launching.0                : pmgr.launching.0.child.idler._pilot_watcher_cb: DEBUG   : ru_finalize_common (NOOP)
2017-11-23 00:22:56,979: pmgr.launching.0.child: pmgr.launching.0                : pmgr.launching.0.child.idler._pilot_watcher_cb: INFO    : put message: [pmgr.launching.0.child.idler._pilot_watcher_cb.thread] terminating
2017-11-23 00:22:56,979: pmgr.launching.0.child: pmgr.launching.0                : MainThread     : DEBUG   : TERM : pmgr.launching.0.child unregistered idler pmgr.launching.0.child.idler._pilot_watcher_cb
2017-11-23 00:22:56,980: pmgr.launching.0.child: pmgr.launching.0                : MainThread     : DEBUG   : TERM : pmgr.launching.0.child unregister subscriber pmgr.launching.0.child.subscriber._pmgr_control_cb
2017-11-23 00:22:56,980: pmgr.launching.0.child: pmgr.launching.0                : MainThread     : DEBUG   : unregistered subscriber pmgr.launching.0.child.subscriber._pmgr_control_cb
2017-11-23 00:22:57,035: pmgr.launching.0.child: pmgr.launching.0                : pmgr.launching.0.child.watch: WARNING : %s died
2017-11-23 00:22:57,035: pmgr.launching.0.child: pmgr.launching.0                : pmgr.launching.0.child.watch: INFO    : watcher closes
2017-11-23 00:22:57,035: pmgr.launching.0.child: pmgr.launching.0                : pmgr.launching.0.child.watch: INFO    : put message: [pmgr.launching.0.child.watch.thread] work finished
2017-11-23 00:22:57,035: pmgr.launching.0.child: pmgr.launching.0                : pmgr.launching.0.child.watch: DEBUG   : ru_finalize_child (NOOP)
2017-11-23 00:22:57,035: pmgr.launching.0.child: pmgr.launching.0                : pmgr.launching.0.child.watch: DEBUG   : ru_finalize_common (NOOP)
2017-11-23 00:22:57,035: pmgr.launching.0.child: pmgr.launching.0                : pmgr.launching.0.child.watch: INFO    : put message: [pmgr.launching.0.child.watch.thread] terminating
2017-11-23 00:22:57,240: pmgr.launching.0.child: pmgr.launching.0                : MainThread     : WARNING : alive check: proc invalid - stop [False - True]
2017-11-23 00:22:57,297: pmgr.launching.0.child: pmgr.launching.0                : MainThread     : INFO    : stop pmgr.launching.0.child (7467 : 7467 : MainThread) [radical.utils.process.Default.is_valid]
2017-11-23 00:22:57,297: pmgr.launching.0.child: pmgr.launching.0                : MainThread     : INFO    : parent stops child
2017-11-23 00:22:57,297: pmgr.launching.0.child: pmgr.launching.0                : MainThread     : DEBUG   : TERM : pmgr.launching.0.child unregister idler pmgr.launching.0.child.idler._pilot_watcher_cb
2017-11-23 00:22:57,297: pmgr.launching.0.child: pmgr.launching.0                : MainThread     : WARNING : timed cb pmgr.launching.0.child.idler._pilot_watcher_cb is not registered
2017-11-23 00:22:57,297: pmgr.launching.0.child: pmgr.launching.0                : MainThread     : DEBUG   : TERM : pmgr.launching.0.child unregister subscriber pmgr.launching.0.child.subscriber._pmgr_control_cb
2017-11-23 00:22:57,297: pmgr.launching.0.child: pmgr.launching.0                : MainThread     : WARNING : subscriber _pmgr_control_cb is not registered
2017-11-23 00:22:57,299: pmgr.launching.0.child: pmgr.launching.0                : MainThread     : DEBUG   : advance bulk size: 1 [False, True]
2017-11-23 00:22:57,299: pmgr.launching.0.child: pmgr.launching.0                : MainThread     : DEBUG   : advance bulk: pilot.0000 [1]
2017-11-23 00:22:57,300: pmgr.launching.0.child: pmgr.launching.0                : MainThread     : DEBUG   : close  js to slurm+gsissh://wrangler.tacc.utexas.edu:2222/
2017-11-23 00:22:57,401: pmgr.launching.0.child: pmgr.launching.0                : MainThread     : DEBUG   : closed js to slurm+gsissh://wrangler.tacc.utexas.edu:2222/
2017-11-23 00:22:57,401: pmgr.launching.0.child: pmgr.launching.0                : MainThread     : DEBUG   : close  js to gsissh://wrangler.tacc.utexas.edu:2222/
2017-11-23 00:22:57,603: pmgr.launching.0.child: pmgr.launching.0                : MainThread     : DEBUG   : closed js to gsissh://wrangler.tacc.utexas.edu:2222/
2017-11-23 00:22:57,603: pmgr.launching.0.child: pmgr.launching.0                : MainThread     : DEBUG   : finalized child
2017-11-23 00:22:57,603: pmgr.launching.0.child: pmgr.launching.0                : MainThread     : DEBUG   : ru_finalize_common()
2017-11-23 00:22:57,603: pmgr.launching.0.child: pmgr.launching.0                : MainThread     : DEBUG   : TERM : pmgr.launching.0.child unregister publisher log_pubsub
2017-11-23 00:22:57,604: pmgr.launching.0.child: pmgr.launching.0                : MainThread     : DEBUG   : unregistered publisher log_pubsub
2017-11-23 00:22:57,604: pmgr.launching.0.child: pmgr.launching.0                : MainThread     : DEBUG   : TERM : pmgr.launching.0.child unregister publisher state_pubsub
2017-11-23 00:22:57,855: pmgr.launching.0.child: pmgr.launching.0                : MainThread     : DEBUG   : unregistered publisher state_pubsub
2017-11-23 00:22:57,855: pmgr.launching.0.child: pmgr.launching.0                : MainThread     : DEBUG   : TERM : pmgr.launching.0.child unregister publisher control_pubsub
2017-11-23 00:22:57,856: pmgr.launching.0.child: pmgr.launching.0                : MainThread     : DEBUG   : unregistered publisher control_pubsub
2017-11-23 00:22:57,856: pmgr.launching.0.child: pmgr.launching.0                : MainThread     : DEBUG   : pmgr.launching.0.child close prof
2017-11-23 00:22:57,856: pmgr.launching.0.child: pmgr.launching.0                : MainThread     : INFO    : parent stops child
2017-11-23 00:22:57,857: pmgr.launching.0.child: pmgr.launching.0                : MainThread     : DEBUG   : ru_finalize_parent (NOOP)
2017-11-23 00:22:57,857: pmgr.launching.0.child: pmgr.launching.0                : MainThread     : DEBUG   : ru_finalize_common (NOOP)
2017-11-23 00:22:57,857: pmgr.launching.0.child: pmgr.launching.0                : MainThread     : INFO    : parent stops child
2017-11-23 00:22:57,857: pmgr.launching.0.child: pmgr.launching.0                : MainThread     : DEBUG   : ru_finalize_parent (NOOP)
2017-11-23 00:22:57,857: pmgr.launching.0.child: pmgr.launching.0                : pmgr.launching.0.child.subscriber._pmgr_control_cb: ERROR   : abort: ZMQError('Socket operation on non-socket')
Traceback (most recent call last):
  File "/home/george/Stream_ve/local/lib/python2.7/site-packages/radical/utils/threads.py", line 375, in _run
    if not self.work_cb():
  File "/home/george/Stream_ve/local/lib/python2.7/site-packages/radical/pilot/utils/component.py", line 1088, in work_cb
    topic, msg = self._q.get_nowait(500)  # timout in ms
  File "/home/george/Stream_ve/local/lib/python2.7/site-packages/radical/pilot/utils/pubsub.py", line 352, in get_nowait
    if _uninterruptible(self._q.poll, flags=zmq.POLLIN, timeout=timeout):
  File "/home/george/Stream_ve/local/lib/python2.7/site-packages/radical/pilot/utils/pubsub.py", line 50, in _uninterruptible
    return f(*args, **kwargs)
  File "/home/george/Stream_ve/local/lib/python2.7/site-packages/zmq/sugar/socket.py", line 558, in poll
    evts = dict(p.poll(timeout))
  File "/home/george/Stream_ve/local/lib/python2.7/site-packages/zmq/sugar/poll.py", line 99, in poll
    return zmq_poll(self.sockets, timeout=timeout)
  File "zmq/backend/cython/_poll.pyx", line 123, in zmq.backend.cython._poll.zmq_poll (zmq/backend/cython/_poll.c:2186)
  File "zmq/backend/cython/_poll.pyx", line 116, in zmq.backend.cython._poll.zmq_poll (zmq/backend/cython/_poll.c:2036)
  File "zmq/backend/cython/checkrc.pxd", line 25, in zmq.backend.cython.checkrc._check_rc (zmq/backend/cython/_poll.c:2811)
    raise ZMQError(errno)
ZMQError: Socket operation on non-socket
2017-11-23 00:22:57,858: pmgr.launching.0.child: pmgr.launching.0                : pmgr.launching.0.child.subscriber._pmgr_control_cb: INFO    : put message: [pmgr.launching.0.child.subscriber._pmgr_control_cb.thread] ZMQError('Socket operation on non-socket')
2017-11-23 00:22:57,858: pmgr.launching.0.child: pmgr.launching.0                : pmgr.launching.0.child.subscriber._pmgr_control_cb: DEBUG   : ru_finalize_child (NOOP)
2017-11-23 00:22:57,858: pmgr.launching.0.child: pmgr.launching.0                : pmgr.launching.0.child.subscriber._pmgr_control_cb: INFO    : put message: [pmgr.launching.0.child.subscriber._pmgr_control_cb.thread] terminating
2017-11-23 00:22:58,108: pmgr.launching.0.child: pmgr.launching.0                : MainThread     : INFO    : parent stops child
2017-11-23 00:22:58,109: pmgr.launching.0.child: pmgr.launching.0                : MainThread     : INFO    : parent stops child
2017-11-23 00:22:58,109: pmgr.launching.0.child: pmgr.launching.0                : MainThread     : DEBUG   : ru_finalize_parent (NOOP)
2017-11-23 00:22:58,109: pmgr.launching.0.child: pmgr.launching.0                : pmgr.launching.0.child.subscriber._cancel_monitor_cb: ERROR   : abort: ZMQError('Socket operation on non-socket')
Traceback (most recent call last):
  File "/home/george/Stream_ve/local/lib/python2.7/site-packages/radical/utils/threads.py", line 375, in _run
    if not self.work_cb():
  File "/home/george/Stream_ve/local/lib/python2.7/site-packages/radical/pilot/utils/component.py", line 1088, in work_cb
    topic, msg = self._q.get_nowait(500)  # timout in ms
  File "/home/george/Stream_ve/local/lib/python2.7/site-packages/radical/pilot/utils/pubsub.py", line 352, in get_nowait
    if _uninterruptible(self._q.poll, flags=zmq.POLLIN, timeout=timeout):
  File "/home/george/Stream_ve/local/lib/python2.7/site-packages/radical/pilot/utils/pubsub.py", line 50, in _uninterruptible
    return f(*args, **kwargs)
  File "/home/george/Stream_ve/local/lib/python2.7/site-packages/zmq/sugar/socket.py", line 558, in poll
    evts = dict(p.poll(timeout))
  File "/home/george/Stream_ve/local/lib/python2.7/site-packages/zmq/sugar/poll.py", line 99, in poll
    return zmq_poll(self.sockets, timeout=timeout)
  File "zmq/backend/cython/_poll.pyx", line 123, in zmq.backend.cython._poll.zmq_poll (zmq/backend/cython/_poll.c:2186)
  File "zmq/backend/cython/_poll.pyx", line 116, in zmq.backend.cython._poll.zmq_poll (zmq/backend/cython/_poll.c:2036)
  File "zmq/backend/cython/checkrc.pxd", line 25, in zmq.backend.cython.checkrc._check_rc (zmq/backend/cython/_poll.c:2811)
    raise ZMQError(errno)
ZMQError: Socket operation on non-socket
2017-11-23 00:22:58,110: pmgr.launching.0.child: pmgr.launching.0                : pmgr.launching.0.child.subscriber._cancel_monitor_cb: INFO    : put message: [pmgr.launching.0.child.subscriber._cancel_monitor_cb.thread] ZMQError('Socket operation on non-socket')
2017-11-23 00:22:58,110: pmgr.launching.0.child: pmgr.launching.0                : pmgr.launching.0.child.subscriber._cancel_monitor_cb: DEBUG   : ru_finalize_child (NOOP)
2017-11-23 00:22:58,110: pmgr.launching.0.child: pmgr.launching.0                : pmgr.launching.0.child.subscriber._cancel_monitor_cb: INFO    : put message: [pmgr.launching.0.child.subscriber._cancel_monitor_cb.thread] terminating
2017-11-23 00:22:58,355: pmgr.launching.0.child: pmgr.launching.0                : MainThread     : ERROR   : finalization error
Traceback (most recent call last):
  File "/home/george/Stream_ve/local/lib/python2.7/site-packages/radical/utils/process.py", line 627, in _run
    self._ru_finalize()
  File "/home/george/Stream_ve/local/lib/python2.7/site-packages/radical/utils/process.py", line 966, in _ru_finalize
    self.ru_finalize_child()
  File "/home/george/Stream_ve/local/lib/python2.7/site-packages/radical/pilot/utils/component.py", line 690, in ru_finalize_child
    self.finalize_child()
  File "/home/george/Stream_ve/local/lib/python2.7/site-packages/radical/pilot/pmgr/launching/default.py", line 106, in finalize_child
    self._kill_pilots(pids)
  File "/home/george/Stream_ve/local/lib/python2.7/site-packages/radical/pilot/pmgr/launching/default.py", line 290, in _kill_pilots
    self.advance(to_advance, state=rps.CANCELED, push=False, publish=True)
  File "/home/george/Stream_ve/local/lib/python2.7/site-packages/radical/pilot/utils/component.py", line 1283, in advance
    self.is_valid()
  File "/home/george/Stream_ve/local/lib/python2.7/site-packages/radical/pilot/utils/component.py", line 368, in is_valid
    if not super(Component, self).is_valid():
  File "/home/george/Stream_ve/local/lib/python2.7/site-packages/radical/utils/process.py", line 1124, in is_valid
    self.stop()
  File "/home/george/Stream_ve/local/lib/python2.7/site-packages/radical/pilot/utils/component.py", line 707, in stop
    super(Component, self).stop(timeout)
  File "/home/george/Stream_ve/local/lib/python2.7/site-packages/radical/utils/process.py", line 736, in stop
    thing.stop(timeout=timeout)
  File "/home/george/Stream_ve/local/lib/python2.7/site-packages/radical/utils/threads.py", line 453, in stop
    self._ru_finalize()
  File "/home/george/Stream_ve/local/lib/python2.7/site-packages/radical/utils/threads.py", line 605, in _ru_finalize
    self.ru_finalize_common()
  File "/home/george/Stream_ve/local/lib/python2.7/site-packages/radical/pilot/utils/component.py", line 1103, in ru_finalize_common
    self._q.stop()
  File "/home/george/Stream_ve/local/lib/python2.7/site-packages/radical/utils/process.py", line 725, in stop
    self._ru_finalize()
  File "/home/george/Stream_ve/local/lib/python2.7/site-packages/radical/utils/process.py", line 960, in _ru_finalize
    self.ru_finalize_common()
  File "/home/george/Stream_ve/local/lib/python2.7/site-packages/radical/pilot/utils/pubsub.py", line 249, in ru_finalize_common
    if self._ctx : self._ctx.destroy()
  File "zmq/backend/cython/context.pyx", line 244, in zmq.backend.cython.context.Context.destroy (zmq/backend/cython/context.c:3058)
  File "zmq/backend/cython/context.pyx", line 136, in zmq.backend.cython.context.Context.term (zmq/backend/cython/context.c:2339)
  File "zmq/backend/cython/checkrc.pxd", line 12, in zmq.backend.cython.checkrc._check_rc (zmq/backend/cython/context.c:3207)
    PyErr_CheckSignals()
KeyboardInterrupt
2017-11-23 00:22:58,356: pmgr.launching.0.child: pmgr.launching.0                : MainThread     : INFO    : send message: [pmgr.launching.0.child] finalize: KeyboardInterrupt()
2017-11-23 00:22:58,356: pmgr.launching.0.child: pmgr.launching.0                : MainThread     : WARNING : send failed ([Errno 9] Bad file descriptor) - terminate
2017-11-23 00:22:58,356: pmgr.launching.0.child: pmgr.launching.0                : MainThread     : INFO    : send message: [pmgr.launching.0.child] terminating
2017-11-23 00:22:58,357: pmgr.launching.0.child: pmgr.launching.0                : MainThread     : WARNING : send failed ([Errno 9] Bad file descriptor) - terminate
2017-11-23 00:22:58,357: pmgr.launching.0.child: pmgr.launching.0                : MainThread     : INFO    : parent stops child
2017-11-23 00:22:58,357: pmgr.launching.0.child: pmgr.launching.0                : MainThread     : INFO    : parent stops child
2017-11-23 00:22:58,357: pmgr.launching.0.child: pmgr.launching.0                : MainThread     : INFO    : parent stops child
