2017-11-23 00:19:40,832: state.pubsub.sub.0001: umgr.scheduling.0               : MainThread     : INFO    : python.interpreter   version: 2.7.13 (default, Jan 19 2017, 14:48:08) [GCC 6.3.0 20170118]
2017-11-23 00:19:40,832: state.pubsub.sub.0001: umgr.scheduling.0               : MainThread     : INFO    :                      pid: 7590
2017-11-23 00:19:40,832: state.pubsub.sub.0001: umgr.scheduling.0               : MainThread     : INFO    :                      tid: MainThread
2017-11-23 00:19:40,832: state.pubsub.sub.0001: umgr.scheduling.0               : MainThread     : INFO    : radical.pilot        version: 0.46.2
2017-11-23 00:19:40,832: state.pubsub.sub.0001: umgr.scheduling.0               : MainThread     : INFO    : create state_pubsub - sub - tcp://144.76.72.175:45296
2017-11-23 00:19:40,833: state.pubsub.sub.0001: umgr.scheduling.0               : MainThread     : DEBUG   : start process
2017-11-23 00:19:40,833: state.pubsub.sub.0001: umgr.scheduling.0               : MainThread     : DEBUG   : ru_initialize_common (NOOP)
2017-11-23 00:19:40,833: state.pubsub.sub.0001: umgr.scheduling.0               : MainThread     : DEBUG   : ru_initialize_parent (NOOP)
2017-11-23 00:19:40,833: state.pubsub.sub.0001: umgr.scheduling.0               : MainThread     : DEBUG   : process class started (no child)
2017-11-23 00:19:40,972: state.pubsub.sub.0001: MainProcess                     : MainThread     : INFO    : python.interpreter   version: 2.7.13 (default, Jan 19 2017, 14:48:08) [GCC 6.3.0 20170118]
2017-11-23 00:19:40,972: state.pubsub.sub.0001: MainProcess                     : MainThread     : INFO    :                      pid: 7406
2017-11-23 00:19:40,972: state.pubsub.sub.0001: MainProcess                     : MainThread     : INFO    :                      tid: MainThread
2017-11-23 00:19:40,972: state.pubsub.sub.0001: MainProcess                     : MainThread     : INFO    : radical.pilot        version: 0.46.2
2017-11-23 00:19:40,973: state.pubsub.sub.0001: MainProcess                     : MainThread     : INFO    : create state_pubsub - sub - tcp://144.76.72.175:45296
2017-11-23 00:19:40,976: state.pubsub.sub.0001: MainProcess                     : MainThread     : DEBUG   : start process
2017-11-23 00:19:40,976: state.pubsub.sub.0001: MainProcess                     : MainThread     : DEBUG   : ru_initialize_common (NOOP)
2017-11-23 00:19:40,976: state.pubsub.sub.0001: MainProcess                     : MainThread     : DEBUG   : ru_initialize_parent (NOOP)
2017-11-23 00:19:40,976: state.pubsub.sub.0001: MainProcess                     : MainThread     : DEBUG   : process class started (no child)
2017-11-23 00:22:56,953: state.pubsub.sub.0001: umgr.scheduling.0               : MainThread     : INFO    : parent stops child
2017-11-23 00:22:56,953: state.pubsub.sub.0001: umgr.scheduling.0               : MainThread     : DEBUG   : ru_finalize_parent (NOOP)
2017-11-23 00:22:57,469: state.pubsub.sub.0001: MainProcess                     : MainThread     : INFO    : parent stops child
2017-11-23 00:22:57,469: state.pubsub.sub.0001: MainProcess                     : MainThread     : DEBUG   : ru_finalize_parent (NOOP)
