2017-11-23 00:19:40,497: umgr.0000           : MainProcess                     : MainThread     : INFO    : python.interpreter   version: 2.7.13 (default, Jan 19 2017, 14:48:08) [GCC 6.3.0 20170118]
2017-11-23 00:19:40,497: umgr.0000           : MainProcess                     : MainThread     : INFO    :                      pid: 7406
2017-11-23 00:19:40,498: umgr.0000           : MainProcess                     : MainThread     : INFO    :                      tid: MainThread
2017-11-23 00:19:40,498: umgr.0000           : MainProcess                     : MainThread     : INFO    : radical.pilot        version: 0.46.2
2017-11-23 00:19:40,499: umgr.0000           : MainProcess                     : MainThread     : DEBUG   : alive check in term
2017-11-23 00:19:40,499: umgr.0000           : MainProcess                     : MainThread     : DEBUG   : start process
2017-11-23 00:19:40,499: umgr.0000           : MainProcess                     : MainThread     : INFO    : initialize umgr.0000
2017-11-23 00:19:40,501: umgr.0000           : MainProcess                     : MainThread     : INFO    : cfg: {u'bridges': {u'umgr_reschedule_pubsub': {u'bulk_size': 0,
                                          u'log_level': u'debug',
                                          u'stall_hwm': 1},
              u'umgr_scheduling_queue': {u'bulk_size': 0,
                                         u'log_level': u'debug',
                                         u'stall_hwm': 1},
              u'umgr_staging_input_queue': {u'bulk_size': 0,
                                            u'log_level': u'debug',
                                            u'stall_hwm': 1},
              u'umgr_staging_output_queue': {u'bulk_size': 0,
                                             u'log_level': u'debug',
                                             u'stall_hwm': 1},
              u'umgr_unschedule_pubsub': {u'bulk_size': 0,
                                          u'log_level': u'debug',
                                          u'stall_hwm': 1}},
 u'bulk_collection_size': 100,
 u'bulk_collection_time': 1.0,
 u'components': {u'UMGRSchedulingComponent': {u'count': 1},
                 u'UMGRStagingInputComponent': {u'count': 1},
                 u'UMGRStagingOutputComponent': {u'count': 1}},
 u'db_poll_sleeptime': 1.0,
 'owner': 'umgr.0000',
 u'scheduler': u'round_robin'}
2017-11-23 00:19:40,502: umgr.0000           : MainProcess                     : MainThread     : DEBUG   : start bridges   : {u'umgr_reschedule_pubsub': {u'bulk_size': 0,
                             u'log_level': u'debug',
                             u'stall_hwm': 1},
 u'umgr_scheduling_queue': {u'bulk_size': 0,
                            u'log_level': u'debug',
                            u'stall_hwm': 1},
 u'umgr_staging_input_queue': {u'bulk_size': 0,
                               u'log_level': u'debug',
                               u'stall_hwm': 1},
 u'umgr_staging_output_queue': {u'bulk_size': 0,
                                u'log_level': u'debug',
                                u'stall_hwm': 1},
 u'umgr_unschedule_pubsub': {u'bulk_size': 0,
                             u'log_level': u'debug',
                             u'stall_hwm': 1}}
2017-11-23 00:19:40,503: umgr.0000           : MainProcess                     : MainThread     : INFO    : create bridge umgr_reschedule_pubsub
2017-11-23 00:19:40,522: umgr.0000           : MainProcess                     : MainThread     : INFO    : created bridge umgr_reschedule_pubsub (umgr.reschedule.pubsub.bridge.0000)
2017-11-23 00:19:40,522: umgr.0000           : MainProcess                     : MainThread     : INFO    : create bridge umgr_staging_input_queue
2017-11-23 00:19:40,548: umgr.0000           : MainProcess                     : MainThread     : INFO    : created bridge umgr_staging_input_queue (umgr.staging.input.queue.bridge.0000)
2017-11-23 00:19:40,548: umgr.0000           : MainProcess                     : MainThread     : INFO    : create bridge umgr_staging_output_queue
2017-11-23 00:19:40,576: umgr.0000           : MainProcess                     : MainThread     : INFO    : created bridge umgr_staging_output_queue (umgr.staging.output.queue.bridge.0000)
2017-11-23 00:19:40,576: umgr.0000           : MainProcess                     : MainThread     : INFO    : create bridge umgr_unschedule_pubsub
2017-11-23 00:19:40,605: umgr.0000           : MainProcess                     : MainThread     : INFO    : created bridge umgr_unschedule_pubsub (umgr.unschedule.pubsub.bridge.0000)
2017-11-23 00:19:40,605: umgr.0000           : MainProcess                     : MainThread     : INFO    : create bridge umgr_scheduling_queue
2017-11-23 00:19:40,635: umgr.0000           : MainProcess                     : MainThread     : INFO    : created bridge umgr_scheduling_queue (umgr.scheduling.queue.bridge.0000)
2017-11-23 00:19:40,635: umgr.0000           : MainProcess                     : MainThread     : DEBUG   : start components: {u'UMGRSchedulingComponent': {u'count': 1},
 u'UMGRStagingInputComponent': {u'count': 1},
 u'UMGRStagingOutputComponent': {u'count': 1}}
2017-11-23 00:19:40,635: umgr.0000           : MainProcess                     : MainThread     : DEBUG   : start 1 component(s) UMGRStagingInputComponent
2017-11-23 00:19:40,701: umgr.0000           : MainProcess                     : MainThread     : INFO    : umgr.0000                      starts umgr.staging.input.0
2017-11-23 00:19:40,701: umgr.0000           : MainProcess                     : MainThread     : DEBUG   : start 1 component(s) UMGRStagingOutputComponent
2017-11-23 00:19:40,791: umgr.0000           : MainProcess                     : MainThread     : INFO    : umgr.0000                      starts umgr.staging.output.0
2017-11-23 00:19:40,791: umgr.0000           : MainProcess                     : MainThread     : DEBUG   : start 1 component(s) UMGRSchedulingComponent
2017-11-23 00:19:40,854: umgr.0000           : MainProcess                     : MainThread     : INFO    : umgr.0000                      starts umgr.scheduling.0
2017-11-23 00:19:40,855: umgr.0000           : MainProcess                     : MainThread     : DEBUG   : alive check in term
2017-11-23 00:19:40,855: umgr.0000           : MainProcess                     : MainThread     : DEBUG   : START: umgr.0000 register publisher log_pubsub
2017-11-23 00:19:40,855: umgr.0000           : MainProcess                     : MainThread     : DEBUG   : using addr tcp://144.76.72.175:43536 for pubsub log_pubsub
2017-11-23 00:19:40,856: umgr.0000           : MainProcess                     : MainThread     : DEBUG   : registered publisher : log_pubsub : log.pubsub.pub.0006
2017-11-23 00:19:40,856: umgr.0000           : MainProcess                     : MainThread     : DEBUG   : alive check in term
2017-11-23 00:19:40,856: umgr.0000           : MainProcess                     : MainThread     : DEBUG   : START: umgr.0000 register publisher state_pubsub
2017-11-23 00:19:40,856: umgr.0000           : MainProcess                     : MainThread     : DEBUG   : using addr tcp://144.76.72.175:33823 for pubsub state_pubsub
2017-11-23 00:19:40,858: umgr.0000           : MainProcess                     : MainThread     : DEBUG   : registered publisher : state_pubsub : state.pubsub.pub.0006
2017-11-23 00:19:40,858: umgr.0000           : MainProcess                     : MainThread     : DEBUG   : alive check in term
2017-11-23 00:19:40,858: umgr.0000           : MainProcess                     : MainThread     : DEBUG   : START: umgr.0000 register publisher control_pubsub
2017-11-23 00:19:40,858: umgr.0000           : MainProcess                     : MainThread     : DEBUG   : using addr tcp://144.76.72.175:36069 for pubsub control_pubsub
2017-11-23 00:19:40,859: umgr.0000           : MainProcess                     : MainThread     : DEBUG   : registered publisher : control_pubsub : control.pubsub.pub.0006
2017-11-23 00:19:40,860: umgr.0000           : MainProcess                     : MainThread     : DEBUG   : process class started (no child)
2017-11-23 00:19:40,860: umgr.0000           : MainProcess                     : MainThread     : INFO    : started umgr umgr.0000
2017-11-23 00:19:40,860: umgr.0000           : MainProcess                     : MainThread     : DEBUG   : START: umgr.0000 register output UMGR_SCHEDULING_PENDING
2017-11-23 00:19:40,860: umgr.0000           : MainProcess                     : MainThread     : DEBUG   : using addr tcp://144.76.72.175:39377 for output umgr_scheduling_queue
2017-11-23 00:19:40,864: umgr.0000           : MainProcess                     : MainThread     : DEBUG   : registered output    : UMGR_SCHEDULING_PENDING : umgr_scheduling_queue : umgr.scheduling.queue.input.0000
2017-11-23 00:19:40,864: umgr.0000           : MainProcess                     : MainThread     : DEBUG   : START: umgr.0000 register output UMGR_STAGING_OUTPUT_PENDING
2017-11-23 00:19:40,864: umgr.0000           : MainProcess                     : MainThread     : DEBUG   : using addr tcp://144.76.72.175:43546 for output umgr_staging_output_queue
2017-11-23 00:19:40,866: umgr.0000           : MainProcess                     : MainThread     : DEBUG   : registered output    : UMGR_STAGING_OUTPUT_PENDING : umgr_staging_output_queue : umgr.staging.output.queue.input.0000
2017-11-23 00:19:40,866: umgr.0000           : MainProcess                     : MainThread     : DEBUG   : START: umgr.0000 register idler umgr.0000.idler._state_pull_cb
2017-11-23 00:19:40,866: umgr.0000           : MainProcess                     : MainThread     : DEBUG   : parent name: umgr.0000.idler._state_pull_cb
2017-11-23 00:19:40,866: umgr.0000           : MainProcess                     : MainThread     : DEBUG   : start thread
2017-11-23 00:19:40,866: umgr.0000           : MainProcess                     : umgr.0000.idler._state_pull_cb: DEBUG   : child name: umgr.0000.idler._state_pull_cb.thread
2017-11-23 00:19:40,866: umgr.0000           : MainProcess                     : umgr.0000.idler._state_pull_cb: INFO    : child (me) initializing
2017-11-23 00:19:40,867: umgr.0000           : MainProcess                     : umgr.0000.idler._state_pull_cb: DEBUG   : ru_initialize_common (NOOP)
2017-11-23 00:19:40,867: umgr.0000           : MainProcess                     : umgr.0000.idler._state_pull_cb: DEBUG   : ru_initialize_child (NOOP)
2017-11-23 00:19:40,867: umgr.0000           : MainProcess                     : umgr.0000.idler._state_pull_cb: INFO    : send alive
2017-11-23 00:19:40,867: umgr.0000           : MainProcess                     : umgr.0000.idler._state_pull_cb: INFO    : put message: [umgr.0000.idler._state_pull_cb.thread] alive
2017-11-23 00:19:40,868: umgr.0000           : MainProcess                     : MainThread     : INFO    : get msg: alive
2017-11-23 00:19:40,868: umgr.0000           : MainProcess                     : MainThread     : DEBUG   : ru_initialize_common (NOOP)
2017-11-23 00:19:40,868: umgr.0000           : MainProcess                     : MainThread     : DEBUG   : ru_initialize_parent (NOOP)
2017-11-23 00:19:40,868: umgr.0000           : MainProcess                     : MainThread     : DEBUG   : child thread umgr.0000.idler._state_pull_cb started
2017-11-23 00:19:40,868: umgr.0000           : MainProcess                     : MainThread     : DEBUG   : umgr.0000 registered idler umgr.0000.idler._state_pull_cb
2017-11-23 00:19:40,869: umgr.0000           : MainProcess                     : MainThread     : DEBUG   : START: umgr.0000 register idler umgr.0000.idler._unit_pull_cb
2017-11-23 00:19:40,968: umgr.0000           : MainProcess                     : MainThread     : DEBUG   : parent name: umgr.0000.idler._unit_pull_cb
2017-11-23 00:19:40,968: umgr.0000           : MainProcess                     : MainThread     : DEBUG   : start thread
2017-11-23 00:19:40,969: umgr.0000           : MainProcess                     : umgr.0000.idler._unit_pull_cb: DEBUG   : child name: umgr.0000.idler._unit_pull_cb.thread
2017-11-23 00:19:40,969: umgr.0000           : MainProcess                     : umgr.0000.idler._unit_pull_cb: INFO    : child (me) initializing
2017-11-23 00:19:40,969: umgr.0000           : MainProcess                     : umgr.0000.idler._unit_pull_cb: DEBUG   : ru_initialize_common (NOOP)
2017-11-23 00:19:40,969: umgr.0000           : MainProcess                     : umgr.0000.idler._unit_pull_cb: DEBUG   : ru_initialize_child (NOOP)
2017-11-23 00:19:40,969: umgr.0000           : MainProcess                     : umgr.0000.idler._unit_pull_cb: INFO    : send alive
2017-11-23 00:19:40,969: umgr.0000           : MainProcess                     : umgr.0000.idler._unit_pull_cb: INFO    : put message: [umgr.0000.idler._unit_pull_cb.thread] alive
2017-11-23 00:19:40,970: umgr.0000           : MainProcess                     : MainThread     : INFO    : get msg: alive
2017-11-23 00:19:40,970: umgr.0000           : MainProcess                     : MainThread     : DEBUG   : ru_initialize_common (NOOP)
2017-11-23 00:19:40,970: umgr.0000           : MainProcess                     : MainThread     : DEBUG   : ru_initialize_parent (NOOP)
2017-11-23 00:19:40,970: umgr.0000           : MainProcess                     : MainThread     : DEBUG   : child thread umgr.0000.idler._unit_pull_cb started
2017-11-23 00:19:40,970: umgr.0000           : MainProcess                     : MainThread     : DEBUG   : umgr.0000 registered idler umgr.0000.idler._unit_pull_cb
2017-11-23 00:19:40,971: umgr.0000           : MainProcess                     : MainThread     : DEBUG   : START: umgr.0000 register subscriber umgr.0000.subscriber._state_sub_cb
2017-11-23 00:19:40,971: umgr.0000           : MainProcess                     : MainThread     : DEBUG   : using addr tcp://144.76.72.175:45296 for pubsub state_pubsub
2017-11-23 00:19:40,977: umgr.0000           : MainProcess                     : MainThread     : DEBUG   : parent name: umgr.0000.subscriber._state_sub_cb
2017-11-23 00:19:40,977: umgr.0000           : MainProcess                     : MainThread     : DEBUG   : start thread
2017-11-23 00:19:40,977: umgr.0000           : MainProcess                     : umgr.0000.subscriber._state_sub_cb: DEBUG   : child name: umgr.0000.subscriber._state_sub_cb.thread
2017-11-23 00:19:40,977: umgr.0000           : MainProcess                     : umgr.0000.subscriber._state_sub_cb: INFO    : child (me) initializing
2017-11-23 00:19:40,977: umgr.0000           : MainProcess                     : umgr.0000.subscriber._state_sub_cb: DEBUG   : ru_initialize_common (NOOP)
2017-11-23 00:19:40,977: umgr.0000           : MainProcess                     : umgr.0000.subscriber._state_sub_cb: DEBUG   : ru_initialize_child (NOOP)
2017-11-23 00:19:40,978: umgr.0000           : MainProcess                     : umgr.0000.subscriber._state_sub_cb: INFO    : send alive
2017-11-23 00:19:40,978: umgr.0000           : MainProcess                     : umgr.0000.subscriber._state_sub_cb: INFO    : put message: [umgr.0000.subscriber._state_sub_cb.thread] alive
2017-11-23 00:19:40,978: umgr.0000           : MainProcess                     : MainThread     : INFO    : get msg: alive
2017-11-23 00:19:40,979: umgr.0000           : MainProcess                     : MainThread     : DEBUG   : ru_initialize_common (NOOP)
2017-11-23 00:19:40,979: umgr.0000           : MainProcess                     : MainThread     : DEBUG   : ru_initialize_parent (NOOP)
2017-11-23 00:19:40,979: umgr.0000           : MainProcess                     : MainThread     : DEBUG   : child thread umgr.0000.subscriber._state_sub_cb started
2017-11-23 00:19:41,071: umgr.0000           : MainProcess                     : umgr.0000.idler._unit_pull_cb: INFO    :  === units pulled:    0
2017-11-23 00:19:41,072: umgr.0000           : MainProcess                     : MainThread     : DEBUG   : umgr.0000 registered state_pubsub subscriber umgr.0000.subscriber._state_sub_cb
2017-11-23 00:19:41,186: umgr.0000           : MainProcess                     : MainThread     : DEBUG   : advance bulk size: 1 [False, False]
2017-11-23 00:19:41,186: umgr.0000           : MainProcess                     : MainThread     : DEBUG   : advance bulk: unit.000000 [1]
2017-11-23 00:19:41,287: umgr.0000           : MainProcess                     : MainThread     : DEBUG   : advance bulk size: 1 [True, True]
2017-11-23 00:19:41,287: umgr.0000           : MainProcess                     : MainThread     : DEBUG   : advance bulk: unit.000000 [1]
2017-11-23 00:19:41,287: umgr.0000           : MainProcess                     : MainThread     : DEBUG   : bucket: UMGR_SCHEDULING_PENDING : ['unit.000000']
2017-11-23 00:19:41,288: umgr.0000           : MainProcess                     : MainThread     : DEBUG   : put bulk UMGR_SCHEDULING_PENDING: 1
2017-11-23 00:19:41,289: umgr.0000           : MainProcess                     : umgr.0000.subscriber._state_sub_cb: INFO    : [Callback]: unit unit.000000 state: UMGR_SCHEDULING_PENDING.
2017-11-23 00:19:41,290: umgr.0000           : MainProcess                     : MainThread     : DEBUG   : push unit.000000 ---> UMGR_SCHEDULING_PENDING
2017-11-23 00:19:41,293: umgr.0000           : MainProcess                     : umgr.0000.subscriber._state_sub_cb: DEBUG   : advance bulk size: 1 [False, False]
2017-11-23 00:19:41,295: umgr.0000           : MainProcess                     : umgr.0000.subscriber._state_sub_cb: DEBUG   : advance bulk: unit.000000 [1]
2017-11-23 00:19:41,296: umgr.0000           : MainProcess                     : umgr.0000.subscriber._state_sub_cb: INFO    : [Callback]: unit unit.000000 state: UMGR_SCHEDULING.
2017-11-23 00:19:41,296: umgr.0000           : MainProcess                     : umgr.0000.subscriber._state_sub_cb: DEBUG   : advance bulk size: 1 [False, False]
2017-11-23 00:19:41,296: umgr.0000           : MainProcess                     : umgr.0000.subscriber._state_sub_cb: DEBUG   : advance bulk: unit.000000 [1]
2017-11-23 00:19:41,297: umgr.0000           : MainProcess                     : umgr.0000.subscriber._state_sub_cb: INFO    : [Callback]: unit unit.000000 state: UMGR_STAGING_INPUT_PENDING.
2017-11-23 00:19:41,297: umgr.0000           : MainProcess                     : umgr.0000.subscriber._state_sub_cb: DEBUG   : advance bulk size: 1 [False, False]
2017-11-23 00:19:41,297: umgr.0000           : MainProcess                     : umgr.0000.subscriber._state_sub_cb: DEBUG   : advance bulk: unit.000000 [1]
2017-11-23 00:19:41,298: umgr.0000           : MainProcess                     : umgr.0000.subscriber._state_sub_cb: INFO    : [Callback]: unit unit.000000 state: UMGR_STAGING_INPUT.
2017-11-23 00:19:41,299: umgr.0000           : MainProcess                     : umgr.0000.subscriber._state_sub_cb: DEBUG   : advance bulk size: 1 [False, False]
2017-11-23 00:19:41,300: umgr.0000           : MainProcess                     : umgr.0000.subscriber._state_sub_cb: DEBUG   : advance bulk: unit.000000 [1]
2017-11-23 00:19:41,300: umgr.0000           : MainProcess                     : MainThread     : DEBUG   : advance bulk size: 1 [False, False]
2017-11-23 00:19:41,300: umgr.0000           : MainProcess                     : MainThread     : DEBUG   : advance bulk: unit.000001 [1]
2017-11-23 00:19:41,301: umgr.0000           : MainProcess                     : MainThread     : DEBUG   : advance bulk size: 1 [False, False]
2017-11-23 00:19:41,301: umgr.0000           : MainProcess                     : MainThread     : DEBUG   : advance bulk: unit.000002 [1]
2017-11-23 00:19:41,303: umgr.0000           : MainProcess                     : MainThread     : DEBUG   : advance bulk size: 1 [False, False]
2017-11-23 00:19:41,303: umgr.0000           : MainProcess                     : MainThread     : DEBUG   : advance bulk: unit.000003 [1]
2017-11-23 00:19:41,407: umgr.0000           : MainProcess                     : MainThread     : DEBUG   : advance bulk size: 3 [True, True]
2017-11-23 00:19:41,407: umgr.0000           : MainProcess                     : MainThread     : DEBUG   : advance bulk: unit.000001 [3]
2017-11-23 00:19:41,408: umgr.0000           : MainProcess                     : MainThread     : DEBUG   : advance bulk: unit.000002 [3]
2017-11-23 00:19:41,408: umgr.0000           : MainProcess                     : MainThread     : DEBUG   : advance bulk: unit.000003 [3]
2017-11-23 00:19:41,408: umgr.0000           : MainProcess                     : MainThread     : DEBUG   : bucket: UMGR_SCHEDULING_PENDING : ['unit.000001', 'unit.000002', 'unit.000003']
2017-11-23 00:19:41,408: umgr.0000           : MainProcess                     : MainThread     : DEBUG   : put bulk UMGR_SCHEDULING_PENDING: 3
2017-11-23 00:19:41,409: umgr.0000           : MainProcess                     : umgr.0000.subscriber._state_sub_cb: INFO    : [Callback]: unit unit.000001 state: UMGR_SCHEDULING_PENDING.
2017-11-23 00:19:41,410: umgr.0000           : MainProcess                     : MainThread     : DEBUG   : push unit.000001 ---> UMGR_SCHEDULING_PENDING
2017-11-23 00:19:41,410: umgr.0000           : MainProcess                     : MainThread     : DEBUG   : push unit.000002 ---> UMGR_SCHEDULING_PENDING
2017-11-23 00:19:41,410: umgr.0000           : MainProcess                     : MainThread     : DEBUG   : push unit.000003 ---> UMGR_SCHEDULING_PENDING
2017-11-23 00:19:41,410: umgr.0000           : MainProcess                     : umgr.0000.subscriber._state_sub_cb: DEBUG   : advance bulk size: 1 [False, False]
2017-11-23 00:19:41,411: umgr.0000           : MainProcess                     : umgr.0000.subscriber._state_sub_cb: DEBUG   : advance bulk: unit.000001 [1]
2017-11-23 00:19:41,411: umgr.0000           : MainProcess                     : umgr.0000.subscriber._state_sub_cb: INFO    : [Callback]: unit unit.000002 state: UMGR_SCHEDULING_PENDING.
2017-11-23 00:19:41,411: umgr.0000           : MainProcess                     : umgr.0000.subscriber._state_sub_cb: DEBUG   : advance bulk size: 1 [False, False]
2017-11-23 00:19:41,411: umgr.0000           : MainProcess                     : umgr.0000.subscriber._state_sub_cb: DEBUG   : advance bulk: unit.000002 [1]
2017-11-23 00:19:41,412: umgr.0000           : MainProcess                     : umgr.0000.subscriber._state_sub_cb: INFO    : [Callback]: unit unit.000003 state: UMGR_SCHEDULING_PENDING.
2017-11-23 00:19:41,412: umgr.0000           : MainProcess                     : umgr.0000.subscriber._state_sub_cb: DEBUG   : advance bulk size: 1 [False, False]
2017-11-23 00:19:41,412: umgr.0000           : MainProcess                     : umgr.0000.subscriber._state_sub_cb: DEBUG   : advance bulk: unit.000003 [1]
2017-11-23 00:19:41,415: umgr.0000           : MainProcess                     : umgr.0000.subscriber._state_sub_cb: INFO    : [Callback]: unit unit.000001 state: UMGR_SCHEDULING.
2017-11-23 00:19:41,416: umgr.0000           : MainProcess                     : umgr.0000.subscriber._state_sub_cb: DEBUG   : advance bulk size: 1 [False, False]
2017-11-23 00:19:41,416: umgr.0000           : MainProcess                     : umgr.0000.subscriber._state_sub_cb: DEBUG   : advance bulk: unit.000001 [1]
2017-11-23 00:19:41,416: umgr.0000           : MainProcess                     : umgr.0000.subscriber._state_sub_cb: INFO    : [Callback]: unit unit.000002 state: UMGR_SCHEDULING.
2017-11-23 00:19:41,416: umgr.0000           : MainProcess                     : umgr.0000.subscriber._state_sub_cb: DEBUG   : advance bulk size: 1 [False, False]
2017-11-23 00:19:41,416: umgr.0000           : MainProcess                     : umgr.0000.subscriber._state_sub_cb: DEBUG   : advance bulk: unit.000002 [1]
2017-11-23 00:19:41,416: umgr.0000           : MainProcess                     : umgr.0000.subscriber._state_sub_cb: INFO    : [Callback]: unit unit.000003 state: UMGR_SCHEDULING.
2017-11-23 00:19:41,416: umgr.0000           : MainProcess                     : umgr.0000.subscriber._state_sub_cb: DEBUG   : advance bulk size: 1 [False, False]
2017-11-23 00:19:41,416: umgr.0000           : MainProcess                     : umgr.0000.subscriber._state_sub_cb: DEBUG   : advance bulk: unit.000003 [1]
2017-11-23 00:19:41,417: umgr.0000           : MainProcess                     : umgr.0000.subscriber._state_sub_cb: INFO    : [Callback]: unit unit.000001 state: UMGR_STAGING_INPUT_PENDING.
2017-11-23 00:19:41,417: umgr.0000           : MainProcess                     : umgr.0000.subscriber._state_sub_cb: DEBUG   : advance bulk size: 1 [False, False]
2017-11-23 00:19:41,417: umgr.0000           : MainProcess                     : umgr.0000.subscriber._state_sub_cb: DEBUG   : advance bulk: unit.000001 [1]
2017-11-23 00:19:41,417: umgr.0000           : MainProcess                     : umgr.0000.subscriber._state_sub_cb: INFO    : [Callback]: unit unit.000002 state: UMGR_STAGING_INPUT_PENDING.
2017-11-23 00:19:41,417: umgr.0000           : MainProcess                     : umgr.0000.subscriber._state_sub_cb: DEBUG   : advance bulk size: 1 [False, False]
2017-11-23 00:19:41,417: umgr.0000           : MainProcess                     : umgr.0000.subscriber._state_sub_cb: DEBUG   : advance bulk: unit.000002 [1]
2017-11-23 00:19:41,418: umgr.0000           : MainProcess                     : umgr.0000.subscriber._state_sub_cb: INFO    : [Callback]: unit unit.000003 state: UMGR_STAGING_INPUT_PENDING.
2017-11-23 00:19:41,418: umgr.0000           : MainProcess                     : umgr.0000.subscriber._state_sub_cb: DEBUG   : advance bulk size: 1 [False, False]
2017-11-23 00:19:41,418: umgr.0000           : MainProcess                     : umgr.0000.subscriber._state_sub_cb: DEBUG   : advance bulk: unit.000003 [1]
2017-11-23 00:19:42,174: umgr.0000           : MainProcess                     : umgr.0000.idler._unit_pull_cb: INFO    :  === units pulled:    0
2017-11-23 00:19:43,268: umgr.0000           : MainProcess                     : umgr.0000.idler._unit_pull_cb: INFO    :  === units pulled:    0
2017-11-23 00:19:44,370: umgr.0000           : MainProcess                     : umgr.0000.idler._unit_pull_cb: INFO    :  === units pulled:    0
2017-11-23 00:19:45,100: umgr.0000           : MainProcess                     : umgr.0000.subscriber._state_sub_cb: INFO    : [Callback]: unit unit.000000 state: AGENT_STAGING_INPUT_PENDING.
2017-11-23 00:19:45,100: umgr.0000           : MainProcess                     : umgr.0000.subscriber._state_sub_cb: DEBUG   : advance bulk size: 1 [False, False]
2017-11-23 00:19:45,101: umgr.0000           : MainProcess                     : umgr.0000.subscriber._state_sub_cb: DEBUG   : advance bulk: unit.000000 [1]
2017-11-23 00:19:45,103: umgr.0000           : MainProcess                     : umgr.0000.subscriber._state_sub_cb: INFO    : [Callback]: unit unit.000001 state: UMGR_STAGING_INPUT.
2017-11-23 00:19:45,103: umgr.0000           : MainProcess                     : umgr.0000.subscriber._state_sub_cb: DEBUG   : advance bulk size: 1 [False, False]
2017-11-23 00:19:45,103: umgr.0000           : MainProcess                     : umgr.0000.subscriber._state_sub_cb: DEBUG   : advance bulk: unit.000001 [1]
2017-11-23 00:19:45,104: umgr.0000           : MainProcess                     : umgr.0000.subscriber._state_sub_cb: INFO    : [Callback]: unit unit.000002 state: UMGR_STAGING_INPUT.
2017-11-23 00:19:45,104: umgr.0000           : MainProcess                     : umgr.0000.subscriber._state_sub_cb: DEBUG   : advance bulk size: 1 [False, False]
2017-11-23 00:19:45,104: umgr.0000           : MainProcess                     : umgr.0000.subscriber._state_sub_cb: DEBUG   : advance bulk: unit.000002 [1]
2017-11-23 00:19:45,104: umgr.0000           : MainProcess                     : umgr.0000.subscriber._state_sub_cb: INFO    : [Callback]: unit unit.000003 state: UMGR_STAGING_INPUT.
2017-11-23 00:19:45,104: umgr.0000           : MainProcess                     : umgr.0000.subscriber._state_sub_cb: DEBUG   : advance bulk size: 1 [False, False]
2017-11-23 00:19:45,104: umgr.0000           : MainProcess                     : umgr.0000.subscriber._state_sub_cb: DEBUG   : advance bulk: unit.000003 [1]
2017-11-23 00:19:45,465: umgr.0000           : MainProcess                     : umgr.0000.idler._unit_pull_cb: INFO    :  === units pulled:    0
2017-11-23 00:19:46,567: umgr.0000           : MainProcess                     : umgr.0000.idler._unit_pull_cb: INFO    :  === units pulled:    0
2017-11-23 00:19:46,782: umgr.0000           : MainProcess                     : umgr.0000.subscriber._state_sub_cb: INFO    : [Callback]: unit unit.000001 state: AGENT_STAGING_INPUT_PENDING.
2017-11-23 00:19:46,782: umgr.0000           : MainProcess                     : umgr.0000.subscriber._state_sub_cb: DEBUG   : advance bulk size: 1 [False, False]
2017-11-23 00:19:46,783: umgr.0000           : MainProcess                     : umgr.0000.subscriber._state_sub_cb: DEBUG   : advance bulk: unit.000001 [1]
2017-11-23 00:19:47,661: umgr.0000           : MainProcess                     : umgr.0000.idler._unit_pull_cb: INFO    :  === units pulled:    0
2017-11-23 00:19:48,125: umgr.0000           : MainProcess                     : umgr.0000.subscriber._state_sub_cb: INFO    : [Callback]: unit unit.000002 state: AGENT_STAGING_INPUT_PENDING.
2017-11-23 00:19:48,125: umgr.0000           : MainProcess                     : umgr.0000.subscriber._state_sub_cb: DEBUG   : advance bulk size: 1 [False, False]
2017-11-23 00:19:48,126: umgr.0000           : MainProcess                     : umgr.0000.subscriber._state_sub_cb: DEBUG   : advance bulk: unit.000002 [1]
2017-11-23 00:19:48,764: umgr.0000           : MainProcess                     : umgr.0000.idler._unit_pull_cb: INFO    :  === units pulled:    0
2017-11-23 00:19:49,466: umgr.0000           : MainProcess                     : umgr.0000.subscriber._state_sub_cb: INFO    : [Callback]: unit unit.000003 state: AGENT_STAGING_INPUT_PENDING.
2017-11-23 00:19:49,466: umgr.0000           : MainProcess                     : umgr.0000.subscriber._state_sub_cb: DEBUG   : advance bulk size: 1 [False, False]
2017-11-23 00:19:49,466: umgr.0000           : MainProcess                     : umgr.0000.subscriber._state_sub_cb: DEBUG   : advance bulk: unit.000003 [1]
2017-11-23 00:19:49,858: umgr.0000           : MainProcess                     : umgr.0000.idler._unit_pull_cb: INFO    :  === units pulled:    0
2017-11-23 00:19:50,961: umgr.0000           : MainProcess                     : umgr.0000.idler._unit_pull_cb: INFO    :  === units pulled:    0
2017-11-23 00:19:52,055: umgr.0000           : MainProcess                     : umgr.0000.idler._unit_pull_cb: INFO    :  === units pulled:    0
2017-11-23 00:19:53,158: umgr.0000           : MainProcess                     : umgr.0000.idler._unit_pull_cb: INFO    :  === units pulled:    0
2017-11-23 00:19:54,252: umgr.0000           : MainProcess                     : umgr.0000.idler._unit_pull_cb: INFO    :  === units pulled:    0
2017-11-23 00:19:55,355: umgr.0000           : MainProcess                     : umgr.0000.idler._unit_pull_cb: INFO    :  === units pulled:    0
2017-11-23 00:19:56,449: umgr.0000           : MainProcess                     : umgr.0000.idler._unit_pull_cb: INFO    :  === units pulled:    0
2017-11-23 00:19:57,551: umgr.0000           : MainProcess                     : umgr.0000.idler._unit_pull_cb: INFO    :  === units pulled:    0
2017-11-23 00:19:58,646: umgr.0000           : MainProcess                     : umgr.0000.idler._unit_pull_cb: INFO    :  === units pulled:    0
2017-11-23 00:19:59,748: umgr.0000           : MainProcess                     : umgr.0000.idler._unit_pull_cb: INFO    :  === units pulled:    0
2017-11-23 00:20:00,843: umgr.0000           : MainProcess                     : umgr.0000.idler._unit_pull_cb: INFO    :  === units pulled:    0
2017-11-23 00:20:01,945: umgr.0000           : MainProcess                     : umgr.0000.idler._unit_pull_cb: INFO    :  === units pulled:    0
2017-11-23 00:20:03,040: umgr.0000           : MainProcess                     : umgr.0000.idler._unit_pull_cb: INFO    :  === units pulled:    0
2017-11-23 00:20:04,142: umgr.0000           : MainProcess                     : umgr.0000.idler._unit_pull_cb: INFO    :  === units pulled:    0
2017-11-23 00:20:05,237: umgr.0000           : MainProcess                     : umgr.0000.idler._unit_pull_cb: INFO    :  === units pulled:    0
2017-11-23 00:20:06,339: umgr.0000           : MainProcess                     : umgr.0000.idler._unit_pull_cb: INFO    :  === units pulled:    0
2017-11-23 00:20:07,433: umgr.0000           : MainProcess                     : umgr.0000.idler._unit_pull_cb: INFO    :  === units pulled:    0
2017-11-23 00:20:08,535: umgr.0000           : MainProcess                     : umgr.0000.idler._unit_pull_cb: INFO    :  === units pulled:    0
2017-11-23 00:20:09,630: umgr.0000           : MainProcess                     : umgr.0000.idler._unit_pull_cb: INFO    :  === units pulled:    0
2017-11-23 00:20:10,732: umgr.0000           : MainProcess                     : umgr.0000.idler._unit_pull_cb: INFO    :  === units pulled:    0
2017-11-23 00:20:11,826: umgr.0000           : MainProcess                     : umgr.0000.idler._unit_pull_cb: INFO    :  === units pulled:    0
2017-11-23 00:20:12,929: umgr.0000           : MainProcess                     : umgr.0000.idler._unit_pull_cb: INFO    :  === units pulled:    0
2017-11-23 00:20:14,024: umgr.0000           : MainProcess                     : umgr.0000.idler._unit_pull_cb: INFO    :  === units pulled:    0
2017-11-23 00:20:15,126: umgr.0000           : MainProcess                     : umgr.0000.idler._unit_pull_cb: INFO    :  === units pulled:    0
2017-11-23 00:20:16,221: umgr.0000           : MainProcess                     : umgr.0000.idler._unit_pull_cb: INFO    :  === units pulled:    0
2017-11-23 00:20:17,323: umgr.0000           : MainProcess                     : umgr.0000.idler._unit_pull_cb: INFO    :  === units pulled:    0
2017-11-23 00:20:18,417: umgr.0000           : MainProcess                     : umgr.0000.idler._unit_pull_cb: INFO    :  === units pulled:    0
2017-11-23 00:20:19,519: umgr.0000           : MainProcess                     : umgr.0000.idler._unit_pull_cb: INFO    :  === units pulled:    0
2017-11-23 00:20:20,614: umgr.0000           : MainProcess                     : umgr.0000.idler._unit_pull_cb: INFO    :  === units pulled:    0
2017-11-23 00:20:21,716: umgr.0000           : MainProcess                     : umgr.0000.idler._unit_pull_cb: INFO    :  === units pulled:    0
2017-11-23 00:20:22,810: umgr.0000           : MainProcess                     : umgr.0000.idler._unit_pull_cb: INFO    :  === units pulled:    0
2017-11-23 00:20:23,913: umgr.0000           : MainProcess                     : umgr.0000.idler._unit_pull_cb: INFO    :  === units pulled:    0
2017-11-23 00:20:25,008: umgr.0000           : MainProcess                     : umgr.0000.idler._unit_pull_cb: INFO    :  === units pulled:    0
2017-11-23 00:20:26,110: umgr.0000           : MainProcess                     : umgr.0000.idler._unit_pull_cb: INFO    :  === units pulled:    0
2017-11-23 00:20:27,204: umgr.0000           : MainProcess                     : umgr.0000.idler._unit_pull_cb: INFO    :  === units pulled:    0
2017-11-23 00:20:28,306: umgr.0000           : MainProcess                     : umgr.0000.idler._unit_pull_cb: INFO    :  === units pulled:    0
2017-11-23 00:20:29,401: umgr.0000           : MainProcess                     : umgr.0000.idler._unit_pull_cb: INFO    :  === units pulled:    0
2017-11-23 00:20:30,503: umgr.0000           : MainProcess                     : umgr.0000.idler._unit_pull_cb: INFO    :  === units pulled:    0
2017-11-23 00:20:31,491: umgr.0000           : MainProcess                     : umgr.0000.idler._state_pull_cb: INFO    : [Callback]: unit unit.000003 state: AGENT_STAGING_INPUT.
2017-11-23 00:20:31,491: umgr.0000           : MainProcess                     : umgr.0000.idler._state_pull_cb: DEBUG   : advance bulk size: 1 [False, True]
2017-11-23 00:20:31,491: umgr.0000           : MainProcess                     : umgr.0000.idler._state_pull_cb: DEBUG   : advance bulk: unit.000003 [1]
2017-11-23 00:20:31,492: umgr.0000           : MainProcess                     : umgr.0000.idler._state_pull_cb: INFO    : [Callback]: unit unit.000003 state: AGENT_SCHEDULING_PENDING.
2017-11-23 00:20:31,492: umgr.0000           : MainProcess                     : umgr.0000.idler._state_pull_cb: DEBUG   : advance bulk size: 1 [False, True]
2017-11-23 00:20:31,492: umgr.0000           : MainProcess                     : umgr.0000.idler._state_pull_cb: DEBUG   : advance bulk: unit.000003 [1]
2017-11-23 00:20:31,493: umgr.0000           : MainProcess                     : umgr.0000.idler._state_pull_cb: INFO    : [Callback]: unit unit.000003 state: AGENT_SCHEDULING.
2017-11-23 00:20:31,493: umgr.0000           : MainProcess                     : umgr.0000.idler._state_pull_cb: DEBUG   : advance bulk size: 1 [False, True]
2017-11-23 00:20:31,494: umgr.0000           : MainProcess                     : umgr.0000.idler._state_pull_cb: DEBUG   : advance bulk: unit.000003 [1]
2017-11-23 00:20:31,494: umgr.0000           : MainProcess                     : umgr.0000.idler._state_pull_cb: INFO    : [Callback]: unit unit.000003 state: AGENT_EXECUTING_PENDING.
2017-11-23 00:20:31,494: umgr.0000           : MainProcess                     : umgr.0000.idler._state_pull_cb: DEBUG   : advance bulk size: 1 [False, True]
2017-11-23 00:20:31,495: umgr.0000           : MainProcess                     : umgr.0000.idler._state_pull_cb: DEBUG   : advance bulk: unit.000003 [1]
2017-11-23 00:20:31,495: umgr.0000           : MainProcess                     : umgr.0000.idler._state_pull_cb: INFO    : [Callback]: unit unit.000003 state: AGENT_EXECUTING.
2017-11-23 00:20:31,495: umgr.0000           : MainProcess                     : umgr.0000.idler._state_pull_cb: DEBUG   : advance bulk size: 1 [False, True]
2017-11-23 00:20:31,496: umgr.0000           : MainProcess                     : umgr.0000.idler._state_pull_cb: DEBUG   : advance bulk: unit.000003 [1]
2017-11-23 00:20:31,496: umgr.0000           : MainProcess                     : umgr.0000.idler._state_pull_cb: INFO    : [Callback]: unit unit.000002 state: AGENT_STAGING_INPUT.
2017-11-23 00:20:31,496: umgr.0000           : MainProcess                     : umgr.0000.idler._state_pull_cb: DEBUG   : advance bulk size: 1 [False, True]
2017-11-23 00:20:31,497: umgr.0000           : MainProcess                     : umgr.0000.idler._state_pull_cb: DEBUG   : advance bulk: unit.000002 [1]
2017-11-23 00:20:31,497: umgr.0000           : MainProcess                     : umgr.0000.idler._state_pull_cb: INFO    : [Callback]: unit unit.000002 state: AGENT_SCHEDULING_PENDING.
2017-11-23 00:20:31,497: umgr.0000           : MainProcess                     : umgr.0000.idler._state_pull_cb: DEBUG   : advance bulk size: 1 [False, True]
2017-11-23 00:20:31,498: umgr.0000           : MainProcess                     : umgr.0000.idler._state_pull_cb: DEBUG   : advance bulk: unit.000002 [1]
2017-11-23 00:20:31,498: umgr.0000           : MainProcess                     : umgr.0000.idler._state_pull_cb: INFO    : [Callback]: unit unit.000002 state: AGENT_SCHEDULING.
2017-11-23 00:20:31,498: umgr.0000           : MainProcess                     : umgr.0000.idler._state_pull_cb: DEBUG   : advance bulk size: 1 [False, True]
2017-11-23 00:20:31,499: umgr.0000           : MainProcess                     : umgr.0000.idler._state_pull_cb: DEBUG   : advance bulk: unit.000002 [1]
2017-11-23 00:20:31,499: umgr.0000           : MainProcess                     : umgr.0000.idler._state_pull_cb: INFO    : [Callback]: unit unit.000002 state: AGENT_EXECUTING_PENDING.
2017-11-23 00:20:31,500: umgr.0000           : MainProcess                     : umgr.0000.idler._state_pull_cb: DEBUG   : advance bulk size: 1 [False, True]
2017-11-23 00:20:31,500: umgr.0000           : MainProcess                     : umgr.0000.idler._state_pull_cb: DEBUG   : advance bulk: unit.000002 [1]
2017-11-23 00:20:31,500: umgr.0000           : MainProcess                     : umgr.0000.idler._state_pull_cb: INFO    : [Callback]: unit unit.000002 state: AGENT_EXECUTING.
2017-11-23 00:20:31,501: umgr.0000           : MainProcess                     : umgr.0000.idler._state_pull_cb: DEBUG   : advance bulk size: 1 [False, True]
2017-11-23 00:20:31,501: umgr.0000           : MainProcess                     : umgr.0000.idler._state_pull_cb: DEBUG   : advance bulk: unit.000002 [1]
2017-11-23 00:20:31,501: umgr.0000           : MainProcess                     : umgr.0000.idler._state_pull_cb: INFO    : [Callback]: unit unit.000001 state: AGENT_STAGING_INPUT.
2017-11-23 00:20:31,502: umgr.0000           : MainProcess                     : umgr.0000.idler._state_pull_cb: DEBUG   : advance bulk size: 1 [False, True]
2017-11-23 00:20:31,502: umgr.0000           : MainProcess                     : umgr.0000.idler._state_pull_cb: DEBUG   : advance bulk: unit.000001 [1]
2017-11-23 00:20:31,502: umgr.0000           : MainProcess                     : umgr.0000.idler._state_pull_cb: INFO    : [Callback]: unit unit.000001 state: AGENT_SCHEDULING_PENDING.
2017-11-23 00:20:31,503: umgr.0000           : MainProcess                     : umgr.0000.idler._state_pull_cb: DEBUG   : advance bulk size: 1 [False, True]
2017-11-23 00:20:31,503: umgr.0000           : MainProcess                     : umgr.0000.idler._state_pull_cb: DEBUG   : advance bulk: unit.000001 [1]
2017-11-23 00:20:31,503: umgr.0000           : MainProcess                     : umgr.0000.idler._state_pull_cb: INFO    : [Callback]: unit unit.000001 state: AGENT_SCHEDULING.
2017-11-23 00:20:31,504: umgr.0000           : MainProcess                     : umgr.0000.idler._state_pull_cb: DEBUG   : advance bulk size: 1 [False, True]
2017-11-23 00:20:31,504: umgr.0000           : MainProcess                     : umgr.0000.idler._state_pull_cb: DEBUG   : advance bulk: unit.000001 [1]
2017-11-23 00:20:31,504: umgr.0000           : MainProcess                     : umgr.0000.idler._state_pull_cb: INFO    : [Callback]: unit unit.000001 state: AGENT_EXECUTING_PENDING.
2017-11-23 00:20:31,505: umgr.0000           : MainProcess                     : umgr.0000.idler._state_pull_cb: DEBUG   : advance bulk size: 1 [False, True]
2017-11-23 00:20:31,505: umgr.0000           : MainProcess                     : umgr.0000.idler._state_pull_cb: DEBUG   : advance bulk: unit.000001 [1]
2017-11-23 00:20:31,505: umgr.0000           : MainProcess                     : umgr.0000.idler._state_pull_cb: INFO    : [Callback]: unit unit.000001 state: AGENT_EXECUTING.
2017-11-23 00:20:31,506: umgr.0000           : MainProcess                     : umgr.0000.idler._state_pull_cb: DEBUG   : advance bulk size: 1 [False, True]
2017-11-23 00:20:31,506: umgr.0000           : MainProcess                     : umgr.0000.idler._state_pull_cb: DEBUG   : advance bulk: unit.000001 [1]
2017-11-23 00:20:31,506: umgr.0000           : MainProcess                     : umgr.0000.idler._state_pull_cb: INFO    : [Callback]: unit unit.000000 state: AGENT_STAGING_INPUT.
2017-11-23 00:20:31,507: umgr.0000           : MainProcess                     : umgr.0000.idler._state_pull_cb: DEBUG   : advance bulk size: 1 [False, True]
2017-11-23 00:20:31,507: umgr.0000           : MainProcess                     : umgr.0000.idler._state_pull_cb: DEBUG   : advance bulk: unit.000000 [1]
2017-11-23 00:20:31,507: umgr.0000           : MainProcess                     : umgr.0000.idler._state_pull_cb: INFO    : [Callback]: unit unit.000000 state: AGENT_SCHEDULING_PENDING.
2017-11-23 00:20:31,508: umgr.0000           : MainProcess                     : umgr.0000.idler._state_pull_cb: DEBUG   : advance bulk size: 1 [False, True]
2017-11-23 00:20:31,508: umgr.0000           : MainProcess                     : umgr.0000.idler._state_pull_cb: DEBUG   : advance bulk: unit.000000 [1]
2017-11-23 00:20:31,508: umgr.0000           : MainProcess                     : umgr.0000.idler._state_pull_cb: INFO    : [Callback]: unit unit.000000 state: AGENT_SCHEDULING.
2017-11-23 00:20:31,509: umgr.0000           : MainProcess                     : umgr.0000.idler._state_pull_cb: DEBUG   : advance bulk size: 1 [False, True]
2017-11-23 00:20:31,509: umgr.0000           : MainProcess                     : umgr.0000.idler._state_pull_cb: DEBUG   : advance bulk: unit.000000 [1]
2017-11-23 00:20:31,509: umgr.0000           : MainProcess                     : umgr.0000.idler._state_pull_cb: INFO    : [Callback]: unit unit.000000 state: AGENT_EXECUTING_PENDING.
2017-11-23 00:20:31,509: umgr.0000           : MainProcess                     : umgr.0000.idler._state_pull_cb: DEBUG   : advance bulk size: 1 [False, True]
2017-11-23 00:20:31,509: umgr.0000           : MainProcess                     : umgr.0000.idler._state_pull_cb: DEBUG   : advance bulk: unit.000000 [1]
2017-11-23 00:20:31,510: umgr.0000           : MainProcess                     : umgr.0000.idler._state_pull_cb: INFO    : [Callback]: unit unit.000000 state: AGENT_EXECUTING.
2017-11-23 00:20:31,510: umgr.0000           : MainProcess                     : umgr.0000.idler._state_pull_cb: DEBUG   : advance bulk size: 1 [False, True]
2017-11-23 00:20:31,510: umgr.0000           : MainProcess                     : umgr.0000.idler._state_pull_cb: DEBUG   : advance bulk: unit.000000 [1]
2017-11-23 00:20:31,604: umgr.0000           : MainProcess                     : umgr.0000.idler._unit_pull_cb: INFO    :  === units pulled:    0
2017-11-23 00:20:32,605: umgr.0000           : MainProcess                     : umgr.0000.idler._state_pull_cb: INFO    : [Callback]: unit unit.000000 state: AGENT_STAGING_OUTPUT_PENDING.
2017-11-23 00:20:32,605: umgr.0000           : MainProcess                     : umgr.0000.idler._state_pull_cb: DEBUG   : advance bulk size: 1 [False, True]
2017-11-23 00:20:32,606: umgr.0000           : MainProcess                     : umgr.0000.idler._state_pull_cb: DEBUG   : advance bulk: unit.000000 [1]
2017-11-23 00:20:32,707: umgr.0000           : MainProcess                     : umgr.0000.idler._unit_pull_cb: INFO    :  === units pulled:    0
2017-11-23 00:20:33,801: umgr.0000           : MainProcess                     : umgr.0000.idler._unit_pull_cb: INFO    :  === units pulled:    0
2017-11-23 00:20:34,803: umgr.0000           : MainProcess                     : umgr.0000.idler._state_pull_cb: INFO    : [Callback]: unit unit.000000 state: AGENT_STAGING_OUTPUT.
2017-11-23 00:20:34,803: umgr.0000           : MainProcess                     : umgr.0000.idler._state_pull_cb: DEBUG   : advance bulk size: 1 [False, True]
2017-11-23 00:20:34,803: umgr.0000           : MainProcess                     : umgr.0000.idler._state_pull_cb: DEBUG   : advance bulk: unit.000000 [1]
2017-11-23 00:20:34,804: umgr.0000           : MainProcess                     : umgr.0000.idler._state_pull_cb: INFO    : [Callback]: unit unit.000000 state: UMGR_STAGING_OUTPUT_PENDING.
2017-11-23 00:20:34,804: umgr.0000           : MainProcess                     : umgr.0000.idler._state_pull_cb: DEBUG   : advance bulk size: 1 [False, True]
2017-11-23 00:20:34,804: umgr.0000           : MainProcess                     : umgr.0000.idler._state_pull_cb: DEBUG   : advance bulk: unit.000000 [1]
2017-11-23 00:20:35,099: umgr.0000           : MainProcess                     : umgr.0000.idler._unit_pull_cb: INFO    : units pulled:    1 [u'unit.000000']
2017-11-23 00:20:35,099: umgr.0000           : MainProcess                     : umgr.0000.idler._unit_pull_cb: DEBUG   :  === unit  pulled unit.000000: AGENT_STAGING_OUTPUT / UMGR_STAGING_OUTPUT_PENDING
2017-11-23 00:20:35,099: umgr.0000           : MainProcess                     : umgr.0000.idler._unit_pull_cb: DEBUG   : advance bulk size: 1 [True, True]
2017-11-23 00:20:35,099: umgr.0000           : MainProcess                     : umgr.0000.idler._unit_pull_cb: DEBUG   : advance bulk: unit.000000 [1]
2017-11-23 00:20:35,100: umgr.0000           : MainProcess                     : umgr.0000.idler._unit_pull_cb: DEBUG   : bucket: UMGR_STAGING_OUTPUT_PENDING : [u'unit.000000']
2017-11-23 00:20:35,100: umgr.0000           : MainProcess                     : umgr.0000.idler._unit_pull_cb: DEBUG   : put bulk UMGR_STAGING_OUTPUT_PENDING: 1
2017-11-23 00:20:35,101: umgr.0000           : MainProcess                     : umgr.0000.idler._unit_pull_cb: DEBUG   : push unit.000000 ---> UMGR_STAGING_OUTPUT_PENDING
2017-11-23 00:20:35,105: umgr.0000           : MainProcess                     : umgr.0000.subscriber._state_sub_cb: INFO    : [Callback]: unit unit.000000 state: UMGR_STAGING_OUTPUT.
2017-11-23 00:20:35,105: umgr.0000           : MainProcess                     : umgr.0000.subscriber._state_sub_cb: DEBUG   : advance bulk size: 1 [False, False]
2017-11-23 00:20:35,106: umgr.0000           : MainProcess                     : umgr.0000.subscriber._state_sub_cb: DEBUG   : advance bulk: unit.000000 [1]
2017-11-23 00:20:35,108: umgr.0000           : MainProcess                     : umgr.0000.subscriber._state_sub_cb: INFO    : [Callback]: unit unit.000000 state: DONE.
2017-11-23 00:20:35,108: umgr.0000           : MainProcess                     : umgr.0000.subscriber._state_sub_cb: DEBUG   : advance bulk size: 1 [False, False]
2017-11-23 00:20:35,108: umgr.0000           : MainProcess                     : umgr.0000.subscriber._state_sub_cb: DEBUG   : advance bulk: unit.000000 [1]
2017-11-23 00:20:36,196: umgr.0000           : MainProcess                     : umgr.0000.idler._unit_pull_cb: INFO    :  === units pulled:    0
2017-11-23 00:20:37,298: umgr.0000           : MainProcess                     : umgr.0000.idler._unit_pull_cb: INFO    :  === units pulled:    0
2017-11-23 00:20:38,393: umgr.0000           : MainProcess                     : umgr.0000.idler._unit_pull_cb: INFO    :  === units pulled:    0
2017-11-23 00:20:39,495: umgr.0000           : MainProcess                     : umgr.0000.idler._unit_pull_cb: INFO    :  === units pulled:    0
2017-11-23 00:20:40,302: umgr.0000           : MainProcess                     : umgr.0000.idler._state_pull_cb: INFO    : [Callback]: unit unit.000001 state: AGENT_STAGING_OUTPUT_PENDING.
2017-11-23 00:20:40,302: umgr.0000           : MainProcess                     : umgr.0000.idler._state_pull_cb: DEBUG   : advance bulk size: 1 [False, True]
2017-11-23 00:20:40,302: umgr.0000           : MainProcess                     : umgr.0000.idler._state_pull_cb: DEBUG   : advance bulk: unit.000001 [1]
2017-11-23 00:20:40,589: umgr.0000           : MainProcess                     : umgr.0000.idler._unit_pull_cb: INFO    :  === units pulled:    0
2017-11-23 00:20:41,397: umgr.0000           : MainProcess                     : umgr.0000.idler._state_pull_cb: INFO    : [Callback]: unit unit.000001 state: AGENT_STAGING_OUTPUT.
2017-11-23 00:20:41,397: umgr.0000           : MainProcess                     : umgr.0000.idler._state_pull_cb: DEBUG   : advance bulk size: 1 [False, True]
2017-11-23 00:20:41,398: umgr.0000           : MainProcess                     : umgr.0000.idler._state_pull_cb: DEBUG   : advance bulk: unit.000001 [1]
2017-11-23 00:20:41,398: umgr.0000           : MainProcess                     : umgr.0000.idler._state_pull_cb: INFO    : [Callback]: unit unit.000001 state: UMGR_STAGING_OUTPUT_PENDING.
2017-11-23 00:20:41,398: umgr.0000           : MainProcess                     : umgr.0000.idler._state_pull_cb: DEBUG   : advance bulk size: 1 [False, True]
2017-11-23 00:20:41,399: umgr.0000           : MainProcess                     : umgr.0000.idler._state_pull_cb: DEBUG   : advance bulk: unit.000001 [1]
2017-11-23 00:20:41,885: umgr.0000           : MainProcess                     : umgr.0000.idler._unit_pull_cb: INFO    : units pulled:    1 [u'unit.000001']
2017-11-23 00:20:41,885: umgr.0000           : MainProcess                     : umgr.0000.idler._unit_pull_cb: DEBUG   :  === unit  pulled unit.000001: AGENT_STAGING_OUTPUT / UMGR_STAGING_OUTPUT_PENDING
2017-11-23 00:20:41,885: umgr.0000           : MainProcess                     : umgr.0000.idler._unit_pull_cb: DEBUG   : advance bulk size: 1 [True, True]
2017-11-23 00:20:41,885: umgr.0000           : MainProcess                     : umgr.0000.idler._unit_pull_cb: DEBUG   : advance bulk: unit.000001 [1]
2017-11-23 00:20:41,886: umgr.0000           : MainProcess                     : umgr.0000.idler._unit_pull_cb: DEBUG   : bucket: UMGR_STAGING_OUTPUT_PENDING : [u'unit.000001']
2017-11-23 00:20:41,886: umgr.0000           : MainProcess                     : umgr.0000.idler._unit_pull_cb: DEBUG   : put bulk UMGR_STAGING_OUTPUT_PENDING: 1
2017-11-23 00:20:41,887: umgr.0000           : MainProcess                     : umgr.0000.idler._unit_pull_cb: DEBUG   : push unit.000001 ---> UMGR_STAGING_OUTPUT_PENDING
2017-11-23 00:20:41,891: umgr.0000           : MainProcess                     : umgr.0000.subscriber._state_sub_cb: INFO    : [Callback]: unit unit.000001 state: UMGR_STAGING_OUTPUT.
2017-11-23 00:20:41,891: umgr.0000           : MainProcess                     : umgr.0000.subscriber._state_sub_cb: DEBUG   : advance bulk size: 1 [False, False]
2017-11-23 00:20:41,891: umgr.0000           : MainProcess                     : umgr.0000.subscriber._state_sub_cb: DEBUG   : advance bulk: unit.000001 [1]
2017-11-23 00:20:41,894: umgr.0000           : MainProcess                     : umgr.0000.subscriber._state_sub_cb: INFO    : [Callback]: unit unit.000001 state: DONE.
2017-11-23 00:20:41,894: umgr.0000           : MainProcess                     : umgr.0000.subscriber._state_sub_cb: DEBUG   : advance bulk size: 1 [False, False]
2017-11-23 00:20:41,895: umgr.0000           : MainProcess                     : umgr.0000.subscriber._state_sub_cb: DEBUG   : advance bulk: unit.000001 [1]
2017-11-23 00:20:42,982: umgr.0000           : MainProcess                     : umgr.0000.idler._unit_pull_cb: INFO    :  === units pulled:    0
2017-11-23 00:20:44,084: umgr.0000           : MainProcess                     : umgr.0000.idler._unit_pull_cb: INFO    :  === units pulled:    0
2017-11-23 00:20:45,179: umgr.0000           : MainProcess                     : umgr.0000.idler._unit_pull_cb: INFO    :  === units pulled:    0
2017-11-23 00:20:46,281: umgr.0000           : MainProcess                     : umgr.0000.idler._unit_pull_cb: INFO    :  === units pulled:    0
2017-11-23 00:20:47,375: umgr.0000           : MainProcess                     : umgr.0000.idler._unit_pull_cb: INFO    :  === units pulled:    0
2017-11-23 00:20:48,478: umgr.0000           : MainProcess                     : umgr.0000.idler._unit_pull_cb: INFO    :  === units pulled:    0
2017-11-23 00:20:49,572: umgr.0000           : MainProcess                     : umgr.0000.idler._unit_pull_cb: INFO    :  === units pulled:    0
2017-11-23 00:20:50,674: umgr.0000           : MainProcess                     : umgr.0000.idler._unit_pull_cb: INFO    :  === units pulled:    0
2017-11-23 00:20:51,769: umgr.0000           : MainProcess                     : umgr.0000.idler._unit_pull_cb: INFO    :  === units pulled:    0
2017-11-23 00:20:52,871: umgr.0000           : MainProcess                     : umgr.0000.idler._unit_pull_cb: INFO    :  === units pulled:    0
2017-11-23 00:20:53,966: umgr.0000           : MainProcess                     : umgr.0000.idler._unit_pull_cb: INFO    :  === units pulled:    0
2017-11-23 00:20:55,068: umgr.0000           : MainProcess                     : umgr.0000.idler._unit_pull_cb: INFO    :  === units pulled:    0
2017-11-23 00:20:56,163: umgr.0000           : MainProcess                     : umgr.0000.idler._unit_pull_cb: INFO    :  === units pulled:    0
2017-11-23 00:20:57,265: umgr.0000           : MainProcess                     : umgr.0000.idler._unit_pull_cb: INFO    :  === units pulled:    0
2017-11-23 00:20:58,360: umgr.0000           : MainProcess                     : umgr.0000.idler._unit_pull_cb: INFO    :  === units pulled:    0
2017-11-23 00:20:59,462: umgr.0000           : MainProcess                     : umgr.0000.idler._unit_pull_cb: INFO    :  === units pulled:    0
2017-11-23 00:21:00,556: umgr.0000           : MainProcess                     : umgr.0000.idler._unit_pull_cb: INFO    :  === units pulled:    0
2017-11-23 00:21:01,658: umgr.0000           : MainProcess                     : umgr.0000.idler._unit_pull_cb: INFO    :  === units pulled:    0
2017-11-23 00:21:02,753: umgr.0000           : MainProcess                     : umgr.0000.idler._unit_pull_cb: INFO    :  === units pulled:    0
2017-11-23 00:21:03,855: umgr.0000           : MainProcess                     : umgr.0000.idler._unit_pull_cb: INFO    :  === units pulled:    0
2017-11-23 00:21:04,950: umgr.0000           : MainProcess                     : umgr.0000.idler._unit_pull_cb: INFO    :  === units pulled:    0
2017-11-23 00:21:06,053: umgr.0000           : MainProcess                     : umgr.0000.idler._unit_pull_cb: INFO    :  === units pulled:    0
2017-11-23 00:21:07,148: umgr.0000           : MainProcess                     : umgr.0000.idler._unit_pull_cb: INFO    :  === units pulled:    0
2017-11-23 00:21:08,250: umgr.0000           : MainProcess                     : umgr.0000.idler._unit_pull_cb: INFO    :  === units pulled:    0
2017-11-23 00:21:09,345: umgr.0000           : MainProcess                     : umgr.0000.idler._unit_pull_cb: INFO    :  === units pulled:    0
2017-11-23 00:21:10,447: umgr.0000           : MainProcess                     : umgr.0000.idler._unit_pull_cb: INFO    :  === units pulled:    0
2017-11-23 00:21:11,542: umgr.0000           : MainProcess                     : umgr.0000.idler._unit_pull_cb: INFO    :  === units pulled:    0
2017-11-23 00:21:12,644: umgr.0000           : MainProcess                     : umgr.0000.idler._unit_pull_cb: INFO    :  === units pulled:    0
2017-11-23 00:21:13,739: umgr.0000           : MainProcess                     : umgr.0000.idler._unit_pull_cb: INFO    :  === units pulled:    0
2017-11-23 00:21:14,841: umgr.0000           : MainProcess                     : umgr.0000.idler._unit_pull_cb: INFO    :  === units pulled:    0
2017-11-23 00:21:15,935: umgr.0000           : MainProcess                     : umgr.0000.idler._unit_pull_cb: INFO    :  === units pulled:    0
2017-11-23 00:21:17,038: umgr.0000           : MainProcess                     : umgr.0000.idler._unit_pull_cb: INFO    :  === units pulled:    0
2017-11-23 00:21:18,132: umgr.0000           : MainProcess                     : umgr.0000.idler._unit_pull_cb: INFO    :  === units pulled:    0
2017-11-23 00:21:19,235: umgr.0000           : MainProcess                     : umgr.0000.idler._unit_pull_cb: INFO    :  === units pulled:    0
2017-11-23 00:21:20,329: umgr.0000           : MainProcess                     : umgr.0000.idler._unit_pull_cb: INFO    :  === units pulled:    0
2017-11-23 00:21:21,432: umgr.0000           : MainProcess                     : umgr.0000.idler._unit_pull_cb: INFO    :  === units pulled:    0
2017-11-23 00:21:22,526: umgr.0000           : MainProcess                     : umgr.0000.idler._unit_pull_cb: INFO    :  === units pulled:    0
2017-11-23 00:21:23,628: umgr.0000           : MainProcess                     : umgr.0000.idler._unit_pull_cb: INFO    :  === units pulled:    0
2017-11-23 00:21:24,723: umgr.0000           : MainProcess                     : umgr.0000.idler._unit_pull_cb: INFO    :  === units pulled:    0
2017-11-23 00:21:25,825: umgr.0000           : MainProcess                     : umgr.0000.idler._unit_pull_cb: INFO    :  === units pulled:    0
2017-11-23 00:21:26,920: umgr.0000           : MainProcess                     : umgr.0000.idler._unit_pull_cb: INFO    :  === units pulled:    0
2017-11-23 00:21:28,022: umgr.0000           : MainProcess                     : umgr.0000.idler._unit_pull_cb: INFO    :  === units pulled:    0
2017-11-23 00:21:29,117: umgr.0000           : MainProcess                     : umgr.0000.idler._unit_pull_cb: INFO    :  === units pulled:    0
2017-11-23 00:21:30,219: umgr.0000           : MainProcess                     : umgr.0000.idler._unit_pull_cb: INFO    :  === units pulled:    0
2017-11-23 00:21:31,313: umgr.0000           : MainProcess                     : umgr.0000.idler._unit_pull_cb: INFO    :  === units pulled:    0
2017-11-23 00:21:32,416: umgr.0000           : MainProcess                     : umgr.0000.idler._unit_pull_cb: INFO    :  === units pulled:    0
2017-11-23 00:21:33,510: umgr.0000           : MainProcess                     : umgr.0000.idler._unit_pull_cb: INFO    :  === units pulled:    0
2017-11-23 00:21:34,613: umgr.0000           : MainProcess                     : umgr.0000.idler._unit_pull_cb: INFO    :  === units pulled:    0
2017-11-23 00:21:35,707: umgr.0000           : MainProcess                     : umgr.0000.idler._unit_pull_cb: INFO    :  === units pulled:    0
2017-11-23 00:21:36,810: umgr.0000           : MainProcess                     : umgr.0000.idler._unit_pull_cb: INFO    :  === units pulled:    0
2017-11-23 00:21:37,905: umgr.0000           : MainProcess                     : umgr.0000.idler._unit_pull_cb: INFO    :  === units pulled:    0
2017-11-23 00:21:39,007: umgr.0000           : MainProcess                     : umgr.0000.idler._unit_pull_cb: INFO    :  === units pulled:    0
2017-11-23 00:21:40,101: umgr.0000           : MainProcess                     : umgr.0000.idler._unit_pull_cb: INFO    :  === units pulled:    0
2017-11-23 00:21:41,203: umgr.0000           : MainProcess                     : umgr.0000.idler._unit_pull_cb: INFO    :  === units pulled:    0
2017-11-23 00:21:42,298: umgr.0000           : MainProcess                     : umgr.0000.idler._unit_pull_cb: INFO    :  === units pulled:    0
2017-11-23 00:21:43,400: umgr.0000           : MainProcess                     : umgr.0000.idler._unit_pull_cb: INFO    :  === units pulled:    0
2017-11-23 00:21:44,494: umgr.0000           : MainProcess                     : umgr.0000.idler._unit_pull_cb: INFO    :  === units pulled:    0
2017-11-23 00:21:45,597: umgr.0000           : MainProcess                     : umgr.0000.idler._unit_pull_cb: INFO    :  === units pulled:    0
2017-11-23 00:21:46,691: umgr.0000           : MainProcess                     : umgr.0000.idler._unit_pull_cb: INFO    :  === units pulled:    0
2017-11-23 00:21:47,794: umgr.0000           : MainProcess                     : umgr.0000.idler._unit_pull_cb: INFO    :  === units pulled:    0
2017-11-23 00:21:48,888: umgr.0000           : MainProcess                     : umgr.0000.idler._unit_pull_cb: INFO    :  === units pulled:    0
2017-11-23 00:21:49,990: umgr.0000           : MainProcess                     : umgr.0000.idler._unit_pull_cb: INFO    :  === units pulled:    0
2017-11-23 00:21:51,085: umgr.0000           : MainProcess                     : umgr.0000.idler._unit_pull_cb: INFO    :  === units pulled:    0
2017-11-23 00:21:52,187: umgr.0000           : MainProcess                     : umgr.0000.idler._unit_pull_cb: INFO    :  === units pulled:    0
2017-11-23 00:21:53,282: umgr.0000           : MainProcess                     : umgr.0000.idler._unit_pull_cb: INFO    :  === units pulled:    0
2017-11-23 00:21:54,384: umgr.0000           : MainProcess                     : umgr.0000.idler._unit_pull_cb: INFO    :  === units pulled:    0
2017-11-23 00:21:55,479: umgr.0000           : MainProcess                     : umgr.0000.idler._unit_pull_cb: INFO    :  === units pulled:    0
2017-11-23 00:21:56,581: umgr.0000           : MainProcess                     : umgr.0000.idler._unit_pull_cb: INFO    :  === units pulled:    0
2017-11-23 00:21:57,675: umgr.0000           : MainProcess                     : umgr.0000.idler._unit_pull_cb: INFO    :  === units pulled:    0
2017-11-23 00:21:58,777: umgr.0000           : MainProcess                     : umgr.0000.idler._unit_pull_cb: INFO    :  === units pulled:    0
2017-11-23 00:21:59,872: umgr.0000           : MainProcess                     : umgr.0000.idler._unit_pull_cb: INFO    :  === units pulled:    0
2017-11-23 00:22:00,974: umgr.0000           : MainProcess                     : umgr.0000.idler._unit_pull_cb: INFO    :  === units pulled:    0
2017-11-23 00:22:02,069: umgr.0000           : MainProcess                     : umgr.0000.idler._unit_pull_cb: INFO    :  === units pulled:    0
2017-11-23 00:22:03,171: umgr.0000           : MainProcess                     : umgr.0000.idler._unit_pull_cb: INFO    :  === units pulled:    0
2017-11-23 00:22:04,266: umgr.0000           : MainProcess                     : umgr.0000.idler._unit_pull_cb: INFO    :  === units pulled:    0
2017-11-23 00:22:05,368: umgr.0000           : MainProcess                     : umgr.0000.idler._unit_pull_cb: INFO    :  === units pulled:    0
2017-11-23 00:22:06,463: umgr.0000           : MainProcess                     : umgr.0000.idler._unit_pull_cb: INFO    :  === units pulled:    0
2017-11-23 00:22:07,565: umgr.0000           : MainProcess                     : umgr.0000.idler._unit_pull_cb: INFO    :  === units pulled:    0
2017-11-23 00:22:08,660: umgr.0000           : MainProcess                     : umgr.0000.idler._unit_pull_cb: INFO    :  === units pulled:    0
2017-11-23 00:22:09,762: umgr.0000           : MainProcess                     : umgr.0000.idler._unit_pull_cb: INFO    :  === units pulled:    0
2017-11-23 00:22:10,857: umgr.0000           : MainProcess                     : umgr.0000.idler._unit_pull_cb: INFO    :  === units pulled:    0
2017-11-23 00:22:11,959: umgr.0000           : MainProcess                     : umgr.0000.idler._unit_pull_cb: INFO    :  === units pulled:    0
2017-11-23 00:22:13,059: umgr.0000           : MainProcess                     : umgr.0000.idler._unit_pull_cb: INFO    :  === units pulled:    0
2017-11-23 00:22:14,162: umgr.0000           : MainProcess                     : umgr.0000.idler._unit_pull_cb: INFO    :  === units pulled:    0
2017-11-23 00:22:15,256: umgr.0000           : MainProcess                     : umgr.0000.idler._unit_pull_cb: INFO    :  === units pulled:    0
2017-11-23 00:22:16,358: umgr.0000           : MainProcess                     : umgr.0000.idler._unit_pull_cb: INFO    :  === units pulled:    0
2017-11-23 00:22:17,453: umgr.0000           : MainProcess                     : umgr.0000.idler._unit_pull_cb: INFO    :  === units pulled:    0
2017-11-23 00:22:18,555: umgr.0000           : MainProcess                     : umgr.0000.idler._unit_pull_cb: INFO    :  === units pulled:    0
2017-11-23 00:22:19,650: umgr.0000           : MainProcess                     : umgr.0000.idler._unit_pull_cb: INFO    :  === units pulled:    0
2017-11-23 00:22:20,752: umgr.0000           : MainProcess                     : umgr.0000.idler._unit_pull_cb: INFO    :  === units pulled:    0
2017-11-23 00:22:21,847: umgr.0000           : MainProcess                     : umgr.0000.idler._unit_pull_cb: INFO    :  === units pulled:    0
2017-11-23 00:22:22,949: umgr.0000           : MainProcess                     : umgr.0000.idler._unit_pull_cb: INFO    :  === units pulled:    0
2017-11-23 00:22:24,044: umgr.0000           : MainProcess                     : umgr.0000.idler._unit_pull_cb: INFO    :  === units pulled:    0
2017-11-23 00:22:25,146: umgr.0000           : MainProcess                     : umgr.0000.idler._unit_pull_cb: INFO    :  === units pulled:    0
2017-11-23 00:22:26,240: umgr.0000           : MainProcess                     : umgr.0000.idler._unit_pull_cb: INFO    :  === units pulled:    0
2017-11-23 00:22:27,343: umgr.0000           : MainProcess                     : umgr.0000.idler._unit_pull_cb: INFO    :  === units pulled:    0
2017-11-23 00:22:28,437: umgr.0000           : MainProcess                     : umgr.0000.idler._unit_pull_cb: INFO    :  === units pulled:    0
2017-11-23 00:22:29,539: umgr.0000           : MainProcess                     : umgr.0000.idler._unit_pull_cb: INFO    :  === units pulled:    0
2017-11-23 00:22:30,634: umgr.0000           : MainProcess                     : umgr.0000.idler._unit_pull_cb: INFO    :  === units pulled:    0
2017-11-23 00:22:31,736: umgr.0000           : MainProcess                     : umgr.0000.idler._unit_pull_cb: INFO    :  === units pulled:    0
2017-11-23 00:22:32,830: umgr.0000           : MainProcess                     : umgr.0000.idler._unit_pull_cb: INFO    :  === units pulled:    0
2017-11-23 00:22:33,932: umgr.0000           : MainProcess                     : umgr.0000.idler._unit_pull_cb: INFO    :  === units pulled:    0
2017-11-23 00:22:35,027: umgr.0000           : MainProcess                     : umgr.0000.idler._unit_pull_cb: INFO    :  === units pulled:    0
2017-11-23 00:22:36,129: umgr.0000           : MainProcess                     : umgr.0000.idler._unit_pull_cb: INFO    :  === units pulled:    0
2017-11-23 00:22:37,223: umgr.0000           : MainProcess                     : umgr.0000.idler._unit_pull_cb: INFO    :  === units pulled:    0
2017-11-23 00:22:38,326: umgr.0000           : MainProcess                     : umgr.0000.idler._unit_pull_cb: INFO    :  === units pulled:    0
2017-11-23 00:22:39,421: umgr.0000           : MainProcess                     : umgr.0000.idler._unit_pull_cb: INFO    :  === units pulled:    0
2017-11-23 00:22:40,523: umgr.0000           : MainProcess                     : umgr.0000.idler._unit_pull_cb: INFO    :  === units pulled:    0
2017-11-23 00:22:41,617: umgr.0000           : MainProcess                     : umgr.0000.idler._unit_pull_cb: INFO    :  === units pulled:    0
2017-11-23 00:22:42,719: umgr.0000           : MainProcess                     : umgr.0000.idler._unit_pull_cb: INFO    :  === units pulled:    0
2017-11-23 00:22:43,814: umgr.0000           : MainProcess                     : umgr.0000.idler._unit_pull_cb: INFO    :  === units pulled:    0
2017-11-23 00:22:44,916: umgr.0000           : MainProcess                     : umgr.0000.idler._unit_pull_cb: INFO    :  === units pulled:    0
2017-11-23 00:22:46,010: umgr.0000           : MainProcess                     : umgr.0000.idler._unit_pull_cb: INFO    :  === units pulled:    0
2017-11-23 00:22:47,113: umgr.0000           : MainProcess                     : umgr.0000.idler._unit_pull_cb: INFO    :  === units pulled:    0
2017-11-23 00:22:48,207: umgr.0000           : MainProcess                     : umgr.0000.idler._unit_pull_cb: INFO    :  === units pulled:    0
2017-11-23 00:22:49,309: umgr.0000           : MainProcess                     : umgr.0000.idler._unit_pull_cb: INFO    :  === units pulled:    0
2017-11-23 00:22:50,404: umgr.0000           : MainProcess                     : umgr.0000.idler._unit_pull_cb: INFO    :  === units pulled:    0
2017-11-23 00:22:51,506: umgr.0000           : MainProcess                     : umgr.0000.idler._unit_pull_cb: INFO    :  === units pulled:    0
2017-11-23 00:22:52,601: umgr.0000           : MainProcess                     : umgr.0000.idler._unit_pull_cb: INFO    :  === units pulled:    0
2017-11-23 00:22:53,703: umgr.0000           : MainProcess                     : umgr.0000.idler._unit_pull_cb: INFO    :  === units pulled:    0
2017-11-23 00:22:54,797: umgr.0000           : MainProcess                     : umgr.0000.idler._unit_pull_cb: INFO    :  === units pulled:    0
2017-11-23 00:22:55,899: umgr.0000           : MainProcess                     : umgr.0000.idler._unit_pull_cb: INFO    :  === units pulled:    0
2017-11-23 00:22:56,994: umgr.0000           : MainProcess                     : umgr.0000.idler._unit_pull_cb: INFO    :  === units pulled:    0
2017-11-23 00:22:56,997: umgr.0000           : MainProcess                     : MainThread     : INFO    : stop umgr.0000 (7406 : None : MainThread) [radical.pilot.unit_manager.UnitManager.close]
2017-11-23 00:22:56,997: umgr.0000           : MainProcess                     : MainThread     : INFO    : parent stops child
2017-11-23 00:22:57,458: umgr.0000           : MainProcess                     : umgr.0000.idler._state_pull_cb: INFO    : put message: [umgr.0000.idler._state_pull_cb.thread] work finished
2017-11-23 00:22:57,458: umgr.0000           : MainProcess                     : umgr.0000.idler._state_pull_cb: DEBUG   : ru_finalize_child (NOOP)
2017-11-23 00:22:57,458: umgr.0000           : MainProcess                     : umgr.0000.idler._state_pull_cb: DEBUG   : ru_finalize_common (NOOP)
2017-11-23 00:22:57,458: umgr.0000           : MainProcess                     : umgr.0000.idler._state_pull_cb: INFO    : put message: [umgr.0000.idler._state_pull_cb.thread] terminating
2017-11-23 00:22:57,462: umgr.0000           : MainProcess                     : MainThread     : DEBUG   : ru_finalize_common()
2017-11-23 00:22:57,463: umgr.0000           : MainProcess                     : MainThread     : DEBUG   : TERM : umgr.0000 unregister publisher log_pubsub
2017-11-23 00:22:57,463: umgr.0000           : MainProcess                     : MainThread     : DEBUG   : unregistered publisher log_pubsub
2017-11-23 00:22:57,464: umgr.0000           : MainProcess                     : MainThread     : DEBUG   : TERM : umgr.0000 unregister publisher state_pubsub
2017-11-23 00:22:57,464: umgr.0000           : MainProcess                     : MainThread     : DEBUG   : unregistered publisher state_pubsub
2017-11-23 00:22:57,465: umgr.0000           : MainProcess                     : MainThread     : DEBUG   : TERM : umgr.0000 unregister publisher control_pubsub
2017-11-23 00:22:57,465: umgr.0000           : MainProcess                     : MainThread     : DEBUG   : unregistered publisher control_pubsub
2017-11-23 00:22:57,466: umgr.0000           : MainProcess                     : MainThread     : DEBUG   : umgr.0000 close prof
2017-11-23 00:22:57,468: umgr.0000           : MainProcess                     : MainThread     : INFO    : parent stops child
2017-11-23 00:22:57,469: umgr.0000           : MainProcess                     : MainThread     : DEBUG   : ru_finalize_parent (NOOP)
2017-11-23 00:22:57,469: umgr.0000           : MainProcess                     : MainThread     : DEBUG   : ru_finalize_common (NOOP)
2017-11-23 00:22:57,469: umgr.0000           : MainProcess                     : MainThread     : INFO    : parent stops child
2017-11-23 00:22:57,469: umgr.0000           : MainProcess                     : MainThread     : DEBUG   : ru_finalize_parent (NOOP)
2017-11-23 00:22:57,553: umgr.0000           : MainProcess                     : umgr.0000.subscriber._state_sub_cb: ERROR   : abort: ZMQError('Socket operation on non-socket')
Traceback (most recent call last):
  File "/home/george/Stream_ve/local/lib/python2.7/site-packages/radical/utils/threads.py", line 375, in _run
    if not self.work_cb():
  File "/home/george/Stream_ve/local/lib/python2.7/site-packages/radical/pilot/utils/component.py", line 1088, in work_cb
    topic, msg = self._q.get_nowait(500)  # timout in ms
  File "/home/george/Stream_ve/local/lib/python2.7/site-packages/radical/pilot/utils/pubsub.py", line 352, in get_nowait
    if _uninterruptible(self._q.poll, flags=zmq.POLLIN, timeout=timeout):
  File "/home/george/Stream_ve/local/lib/python2.7/site-packages/radical/pilot/utils/pubsub.py", line 50, in _uninterruptible
    return f(*args, **kwargs)
  File "/home/george/Stream_ve/local/lib/python2.7/site-packages/zmq/sugar/socket.py", line 558, in poll
    evts = dict(p.poll(timeout))
  File "/home/george/Stream_ve/local/lib/python2.7/site-packages/zmq/sugar/poll.py", line 99, in poll
    return zmq_poll(self.sockets, timeout=timeout)
  File "zmq/backend/cython/_poll.pyx", line 123, in zmq.backend.cython._poll.zmq_poll (zmq/backend/cython/_poll.c:2186)
  File "zmq/backend/cython/_poll.pyx", line 116, in zmq.backend.cython._poll.zmq_poll (zmq/backend/cython/_poll.c:2036)
  File "zmq/backend/cython/checkrc.pxd", line 25, in zmq.backend.cython.checkrc._check_rc (zmq/backend/cython/_poll.c:2811)
    raise ZMQError(errno)
ZMQError: Socket operation on non-socket
2017-11-23 00:22:57,554: umgr.0000           : MainProcess                     : umgr.0000.subscriber._state_sub_cb: INFO    : put message: [umgr.0000.subscriber._state_sub_cb.thread] ZMQError('Socket operation on non-socket')
2017-11-23 00:22:57,554: umgr.0000           : MainProcess                     : umgr.0000.subscriber._state_sub_cb: DEBUG   : ru_finalize_child (NOOP)
2017-11-23 00:22:57,554: umgr.0000           : MainProcess                     : umgr.0000.subscriber._state_sub_cb: INFO    : put message: [umgr.0000.subscriber._state_sub_cb.thread] terminating
2017-11-23 00:22:57,720: umgr.0000           : MainProcess                     : MainThread     : INFO    : parent stops child
2017-11-23 00:22:57,720: umgr.0000           : MainProcess                     : MainThread     : DEBUG   : ru_finalize_parent (NOOP)
2017-11-23 00:22:57,720: umgr.0000           : MainProcess                     : MainThread     : DEBUG   : ru_finalize_common (NOOP)
2017-11-23 00:22:57,796: umgr.0000           : MainProcess                     : umgr.0000.idler._unit_pull_cb: DEBUG   : ru_finalize_child (NOOP)
2017-11-23 00:22:57,796: umgr.0000           : MainProcess                     : umgr.0000.idler._unit_pull_cb: DEBUG   : ru_finalize_common (NOOP)
2017-11-23 00:22:57,796: umgr.0000           : MainProcess                     : umgr.0000.idler._unit_pull_cb: INFO    : put message: [umgr.0000.idler._unit_pull_cb.thread] terminating
2017-11-23 00:22:57,834: umgr.0000           : MainProcess                     : MainThread     : INFO    : Closed UnitManager umgr.0000.
