2017-11-23 00:19:40,792: umgr.scheduling.0   : MainProcess                     : MainThread     : INFO    : python.interpreter   version: 2.7.13 (default, Jan 19 2017, 14:48:08) [GCC 6.3.0 20170118]
2017-11-23 00:19:40,793: umgr.scheduling.0   : MainProcess                     : MainThread     : INFO    :                      pid: 7406
2017-11-23 00:19:40,793: umgr.scheduling.0   : MainProcess                     : MainThread     : INFO    :                      tid: MainThread
2017-11-23 00:19:40,793: umgr.scheduling.0   : MainProcess                     : MainThread     : INFO    : radical.pilot        version: 0.46.2
2017-11-23 00:19:40,793: umgr.scheduling.0   : MainProcess                     : MainThread     : DEBUG   : alive check in term
2017-11-23 00:19:40,793: umgr.scheduling.0   : MainProcess                     : MainThread     : DEBUG   : start process
2017-11-23 00:19:40,841: umgr.scheduling.0   : MainProcess                     : MainThread     : INFO    : recv message: alive
2017-11-23 00:19:40,841: umgr.scheduling.0   : MainProcess                     : MainThread     : INFO    : initialize umgr.scheduling.0
2017-11-23 00:19:40,844: umgr.scheduling.0   : MainProcess                     : MainThread     : INFO    : cfg: {'agents': {},
 u'bridges': {u'control_pubsub': {'addr_in': 'tcp://144.76.72.175:36069',
                                  'addr_out': 'tcp://144.76.72.175:32931',
                                  u'bulk_size': 0,
                                  u'log_level': u'debug',
                                  u'stall_hwm': 1},
              u'log_pubsub': {'addr_in': 'tcp://144.76.72.175:43536',
                              'addr_out': 'tcp://144.76.72.175:44185',
                              u'bulk_size': 0,
                              u'log_level': u'debug',
                              u'stall_hwm': 1},
              u'state_pubsub': {'addr_in': 'tcp://144.76.72.175:33823',
                                'addr_out': 'tcp://144.76.72.175:45296',
                                u'bulk_size': 0,
                                u'log_level': u'debug',
                                u'stall_hwm': 1},
              u'umgr_reschedule_pubsub': {'addr_in': 'tcp://144.76.72.175:39875',
                                          'addr_out': 'tcp://144.76.72.175:37864',
                                          u'bulk_size': 0,
                                          u'log_level': u'debug',
                                          u'stall_hwm': 1},
              u'umgr_scheduling_queue': {'addr_in': 'tcp://144.76.72.175:39377',
                                         'addr_out': 'tcp://144.76.72.175:34277',
                                         u'bulk_size': 0,
                                         u'log_level': u'debug',
                                         u'stall_hwm': 1},
              u'umgr_staging_input_queue': {'addr_in': 'tcp://144.76.72.175:34321',
                                            'addr_out': 'tcp://144.76.72.175:42958',
                                            u'bulk_size': 0,
                                            u'log_level': u'debug',
                                            u'stall_hwm': 1},
              u'umgr_staging_output_queue': {'addr_in': 'tcp://144.76.72.175:43546',
                                             'addr_out': 'tcp://144.76.72.175:41321',
                                             u'bulk_size': 0,
                                             u'log_level': u'debug',
                                             u'stall_hwm': 1},
              u'umgr_unschedule_pubsub': {'addr_in': 'tcp://144.76.72.175:32806',
                                          'addr_out': 'tcp://144.76.72.175:46529',
                                          u'bulk_size': 0,
                                          u'log_level': u'debug',
                                          u'stall_hwm': 1}},
 u'bulk_collection_size': 100,
 u'bulk_collection_time': 1.0,
 'cname': u'UMGRSchedulingComponent',
 u'components': {},
 u'count': 1,
 u'db_poll_sleeptime': 1.0,
 'number': 0,
 'owner': 'umgr.0000',
 u'scheduler': u'round_robin',
 'uid': 'umgr.0000'}
2017-11-23 00:19:40,844: umgr.scheduling.0   : MainProcess                     : MainThread     : DEBUG   : alive check in term
2017-11-23 00:19:40,844: umgr.scheduling.0   : MainProcess                     : MainThread     : DEBUG   : START: umgr.scheduling.0 register publisher log_pubsub
2017-11-23 00:19:40,844: umgr.scheduling.0   : MainProcess                     : MainThread     : DEBUG   : using addr tcp://144.76.72.175:43536 for pubsub log_pubsub
2017-11-23 00:19:40,846: umgr.scheduling.0   : MainProcess                     : MainThread     : DEBUG   : registered publisher : log_pubsub : log.pubsub.pub.0005
2017-11-23 00:19:40,846: umgr.scheduling.0   : MainProcess                     : MainThread     : DEBUG   : alive check in term
2017-11-23 00:19:40,846: umgr.scheduling.0   : MainProcess                     : MainThread     : DEBUG   : START: umgr.scheduling.0 register publisher state_pubsub
2017-11-23 00:19:40,846: umgr.scheduling.0   : MainProcess                     : MainThread     : DEBUG   : using addr tcp://144.76.72.175:33823 for pubsub state_pubsub
2017-11-23 00:19:40,848: umgr.scheduling.0   : MainProcess                     : MainThread     : DEBUG   : registered publisher : state_pubsub : state.pubsub.pub.0005
2017-11-23 00:19:40,848: umgr.scheduling.0   : MainProcess                     : MainThread     : DEBUG   : alive check in term
2017-11-23 00:19:40,848: umgr.scheduling.0   : MainProcess                     : MainThread     : DEBUG   : START: umgr.scheduling.0 register publisher control_pubsub
2017-11-23 00:19:40,848: umgr.scheduling.0   : MainProcess                     : MainThread     : DEBUG   : using addr tcp://144.76.72.175:36069 for pubsub control_pubsub
2017-11-23 00:19:40,850: umgr.scheduling.0   : MainProcess                     : MainThread     : DEBUG   : registered publisher : control_pubsub : control.pubsub.pub.0005
2017-11-23 00:19:40,850: umgr.scheduling.0   : MainProcess                     : MainThread     : DEBUG   : parent name: umgr.scheduling.0.watch
2017-11-23 00:19:40,850: umgr.scheduling.0   : MainProcess                     : MainThread     : DEBUG   : start thread
2017-11-23 00:19:40,853: umgr.scheduling.0   : MainProcess                     : umgr.scheduling.0.watch: DEBUG   : child name: umgr.scheduling.0.watch.thread
2017-11-23 00:19:40,853: umgr.scheduling.0   : MainProcess                     : umgr.scheduling.0.watch: INFO    : child (me) initializing
2017-11-23 00:19:40,853: umgr.scheduling.0   : MainProcess                     : umgr.scheduling.0.watch: DEBUG   : ru_initialize_common (NOOP)
2017-11-23 00:19:40,853: umgr.scheduling.0   : MainProcess                     : umgr.scheduling.0.watch: DEBUG   : ru_initialize_child (NOOP)
2017-11-23 00:19:40,853: umgr.scheduling.0   : MainProcess                     : umgr.scheduling.0.watch: INFO    : send alive
2017-11-23 00:19:40,853: umgr.scheduling.0   : MainProcess                     : umgr.scheduling.0.watch: INFO    : put message: [umgr.scheduling.0.watch.thread] alive
2017-11-23 00:19:40,854: umgr.scheduling.0   : MainProcess                     : MainThread     : INFO    : get msg: alive
2017-11-23 00:19:40,854: umgr.scheduling.0   : MainProcess                     : MainThread     : DEBUG   : ru_initialize_common (NOOP)
2017-11-23 00:19:40,854: umgr.scheduling.0   : MainProcess                     : MainThread     : DEBUG   : ru_initialize_parent (NOOP)
2017-11-23 00:19:40,854: umgr.scheduling.0   : MainProcess                     : MainThread     : DEBUG   : child thread umgr.scheduling.0.watch started
2017-11-23 00:19:40,854: umgr.scheduling.0   : MainProcess                     : MainThread     : INFO    : child is alive
2017-11-23 00:19:40,854: umgr.scheduling.0   : MainProcess                     : MainThread     : DEBUG   : process class started child
2017-11-23 00:22:57,100: umgr.scheduling.0   : MainProcess                     : MainThread     : INFO    : stop umgr.scheduling.0 (7406 : 7590 : MainThread) [radical.pilot.unit_manager.UnitManager.finalize_parent]
2017-11-23 00:22:57,101: umgr.scheduling.0   : MainProcess                     : MainThread     : INFO    : parent stops child
2017-11-23 00:22:57,101: umgr.scheduling.0   : MainProcess                     : MainThread     : DEBUG   : ru_finalize_common()
2017-11-23 00:22:57,101: umgr.scheduling.0   : MainProcess                     : MainThread     : DEBUG   : TERM : umgr.scheduling.0 unregister publisher log_pubsub
2017-11-23 00:22:57,102: umgr.scheduling.0   : MainProcess                     : MainThread     : DEBUG   : unregistered publisher log_pubsub
2017-11-23 00:22:57,102: umgr.scheduling.0   : MainProcess                     : MainThread     : DEBUG   : TERM : umgr.scheduling.0 unregister publisher state_pubsub
2017-11-23 00:22:57,103: umgr.scheduling.0   : MainProcess                     : MainThread     : DEBUG   : unregistered publisher state_pubsub
2017-11-23 00:22:57,103: umgr.scheduling.0   : MainProcess                     : MainThread     : DEBUG   : TERM : umgr.scheduling.0 unregister publisher control_pubsub
2017-11-23 00:22:57,104: umgr.scheduling.0   : MainProcess                     : MainThread     : DEBUG   : unregistered publisher control_pubsub
2017-11-23 00:22:57,104: umgr.scheduling.0   : MainProcess                     : MainThread     : DEBUG   : umgr.scheduling.0 close prof
2017-11-23 00:22:57,104: umgr.scheduling.0   : MainProcess                     : MainThread     : INFO    : parent stops child
2017-11-23 00:22:57,104: umgr.scheduling.0   : MainProcess                     : MainThread     : DEBUG   : ru_finalize_parent (NOOP)
2017-11-23 00:22:57,104: umgr.scheduling.0   : MainProcess                     : MainThread     : DEBUG   : ru_finalize_common (NOOP)
2017-11-23 00:22:57,151: umgr.scheduling.0   : MainProcess                     : umgr.scheduling.0.watch: INFO    : watcher closes
2017-11-23 00:22:57,151: umgr.scheduling.0   : MainProcess                     : umgr.scheduling.0.watch: INFO    : put message: [umgr.scheduling.0.watch.thread] work finished
2017-11-23 00:22:57,152: umgr.scheduling.0   : MainProcess                     : umgr.scheduling.0.watch: DEBUG   : ru_finalize_child (NOOP)
2017-11-23 00:22:57,152: umgr.scheduling.0   : MainProcess                     : umgr.scheduling.0.watch: DEBUG   : ru_finalize_common (NOOP)
2017-11-23 00:22:57,152: umgr.scheduling.0   : MainProcess                     : umgr.scheduling.0.watch: INFO    : put message: [umgr.scheduling.0.watch.thread] terminating
2017-11-23 00:22:57,468: umgr.scheduling.0   : MainProcess                     : MainThread     : INFO    : stop umgr.scheduling.0 (7406 : 7590 : MainThread) [radical.pilot.utils.component.UnitManager.ru_finalize_common]
