2017-11-23 00:19:35,005: update.0            : MainProcess                     : MainThread     : INFO    : python.interpreter   version: 2.7.13 (default, Jan 19 2017, 14:48:08) [GCC 6.3.0 20170118]
2017-11-23 00:19:35,005: update.0            : MainProcess                     : MainThread     : INFO    :                      pid: 7406
2017-11-23 00:19:35,005: update.0            : MainProcess                     : MainThread     : INFO    :                      tid: MainThread
2017-11-23 00:19:35,006: update.0            : MainProcess                     : MainThread     : INFO    : radical.pilot        version: 0.46.2
2017-11-23 00:19:35,006: update.0            : MainProcess                     : MainThread     : DEBUG   : alive check in term
2017-11-23 00:19:35,006: update.0            : MainProcess                     : MainThread     : DEBUG   : start process
2017-11-23 00:19:35,527: update.0            : MainProcess                     : MainThread     : INFO    : recv message: alive
2017-11-23 00:19:35,528: update.0            : MainProcess                     : MainThread     : INFO    : initialize update.0
2017-11-23 00:19:35,531: update.0            : MainProcess                     : MainThread     : INFO    : cfg: {'agents': {},
 u'bridges': {u'control_pubsub': {'addr_in': 'tcp://144.76.72.175:36069',
                                  'addr_out': 'tcp://144.76.72.175:32931',
                                  u'bulk_size': 0,
                                  u'log_level': u'debug',
                                  u'stall_hwm': 1},
              u'log_pubsub': {'addr_in': 'tcp://144.76.72.175:43536',
                              'addr_out': 'tcp://144.76.72.175:44185',
                              u'bulk_size': 0,
                              u'log_level': u'debug',
                              u'stall_hwm': 1},
              u'state_pubsub': {'addr_in': 'tcp://144.76.72.175:33823',
                                'addr_out': 'tcp://144.76.72.175:45296',
                                u'bulk_size': 0,
                                u'log_level': u'debug',
                                u'stall_hwm': 1}},
 'cname': u'UpdateWorker',
 u'components': {},
 u'count': 1,
 'dburl': 'mongodb://giorgos:giorgos7@ds035385.mongolab.com:35385/giorgos-radical',
 'debug': 'DEBUG',
 u'default_dburl': u'mongodb://rp:rp@ds015335.mlab.com:15335/rp',
 'logdir': '/home/george/repos/midas/streaming/RedisKmeans/map_reduce_kmeans/rp.session.one.george.017492.0014',
 'number': 0,
 'owner': 'rp.session.one.george.017492.0014',
 'session_id': 'rp.session.one.george.017492.0014'}
2017-11-23 00:19:35,531: update.0            : MainProcess                     : MainThread     : DEBUG   : alive check in term
2017-11-23 00:19:35,531: update.0            : MainProcess                     : MainThread     : DEBUG   : START: update.0 register publisher log_pubsub
2017-11-23 00:19:35,531: update.0            : MainProcess                     : MainThread     : DEBUG   : using addr tcp://144.76.72.175:43536 for pubsub log_pubsub
2017-11-23 00:19:35,534: update.0            : MainProcess                     : MainThread     : DEBUG   : registered publisher : log_pubsub : log.pubsub.pub.0000
2017-11-23 00:19:35,534: update.0            : MainProcess                     : MainThread     : DEBUG   : alive check in term
2017-11-23 00:19:35,534: update.0            : MainProcess                     : MainThread     : DEBUG   : START: update.0 register publisher state_pubsub
2017-11-23 00:19:35,534: update.0            : MainProcess                     : MainThread     : DEBUG   : using addr tcp://144.76.72.175:33823 for pubsub state_pubsub
2017-11-23 00:19:35,537: update.0            : MainProcess                     : MainThread     : DEBUG   : registered publisher : state_pubsub : state.pubsub.pub.0000
2017-11-23 00:19:35,537: update.0            : MainProcess                     : MainThread     : DEBUG   : alive check in term
2017-11-23 00:19:35,537: update.0            : MainProcess                     : MainThread     : DEBUG   : START: update.0 register publisher control_pubsub
2017-11-23 00:19:35,537: update.0            : MainProcess                     : MainThread     : DEBUG   : using addr tcp://144.76.72.175:36069 for pubsub control_pubsub
2017-11-23 00:19:35,539: update.0            : MainProcess                     : MainThread     : DEBUG   : registered publisher : control_pubsub : control.pubsub.pub.0000
2017-11-23 00:19:35,539: update.0            : MainProcess                     : MainThread     : DEBUG   : parent name: update.0.watch
2017-11-23 00:19:35,539: update.0            : MainProcess                     : MainThread     : DEBUG   : start thread
2017-11-23 00:19:35,540: update.0            : MainProcess                     : update.0.watch : DEBUG   : child name: update.0.watch.thread
2017-11-23 00:19:35,540: update.0            : MainProcess                     : update.0.watch : INFO    : child (me) initializing
2017-11-23 00:19:35,540: update.0            : MainProcess                     : update.0.watch : DEBUG   : ru_initialize_common (NOOP)
2017-11-23 00:19:35,540: update.0            : MainProcess                     : update.0.watch : DEBUG   : ru_initialize_child (NOOP)
2017-11-23 00:19:35,540: update.0            : MainProcess                     : update.0.watch : INFO    : send alive
2017-11-23 00:19:35,540: update.0            : MainProcess                     : update.0.watch : INFO    : put message: [update.0.watch.thread] alive
2017-11-23 00:19:35,541: update.0            : MainProcess                     : MainThread     : INFO    : get msg: alive
2017-11-23 00:19:35,541: update.0            : MainProcess                     : MainThread     : DEBUG   : ru_initialize_common (NOOP)
2017-11-23 00:19:35,541: update.0            : MainProcess                     : MainThread     : DEBUG   : ru_initialize_parent (NOOP)
2017-11-23 00:19:35,541: update.0            : MainProcess                     : MainThread     : DEBUG   : child thread update.0.watch started
2017-11-23 00:19:35,541: update.0            : MainProcess                     : MainThread     : INFO    : child is alive
2017-11-23 00:19:35,541: update.0            : MainProcess                     : MainThread     : DEBUG   : process class started child
2017-11-23 00:22:56,918: update.0            : MainProcess                     : update.0.watch : INFO    : recv message: abort: KeyboardInterrupt()
2017-11-23 00:22:56,919: update.0            : MainProcess                     : update.0.watch : INFO    : message received: abort: KeyboardInterrupt()
2017-11-23 00:22:57,421: update.0            : MainProcess                     : update.0.watch : WARNING : endpoint disappeard
2017-11-23 00:22:57,421: update.0            : MainProcess                     : update.0.watch : INFO    : watcher closes
2017-11-23 00:22:57,422: update.0            : MainProcess                     : update.0.watch : INFO    : put message: [update.0.watch.thread] work finished
2017-11-23 00:22:57,422: update.0            : MainProcess                     : update.0.watch : DEBUG   : ru_finalize_child (NOOP)
2017-11-23 00:22:57,422: update.0            : MainProcess                     : update.0.watch : DEBUG   : ru_finalize_common (NOOP)
2017-11-23 00:22:57,422: update.0            : MainProcess                     : update.0.watch : INFO    : put message: [update.0.watch.thread] terminating
