2018-04-22 16:41:31,604: control.pubsub.bridge.0000: MainProcess                     : MainThread     : INFO    : python.interpreter   version: 2.7.14 |Anaconda, Inc.| (default, Mar 27 2018, 12:28:59) [GCC 4.2.1 Compatible Clang 4.0.1 (tags/RELEASE_401/final)]
2018-04-22 16:41:31,604: control.pubsub.bridge.0000: MainProcess                     : MainThread     : INFO    :                      pid: 2554
2018-04-22 16:41:31,604: control.pubsub.bridge.0000: MainProcess                     : MainThread     : INFO    :                      tid: MainThread
2018-04-22 16:41:31,604: control.pubsub.bridge.0000: MainProcess                     : MainThread     : INFO    : radical.pilot        version: 0.47.5-v0.47.5-153-g5bd2455@devel
2018-04-22 16:41:31,604: control.pubsub.bridge.0000: MainProcess                     : MainThread     : INFO    : create control_pubsub - bridge - tcp://*:*
2018-04-22 16:41:31,606: control.pubsub.bridge.0000: MainProcess                     : MainThread     : DEBUG   : start process
2018-04-22 16:41:31,612: control.pubsub.bridge.0000: control.pubsub.bridge.0000      : MainThread     : DEBUG   : ru_initialize_common (NOOP)
2018-04-22 16:41:31,619: control.pubsub.bridge.0000: control.pubsub.bridge.0000.child: MainThread     : INFO    : child (me) initializing
2018-04-22 16:41:31,620: control.pubsub.bridge.0000: control.pubsub.bridge.0000.child: MainThread     : DEBUG   : parent name: control.pubsub.bridge.0000.child.watch
2018-04-22 16:41:31,620: control.pubsub.bridge.0000: control.pubsub.bridge.0000.child: MainThread     : DEBUG   : start thread
2018-04-22 16:41:31,621: control.pubsub.bridge.0000: control.pubsub.bridge.0000.child: control.pubsub.bridge.0000.child.watch: DEBUG   : child name: control.pubsub.bridge.0000.child.watch.thread
2018-04-22 16:41:31,621: control.pubsub.bridge.0000: control.pubsub.bridge.0000.child: control.pubsub.bridge.0000.child.watch: INFO    : child (me) initializing
2018-04-22 16:41:31,621: control.pubsub.bridge.0000: control.pubsub.bridge.0000.child: control.pubsub.bridge.0000.child.watch: DEBUG   : ru_initialize_common (NOOP)
2018-04-22 16:41:31,621: control.pubsub.bridge.0000: control.pubsub.bridge.0000.child: control.pubsub.bridge.0000.child.watch: DEBUG   : ru_initialize_child (NOOP)
2018-04-22 16:41:31,622: control.pubsub.bridge.0000: control.pubsub.bridge.0000.child: control.pubsub.bridge.0000.child.watch: INFO    : send alive
2018-04-22 16:41:31,622: control.pubsub.bridge.0000: control.pubsub.bridge.0000.child: control.pubsub.bridge.0000.child.watch: INFO    : put message: [control.pubsub.bridge.0000.child.watch.thread] alive
2018-04-22 16:41:31,625: control.pubsub.bridge.0000: control.pubsub.bridge.0000.child: MainThread     : INFO    : get msg: alive
2018-04-22 16:41:31,625: control.pubsub.bridge.0000: control.pubsub.bridge.0000.child: MainThread     : DEBUG   : ru_initialize_common (NOOP)
2018-04-22 16:41:31,625: control.pubsub.bridge.0000: control.pubsub.bridge.0000.child: MainThread     : DEBUG   : ru_initialize_parent (NOOP)
2018-04-22 16:41:31,626: control.pubsub.bridge.0000: control.pubsub.bridge.0000.child: MainThread     : DEBUG   : child thread control.pubsub.bridge.0000.child.watch started
2018-04-22 16:41:31,626: control.pubsub.bridge.0000: control.pubsub.bridge.0000.child: MainThread     : INFO    : child (me) is alive
2018-04-22 16:41:31,626: control.pubsub.bridge.0000: control.pubsub.bridge.0000.child: MainThread     : INFO    : send alive
2018-04-22 16:41:31,626: control.pubsub.bridge.0000: control.pubsub.bridge.0000.child: MainThread     : INFO    : send message: [control.pubsub.bridge.0000.child] alive
2018-04-22 16:41:31,627: control.pubsub.bridge.0000: MainProcess                     : MainThread     : INFO    : recv message: alive
2018-04-22 16:41:31,628: control.pubsub.bridge.0000: MainProcess                     : MainThread     : DEBUG   : ru_initialize_common (NOOP)
2018-04-22 16:41:31,628: control.pubsub.bridge.0000: MainProcess                     : MainThread     : DEBUG   : ru_initialize_parent (NOOP)
2018-04-22 16:41:31,628: control.pubsub.bridge.0000: MainProcess                     : MainThread     : DEBUG   : parent name: control.pubsub.bridge.0000.watch
2018-04-22 16:41:31,629: control.pubsub.bridge.0000: MainProcess                     : MainThread     : DEBUG   : start thread
2018-04-22 16:41:31,629: control.pubsub.bridge.0000: MainProcess                     : control.pubsub.bridge.0000.watch: DEBUG   : child name: control.pubsub.bridge.0000.watch.thread
2018-04-22 16:41:31,629: control.pubsub.bridge.0000: MainProcess                     : control.pubsub.bridge.0000.watch: INFO    : child (me) initializing
2018-04-22 16:41:31,629: control.pubsub.bridge.0000: MainProcess                     : control.pubsub.bridge.0000.watch: DEBUG   : ru_initialize_common (NOOP)
2018-04-22 16:41:31,629: control.pubsub.bridge.0000: MainProcess                     : control.pubsub.bridge.0000.watch: DEBUG   : ru_initialize_child (NOOP)
2018-04-22 16:41:31,630: control.pubsub.bridge.0000: MainProcess                     : control.pubsub.bridge.0000.watch: INFO    : send alive
2018-04-22 16:41:31,630: control.pubsub.bridge.0000: MainProcess                     : control.pubsub.bridge.0000.watch: INFO    : put message: [control.pubsub.bridge.0000.watch.thread] alive
2018-04-22 16:41:31,630: control.pubsub.bridge.0000: MainProcess                     : MainThread     : INFO    : get msg: alive
2018-04-22 16:41:31,631: control.pubsub.bridge.0000: MainProcess                     : MainThread     : DEBUG   : ru_initialize_common (NOOP)
2018-04-22 16:41:31,631: control.pubsub.bridge.0000: MainProcess                     : MainThread     : DEBUG   : ru_initialize_parent (NOOP)
2018-04-22 16:41:31,631: control.pubsub.bridge.0000: MainProcess                     : MainThread     : DEBUG   : child thread control.pubsub.bridge.0000.watch started
2018-04-22 16:41:31,631: control.pubsub.bridge.0000: MainProcess                     : MainThread     : INFO    : child is alive
2018-04-22 16:41:31,631: control.pubsub.bridge.0000: MainProcess                     : MainThread     : DEBUG   : process class started child
2018-04-22 16:41:31,904: control.pubsub.bridge.0000: control.pubsub.bridge.0000.child: MainThread     : ERROR   : abort: KeyboardInterrupt()
Traceback (most recent call last):
  File "/Users/WillC/Documents/Rutgers/Research/RADICAL/watershed/midas/watershed/Vanilla/myenv/lib/python2.7/site-packages/radical/utils/process.py", line 625, in _run
    if not self.work_cb():
  File "/Users/WillC/Documents/Rutgers/Research/RADICAL/watershed/midas/watershed/Vanilla/myenv/lib/python2.7/site-packages/radical/pilot/utils/pubsub.py", line 256, in work_cb
    _socks = dict(_uninterruptible(self._poll.poll, timeout=1000)) # timeout in ms
  File "/Users/WillC/Documents/Rutgers/Research/RADICAL/watershed/midas/watershed/Vanilla/myenv/lib/python2.7/site-packages/radical/pilot/utils/pubsub.py", line 50, in _uninterruptible
    return f(*args, **kwargs)
  File "/Users/WillC/Documents/Rutgers/Research/RADICAL/watershed/midas/watershed/Vanilla/myenv/lib/python2.7/site-packages/zmq/sugar/poll.py", line 99, in poll
    return zmq_poll(self.sockets, timeout=timeout)
  File "zmq/backend/cython/_poll.pyx", line 123, in zmq.backend.cython._poll.zmq_poll
  File "zmq/backend/cython/checkrc.pxd", line 12, in zmq.backend.cython.checkrc._check_rc
    PyErr_CheckSignals()
KeyboardInterrupt
2018-04-22 16:41:31,906: control.pubsub.bridge.0000: control.pubsub.bridge.0000.child: MainThread     : INFO    : send message: [control.pubsub.bridge.0000.child] abort: KeyboardInterrupt()
2018-04-22 16:41:31,906: control.pubsub.bridge.0000: control.pubsub.bridge.0000.child: MainThread     : DEBUG   : ru_finalize_child (NOOP)
2018-04-22 16:41:31,907: control.pubsub.bridge.0000: MainProcess                     : control.pubsub.bridge.0000.watch: INFO    : recv message: abort: KeyboardInterrupt()
2018-04-22 16:41:31,907: control.pubsub.bridge.0000: MainProcess                     : control.pubsub.bridge.0000.watch: INFO    : message received: abort: KeyboardInterrupt()
2018-04-22 16:41:31,908: control.pubsub.bridge.0000: control.pubsub.bridge.0000.child: MainThread     : INFO    : send message: [control.pubsub.bridge.0000.child] terminating
2018-04-22 16:41:32,028: control.pubsub.bridge.0000: control.pubsub.bridge.0000.child: control.pubsub.bridge.0000.child.watch: INFO    : watcher closes
2018-04-22 16:41:32,029: control.pubsub.bridge.0000: control.pubsub.bridge.0000.child: control.pubsub.bridge.0000.child.watch: INFO    : put message: [control.pubsub.bridge.0000.child.watch.thread] work finished
2018-04-22 16:41:32,029: control.pubsub.bridge.0000: control.pubsub.bridge.0000.child: control.pubsub.bridge.0000.child.watch: DEBUG   : ru_finalize_child (NOOP)
2018-04-22 16:41:32,029: control.pubsub.bridge.0000: control.pubsub.bridge.0000.child: control.pubsub.bridge.0000.child.watch: DEBUG   : ru_finalize_common (NOOP)
2018-04-22 16:41:32,029: control.pubsub.bridge.0000: control.pubsub.bridge.0000.child: control.pubsub.bridge.0000.child.watch: INFO    : put message: [control.pubsub.bridge.0000.child.watch.thread] terminating
2018-04-22 16:41:32,108: control.pubsub.bridge.0000: MainProcess                     : control.pubsub.bridge.0000.watch: INFO    : recv message: terminating
2018-04-22 16:41:32,109: control.pubsub.bridge.0000: MainProcess                     : control.pubsub.bridge.0000.watch: INFO    : message received: terminating
2018-04-22 16:41:32,109: control.pubsub.bridge.0000: MainProcess                     : control.pubsub.bridge.0000.watch: WARNING : endpoint disappeard
2018-04-22 16:41:32,109: control.pubsub.bridge.0000: MainProcess                     : control.pubsub.bridge.0000.watch: INFO    : watcher closes
2018-04-22 16:41:32,109: control.pubsub.bridge.0000: MainProcess                     : control.pubsub.bridge.0000.watch: ERROR   : abort: error(57, 'Socket is not connected')
Traceback (most recent call last):
  File "/Users/WillC/Documents/Rutgers/Research/RADICAL/watershed/midas/watershed/Vanilla/myenv/lib/python2.7/site-packages/radical/utils/threads.py", line 375, in _run
    if not self.work_cb():
  File "/Users/WillC/Documents/Rutgers/Research/RADICAL/watershed/midas/watershed/Vanilla/myenv/lib/python2.7/site-packages/radical/utils/process.py", line 300, in _ru_watch
    self._ru_endpoint.shutdown(socket.SHUT_RDWR)
error: [Errno 57] Socket is not connected
2018-04-22 16:41:32,112: control.pubsub.bridge.0000: MainProcess                     : control.pubsub.bridge.0000.watch: INFO    : put message: [control.pubsub.bridge.0000.watch.thread] error(57, 'Socket is not connected')
2018-04-22 16:41:32,113: control.pubsub.bridge.0000: MainProcess                     : control.pubsub.bridge.0000.watch: DEBUG   : ru_finalize_child (NOOP)
2018-04-22 16:41:32,113: control.pubsub.bridge.0000: MainProcess                     : control.pubsub.bridge.0000.watch: DEBUG   : ru_finalize_common (NOOP)
2018-04-22 16:41:32,113: control.pubsub.bridge.0000: MainProcess                     : control.pubsub.bridge.0000.watch: INFO    : put message: [control.pubsub.bridge.0000.watch.thread] terminating
