2018-04-22 16:41:31,051: rp.session.WCheng.home.willcheng.017643.0001: MainProcess                     : MainThread     : INFO    : python.interpreter   version: 2.7.14 |Anaconda, Inc.| (default, Mar 27 2018, 12:28:59) [GCC 4.2.1 Compatible Clang 4.0.1 (tags/RELEASE_401/final)]
2018-04-22 16:41:31,051: rp.session.WCheng.home.willcheng.017643.0001: MainProcess                     : MainThread     : INFO    :                      pid: 2554
2018-04-22 16:41:31,051: rp.session.WCheng.home.willcheng.017643.0001: MainProcess                     : MainThread     : INFO    :                      tid: MainThread
2018-04-22 16:41:31,052: rp.session.WCheng.home.willcheng.017643.0001: MainProcess                     : MainThread     : INFO    : radical.pilot        version: 0.47.5-v0.47.5-153-g5bd2455@devel
2018-04-22 16:41:31,158: rp.session.WCheng.home.willcheng.017643.0001: MainProcess                     : MainThread     : INFO    : using database mongodb://rp:rp@ds015335.mlab.com:15335/rp
2018-04-22 16:41:31,160: rp.session.WCheng.home.willcheng.017643.0001: MainProcess                     : MainThread     : INFO    : Load resource configurations from /Users/WillC/Documents/Rutgers/Research/RADICAL/watershed/midas/watershed/Vanilla/myenv/lib/python2.7/site-packages/radical/pilot/configs/resource_nersc.json
2018-04-22 16:41:31,171: rp.session.WCheng.home.willcheng.017643.0001: MainProcess                     : MainThread     : INFO    : Load resource configurations for nersc.edison_ccm_ssh
2018-04-22 16:41:31,172: rp.session.WCheng.home.willcheng.017643.0001: MainProcess                     : MainThread     : DEBUG   : read rcfg for nersc.edison_ccm_ssh (None)
2018-04-22 16:41:31,172: rp.session.WCheng.home.willcheng.017643.0001: MainProcess                     : MainThread     : INFO    : Load resource configurations for nersc.hopper_orte
2018-04-22 16:41:31,172: rp.session.WCheng.home.willcheng.017643.0001: MainProcess                     : MainThread     : DEBUG   : read rcfg for nersc.hopper_orte (None)
2018-04-22 16:41:31,172: rp.session.WCheng.home.willcheng.017643.0001: MainProcess                     : MainThread     : INFO    : Load resource configurations for nersc.hopper_ccm_ssh
2018-04-22 16:41:31,173: rp.session.WCheng.home.willcheng.017643.0001: MainProcess                     : MainThread     : DEBUG   : read rcfg for nersc.hopper_ccm_ssh (24)
2018-04-22 16:41:31,173: rp.session.WCheng.home.willcheng.017643.0001: MainProcess                     : MainThread     : INFO    : Load resource configurations for nersc.edison_aprun
2018-04-22 16:41:31,173: rp.session.WCheng.home.willcheng.017643.0001: MainProcess                     : MainThread     : DEBUG   : read rcfg for nersc.edison_aprun (None)
2018-04-22 16:41:31,173: rp.session.WCheng.home.willcheng.017643.0001: MainProcess                     : MainThread     : INFO    : Load resource configurations for nersc.hopper_aprun
2018-04-22 16:41:31,174: rp.session.WCheng.home.willcheng.017643.0001: MainProcess                     : MainThread     : DEBUG   : read rcfg for nersc.hopper_aprun (24)
2018-04-22 16:41:31,174: rp.session.WCheng.home.willcheng.017643.0001: MainProcess                     : MainThread     : INFO    : Load resource configurations for nersc.edison_orte
2018-04-22 16:41:31,174: rp.session.WCheng.home.willcheng.017643.0001: MainProcess                     : MainThread     : DEBUG   : read rcfg for nersc.edison_orte (None)
2018-04-22 16:41:31,174: rp.session.WCheng.home.willcheng.017643.0001: MainProcess                     : MainThread     : INFO    : Load resource configurations from /Users/WillC/Documents/Rutgers/Research/RADICAL/watershed/midas/watershed/Vanilla/myenv/lib/python2.7/site-packages/radical/pilot/configs/resource_stfc.json
2018-04-22 16:41:31,176: rp.session.WCheng.home.willcheng.017643.0001: MainProcess                     : MainThread     : INFO    : Load resource configurations for stfc.joule_runjob
2018-04-22 16:41:31,177: rp.session.WCheng.home.willcheng.017643.0001: MainProcess                     : MainThread     : DEBUG   : read rcfg for stfc.joule_runjob (None)
2018-04-22 16:41:31,177: rp.session.WCheng.home.willcheng.017643.0001: MainProcess                     : MainThread     : INFO    : Load resource configurations from /Users/WillC/Documents/Rutgers/Research/RADICAL/watershed/midas/watershed/Vanilla/myenv/lib/python2.7/site-packages/radical/pilot/configs/resource_das4.json
2018-04-22 16:41:31,179: rp.session.WCheng.home.willcheng.017643.0001: MainProcess                     : MainThread     : INFO    : Load resource configurations for das4.fs2_ssh
2018-04-22 16:41:31,179: rp.session.WCheng.home.willcheng.017643.0001: MainProcess                     : MainThread     : DEBUG   : read rcfg for das4.fs2_ssh (None)
2018-04-22 16:41:31,179: rp.session.WCheng.home.willcheng.017643.0001: MainProcess                     : MainThread     : INFO    : Load resource configurations from /Users/WillC/Documents/Rutgers/Research/RADICAL/watershed/midas/watershed/Vanilla/myenv/lib/python2.7/site-packages/radical/pilot/configs/resource_futuregrid.json
2018-04-22 16:41:31,188: rp.session.WCheng.home.willcheng.017643.0001: MainProcess                     : MainThread     : INFO    : Load resource configurations for futuregrid.delta_ssh
2018-04-22 16:41:31,189: rp.session.WCheng.home.willcheng.017643.0001: MainProcess                     : MainThread     : DEBUG   : read rcfg for futuregrid.delta_ssh (None)
2018-04-22 16:41:31,189: rp.session.WCheng.home.willcheng.017643.0001: MainProcess                     : MainThread     : INFO    : Load resource configurations for futuregrid.india_ssh
2018-04-22 16:41:31,189: rp.session.WCheng.home.willcheng.017643.0001: MainProcess                     : MainThread     : DEBUG   : read rcfg for futuregrid.india_ssh (None)
2018-04-22 16:41:31,189: rp.session.WCheng.home.willcheng.017643.0001: MainProcess                     : MainThread     : INFO    : Load resource configurations for futuregrid.echo_ssh
2018-04-22 16:41:31,189: rp.session.WCheng.home.willcheng.017643.0001: MainProcess                     : MainThread     : DEBUG   : read rcfg for futuregrid.echo_ssh (None)
2018-04-22 16:41:31,189: rp.session.WCheng.home.willcheng.017643.0001: MainProcess                     : MainThread     : INFO    : Load resource configurations for futuregrid.xray_ccm
2018-04-22 16:41:31,190: rp.session.WCheng.home.willcheng.017643.0001: MainProcess                     : MainThread     : DEBUG   : read rcfg for futuregrid.xray_ccm (None)
2018-04-22 16:41:31,190: rp.session.WCheng.home.willcheng.017643.0001: MainProcess                     : MainThread     : INFO    : Load resource configurations for futuregrid.bravo_ssh
2018-04-22 16:41:31,191: rp.session.WCheng.home.willcheng.017643.0001: MainProcess                     : MainThread     : DEBUG   : read rcfg for futuregrid.bravo_ssh (None)
2018-04-22 16:41:31,191: rp.session.WCheng.home.willcheng.017643.0001: MainProcess                     : MainThread     : INFO    : Load resource configurations for futuregrid.xray_aprun
2018-04-22 16:41:31,191: rp.session.WCheng.home.willcheng.017643.0001: MainProcess                     : MainThread     : DEBUG   : read rcfg for futuregrid.xray_aprun (None)
2018-04-22 16:41:31,191: rp.session.WCheng.home.willcheng.017643.0001: MainProcess                     : MainThread     : INFO    : Load resource configurations from /Users/WillC/Documents/Rutgers/Research/RADICAL/watershed/midas/watershed/Vanilla/myenv/lib/python2.7/site-packages/radical/pilot/configs/resource_chameleon.json
2018-04-22 16:41:31,193: rp.session.WCheng.home.willcheng.017643.0001: MainProcess                     : MainThread     : INFO    : Load resource configurations for chameleon.cloud_vm_yarn
2018-04-22 16:41:31,193: rp.session.WCheng.home.willcheng.017643.0001: MainProcess                     : MainThread     : DEBUG   : read rcfg for chameleon.cloud_vm_yarn (None)
2018-04-22 16:41:31,193: rp.session.WCheng.home.willcheng.017643.0001: MainProcess                     : MainThread     : INFO    : Load resource configurations from /Users/WillC/Documents/Rutgers/Research/RADICAL/watershed/midas/watershed/Vanilla/myenv/lib/python2.7/site-packages/radical/pilot/configs/resource_das5.json
2018-04-22 16:41:31,195: rp.session.WCheng.home.willcheng.017643.0001: MainProcess                     : MainThread     : INFO    : Load resource configurations for das5.fs1_ssh
2018-04-22 16:41:31,195: rp.session.WCheng.home.willcheng.017643.0001: MainProcess                     : MainThread     : DEBUG   : read rcfg for das5.fs1_ssh (None)
2018-04-22 16:41:31,195: rp.session.WCheng.home.willcheng.017643.0001: MainProcess                     : MainThread     : INFO    : Load resource configurations from /Users/WillC/Documents/Rutgers/Research/RADICAL/watershed/midas/watershed/Vanilla/myenv/lib/python2.7/site-packages/radical/pilot/configs/resource_fub.json
2018-04-22 16:41:31,197: rp.session.WCheng.home.willcheng.017643.0001: MainProcess                     : MainThread     : INFO    : Load resource configurations for fub.allegro_rsh
2018-04-22 16:41:31,198: rp.session.WCheng.home.willcheng.017643.0001: MainProcess                     : MainThread     : DEBUG   : read rcfg for fub.allegro_rsh (None)
2018-04-22 16:41:31,198: rp.session.WCheng.home.willcheng.017643.0001: MainProcess                     : MainThread     : INFO    : Load resource configurations from /Users/WillC/Documents/Rutgers/Research/RADICAL/watershed/midas/watershed/Vanilla/myenv/lib/python2.7/site-packages/radical/pilot/configs/resource_lrz.json
2018-04-22 16:41:31,200: rp.session.WCheng.home.willcheng.017643.0001: MainProcess                     : MainThread     : INFO    : Load resource configurations for lrz.supermuc_ssh
2018-04-22 16:41:31,200: rp.session.WCheng.home.willcheng.017643.0001: MainProcess                     : MainThread     : DEBUG   : read rcfg for lrz.supermuc_ssh (None)
2018-04-22 16:41:31,201: rp.session.WCheng.home.willcheng.017643.0001: MainProcess                     : MainThread     : INFO    : Load resource configurations from /Users/WillC/Documents/Rutgers/Research/RADICAL/watershed/midas/watershed/Vanilla/myenv/lib/python2.7/site-packages/radical/pilot/configs/resource_osg.json
2018-04-22 16:41:31,205: rp.session.WCheng.home.willcheng.017643.0001: MainProcess                     : MainThread     : INFO    : Load resource configurations for osg.xsede-virt-clust
2018-04-22 16:41:31,205: rp.session.WCheng.home.willcheng.017643.0001: MainProcess                     : MainThread     : DEBUG   : read rcfg for osg.xsede-virt-clust (None)
2018-04-22 16:41:31,205: rp.session.WCheng.home.willcheng.017643.0001: MainProcess                     : MainThread     : INFO    : Load resource configurations for osg.connect
2018-04-22 16:41:31,206: rp.session.WCheng.home.willcheng.017643.0001: MainProcess                     : MainThread     : DEBUG   : read rcfg for osg.connect (None)
2018-04-22 16:41:31,206: rp.session.WCheng.home.willcheng.017643.0001: MainProcess                     : MainThread     : INFO    : Load resource configurations from /Users/WillC/Documents/Rutgers/Research/RADICAL/watershed/midas/watershed/Vanilla/myenv/lib/python2.7/site-packages/radical/pilot/configs/resource_yale.json
2018-04-22 16:41:31,208: rp.session.WCheng.home.willcheng.017643.0001: MainProcess                     : MainThread     : INFO    : Load resource configurations for yale.grace_ssh
2018-04-22 16:41:31,208: rp.session.WCheng.home.willcheng.017643.0001: MainProcess                     : MainThread     : DEBUG   : read rcfg for yale.grace_ssh (None)
2018-04-22 16:41:31,208: rp.session.WCheng.home.willcheng.017643.0001: MainProcess                     : MainThread     : INFO    : Load resource configurations from /Users/WillC/Documents/Rutgers/Research/RADICAL/watershed/midas/watershed/Vanilla/myenv/lib/python2.7/site-packages/radical/pilot/configs/resource_lumc.json
2018-04-22 16:41:31,211: rp.session.WCheng.home.willcheng.017643.0001: MainProcess                     : MainThread     : INFO    : Load resource configurations for lumc.gb-ui_ssh
2018-04-22 16:41:31,212: rp.session.WCheng.home.willcheng.017643.0001: MainProcess                     : MainThread     : DEBUG   : read rcfg for lumc.gb-ui_ssh (None)
2018-04-22 16:41:31,212: rp.session.WCheng.home.willcheng.017643.0001: MainProcess                     : MainThread     : INFO    : Load resource configurations for lumc.shark_ssh
2018-04-22 16:41:31,212: rp.session.WCheng.home.willcheng.017643.0001: MainProcess                     : MainThread     : DEBUG   : read rcfg for lumc.shark_ssh (None)
2018-04-22 16:41:31,212: rp.session.WCheng.home.willcheng.017643.0001: MainProcess                     : MainThread     : INFO    : Load resource configurations from /Users/WillC/Documents/Rutgers/Research/RADICAL/watershed/midas/watershed/Vanilla/myenv/lib/python2.7/site-packages/radical/pilot/configs/resource_ornl.json
2018-04-22 16:41:31,222: rp.session.WCheng.home.willcheng.017643.0001: MainProcess                     : MainThread     : INFO    : Load resource configurations for ornl.titan_orte
2018-04-22 16:41:31,223: rp.session.WCheng.home.willcheng.017643.0001: MainProcess                     : MainThread     : DEBUG   : read rcfg for ornl.titan_orte (16)
2018-04-22 16:41:31,223: rp.session.WCheng.home.willcheng.017643.0001: MainProcess                     : MainThread     : INFO    : Load resource configurations for ornl.titan_aprun
2018-04-22 16:41:31,223: rp.session.WCheng.home.willcheng.017643.0001: MainProcess                     : MainThread     : DEBUG   : read rcfg for ornl.titan_aprun (None)
2018-04-22 16:41:31,223: rp.session.WCheng.home.willcheng.017643.0001: MainProcess                     : MainThread     : INFO    : Load resource configurations for ornl.rhea
2018-04-22 16:41:31,224: rp.session.WCheng.home.willcheng.017643.0001: MainProcess                     : MainThread     : DEBUG   : read rcfg for ornl.rhea (16)
2018-04-22 16:41:31,224: rp.session.WCheng.home.willcheng.017643.0001: MainProcess                     : MainThread     : INFO    : Load resource configurations for ornl.rhea_aprun
2018-04-22 16:41:31,224: rp.session.WCheng.home.willcheng.017643.0001: MainProcess                     : MainThread     : DEBUG   : read rcfg for ornl.rhea_aprun (None)
2018-04-22 16:41:31,225: rp.session.WCheng.home.willcheng.017643.0001: MainProcess                     : MainThread     : INFO    : Load resource configurations for ornl.titan_ortelib
2018-04-22 16:41:31,225: rp.session.WCheng.home.willcheng.017643.0001: MainProcess                     : MainThread     : DEBUG   : read rcfg for ornl.titan_ortelib (None)
2018-04-22 16:41:31,225: rp.session.WCheng.home.willcheng.017643.0001: MainProcess                     : MainThread     : INFO    : Load resource configurations from /Users/WillC/Documents/Rutgers/Research/RADICAL/watershed/midas/watershed/Vanilla/myenv/lib/python2.7/site-packages/radical/pilot/configs/resource_ncar.json
2018-04-22 16:41:31,228: rp.session.WCheng.home.willcheng.017643.0001: MainProcess                     : MainThread     : INFO    : Load resource configurations for ncar.cheyenne_mpirun
2018-04-22 16:41:31,229: rp.session.WCheng.home.willcheng.017643.0001: MainProcess                     : MainThread     : DEBUG   : read rcfg for ncar.cheyenne_mpirun (None)
2018-04-22 16:41:31,229: rp.session.WCheng.home.willcheng.017643.0001: MainProcess                     : MainThread     : INFO    : Load resource configurations for ncar.yellowstone_ssh
2018-04-22 16:41:31,229: rp.session.WCheng.home.willcheng.017643.0001: MainProcess                     : MainThread     : DEBUG   : read rcfg for ncar.yellowstone_ssh (None)
2018-04-22 16:41:31,229: rp.session.WCheng.home.willcheng.017643.0001: MainProcess                     : MainThread     : INFO    : Load resource configurations from /Users/WillC/Documents/Rutgers/Research/RADICAL/watershed/midas/watershed/Vanilla/myenv/lib/python2.7/site-packages/radical/pilot/configs/resource_local.json
2018-04-22 16:41:31,241: rp.session.WCheng.home.willcheng.017643.0001: MainProcess                     : MainThread     : INFO    : Load resource configurations for local.localhost_orte
2018-04-22 16:41:31,242: rp.session.WCheng.home.willcheng.017643.0001: MainProcess                     : MainThread     : DEBUG   : read rcfg for local.localhost_orte (None)
2018-04-22 16:41:31,242: rp.session.WCheng.home.willcheng.017643.0001: MainProcess                     : MainThread     : INFO    : Load resource configurations for local.localhost_anaconda
2018-04-22 16:41:31,242: rp.session.WCheng.home.willcheng.017643.0001: MainProcess                     : MainThread     : DEBUG   : read rcfg for local.localhost_anaconda (None)
2018-04-22 16:41:31,242: rp.session.WCheng.home.willcheng.017643.0001: MainProcess                     : MainThread     : INFO    : Load resource configurations for local.localhost_ortelib
2018-04-22 16:41:31,243: rp.session.WCheng.home.willcheng.017643.0001: MainProcess                     : MainThread     : DEBUG   : read rcfg for local.localhost_ortelib (None)
2018-04-22 16:41:31,243: rp.session.WCheng.home.willcheng.017643.0001: MainProcess                     : MainThread     : INFO    : Load resource configurations for local.localhost_aprun
2018-04-22 16:41:31,243: rp.session.WCheng.home.willcheng.017643.0001: MainProcess                     : MainThread     : DEBUG   : read rcfg for local.localhost_aprun (8)
2018-04-22 16:41:31,243: rp.session.WCheng.home.willcheng.017643.0001: MainProcess                     : MainThread     : INFO    : Load resource configurations for local.localhost
2018-04-22 16:41:31,243: rp.session.WCheng.home.willcheng.017643.0001: MainProcess                     : MainThread     : DEBUG   : read rcfg for local.localhost (8)
2018-04-22 16:41:31,244: rp.session.WCheng.home.willcheng.017643.0001: MainProcess                     : MainThread     : INFO    : Load resource configurations for local.localhost_spark
2018-04-22 16:41:31,244: rp.session.WCheng.home.willcheng.017643.0001: MainProcess                     : MainThread     : DEBUG   : read rcfg for local.localhost_spark (None)
2018-04-22 16:41:31,244: rp.session.WCheng.home.willcheng.017643.0001: MainProcess                     : MainThread     : INFO    : Load resource configurations for local.localhost_spark_anaconda
2018-04-22 16:41:31,244: rp.session.WCheng.home.willcheng.017643.0001: MainProcess                     : MainThread     : DEBUG   : read rcfg for local.localhost_spark_anaconda (None)
2018-04-22 16:41:31,244: rp.session.WCheng.home.willcheng.017643.0001: MainProcess                     : MainThread     : INFO    : Load resource configurations for local.localhost_yarn
2018-04-22 16:41:31,245: rp.session.WCheng.home.willcheng.017643.0001: MainProcess                     : MainThread     : DEBUG   : read rcfg for local.localhost_yarn (None)
2018-04-22 16:41:31,245: rp.session.WCheng.home.willcheng.017643.0001: MainProcess                     : MainThread     : INFO    : Load resource configurations from /Users/WillC/Documents/Rutgers/Research/RADICAL/watershed/midas/watershed/Vanilla/myenv/lib/python2.7/site-packages/radical/pilot/configs/resource_ncsa.json
2018-04-22 16:41:31,254: rp.session.WCheng.home.willcheng.017643.0001: MainProcess                     : MainThread     : INFO    : Load resource configurations for ncsa.bw_orte
2018-04-22 16:41:31,255: rp.session.WCheng.home.willcheng.017643.0001: MainProcess                     : MainThread     : DEBUG   : read rcfg for ncsa.bw_orte (None)
2018-04-22 16:41:31,255: rp.session.WCheng.home.willcheng.017643.0001: MainProcess                     : MainThread     : INFO    : Load resource configurations for ncsa.bw_ccm_ssh
2018-04-22 16:41:31,255: rp.session.WCheng.home.willcheng.017643.0001: MainProcess                     : MainThread     : DEBUG   : read rcfg for ncsa.bw_ccm_ssh (None)
2018-04-22 16:41:31,255: rp.session.WCheng.home.willcheng.017643.0001: MainProcess                     : MainThread     : INFO    : Load resource configurations for ncsa.bw_ortelib
2018-04-22 16:41:31,256: rp.session.WCheng.home.willcheng.017643.0001: MainProcess                     : MainThread     : DEBUG   : read rcfg for ncsa.bw_ortelib (None)
2018-04-22 16:41:31,256: rp.session.WCheng.home.willcheng.017643.0001: MainProcess                     : MainThread     : INFO    : Load resource configurations for ncsa.bw_aprun
2018-04-22 16:41:31,256: rp.session.WCheng.home.willcheng.017643.0001: MainProcess                     : MainThread     : DEBUG   : read rcfg for ncsa.bw_aprun (None)
2018-04-22 16:41:31,256: rp.session.WCheng.home.willcheng.017643.0001: MainProcess                     : MainThread     : INFO    : Load resource configurations for ncsa.bw_local_orte
2018-04-22 16:41:31,257: rp.session.WCheng.home.willcheng.017643.0001: MainProcess                     : MainThread     : DEBUG   : read rcfg for ncsa.bw_local_orte (None)
2018-04-22 16:41:31,257: rp.session.WCheng.home.willcheng.017643.0001: MainProcess                     : MainThread     : INFO    : Load resource configurations from /Users/WillC/Documents/Rutgers/Research/RADICAL/watershed/midas/watershed/Vanilla/myenv/lib/python2.7/site-packages/radical/pilot/configs/resource_radical.json
2018-04-22 16:41:31,262: rp.session.WCheng.home.willcheng.017643.0001: MainProcess                     : MainThread     : INFO    : Load resource configurations for radical.two
2018-04-22 16:41:31,262: rp.session.WCheng.home.willcheng.017643.0001: MainProcess                     : MainThread     : DEBUG   : read rcfg for radical.two (None)
2018-04-22 16:41:31,262: rp.session.WCheng.home.willcheng.017643.0001: MainProcess                     : MainThread     : INFO    : Load resource configurations for radical.tutorial
2018-04-22 16:41:31,263: rp.session.WCheng.home.willcheng.017643.0001: MainProcess                     : MainThread     : DEBUG   : read rcfg for radical.tutorial (None)
2018-04-22 16:41:31,263: rp.session.WCheng.home.willcheng.017643.0001: MainProcess                     : MainThread     : INFO    : Load resource configurations for radical.one
2018-04-22 16:41:31,263: rp.session.WCheng.home.willcheng.017643.0001: MainProcess                     : MainThread     : DEBUG   : read rcfg for radical.one (None)
2018-04-22 16:41:31,263: rp.session.WCheng.home.willcheng.017643.0001: MainProcess                     : MainThread     : INFO    : Load resource configurations from /Users/WillC/Documents/Rutgers/Research/RADICAL/watershed/midas/watershed/Vanilla/myenv/lib/python2.7/site-packages/radical/pilot/configs/resource_iu.json
2018-04-22 16:41:31,266: rp.session.WCheng.home.willcheng.017643.0001: MainProcess                     : MainThread     : INFO    : Load resource configurations for iu.bigred2_ccm_ssh
2018-04-22 16:41:31,267: rp.session.WCheng.home.willcheng.017643.0001: MainProcess                     : MainThread     : DEBUG   : read rcfg for iu.bigred2_ccm_ssh (None)
2018-04-22 16:41:31,267: rp.session.WCheng.home.willcheng.017643.0001: MainProcess                     : MainThread     : INFO    : Load resource configurations for iu.bigred2_aprun
2018-04-22 16:41:31,268: rp.session.WCheng.home.willcheng.017643.0001: MainProcess                     : MainThread     : DEBUG   : read rcfg for iu.bigred2_aprun (None)
2018-04-22 16:41:31,268: rp.session.WCheng.home.willcheng.017643.0001: MainProcess                     : MainThread     : INFO    : Load resource configurations from /Users/WillC/Documents/Rutgers/Research/RADICAL/watershed/midas/watershed/Vanilla/myenv/lib/python2.7/site-packages/radical/pilot/configs/resource_xsede.json
2018-04-22 16:41:31,309: rp.session.WCheng.home.willcheng.017643.0001: MainProcess                     : MainThread     : INFO    : Load resource configurations for xsede.gordon_ssh
2018-04-22 16:41:31,309: rp.session.WCheng.home.willcheng.017643.0001: MainProcess                     : MainThread     : DEBUG   : read rcfg for xsede.gordon_ssh (None)
2018-04-22 16:41:31,309: rp.session.WCheng.home.willcheng.017643.0001: MainProcess                     : MainThread     : INFO    : Load resource configurations for xsede.lonestar_ssh
2018-04-22 16:41:31,310: rp.session.WCheng.home.willcheng.017643.0001: MainProcess                     : MainThread     : DEBUG   : read rcfg for xsede.lonestar_ssh (None)
2018-04-22 16:41:31,310: rp.session.WCheng.home.willcheng.017643.0001: MainProcess                     : MainThread     : INFO    : Load resource configurations for xsede.supermic_spark
2018-04-22 16:41:31,310: rp.session.WCheng.home.willcheng.017643.0001: MainProcess                     : MainThread     : DEBUG   : read rcfg for xsede.supermic_spark (20)
2018-04-22 16:41:31,310: rp.session.WCheng.home.willcheng.017643.0001: MainProcess                     : MainThread     : INFO    : Load resource configurations for xsede.wrangler_yarn
2018-04-22 16:41:31,311: rp.session.WCheng.home.willcheng.017643.0001: MainProcess                     : MainThread     : DEBUG   : read rcfg for xsede.wrangler_yarn (None)
2018-04-22 16:41:31,311: rp.session.WCheng.home.willcheng.017643.0001: MainProcess                     : MainThread     : INFO    : Load resource configurations for xsede.blacklight_ssh
2018-04-22 16:41:31,311: rp.session.WCheng.home.willcheng.017643.0001: MainProcess                     : MainThread     : DEBUG   : read rcfg for xsede.blacklight_ssh (16)
2018-04-22 16:41:31,311: rp.session.WCheng.home.willcheng.017643.0001: MainProcess                     : MainThread     : INFO    : Load resource configurations for xsede.stampede_ortelib
2018-04-22 16:41:31,312: rp.session.WCheng.home.willcheng.017643.0001: MainProcess                     : MainThread     : DEBUG   : read rcfg for xsede.stampede_ortelib (None)
2018-04-22 16:41:31,312: rp.session.WCheng.home.willcheng.017643.0001: MainProcess                     : MainThread     : INFO    : Load resource configurations for xsede.stampede_yarn
2018-04-22 16:41:31,312: rp.session.WCheng.home.willcheng.017643.0001: MainProcess                     : MainThread     : DEBUG   : read rcfg for xsede.stampede_yarn (None)
2018-04-22 16:41:31,312: rp.session.WCheng.home.willcheng.017643.0001: MainProcess                     : MainThread     : INFO    : Load resource configurations for xsede.stampede_ssh
2018-04-22 16:41:31,313: rp.session.WCheng.home.willcheng.017643.0001: MainProcess                     : MainThread     : DEBUG   : read rcfg for xsede.stampede_ssh (None)
2018-04-22 16:41:31,313: rp.session.WCheng.home.willcheng.017643.0001: MainProcess                     : MainThread     : INFO    : Load resource configurations for xsede.greenfield
2018-04-22 16:41:31,313: rp.session.WCheng.home.willcheng.017643.0001: MainProcess                     : MainThread     : DEBUG   : read rcfg for xsede.greenfield (15)
2018-04-22 16:41:31,313: rp.session.WCheng.home.willcheng.017643.0001: MainProcess                     : MainThread     : INFO    : Load resource configurations for xsede.bridges
2018-04-22 16:41:31,314: rp.session.WCheng.home.willcheng.017643.0001: MainProcess                     : MainThread     : DEBUG   : read rcfg for xsede.bridges (None)
2018-04-22 16:41:31,314: rp.session.WCheng.home.willcheng.017643.0001: MainProcess                     : MainThread     : INFO    : Load resource configurations for xsede.trestles_ssh
2018-04-22 16:41:31,314: rp.session.WCheng.home.willcheng.017643.0001: MainProcess                     : MainThread     : DEBUG   : read rcfg for xsede.trestles_ssh (None)
2018-04-22 16:41:31,314: rp.session.WCheng.home.willcheng.017643.0001: MainProcess                     : MainThread     : INFO    : Load resource configurations for xsede.supermic_ortelib
2018-04-22 16:41:31,315: rp.session.WCheng.home.willcheng.017643.0001: MainProcess                     : MainThread     : DEBUG   : read rcfg for xsede.supermic_ortelib (20)
2018-04-22 16:41:31,315: rp.session.WCheng.home.willcheng.017643.0001: MainProcess                     : MainThread     : INFO    : Load resource configurations for xsede.stampede2_ssh
2018-04-22 16:41:31,315: rp.session.WCheng.home.willcheng.017643.0001: MainProcess                     : MainThread     : DEBUG   : read rcfg for xsede.stampede2_ssh (68)
2018-04-22 16:41:31,315: rp.session.WCheng.home.willcheng.017643.0001: MainProcess                     : MainThread     : INFO    : Load resource configurations for xsede.supermic_ssh
2018-04-22 16:41:31,316: rp.session.WCheng.home.willcheng.017643.0001: MainProcess                     : MainThread     : DEBUG   : read rcfg for xsede.supermic_ssh (20)
2018-04-22 16:41:31,316: rp.session.WCheng.home.willcheng.017643.0001: MainProcess                     : MainThread     : INFO    : Load resource configurations for xsede.wrangler_ssh
2018-04-22 16:41:31,317: rp.session.WCheng.home.willcheng.017643.0001: MainProcess                     : MainThread     : DEBUG   : read rcfg for xsede.wrangler_ssh (None)
2018-04-22 16:41:31,317: rp.session.WCheng.home.willcheng.017643.0001: MainProcess                     : MainThread     : INFO    : Load resource configurations for xsede.supermic_orte
2018-04-22 16:41:31,317: rp.session.WCheng.home.willcheng.017643.0001: MainProcess                     : MainThread     : DEBUG   : read rcfg for xsede.supermic_orte (20)
2018-04-22 16:41:31,317: rp.session.WCheng.home.willcheng.017643.0001: MainProcess                     : MainThread     : INFO    : Load resource configurations for xsede.wrangler_spark
2018-04-22 16:41:31,318: rp.session.WCheng.home.willcheng.017643.0001: MainProcess                     : MainThread     : DEBUG   : read rcfg for xsede.wrangler_spark (None)
2018-04-22 16:41:31,318: rp.session.WCheng.home.willcheng.017643.0001: MainProcess                     : MainThread     : INFO    : Load resource configurations for xsede.stampede_orte
2018-04-22 16:41:31,319: rp.session.WCheng.home.willcheng.017643.0001: MainProcess                     : MainThread     : DEBUG   : read rcfg for xsede.stampede_orte (None)
2018-04-22 16:41:31,319: rp.session.WCheng.home.willcheng.017643.0001: MainProcess                     : MainThread     : INFO    : Load resource configurations for xsede.comet_ortelib
2018-04-22 16:41:31,319: rp.session.WCheng.home.willcheng.017643.0001: MainProcess                     : MainThread     : DEBUG   : read rcfg for xsede.comet_ortelib (24)
2018-04-22 16:41:31,320: rp.session.WCheng.home.willcheng.017643.0001: MainProcess                     : MainThread     : INFO    : Load resource configurations for xsede.comet_orte
2018-04-22 16:41:31,320: rp.session.WCheng.home.willcheng.017643.0001: MainProcess                     : MainThread     : DEBUG   : read rcfg for xsede.comet_orte (24)
2018-04-22 16:41:31,320: rp.session.WCheng.home.willcheng.017643.0001: MainProcess                     : MainThread     : INFO    : Load resource configurations for xsede.comet_spark
2018-04-22 16:41:31,321: rp.session.WCheng.home.willcheng.017643.0001: MainProcess                     : MainThread     : DEBUG   : read rcfg for xsede.comet_spark (24)
2018-04-22 16:41:31,321: rp.session.WCheng.home.willcheng.017643.0001: MainProcess                     : MainThread     : INFO    : Load resource configurations for xsede.comet_ssh
2018-04-22 16:41:31,321: rp.session.WCheng.home.willcheng.017643.0001: MainProcess                     : MainThread     : DEBUG   : read rcfg for xsede.comet_ssh (24)
2018-04-22 16:41:31,321: rp.session.WCheng.home.willcheng.017643.0001: MainProcess                     : MainThread     : INFO    : Load resource configurations for xsede.stampede_spark
2018-04-22 16:41:31,322: rp.session.WCheng.home.willcheng.017643.0001: MainProcess                     : MainThread     : DEBUG   : read rcfg for xsede.stampede_spark (None)
2018-04-22 16:41:31,322: rp.session.WCheng.home.willcheng.017643.0001: MainProcess                     : MainThread     : INFO    : Load resource configurations from /Users/WillC/Documents/Rutgers/Research/RADICAL/watershed/midas/watershed/Vanilla/myenv/lib/python2.7/site-packages/radical/pilot/configs/resource_epsrc.json
2018-04-22 16:41:31,326: rp.session.WCheng.home.willcheng.017643.0001: MainProcess                     : MainThread     : INFO    : Load resource configurations for epsrc.archer_orte
2018-04-22 16:41:31,326: rp.session.WCheng.home.willcheng.017643.0001: MainProcess                     : MainThread     : DEBUG   : read rcfg for epsrc.archer_orte (None)
2018-04-22 16:41:31,326: rp.session.WCheng.home.willcheng.017643.0001: MainProcess                     : MainThread     : INFO    : Load resource configurations for epsrc.archer_aprun
2018-04-22 16:41:31,327: rp.session.WCheng.home.willcheng.017643.0001: MainProcess                     : MainThread     : DEBUG   : read rcfg for epsrc.archer_aprun (None)
2018-04-22 16:41:31,327: rp.session.WCheng.home.willcheng.017643.0001: MainProcess                     : MainThread     : INFO    : Load resource configurations from /Users/WillC/Documents/Rutgers/Research/RADICAL/watershed/midas/watershed/Vanilla/myenv/lib/python2.7/site-packages/radical/pilot/configs/resource_aliases.json
2018-04-22 16:41:31,327: rp.session.WCheng.home.willcheng.017643.0001: MainProcess                     : MainThread     : INFO    : Load resource configurations from /Users/WillC/Documents/Rutgers/Research/RADICAL/watershed/midas/watershed/Vanilla/myenv/lib/python2.7/site-packages/radical/pilot/configs/resource_rice.json
2018-04-22 16:41:31,330: rp.session.WCheng.home.willcheng.017643.0001: MainProcess                     : MainThread     : INFO    : Load resource configurations for rice.davinci_ssh
2018-04-22 16:41:31,331: rp.session.WCheng.home.willcheng.017643.0001: MainProcess                     : MainThread     : DEBUG   : read rcfg for rice.davinci_ssh (None)
2018-04-22 16:41:31,331: rp.session.WCheng.home.willcheng.017643.0001: MainProcess                     : MainThread     : INFO    : Load resource configurations for rice.biou_ssh
2018-04-22 16:41:31,331: rp.session.WCheng.home.willcheng.017643.0001: MainProcess                     : MainThread     : DEBUG   : read rcfg for rice.biou_ssh (None)
2018-04-22 16:41:31,601: rp.session.WCheng.home.willcheng.017643.0001: MainProcess                     : MainThread     : INFO    : New Session created: rp.session.WCheng.home.willcheng.017643.0001.
2018-04-22 16:41:31,602: rp.session.WCheng.home.willcheng.017643.0001: MainProcess                     : MainThread     : DEBUG   : start bridges   : {u'control_pubsub': {u'bulk_size': 0, u'log_level': u'debug', u'stall_hwm': 1},
 u'log_pubsub': {u'bulk_size': 0, u'log_level': u'debug', u'stall_hwm': 1},
 u'state_pubsub': {u'bulk_size': 0, u'log_level': u'debug', u'stall_hwm': 1}}
2018-04-22 16:41:31,602: rp.session.WCheng.home.willcheng.017643.0001: MainProcess                     : MainThread     : INFO    : create bridge control_pubsub
2018-04-22 16:41:31,635: rp.session.WCheng.home.willcheng.017643.0001: MainProcess                     : MainThread     : INFO    : created bridge control_pubsub (control.pubsub.bridge.0000)
2018-04-22 16:41:31,635: rp.session.WCheng.home.willcheng.017643.0001: MainProcess                     : MainThread     : INFO    : create bridge state_pubsub
2018-04-22 16:41:31,660: rp.session.WCheng.home.willcheng.017643.0001: MainProcess                     : MainThread     : INFO    : created bridge state_pubsub (state.pubsub.bridge.0000)
2018-04-22 16:41:31,660: rp.session.WCheng.home.willcheng.017643.0001: MainProcess                     : MainThread     : INFO    : create bridge log_pubsub
2018-04-22 16:41:31,688: rp.session.WCheng.home.willcheng.017643.0001: MainProcess                     : MainThread     : INFO    : created bridge log_pubsub (log.pubsub.bridge.0000)
2018-04-22 16:41:31,689: rp.session.WCheng.home.willcheng.017643.0001: MainProcess                     : MainThread     : DEBUG   : start components: {u'UpdateWorker': {u'count': 1}}
2018-04-22 16:41:31,689: rp.session.WCheng.home.willcheng.017643.0001: MainProcess                     : MainThread     : DEBUG   : start 1 component(s) UpdateWorker
