2018-04-22 16:41:31,697: update.0.child      : update.0                        : MainThread     : INFO    : python.interpreter   version: 2.7.14 |Anaconda, Inc.| (default, Mar 27 2018, 12:28:59) [GCC 4.2.1 Compatible Clang 4.0.1 (tags/RELEASE_401/final)]
2018-04-22 16:41:31,698: update.0.child      : update.0                        : MainThread     : INFO    :                      pid: 2568
2018-04-22 16:41:31,698: update.0.child      : update.0                        : MainThread     : INFO    :                      tid: MainThread
2018-04-22 16:41:31,699: update.0.child      : update.0                        : MainThread     : INFO    : radical.pilot        version: 0.47.5-v0.47.5-153-g5bd2455@devel
2018-04-22 16:41:31,700: update.0.child      : update.0                        : MainThread     : INFO    : initialize update.0.child
2018-04-22 16:41:31,704: update.0.child      : update.0                        : MainThread     : INFO    : cfg: {'agents': {},
 u'bridges': {u'control_pubsub': {'addr_in': 'tcp://192.168.1.16:51539',
                                  'addr_out': 'tcp://192.168.1.16:51540',
                                  u'bulk_size': 0,
                                  u'log_level': u'debug',
                                  u'stall_hwm': 1},
              u'log_pubsub': {'addr_in': 'tcp://192.168.1.16:51543',
                              'addr_out': 'tcp://192.168.1.16:51544',
                              u'bulk_size': 0,
                              u'log_level': u'debug',
                              u'stall_hwm': 1},
              u'state_pubsub': {'addr_in': 'tcp://192.168.1.16:51541',
                                'addr_out': 'tcp://192.168.1.16:51542',
                                u'bulk_size': 0,
                                u'log_level': u'debug',
                                u'stall_hwm': 1}},
 'cname': u'UpdateWorker',
 u'components': {},
 u'count': 1,
 'dburl': 'mongodb://rp:rp@ds015335.mlab.com:15335/rp',
 'debug': 'DEBUG',
 u'default_dburl': u'mongodb://rp:rp@ds015335.mlab.com:15335/rp',
 'logdir': '/Users/WillC/Documents/Rutgers/Research/RADICAL/watershed/midas/watershed/Vanilla/rp.session.WCheng.home.willcheng.017643.0001',
 'number': 0,
 'owner': 'rp.session.WCheng.home.willcheng.017643.0001',
 'session_id': 'rp.session.WCheng.home.willcheng.017643.0001'}
2018-04-22 16:41:31,704: update.0.child      : update.0                        : MainThread     : DEBUG   : start components: {}
2018-04-22 16:41:31,705: update.0.child      : update.0                        : MainThread     : DEBUG   : alive check in term
2018-04-22 16:41:31,705: update.0.child      : update.0                        : MainThread     : DEBUG   : START: update.0.child register publisher log_pubsub
2018-04-22 16:41:31,705: update.0.child      : update.0                        : MainThread     : DEBUG   : using addr tcp://192.168.1.16:51543 for pubsub log_pubsub
2018-04-22 16:41:31,711: update.0.child      : update.0                        : MainThread     : DEBUG   : registered publisher : log_pubsub : log.pubsub.pub.0000
2018-04-22 16:41:31,711: update.0.child      : update.0                        : MainThread     : DEBUG   : alive check in term
2018-04-22 16:41:31,712: update.0.child      : update.0                        : MainThread     : DEBUG   : START: update.0.child register publisher state_pubsub
2018-04-22 16:41:31,712: update.0.child      : update.0                        : MainThread     : DEBUG   : using addr tcp://192.168.1.16:51541 for pubsub state_pubsub
2018-04-22 16:41:31,716: update.0.child      : update.0                        : MainThread     : DEBUG   : registered publisher : state_pubsub : state.pubsub.pub.0000
2018-04-22 16:41:31,717: update.0.child      : update.0                        : MainThread     : DEBUG   : alive check in term
2018-04-22 16:41:31,717: update.0.child      : update.0                        : MainThread     : DEBUG   : START: update.0.child register publisher control_pubsub
2018-04-22 16:41:31,717: update.0.child      : update.0                        : MainThread     : DEBUG   : using addr tcp://192.168.1.16:51539 for pubsub control_pubsub
2018-04-22 16:41:31,725: update.0.child      : update.0                        : MainThread     : DEBUG   : registered publisher : control_pubsub : control.pubsub.pub.0000
2018-04-22 16:41:31,725: update.0.child      : update.0                        : MainThread     : DEBUG   : alive check in term
2018-04-22 16:41:31,726: update.0.child      : update.0                        : MainThread     : DEBUG   : START: update.0.child register subscriber update.0.child.subscriber._cancel_monitor_cb
2018-04-22 16:41:31,726: update.0.child      : update.0                        : MainThread     : DEBUG   : using addr tcp://192.168.1.16:51540 for pubsub control_pubsub
2018-04-22 16:41:31,730: update.0.child      : update.0                        : MainThread     : DEBUG   : parent name: update.0.child.subscriber._cancel_monitor_cb
2018-04-22 16:41:31,731: update.0.child      : update.0                        : MainThread     : DEBUG   : start thread
2018-04-22 16:41:31,731: update.0.child      : update.0                        : update.0.child.subscriber._cancel_monitor_cb: DEBUG   : child name: update.0.child.subscriber._cancel_monitor_cb.thread
2018-04-22 16:41:31,732: update.0.child      : update.0                        : update.0.child.subscriber._cancel_monitor_cb: INFO    : child (me) initializing
2018-04-22 16:41:31,732: update.0.child      : update.0                        : update.0.child.subscriber._cancel_monitor_cb: DEBUG   : ru_initialize_common (NOOP)
2018-04-22 16:41:31,732: update.0.child      : update.0                        : update.0.child.subscriber._cancel_monitor_cb: DEBUG   : ru_initialize_child (NOOP)
2018-04-22 16:41:31,732: update.0.child      : update.0                        : update.0.child.subscriber._cancel_monitor_cb: INFO    : send alive
2018-04-22 16:41:31,733: update.0.child      : update.0                        : update.0.child.subscriber._cancel_monitor_cb: INFO    : put message: [update.0.child.subscriber._cancel_monitor_cb.thread] alive
2018-04-22 16:41:31,733: update.0.child      : update.0                        : MainThread     : INFO    : get msg: alive
2018-04-22 16:41:31,734: update.0.child      : update.0                        : MainThread     : DEBUG   : ru_initialize_common (NOOP)
2018-04-22 16:41:31,734: update.0.child      : update.0                        : MainThread     : DEBUG   : ru_initialize_parent (NOOP)
2018-04-22 16:41:31,734: update.0.child      : update.0                        : MainThread     : DEBUG   : child thread update.0.child.subscriber._cancel_monitor_cb started
2018-04-22 16:41:31,735: update.0.child      : update.0                        : MainThread     : DEBUG   : update.0.child registered control_pubsub subscriber update.0.child.subscriber._cancel_monitor_cb
2018-04-22 16:41:31,877: update.0.child      : update.0                        : MainThread     : DEBUG   : alive check in term
2018-04-22 16:41:31,877: update.0.child      : update.0                        : MainThread     : DEBUG   : START: update.0.child register subscriber update.0.child.subscriber._state_cb
2018-04-22 16:41:31,878: update.0.child      : update.0                        : MainThread     : DEBUG   : using addr tcp://192.168.1.16:51542 for pubsub state_pubsub
2018-04-22 16:41:31,883: update.0.child      : update.0                        : MainThread     : DEBUG   : parent name: update.0.child.subscriber._state_cb
2018-04-22 16:41:31,884: update.0.child      : update.0                        : MainThread     : DEBUG   : start thread
2018-04-22 16:41:31,885: update.0.child      : update.0                        : update.0.child.subscriber._state_cb: DEBUG   : child name: update.0.child.subscriber._state_cb.thread
2018-04-22 16:41:31,885: update.0.child      : update.0                        : update.0.child.subscriber._state_cb: INFO    : child (me) initializing
2018-04-22 16:41:31,885: update.0.child      : update.0                        : update.0.child.subscriber._state_cb: DEBUG   : ru_initialize_common (NOOP)
2018-04-22 16:41:31,886: update.0.child      : update.0                        : update.0.child.subscriber._state_cb: DEBUG   : ru_initialize_child (NOOP)
2018-04-22 16:41:31,886: update.0.child      : update.0                        : update.0.child.subscriber._state_cb: INFO    : send alive
2018-04-22 16:41:31,887: update.0.child      : update.0                        : update.0.child.subscriber._state_cb: INFO    : put message: [update.0.child.subscriber._state_cb.thread] alive
2018-04-22 16:41:31,889: update.0.child      : update.0                        : MainThread     : INFO    : get msg: alive
2018-04-22 16:41:31,889: update.0.child      : update.0                        : MainThread     : DEBUG   : ru_initialize_common (NOOP)
2018-04-22 16:41:31,889: update.0.child      : update.0                        : MainThread     : DEBUG   : ru_initialize_parent (NOOP)
2018-04-22 16:41:31,889: update.0.child      : update.0                        : MainThread     : DEBUG   : child thread update.0.child.subscriber._state_cb started
2018-04-22 16:41:31,890: update.0.child      : update.0                        : MainThread     : DEBUG   : update.0.child registered state_pubsub subscriber update.0.child.subscriber._state_cb
2018-04-22 16:41:31,890: update.0.child      : update.0                        : MainThread     : DEBUG   : alive check in term
2018-04-22 16:41:31,890: update.0.child      : update.0                        : MainThread     : DEBUG   : START: update.0.child register idler update.0.child.idler._idle_cb
2018-04-22 16:41:31,890: update.0.child      : update.0                        : MainThread     : DEBUG   : parent name: update.0.child.idler._idle_cb
2018-04-22 16:41:31,891: update.0.child      : update.0                        : MainThread     : DEBUG   : start thread
2018-04-22 16:41:31,891: update.0.child      : update.0                        : update.0.child.idler._idle_cb: DEBUG   : child name: update.0.child.idler._idle_cb.thread
2018-04-22 16:41:31,892: update.0.child      : update.0                        : update.0.child.idler._idle_cb: INFO    : child (me) initializing
2018-04-22 16:41:31,892: update.0.child      : update.0                        : update.0.child.idler._idle_cb: DEBUG   : ru_initialize_common (NOOP)
2018-04-22 16:41:31,892: update.0.child      : update.0                        : update.0.child.idler._idle_cb: DEBUG   : ru_initialize_child (NOOP)
2018-04-22 16:41:31,892: update.0.child      : update.0                        : update.0.child.idler._idle_cb: INFO    : send alive
2018-04-22 16:41:31,893: update.0.child      : update.0                        : update.0.child.idler._idle_cb: INFO    : put message: [update.0.child.idler._idle_cb.thread] alive
2018-04-22 16:41:31,893: update.0.child      : update.0                        : MainThread     : INFO    : get msg: alive
2018-04-22 16:41:31,893: update.0.child      : update.0                        : MainThread     : DEBUG   : ru_initialize_common (NOOP)
2018-04-22 16:41:31,894: update.0.child      : update.0                        : MainThread     : DEBUG   : ru_initialize_parent (NOOP)
2018-04-22 16:41:31,894: update.0.child      : update.0                        : MainThread     : DEBUG   : child thread update.0.child.idler._idle_cb started
2018-04-22 16:41:31,894: update.0.child      : update.0                        : MainThread     : DEBUG   : update.0.child registered idler update.0.child.idler._idle_cb
2018-04-22 16:41:31,895: update.0.child      : update.0                        : MainThread     : INFO    : child (me) initializing
2018-04-22 16:41:31,895: update.0.child      : update.0                        : MainThread     : DEBUG   : parent name: update.0.child.watch
2018-04-22 16:41:31,896: update.0.child      : update.0                        : MainThread     : DEBUG   : start thread
2018-04-22 16:41:31,896: update.0.child      : update.0                        : update.0.child.watch: DEBUG   : child name: update.0.child.watch.thread
2018-04-22 16:41:31,896: update.0.child      : update.0                        : update.0.child.watch: INFO    : child (me) initializing
2018-04-22 16:41:31,897: update.0.child      : update.0                        : update.0.child.watch: DEBUG   : ru_initialize_common (NOOP)
2018-04-22 16:41:31,897: update.0.child      : update.0                        : update.0.child.watch: DEBUG   : ru_initialize_child (NOOP)
2018-04-22 16:41:31,897: update.0.child      : update.0                        : update.0.child.watch: INFO    : send alive
2018-04-22 16:41:31,897: update.0.child      : update.0                        : update.0.child.watch: INFO    : put message: [update.0.child.watch.thread] alive
2018-04-22 16:41:31,900: update.0.child      : update.0                        : MainThread     : INFO    : get msg: alive
2018-04-22 16:41:31,900: update.0.child      : update.0                        : MainThread     : DEBUG   : ru_initialize_common (NOOP)
2018-04-22 16:41:31,901: update.0.child      : update.0                        : MainThread     : DEBUG   : ru_initialize_parent (NOOP)
2018-04-22 16:41:31,902: update.0.child      : update.0                        : MainThread     : DEBUG   : child thread update.0.child.watch started
2018-04-22 16:41:31,902: update.0.child      : update.0                        : MainThread     : INFO    : child (me) is alive
2018-04-22 16:41:31,902: update.0.child      : update.0                        : MainThread     : INFO    : send alive
2018-04-22 16:41:31,903: update.0.child      : update.0                        : MainThread     : INFO    : send message: [update.0.child] alive
2018-04-22 16:41:31,903: update.0.child      : update.0                        : MainThread     : ERROR   : abort: KeyboardInterrupt()
Traceback (most recent call last):
  File "/Users/WillC/Documents/Rutgers/Research/RADICAL/watershed/midas/watershed/Vanilla/myenv/lib/python2.7/site-packages/radical/utils/process.py", line 625, in _run
    if not self.work_cb():
  File "/Users/WillC/Documents/Rutgers/Research/RADICAL/watershed/midas/watershed/Vanilla/myenv/lib/python2.7/site-packages/radical/pilot/utils/component.py", line 1201, in work_cb
    self.is_valid()
  File "/Users/WillC/Documents/Rutgers/Research/RADICAL/watershed/midas/watershed/Vanilla/myenv/lib/python2.7/site-packages/radical/pilot/utils/component.py", line 386, in is_valid
    for bridge in self._bridges:
KeyboardInterrupt
2018-04-22 16:41:31,905: update.0.child      : update.0                        : MainThread     : INFO    : send message: [update.0.child] abort: KeyboardInterrupt()
2018-04-22 16:41:31,906: update.0.child      : update.0                        : MainThread     : DEBUG   : TERM : update.0.child unregister idler update.0.child.idler._idle_cb
2018-04-22 16:41:31,906: update.0.child      : update.0                        : MainThread     : INFO    : parent stops child
2018-04-22 16:41:31,907: update.0.child      : update.0                        : MainThread     : DEBUG   : ru_finalize_parent (NOOP)
2018-04-22 16:41:31,907: update.0.child      : update.0                        : MainThread     : DEBUG   : ru_finalize_common (NOOP)
2018-04-22 16:41:32,000: update.0.child      : update.0                        : update.0.child.idler._idle_cb: DEBUG   : ru_finalize_child (NOOP)
2018-04-22 16:41:32,000: update.0.child      : update.0                        : update.0.child.idler._idle_cb: DEBUG   : ru_finalize_common (NOOP)
2018-04-22 16:41:32,001: update.0.child      : update.0                        : update.0.child.idler._idle_cb: INFO    : put message: [update.0.child.idler._idle_cb.thread] terminating
2018-04-22 16:41:32,024: update.0.child      : update.0                        : MainThread     : DEBUG   : TERM : update.0.child unregistered idler update.0.child.idler._idle_cb
2018-04-22 16:41:32,024: update.0.child      : update.0                        : MainThread     : DEBUG   : TERM : update.0.child unregister subscriber update.0.child.subscriber._state_cb
2018-04-22 16:41:32,024: update.0.child      : update.0                        : MainThread     : DEBUG   : unregistered subscriber update.0.child.subscriber._state_cb
2018-04-22 16:41:32,025: update.0.child      : update.0                        : MainThread     : DEBUG   : ru_finalize_common()
2018-04-22 16:41:32,025: update.0.child      : update.0                        : MainThread     : DEBUG   : TERM : update.0.child unregister publisher log_pubsub
2018-04-22 16:41:32,027: update.0.child      : update.0                        : MainThread     : DEBUG   : unregistered publisher log_pubsub
2018-04-22 16:41:32,027: update.0.child      : update.0                        : MainThread     : DEBUG   : TERM : update.0.child unregister publisher state_pubsub
2018-04-22 16:41:32,029: update.0.child      : update.0                        : MainThread     : DEBUG   : unregistered publisher state_pubsub
2018-04-22 16:41:32,029: update.0.child      : update.0                        : MainThread     : DEBUG   : TERM : update.0.child unregister publisher control_pubsub
2018-04-22 16:41:32,030: update.0.child      : update.0                        : MainThread     : DEBUG   : unregistered publisher control_pubsub
2018-04-22 16:41:32,030: update.0.child      : update.0                        : MainThread     : DEBUG   : update.0.child close prof
2018-04-22 16:41:32,031: update.0.child      : update.0                        : MainThread     : INFO    : send message: [update.0.child] terminating
2018-04-22 16:41:32,107: update.0.child      : update.0                        : update.0.child.watch: WARNING : %s died
2018-04-22 16:41:32,108: update.0.child      : update.0                        : update.0.child.watch: INFO    : watcher closes
2018-04-22 16:41:32,108: update.0.child      : update.0                        : update.0.child.watch: INFO    : put message: [update.0.child.watch.thread] work finished
2018-04-22 16:41:32,108: update.0.child      : update.0                        : update.0.child.watch: DEBUG   : ru_finalize_child (NOOP)
2018-04-22 16:41:32,109: update.0.child      : update.0                        : update.0.child.watch: DEBUG   : ru_finalize_common (NOOP)
2018-04-22 16:41:32,109: update.0.child      : update.0                        : update.0.child.watch: INFO    : put message: [update.0.child.watch.thread] terminating
2018-04-22 16:41:32,146: update.0.child      : update.0                        : MainThread     : INFO    : parent stops child
2018-04-22 16:41:32,147: update.0.child      : update.0                        : MainThread     : DEBUG   : ru_finalize_parent (NOOP)
2018-04-22 16:41:32,148: update.0.child      : update.0                        : update.0.child.subscriber._cancel_monitor_cb: DEBUG   : ru_finalize_child (NOOP)
2018-04-22 16:41:32,148: update.0.child      : update.0                        : update.0.child.subscriber._cancel_monitor_cb: INFO    : put message: [update.0.child.subscriber._cancel_monitor_cb.thread] terminating
2018-04-22 16:41:32,399: update.0.child      : update.0                        : MainThread     : INFO    : parent stops child
2018-04-22 16:41:32,399: update.0.child      : update.0                        : MainThread     : DEBUG   : ru_finalize_parent (NOOP)
2018-04-22 16:41:32,400: update.0.child      : update.0                        : update.0.child.subscriber._state_cb: DEBUG   : ru_finalize_child (NOOP)
2018-04-22 16:41:32,400: update.0.child      : update.0                        : update.0.child.subscriber._state_cb: INFO    : put message: [update.0.child.subscriber._state_cb.thread] terminating
2018-04-22 16:41:32,652: update.0.child      : update.0                        : MainThread     : INFO    : parent stops child
