2017-11-23 00:24:51,456: control.pubsub.pub.0004: umgr.staging.output.0           : MainThread     : INFO    : python.interpreter   version: 2.7.13 (default, Jan 19 2017, 14:48:08) [GCC 6.3.0 20170118]
2017-11-23 00:24:51,456: control.pubsub.pub.0004: umgr.staging.output.0           : MainThread     : INFO    :                      pid: 7914
2017-11-23 00:24:51,456: control.pubsub.pub.0004: umgr.staging.output.0           : MainThread     : INFO    :                      tid: MainThread
2017-11-23 00:24:51,456: control.pubsub.pub.0004: umgr.staging.output.0           : MainThread     : INFO    : radical.pilot        version: 0.46.2
2017-11-23 00:24:51,456: control.pubsub.pub.0004: umgr.staging.output.0           : MainThread     : INFO    : create control_pubsub - pub - tcp://144.76.72.175:35455
2017-11-23 00:24:51,456: control.pubsub.pub.0004: umgr.staging.output.0           : MainThread     : DEBUG   : start process
2017-11-23 00:24:51,457: control.pubsub.pub.0004: umgr.staging.output.0           : MainThread     : DEBUG   : ru_initialize_common (NOOP)
2017-11-23 00:24:51,457: control.pubsub.pub.0004: umgr.staging.output.0           : MainThread     : DEBUG   : ru_initialize_parent (NOOP)
2017-11-23 00:24:51,457: control.pubsub.pub.0004: umgr.staging.output.0           : MainThread     : DEBUG   : process class started (no child)
2017-11-23 00:24:51,495: control.pubsub.pub.0004: MainProcess                     : MainThread     : INFO    : python.interpreter   version: 2.7.13 (default, Jan 19 2017, 14:48:08) [GCC 6.3.0 20170118]
2017-11-23 00:24:51,495: control.pubsub.pub.0004: MainProcess                     : MainThread     : INFO    :                      pid: 7765
2017-11-23 00:24:51,495: control.pubsub.pub.0004: MainProcess                     : MainThread     : INFO    :                      tid: MainThread
2017-11-23 00:24:51,495: control.pubsub.pub.0004: MainProcess                     : MainThread     : INFO    : radical.pilot        version: 0.46.2
2017-11-23 00:24:51,495: control.pubsub.pub.0004: MainProcess                     : MainThread     : INFO    : create control_pubsub - pub - tcp://144.76.72.175:35455
2017-11-23 00:24:51,495: control.pubsub.pub.0004: MainProcess                     : MainThread     : DEBUG   : start process
2017-11-23 00:24:51,496: control.pubsub.pub.0004: MainProcess                     : MainThread     : DEBUG   : ru_initialize_common (NOOP)
2017-11-23 00:24:51,496: control.pubsub.pub.0004: MainProcess                     : MainThread     : DEBUG   : ru_initialize_parent (NOOP)
2017-11-23 00:24:51,496: control.pubsub.pub.0004: MainProcess                     : MainThread     : DEBUG   : process class started (no child)
2017-11-23 00:45:31,530: control.pubsub.pub.0004: MainProcess                     : MainThread     : INFO    : parent stops child
2017-11-23 00:45:31,531: control.pubsub.pub.0004: MainProcess                     : MainThread     : DEBUG   : ru_finalize_parent (NOOP)
2017-11-23 00:45:32,678: control.pubsub.pub.0004: umgr.staging.output.0           : MainThread     : INFO    : parent stops child
2017-11-23 00:45:32,678: control.pubsub.pub.0004: umgr.staging.output.0           : MainThread     : DEBUG   : ru_finalize_parent (NOOP)
