2017-11-23 00:24:46,131: control.pubsub.sub.0001: pmgr.launching.0                : MainThread     : INFO    : python.interpreter   version: 2.7.13 (default, Jan 19 2017, 14:48:08) [GCC 6.3.0 20170118]
2017-11-23 00:24:46,131: control.pubsub.sub.0001: pmgr.launching.0                : MainThread     : INFO    :                      pid: 7824
2017-11-23 00:24:46,131: control.pubsub.sub.0001: pmgr.launching.0                : MainThread     : INFO    :                      tid: MainThread
2017-11-23 00:24:46,131: control.pubsub.sub.0001: pmgr.launching.0                : MainThread     : INFO    : radical.pilot        version: 0.46.2
2017-11-23 00:24:46,131: control.pubsub.sub.0001: pmgr.launching.0                : MainThread     : INFO    : create control_pubsub - sub - tcp://144.76.72.175:45361
2017-11-23 00:24:46,132: control.pubsub.sub.0001: pmgr.launching.0                : MainThread     : DEBUG   : start process
2017-11-23 00:24:46,132: control.pubsub.sub.0001: pmgr.launching.0                : MainThread     : DEBUG   : ru_initialize_common (NOOP)
2017-11-23 00:24:46,132: control.pubsub.sub.0001: pmgr.launching.0                : MainThread     : DEBUG   : ru_initialize_parent (NOOP)
2017-11-23 00:24:46,132: control.pubsub.sub.0001: pmgr.launching.0                : MainThread     : DEBUG   : process class started (no child)
2017-11-23 00:24:51,537: control.pubsub.sub.0001: umgr.scheduling.0               : MainThread     : INFO    : python.interpreter   version: 2.7.13 (default, Jan 19 2017, 14:48:08) [GCC 6.3.0 20170118]
2017-11-23 00:24:51,538: control.pubsub.sub.0001: umgr.scheduling.0               : MainThread     : INFO    :                      pid: 7936
2017-11-23 00:24:51,538: control.pubsub.sub.0001: umgr.scheduling.0               : MainThread     : INFO    :                      tid: MainThread
2017-11-23 00:24:51,538: control.pubsub.sub.0001: umgr.scheduling.0               : MainThread     : INFO    : radical.pilot        version: 0.46.2
2017-11-23 00:24:51,538: control.pubsub.sub.0001: umgr.scheduling.0               : MainThread     : INFO    : create control_pubsub - sub - tcp://144.76.72.175:45361
2017-11-23 00:24:51,538: control.pubsub.sub.0001: umgr.scheduling.0               : MainThread     : DEBUG   : start process
2017-11-23 00:24:51,538: control.pubsub.sub.0001: umgr.scheduling.0               : MainThread     : DEBUG   : ru_initialize_common (NOOP)
2017-11-23 00:24:51,538: control.pubsub.sub.0001: umgr.scheduling.0               : MainThread     : DEBUG   : ru_initialize_parent (NOOP)
2017-11-23 00:24:51,538: control.pubsub.sub.0001: umgr.scheduling.0               : MainThread     : DEBUG   : process class started (no child)
2017-11-23 00:45:33,492: control.pubsub.sub.0001: umgr.scheduling.0               : MainThread     : INFO    : parent stops child
2017-11-23 00:45:33,492: control.pubsub.sub.0001: umgr.scheduling.0               : MainThread     : DEBUG   : ru_finalize_parent (NOOP)
2017-11-23 00:45:38,441: control.pubsub.sub.0001: pmgr.launching.0                : MainThread     : INFO    : parent stops child
2017-11-23 00:45:38,441: control.pubsub.sub.0001: pmgr.launching.0                : MainThread     : DEBUG   : ru_finalize_parent (NOOP)
