2017-11-23 00:24:51,368: control.pubsub.pub.0003: umgr.staging.input.0            : MainThread     : INFO    : python.interpreter   version: 2.7.13 (default, Jan 19 2017, 14:48:08) [GCC 6.3.0 20170118]
2017-11-23 00:24:51,369: control.pubsub.pub.0003: umgr.staging.input.0            : MainThread     : INFO    :                      pid: 7894
2017-11-23 00:24:51,369: control.pubsub.pub.0003: umgr.staging.input.0            : MainThread     : INFO    :                      tid: MainThread
2017-11-23 00:24:51,369: control.pubsub.pub.0003: umgr.staging.input.0            : MainThread     : INFO    : radical.pilot        version: 0.46.2
2017-11-23 00:24:51,369: control.pubsub.pub.0003: umgr.staging.input.0            : MainThread     : INFO    : create control_pubsub - pub - tcp://144.76.72.175:35455
2017-11-23 00:24:51,369: control.pubsub.pub.0003: umgr.staging.input.0            : MainThread     : DEBUG   : start process
2017-11-23 00:24:51,369: control.pubsub.pub.0003: umgr.staging.input.0            : MainThread     : DEBUG   : ru_initialize_common (NOOP)
2017-11-23 00:24:51,369: control.pubsub.pub.0003: umgr.staging.input.0            : MainThread     : DEBUG   : ru_initialize_parent (NOOP)
2017-11-23 00:24:51,369: control.pubsub.pub.0003: umgr.staging.input.0            : MainThread     : DEBUG   : process class started (no child)
2017-11-23 00:24:51,408: control.pubsub.pub.0003: MainProcess                     : MainThread     : INFO    : python.interpreter   version: 2.7.13 (default, Jan 19 2017, 14:48:08) [GCC 6.3.0 20170118]
2017-11-23 00:24:51,408: control.pubsub.pub.0003: MainProcess                     : MainThread     : INFO    :                      pid: 7765
2017-11-23 00:24:51,408: control.pubsub.pub.0003: MainProcess                     : MainThread     : INFO    :                      tid: MainThread
2017-11-23 00:24:51,408: control.pubsub.pub.0003: MainProcess                     : MainThread     : INFO    : radical.pilot        version: 0.46.2
2017-11-23 00:24:51,408: control.pubsub.pub.0003: MainProcess                     : MainThread     : INFO    : create control_pubsub - pub - tcp://144.76.72.175:35455
2017-11-23 00:24:51,409: control.pubsub.pub.0003: MainProcess                     : MainThread     : DEBUG   : start process
2017-11-23 00:24:51,409: control.pubsub.pub.0003: MainProcess                     : MainThread     : DEBUG   : ru_initialize_common (NOOP)
2017-11-23 00:24:51,409: control.pubsub.pub.0003: MainProcess                     : MainThread     : DEBUG   : ru_initialize_parent (NOOP)
2017-11-23 00:24:51,409: control.pubsub.pub.0003: MainProcess                     : MainThread     : DEBUG   : process class started (no child)
2017-11-23 00:45:30,648: control.pubsub.pub.0003: MainProcess                     : MainThread     : INFO    : parent stops child
2017-11-23 00:45:30,648: control.pubsub.pub.0003: MainProcess                     : MainThread     : DEBUG   : ru_finalize_parent (NOOP)
2017-11-23 00:45:31,507: control.pubsub.pub.0003: umgr.staging.input.0            : MainThread     : INFO    : parent stops child
2017-11-23 00:45:31,507: control.pubsub.pub.0003: umgr.staging.input.0            : MainThread     : DEBUG   : ru_finalize_parent (NOOP)
