2017-11-23 00:24:45,544: control.pubsub.sub.0000: update.0                        : MainThread     : INFO    : python.interpreter   version: 2.7.13 (default, Jan 19 2017, 14:48:08) [GCC 6.3.0 20170118]
2017-11-23 00:24:45,558: control.pubsub.sub.0000: update.0                        : MainThread     : INFO    :                      pid: 7796
2017-11-23 00:24:45,558: control.pubsub.sub.0000: update.0                        : MainThread     : INFO    :                      tid: MainThread
2017-11-23 00:24:45,559: control.pubsub.sub.0000: update.0                        : MainThread     : INFO    : radical.pilot        version: 0.46.2
2017-11-23 00:24:45,559: control.pubsub.sub.0000: update.0                        : MainThread     : INFO    : create control_pubsub - sub - tcp://144.76.72.175:45361
2017-11-23 00:24:45,559: control.pubsub.sub.0000: update.0                        : MainThread     : DEBUG   : start process
2017-11-23 00:24:45,559: control.pubsub.sub.0000: update.0                        : MainThread     : DEBUG   : ru_initialize_common (NOOP)
2017-11-23 00:24:45,559: control.pubsub.sub.0000: update.0                        : MainThread     : DEBUG   : ru_initialize_parent (NOOP)
2017-11-23 00:24:45,559: control.pubsub.sub.0000: update.0                        : MainThread     : DEBUG   : process class started (no child)
2017-11-23 00:24:46,109: control.pubsub.sub.0000: pmgr.launching.0                : MainThread     : INFO    : python.interpreter   version: 2.7.13 (default, Jan 19 2017, 14:48:08) [GCC 6.3.0 20170118]
2017-11-23 00:24:46,109: control.pubsub.sub.0000: pmgr.launching.0                : MainThread     : INFO    :                      pid: 7824
2017-11-23 00:24:46,109: control.pubsub.sub.0000: pmgr.launching.0                : MainThread     : INFO    :                      tid: MainThread
2017-11-23 00:24:46,110: control.pubsub.sub.0000: pmgr.launching.0                : MainThread     : INFO    : radical.pilot        version: 0.46.2
2017-11-23 00:24:46,110: control.pubsub.sub.0000: pmgr.launching.0                : MainThread     : INFO    : create control_pubsub - sub - tcp://144.76.72.175:45361
2017-11-23 00:24:46,110: control.pubsub.sub.0000: pmgr.launching.0                : MainThread     : DEBUG   : start process
2017-11-23 00:24:46,110: control.pubsub.sub.0000: pmgr.launching.0                : MainThread     : DEBUG   : ru_initialize_common (NOOP)
2017-11-23 00:24:46,110: control.pubsub.sub.0000: pmgr.launching.0                : MainThread     : DEBUG   : ru_initialize_parent (NOOP)
2017-11-23 00:24:46,110: control.pubsub.sub.0000: pmgr.launching.0                : MainThread     : DEBUG   : process class started (no child)
2017-11-23 00:24:51,370: control.pubsub.sub.0000: umgr.staging.input.0            : MainThread     : INFO    : python.interpreter   version: 2.7.13 (default, Jan 19 2017, 14:48:08) [GCC 6.3.0 20170118]
2017-11-23 00:24:51,370: control.pubsub.sub.0000: umgr.staging.input.0            : MainThread     : INFO    :                      pid: 7894
2017-11-23 00:24:51,370: control.pubsub.sub.0000: umgr.staging.input.0            : MainThread     : INFO    :                      tid: MainThread
2017-11-23 00:24:51,370: control.pubsub.sub.0000: umgr.staging.input.0            : MainThread     : INFO    : radical.pilot        version: 0.46.2
2017-11-23 00:24:51,370: control.pubsub.sub.0000: umgr.staging.input.0            : MainThread     : INFO    : create control_pubsub - sub - tcp://144.76.72.175:45361
2017-11-23 00:24:51,371: control.pubsub.sub.0000: umgr.staging.input.0            : MainThread     : DEBUG   : start process
2017-11-23 00:24:51,371: control.pubsub.sub.0000: umgr.staging.input.0            : MainThread     : DEBUG   : ru_initialize_common (NOOP)
2017-11-23 00:24:51,371: control.pubsub.sub.0000: umgr.staging.input.0            : MainThread     : DEBUG   : ru_initialize_parent (NOOP)
2017-11-23 00:24:51,371: control.pubsub.sub.0000: umgr.staging.input.0            : MainThread     : DEBUG   : process class started (no child)
2017-11-23 00:24:51,458: control.pubsub.sub.0000: umgr.staging.output.0           : MainThread     : INFO    : python.interpreter   version: 2.7.13 (default, Jan 19 2017, 14:48:08) [GCC 6.3.0 20170118]
2017-11-23 00:24:51,458: control.pubsub.sub.0000: umgr.staging.output.0           : MainThread     : INFO    :                      pid: 7914
2017-11-23 00:24:51,458: control.pubsub.sub.0000: umgr.staging.output.0           : MainThread     : INFO    :                      tid: MainThread
2017-11-23 00:24:51,458: control.pubsub.sub.0000: umgr.staging.output.0           : MainThread     : INFO    : radical.pilot        version: 0.46.2
2017-11-23 00:24:51,459: control.pubsub.sub.0000: umgr.staging.output.0           : MainThread     : INFO    : create control_pubsub - sub - tcp://144.76.72.175:45361
2017-11-23 00:24:51,459: control.pubsub.sub.0000: umgr.staging.output.0           : MainThread     : DEBUG   : start process
2017-11-23 00:24:51,459: control.pubsub.sub.0000: umgr.staging.output.0           : MainThread     : DEBUG   : ru_initialize_common (NOOP)
2017-11-23 00:24:51,459: control.pubsub.sub.0000: umgr.staging.output.0           : MainThread     : DEBUG   : ru_initialize_parent (NOOP)
2017-11-23 00:24:51,459: control.pubsub.sub.0000: umgr.staging.output.0           : MainThread     : DEBUG   : process class started (no child)
2017-11-23 00:24:51,524: control.pubsub.sub.0000: umgr.scheduling.0               : MainThread     : INFO    : python.interpreter   version: 2.7.13 (default, Jan 19 2017, 14:48:08) [GCC 6.3.0 20170118]
2017-11-23 00:24:51,524: control.pubsub.sub.0000: umgr.scheduling.0               : MainThread     : INFO    :                      pid: 7936
2017-11-23 00:24:51,524: control.pubsub.sub.0000: umgr.scheduling.0               : MainThread     : INFO    :                      tid: MainThread
2017-11-23 00:24:51,524: control.pubsub.sub.0000: umgr.scheduling.0               : MainThread     : INFO    : radical.pilot        version: 0.46.2
2017-11-23 00:24:51,524: control.pubsub.sub.0000: umgr.scheduling.0               : MainThread     : INFO    : create control_pubsub - sub - tcp://144.76.72.175:45361
2017-11-23 00:24:51,524: control.pubsub.sub.0000: umgr.scheduling.0               : MainThread     : DEBUG   : start process
2017-11-23 00:24:51,525: control.pubsub.sub.0000: umgr.scheduling.0               : MainThread     : DEBUG   : ru_initialize_common (NOOP)
2017-11-23 00:24:51,525: control.pubsub.sub.0000: umgr.scheduling.0               : MainThread     : DEBUG   : ru_initialize_parent (NOOP)
2017-11-23 00:24:51,525: control.pubsub.sub.0000: umgr.scheduling.0               : MainThread     : DEBUG   : process class started (no child)
2017-11-23 00:45:31,508: control.pubsub.sub.0000: umgr.staging.input.0            : MainThread     : INFO    : parent stops child
2017-11-23 00:45:31,508: control.pubsub.sub.0000: umgr.staging.input.0            : MainThread     : DEBUG   : ru_finalize_parent (NOOP)
2017-11-23 00:45:32,679: control.pubsub.sub.0000: umgr.staging.output.0           : MainThread     : INFO    : parent stops child
2017-11-23 00:45:32,679: control.pubsub.sub.0000: umgr.staging.output.0           : MainThread     : DEBUG   : ru_finalize_parent (NOOP)
2017-11-23 00:45:33,486: control.pubsub.sub.0000: umgr.scheduling.0               : MainThread     : INFO    : parent stops child
2017-11-23 00:45:33,486: control.pubsub.sub.0000: umgr.scheduling.0               : MainThread     : DEBUG   : ru_finalize_parent (NOOP)
2017-11-23 00:45:38,445: control.pubsub.sub.0000: pmgr.launching.0                : MainThread     : INFO    : parent stops child
2017-11-23 00:45:38,445: control.pubsub.sub.0000: pmgr.launching.0                : MainThread     : DEBUG   : ru_finalize_parent (NOOP)
2017-11-23 00:45:39,158: control.pubsub.sub.0000: update.0                        : MainThread     : INFO    : parent stops child
2017-11-23 00:45:39,158: control.pubsub.sub.0000: update.0                        : MainThread     : DEBUG   : ru_finalize_parent (NOOP)
