2017-11-23 00:24:46,087: pmgr.launching.0    : MainProcess                     : MainThread     : INFO    : python.interpreter   version: 2.7.13 (default, Jan 19 2017, 14:48:08) [GCC 6.3.0 20170118]
2017-11-23 00:24:46,087: pmgr.launching.0    : MainProcess                     : MainThread     : INFO    :                      pid: 7765
2017-11-23 00:24:46,087: pmgr.launching.0    : MainProcess                     : MainThread     : INFO    :                      tid: MainThread
2017-11-23 00:24:46,087: pmgr.launching.0    : MainProcess                     : MainThread     : INFO    : radical.pilot        version: 0.46.2
2017-11-23 00:24:46,088: pmgr.launching.0    : MainProcess                     : MainThread     : DEBUG   : alive check in term
2017-11-23 00:24:46,088: pmgr.launching.0    : MainProcess                     : MainThread     : DEBUG   : start process
2017-11-23 00:24:46,138: pmgr.launching.0    : MainProcess                     : MainThread     : INFO    : recv message: alive
2017-11-23 00:24:46,138: pmgr.launching.0    : MainProcess                     : MainThread     : INFO    : initialize pmgr.launching.0
2017-11-23 00:24:46,140: pmgr.launching.0    : MainProcess                     : MainThread     : INFO    : cfg: {'agents': {},
 u'bridges': {u'control_pubsub': {'addr_in': 'tcp://144.76.72.175:35455',
                                  'addr_out': 'tcp://144.76.72.175:45361',
                                  u'bulk_size': 0,
                                  u'log_level': u'debug',
                                  u'stall_hwm': 1},
              u'log_pubsub': {'addr_in': 'tcp://144.76.72.175:45359',
                              'addr_out': 'tcp://144.76.72.175:44467',
                              u'bulk_size': 0,
                              u'log_level': u'debug',
                              u'stall_hwm': 1},
              u'pmgr_launching_queue': {'addr_in': 'tcp://144.76.72.175:41311',
                                        'addr_out': 'tcp://144.76.72.175:44845',
                                        u'bulk_size': 0,
                                        u'log_level': u'debug',
                                        u'stall_hwm': 1},
              u'state_pubsub': {'addr_in': 'tcp://144.76.72.175:41942',
                                'addr_out': 'tcp://144.76.72.175:36772',
                                u'bulk_size': 0,
                                u'log_level': u'debug',
                                u'stall_hwm': 1}},
 'cname': u'PMGRLaunchingComponent',
 u'components': {},
 u'count': 1,
 u'db_poll_sleeptime': 1.0,
 'number': 0,
 'owner': 'pmgr.0000',
 'uid': 'pmgr.0000'}
2017-11-23 00:24:46,140: pmgr.launching.0    : MainProcess                     : MainThread     : DEBUG   : alive check in term
2017-11-23 00:24:46,140: pmgr.launching.0    : MainProcess                     : MainThread     : DEBUG   : START: pmgr.launching.0 register publisher log_pubsub
2017-11-23 00:24:46,141: pmgr.launching.0    : MainProcess                     : MainThread     : DEBUG   : using addr tcp://144.76.72.175:45359 for pubsub log_pubsub
2017-11-23 00:24:46,143: pmgr.launching.0    : MainProcess                     : MainThread     : DEBUG   : registered publisher : log_pubsub : log.pubsub.pub.0001
2017-11-23 00:24:46,143: pmgr.launching.0    : MainProcess                     : MainThread     : DEBUG   : alive check in term
2017-11-23 00:24:46,143: pmgr.launching.0    : MainProcess                     : MainThread     : DEBUG   : START: pmgr.launching.0 register publisher state_pubsub
2017-11-23 00:24:46,143: pmgr.launching.0    : MainProcess                     : MainThread     : DEBUG   : using addr tcp://144.76.72.175:41942 for pubsub state_pubsub
2017-11-23 00:24:46,145: pmgr.launching.0    : MainProcess                     : MainThread     : DEBUG   : registered publisher : state_pubsub : state.pubsub.pub.0001
2017-11-23 00:24:46,145: pmgr.launching.0    : MainProcess                     : MainThread     : DEBUG   : alive check in term
2017-11-23 00:24:46,145: pmgr.launching.0    : MainProcess                     : MainThread     : DEBUG   : START: pmgr.launching.0 register publisher control_pubsub
2017-11-23 00:24:46,145: pmgr.launching.0    : MainProcess                     : MainThread     : DEBUG   : using addr tcp://144.76.72.175:35455 for pubsub control_pubsub
2017-11-23 00:24:46,146: pmgr.launching.0    : MainProcess                     : MainThread     : DEBUG   : registered publisher : control_pubsub : control.pubsub.pub.0001
2017-11-23 00:24:46,147: pmgr.launching.0    : MainProcess                     : MainThread     : DEBUG   : parent name: pmgr.launching.0.watch
2017-11-23 00:24:46,147: pmgr.launching.0    : MainProcess                     : MainThread     : DEBUG   : start thread
2017-11-23 00:24:46,150: pmgr.launching.0    : MainProcess                     : pmgr.launching.0.watch: DEBUG   : child name: pmgr.launching.0.watch.thread
2017-11-23 00:24:46,150: pmgr.launching.0    : MainProcess                     : pmgr.launching.0.watch: INFO    : child (me) initializing
2017-11-23 00:24:46,150: pmgr.launching.0    : MainProcess                     : pmgr.launching.0.watch: DEBUG   : ru_initialize_common (NOOP)
2017-11-23 00:24:46,150: pmgr.launching.0    : MainProcess                     : pmgr.launching.0.watch: DEBUG   : ru_initialize_child (NOOP)
2017-11-23 00:24:46,150: pmgr.launching.0    : MainProcess                     : pmgr.launching.0.watch: INFO    : send alive
2017-11-23 00:24:46,150: pmgr.launching.0    : MainProcess                     : pmgr.launching.0.watch: INFO    : put message: [pmgr.launching.0.watch.thread] alive
2017-11-23 00:24:46,151: pmgr.launching.0    : MainProcess                     : MainThread     : INFO    : get msg: alive
2017-11-23 00:24:46,151: pmgr.launching.0    : MainProcess                     : MainThread     : DEBUG   : ru_initialize_common (NOOP)
2017-11-23 00:24:46,151: pmgr.launching.0    : MainProcess                     : MainThread     : DEBUG   : ru_initialize_parent (NOOP)
2017-11-23 00:24:46,151: pmgr.launching.0    : MainProcess                     : MainThread     : DEBUG   : child thread pmgr.launching.0.watch started
2017-11-23 00:24:46,151: pmgr.launching.0    : MainProcess                     : MainThread     : INFO    : child is alive
2017-11-23 00:24:46,151: pmgr.launching.0    : MainProcess                     : MainThread     : DEBUG   : process class started child
2017-11-23 00:45:37,440: pmgr.launching.0    : MainProcess                     : MainThread     : INFO    : stop pmgr.launching.0 (7765 : 7824 : MainThread) [radical.pilot.pilot_manager.PilotManager.finalize_parent]
2017-11-23 00:45:37,440: pmgr.launching.0    : MainProcess                     : MainThread     : INFO    : parent stops child
2017-11-23 00:45:37,440: pmgr.launching.0    : MainProcess                     : MainThread     : DEBUG   : ru_finalize_common()
2017-11-23 00:45:37,440: pmgr.launching.0    : MainProcess                     : MainThread     : DEBUG   : TERM : pmgr.launching.0 unregister publisher log_pubsub
2017-11-23 00:45:37,441: pmgr.launching.0    : MainProcess                     : MainThread     : DEBUG   : unregistered publisher log_pubsub
2017-11-23 00:45:37,441: pmgr.launching.0    : MainProcess                     : MainThread     : DEBUG   : TERM : pmgr.launching.0 unregister publisher state_pubsub
2017-11-23 00:45:37,441: pmgr.launching.0    : MainProcess                     : MainThread     : DEBUG   : unregistered publisher state_pubsub
2017-11-23 00:45:37,442: pmgr.launching.0    : MainProcess                     : MainThread     : DEBUG   : TERM : pmgr.launching.0 unregister publisher control_pubsub
2017-11-23 00:45:37,442: pmgr.launching.0    : MainProcess                     : MainThread     : DEBUG   : unregistered publisher control_pubsub
2017-11-23 00:45:37,442: pmgr.launching.0    : MainProcess                     : MainThread     : DEBUG   : pmgr.launching.0 close prof
2017-11-23 00:45:37,443: pmgr.launching.0    : MainProcess                     : MainThread     : INFO    : parent stops child
2017-11-23 00:45:37,443: pmgr.launching.0    : MainProcess                     : MainThread     : DEBUG   : ru_finalize_parent (NOOP)
2017-11-23 00:45:37,443: pmgr.launching.0    : MainProcess                     : MainThread     : DEBUG   : ru_finalize_common (NOOP)
2017-11-23 00:45:37,473: pmgr.launching.0    : MainProcess                     : pmgr.launching.0.watch: INFO    : watcher closes
2017-11-23 00:45:37,474: pmgr.launching.0    : MainProcess                     : pmgr.launching.0.watch: INFO    : put message: [pmgr.launching.0.watch.thread] work finished
2017-11-23 00:45:37,474: pmgr.launching.0    : MainProcess                     : pmgr.launching.0.watch: DEBUG   : ru_finalize_child (NOOP)
2017-11-23 00:45:37,474: pmgr.launching.0    : MainProcess                     : pmgr.launching.0.watch: DEBUG   : ru_finalize_common (NOOP)
2017-11-23 00:45:37,474: pmgr.launching.0    : MainProcess                     : pmgr.launching.0.watch: INFO    : put message: [pmgr.launching.0.watch.thread] terminating
2017-11-23 00:45:38,566: pmgr.launching.0    : MainProcess                     : MainThread     : INFO    : stop pmgr.launching.0 (7765 : 7824 : MainThread) [radical.pilot.utils.component.PilotManager.ru_finalize_common]
2017-11-23 00:45:41,853: pmgr.launching.0    : MainProcess                     : MainThread     : INFO    : stop pmgr.launching.0 (7765 : 7824 : MainThread) [radical.pilot.session.Session.close]
