2017-11-23 00:24:46,067: pmgr.0000           : MainProcess                     : MainThread     : INFO    : python.interpreter   version: 2.7.13 (default, Jan 19 2017, 14:48:08) [GCC 6.3.0 20170118]
2017-11-23 00:24:46,067: pmgr.0000           : MainProcess                     : MainThread     : INFO    :                      pid: 7765
2017-11-23 00:24:46,067: pmgr.0000           : MainProcess                     : MainThread     : INFO    :                      tid: MainThread
2017-11-23 00:24:46,067: pmgr.0000           : MainProcess                     : MainThread     : INFO    : radical.pilot        version: 0.46.2
2017-11-23 00:24:46,068: pmgr.0000           : MainProcess                     : MainThread     : DEBUG   : alive check in term
2017-11-23 00:24:46,068: pmgr.0000           : MainProcess                     : MainThread     : DEBUG   : start process
2017-11-23 00:24:46,068: pmgr.0000           : MainProcess                     : MainThread     : INFO    : initialize pmgr.0000
2017-11-23 00:24:46,068: pmgr.0000           : MainProcess                     : MainThread     : INFO    : cfg: {u'bridges': {u'pmgr_launching_queue': {u'bulk_size': 0,
                                        u'log_level': u'debug',
                                        u'stall_hwm': 1}},
 u'components': {u'PMGRLaunchingComponent': {u'count': 1}},
 u'db_poll_sleeptime': 1.0,
 'owner': 'pmgr.0000'}
2017-11-23 00:24:46,069: pmgr.0000           : MainProcess                     : MainThread     : DEBUG   : start bridges   : {u'pmgr_launching_queue': {u'bulk_size': 0,
                           u'log_level': u'debug',
                           u'stall_hwm': 1}}
2017-11-23 00:24:46,069: pmgr.0000           : MainProcess                     : MainThread     : INFO    : create bridge pmgr_launching_queue
2017-11-23 00:24:46,084: pmgr.0000           : MainProcess                     : MainThread     : INFO    : created bridge pmgr_launching_queue (pmgr.launching.queue.bridge.0000)
2017-11-23 00:24:46,085: pmgr.0000           : MainProcess                     : MainThread     : DEBUG   : start components: {u'PMGRLaunchingComponent': {u'count': 1}}
2017-11-23 00:24:46,085: pmgr.0000           : MainProcess                     : MainThread     : DEBUG   : start 1 component(s) PMGRLaunchingComponent
2017-11-23 00:24:46,151: pmgr.0000           : MainProcess                     : MainThread     : INFO    : pmgr.0000                      starts pmgr.launching.0
2017-11-23 00:24:46,151: pmgr.0000           : MainProcess                     : MainThread     : DEBUG   : alive check in term
2017-11-23 00:24:46,152: pmgr.0000           : MainProcess                     : MainThread     : DEBUG   : START: pmgr.0000 register publisher log_pubsub
2017-11-23 00:24:46,152: pmgr.0000           : MainProcess                     : MainThread     : DEBUG   : using addr tcp://144.76.72.175:45359 for pubsub log_pubsub
2017-11-23 00:24:46,153: pmgr.0000           : MainProcess                     : MainThread     : DEBUG   : registered publisher : log_pubsub : log.pubsub.pub.0002
2017-11-23 00:24:46,153: pmgr.0000           : MainProcess                     : MainThread     : DEBUG   : alive check in term
2017-11-23 00:24:46,153: pmgr.0000           : MainProcess                     : MainThread     : DEBUG   : START: pmgr.0000 register publisher state_pubsub
2017-11-23 00:24:46,153: pmgr.0000           : MainProcess                     : MainThread     : DEBUG   : using addr tcp://144.76.72.175:41942 for pubsub state_pubsub
2017-11-23 00:24:46,155: pmgr.0000           : MainProcess                     : MainThread     : DEBUG   : registered publisher : state_pubsub : state.pubsub.pub.0002
2017-11-23 00:24:46,155: pmgr.0000           : MainProcess                     : MainThread     : DEBUG   : alive check in term
2017-11-23 00:24:46,155: pmgr.0000           : MainProcess                     : MainThread     : DEBUG   : START: pmgr.0000 register publisher control_pubsub
2017-11-23 00:24:46,155: pmgr.0000           : MainProcess                     : MainThread     : DEBUG   : using addr tcp://144.76.72.175:35455 for pubsub control_pubsub
2017-11-23 00:24:46,157: pmgr.0000           : MainProcess                     : MainThread     : DEBUG   : registered publisher : control_pubsub : control.pubsub.pub.0002
2017-11-23 00:24:46,157: pmgr.0000           : MainProcess                     : MainThread     : DEBUG   : process class started (no child)
2017-11-23 00:24:46,157: pmgr.0000           : MainProcess                     : MainThread     : DEBUG   : START: pmgr.0000 register output PMGR_LAUNCHING_PENDING
2017-11-23 00:24:46,157: pmgr.0000           : MainProcess                     : MainThread     : DEBUG   : using addr tcp://144.76.72.175:41311 for output pmgr_launching_queue
2017-11-23 00:24:46,161: pmgr.0000           : MainProcess                     : MainThread     : DEBUG   : registered output    : PMGR_LAUNCHING_PENDING : pmgr_launching_queue : pmgr.launching.queue.input.0000
2017-11-23 00:24:46,161: pmgr.0000           : MainProcess                     : MainThread     : DEBUG   : START: pmgr.0000 register idler pmgr.0000.idler._state_pull_cb
2017-11-23 00:24:46,162: pmgr.0000           : MainProcess                     : MainThread     : DEBUG   : parent name: pmgr.0000.idler._state_pull_cb
2017-11-23 00:24:46,162: pmgr.0000           : MainProcess                     : MainThread     : DEBUG   : start thread
2017-11-23 00:24:46,162: pmgr.0000           : MainProcess                     : pmgr.0000.idler._state_pull_cb: DEBUG   : child name: pmgr.0000.idler._state_pull_cb.thread
2017-11-23 00:24:46,162: pmgr.0000           : MainProcess                     : pmgr.0000.idler._state_pull_cb: INFO    : child (me) initializing
2017-11-23 00:24:46,162: pmgr.0000           : MainProcess                     : pmgr.0000.idler._state_pull_cb: DEBUG   : ru_initialize_common (NOOP)
2017-11-23 00:24:46,162: pmgr.0000           : MainProcess                     : pmgr.0000.idler._state_pull_cb: DEBUG   : ru_initialize_child (NOOP)
2017-11-23 00:24:46,162: pmgr.0000           : MainProcess                     : pmgr.0000.idler._state_pull_cb: INFO    : send alive
2017-11-23 00:24:46,162: pmgr.0000           : MainProcess                     : pmgr.0000.idler._state_pull_cb: INFO    : put message: [pmgr.0000.idler._state_pull_cb.thread] alive
2017-11-23 00:24:46,163: pmgr.0000           : MainProcess                     : MainThread     : INFO    : get msg: alive
2017-11-23 00:24:46,163: pmgr.0000           : MainProcess                     : MainThread     : DEBUG   : ru_initialize_common (NOOP)
2017-11-23 00:24:46,163: pmgr.0000           : MainProcess                     : MainThread     : DEBUG   : ru_initialize_parent (NOOP)
2017-11-23 00:24:46,163: pmgr.0000           : MainProcess                     : MainThread     : DEBUG   : child thread pmgr.0000.idler._state_pull_cb started
2017-11-23 00:24:46,163: pmgr.0000           : MainProcess                     : MainThread     : DEBUG   : pmgr.0000 registered idler pmgr.0000.idler._state_pull_cb
2017-11-23 00:24:46,164: pmgr.0000           : MainProcess                     : MainThread     : DEBUG   : START: pmgr.0000 register subscriber pmgr.0000.subscriber._state_sub_cb
2017-11-23 00:24:46,164: pmgr.0000           : MainProcess                     : MainThread     : DEBUG   : using addr tcp://144.76.72.175:36772 for pubsub state_pubsub
2017-11-23 00:24:46,166: pmgr.0000           : MainProcess                     : MainThread     : DEBUG   : parent name: pmgr.0000.subscriber._state_sub_cb
2017-11-23 00:24:46,166: pmgr.0000           : MainProcess                     : MainThread     : DEBUG   : start thread
2017-11-23 00:24:46,166: pmgr.0000           : MainProcess                     : pmgr.0000.subscriber._state_sub_cb: DEBUG   : child name: pmgr.0000.subscriber._state_sub_cb.thread
2017-11-23 00:24:46,166: pmgr.0000           : MainProcess                     : pmgr.0000.subscriber._state_sub_cb: INFO    : child (me) initializing
2017-11-23 00:24:46,166: pmgr.0000           : MainProcess                     : pmgr.0000.subscriber._state_sub_cb: DEBUG   : ru_initialize_common (NOOP)
2017-11-23 00:24:46,166: pmgr.0000           : MainProcess                     : pmgr.0000.subscriber._state_sub_cb: DEBUG   : ru_initialize_child (NOOP)
2017-11-23 00:24:46,166: pmgr.0000           : MainProcess                     : pmgr.0000.subscriber._state_sub_cb: INFO    : send alive
2017-11-23 00:24:46,166: pmgr.0000           : MainProcess                     : pmgr.0000.subscriber._state_sub_cb: INFO    : put message: [pmgr.0000.subscriber._state_sub_cb.thread] alive
2017-11-23 00:24:46,167: pmgr.0000           : MainProcess                     : MainThread     : INFO    : get msg: alive
2017-11-23 00:24:46,167: pmgr.0000           : MainProcess                     : MainThread     : DEBUG   : ru_initialize_common (NOOP)
2017-11-23 00:24:46,167: pmgr.0000           : MainProcess                     : MainThread     : DEBUG   : ru_initialize_parent (NOOP)
2017-11-23 00:24:46,167: pmgr.0000           : MainProcess                     : MainThread     : DEBUG   : child thread pmgr.0000.subscriber._state_sub_cb started
2017-11-23 00:24:46,256: pmgr.0000           : MainProcess                     : MainThread     : DEBUG   : pmgr.0000 registered state_pubsub subscriber pmgr.0000.subscriber._state_sub_cb
2017-11-23 00:24:51,130: pmgr.0000           : MainProcess                     : MainThread     : DEBUG   : advance bulk size: 1 [False, False]
2017-11-23 00:24:51,130: pmgr.0000           : MainProcess                     : MainThread     : DEBUG   : advance bulk: pilot.0000 [1]
2017-11-23 00:24:51,224: pmgr.0000           : MainProcess                     : MainThread     : INFO    : [Callback]: pilot pilot.0000 state: PMGR_LAUNCHING_PENDING.
2017-11-23 00:24:51,224: pmgr.0000           : MainProcess                     : MainThread     : DEBUG   : advance bulk size: 1 [True, True]
2017-11-23 00:24:51,224: pmgr.0000           : MainProcess                     : MainThread     : DEBUG   : advance bulk: pilot.0000 [1]
2017-11-23 00:24:51,225: pmgr.0000           : MainProcess                     : MainThread     : DEBUG   : bucket: PMGR_LAUNCHING_PENDING : ['pilot.0000']
2017-11-23 00:24:51,225: pmgr.0000           : MainProcess                     : MainThread     : DEBUG   : put bulk PMGR_LAUNCHING_PENDING: 1
2017-11-23 00:24:51,226: pmgr.0000           : MainProcess                     : MainThread     : DEBUG   : push pilot.0000 ---> PMGR_LAUNCHING_PENDING
2017-11-23 00:24:51,229: pmgr.0000           : MainProcess                     : pmgr.0000.subscriber._state_sub_cb: INFO    : [Callback]: pilot pilot.0000 state: PMGR_LAUNCHING.
2017-11-23 00:24:51,229: pmgr.0000           : MainProcess                     : pmgr.0000.subscriber._state_sub_cb: DEBUG   : advance bulk size: 1 [False, False]
2017-11-23 00:24:51,230: pmgr.0000           : MainProcess                     : pmgr.0000.subscriber._state_sub_cb: DEBUG   : advance bulk: pilot.0000 [1]
2017-11-23 00:25:09,701: pmgr.0000           : MainProcess                     : pmgr.0000.subscriber._state_sub_cb: INFO    : [Callback]: pilot pilot.0000 state: PMGR_ACTIVE_PENDING.
2017-11-23 00:25:09,701: pmgr.0000           : MainProcess                     : pmgr.0000.subscriber._state_sub_cb: DEBUG   : advance bulk size: 1 [False, False]
2017-11-23 00:25:09,702: pmgr.0000           : MainProcess                     : pmgr.0000.subscriber._state_sub_cb: DEBUG   : advance bulk: pilot.0000 [1]
2017-11-23 00:25:42,462: pmgr.0000           : MainProcess                     : pmgr.0000.idler._state_pull_cb: INFO    : [Callback]: pilot pilot.0000 state: PMGR_ACTIVE.
2017-11-23 00:25:42,462: pmgr.0000           : MainProcess                     : pmgr.0000.idler._state_pull_cb: DEBUG   : advance bulk size: 1 [False, True]
2017-11-23 00:25:42,462: pmgr.0000           : MainProcess                     : pmgr.0000.idler._state_pull_cb: DEBUG   : advance bulk: pilot.0000 [1]
2017-11-23 00:25:42,462: pmgr.0000           : MainProcess                     : pmgr.0000.idler._state_pull_cb: INFO    : pilot pilot.0000 is PMGR_ACTIVE: None [None]
2017-11-23 00:45:30,483: pmgr.0000           : MainProcess                     : pmgr.0000.subscriber._state_sub_cb: INFO    : [Callback]: pilot pilot.0000 state: CANCELED.
2017-11-23 00:45:30,484: pmgr.0000           : MainProcess                     : pmgr.0000.subscriber._state_sub_cb: DEBUG   : advance bulk size: 1 [False, False]
2017-11-23 00:45:30,485: pmgr.0000           : MainProcess                     : pmgr.0000.subscriber._state_sub_cb: DEBUG   : advance bulk: pilot.0000 [1]
2017-11-23 00:45:37,439: pmgr.0000           : MainProcess                     : MainThread     : INFO    : stop pmgr.0000 (7765 : None : MainThread) [radical.pilot.pilot_manager.PilotManager.close]
2017-11-23 00:45:37,439: pmgr.0000           : MainProcess                     : MainThread     : INFO    : parent stops child
2017-11-23 00:45:37,578: pmgr.0000           : MainProcess                     : pmgr.0000.idler._state_pull_cb: INFO    : put message: [pmgr.0000.idler._state_pull_cb.thread] work finished
2017-11-23 00:45:37,578: pmgr.0000           : MainProcess                     : pmgr.0000.idler._state_pull_cb: DEBUG   : ru_finalize_child (NOOP)
2017-11-23 00:45:37,578: pmgr.0000           : MainProcess                     : pmgr.0000.idler._state_pull_cb: DEBUG   : ru_finalize_common (NOOP)
2017-11-23 00:45:37,578: pmgr.0000           : MainProcess                     : pmgr.0000.idler._state_pull_cb: INFO    : put message: [pmgr.0000.idler._state_pull_cb.thread] terminating
2017-11-23 00:45:38,134: pmgr.0000           : MainProcess                     : pmgr.0000.subscriber._state_sub_cb: INFO    : put message: [pmgr.0000.subscriber._state_sub_cb.thread] work finished
2017-11-23 00:45:38,135: pmgr.0000           : MainProcess                     : pmgr.0000.subscriber._state_sub_cb: DEBUG   : ru_finalize_child (NOOP)
2017-11-23 00:45:38,135: pmgr.0000           : MainProcess                     : pmgr.0000.subscriber._state_sub_cb: INFO    : put message: [pmgr.0000.subscriber._state_sub_cb.thread] terminating
2017-11-23 00:45:38,562: pmgr.0000           : MainProcess                     : MainThread     : DEBUG   : ru_finalize_common()
2017-11-23 00:45:38,562: pmgr.0000           : MainProcess                     : MainThread     : DEBUG   : TERM : pmgr.0000 unregister publisher log_pubsub
2017-11-23 00:45:38,563: pmgr.0000           : MainProcess                     : MainThread     : DEBUG   : unregistered publisher log_pubsub
2017-11-23 00:45:38,563: pmgr.0000           : MainProcess                     : MainThread     : DEBUG   : TERM : pmgr.0000 unregister publisher state_pubsub
2017-11-23 00:45:38,564: pmgr.0000           : MainProcess                     : MainThread     : DEBUG   : unregistered publisher state_pubsub
2017-11-23 00:45:38,564: pmgr.0000           : MainProcess                     : MainThread     : DEBUG   : TERM : pmgr.0000 unregister publisher control_pubsub
2017-11-23 00:45:38,565: pmgr.0000           : MainProcess                     : MainThread     : DEBUG   : unregistered publisher control_pubsub
2017-11-23 00:45:38,565: pmgr.0000           : MainProcess                     : MainThread     : DEBUG   : pmgr.0000 close prof
2017-11-23 00:45:38,566: pmgr.0000           : MainProcess                     : MainThread     : INFO    : parent stops child
2017-11-23 00:45:38,566: pmgr.0000           : MainProcess                     : MainThread     : DEBUG   : ru_finalize_parent (NOOP)
2017-11-23 00:45:38,567: pmgr.0000           : MainProcess                     : MainThread     : INFO    : parent stops child
2017-11-23 00:45:38,567: pmgr.0000           : MainProcess                     : MainThread     : DEBUG   : ru_finalize_parent (NOOP)
2017-11-23 00:45:38,567: pmgr.0000           : MainProcess                     : MainThread     : DEBUG   : ru_finalize_common (NOOP)
2017-11-23 00:45:38,567: pmgr.0000           : MainProcess                     : MainThread     : INFO    : Closed PilotManager pmgr.0000.
2017-11-23 00:45:41,853: pmgr.0000           : MainProcess                     : MainThread     : INFO    : stop pmgr.0000 (7765 : None : MainThread) [radical.pilot.session.Session.close]
2017-11-23 00:45:41,853: pmgr.0000           : MainProcess                     : MainThread     : INFO    : parent stops child
2017-11-23 00:45:41,853: pmgr.0000           : MainProcess                     : MainThread     : INFO    : parent stops child
