2017-11-23 00:24:44,343: rp.session.one.george.017492.0015: MainProcess                     : MainThread     : INFO    : python.interpreter   version: 2.7.13 (default, Jan 19 2017, 14:48:08) [GCC 6.3.0 20170118]
2017-11-23 00:24:44,343: rp.session.one.george.017492.0015: MainProcess                     : MainThread     : INFO    :                      pid: 7765
2017-11-23 00:24:44,343: rp.session.one.george.017492.0015: MainProcess                     : MainThread     : INFO    :                      tid: MainThread
2017-11-23 00:24:44,343: rp.session.one.george.017492.0015: MainProcess                     : MainThread     : INFO    : radical.pilot        version: 0.46.2
2017-11-23 00:24:44,343: rp.session.one.george.017492.0015: MainProcess                     : MainThread     : INFO    : using database mongodb://giorgos:giorgos7@ds035385.mongolab.com:35385/giorgos-radical
2017-11-23 00:24:44,344: rp.session.one.george.017492.0015: MainProcess                     : MainThread     : INFO    : Load resource configurations from /home/george/Stream_ve/local/lib/python2.7/site-packages/radical/pilot/configs/resource_stfc.json
2017-11-23 00:24:44,346: rp.session.one.george.017492.0015: MainProcess                     : MainThread     : INFO    : Load resource configurations for stfc.joule_runjob
2017-11-23 00:24:44,346: rp.session.one.george.017492.0015: MainProcess                     : MainThread     : INFO    : Load resource configurations from /home/george/Stream_ve/local/lib/python2.7/site-packages/radical/pilot/configs/resource_rice.json
2017-11-23 00:24:44,349: rp.session.one.george.017492.0015: MainProcess                     : MainThread     : INFO    : Load resource configurations for rice.davinci_ssh
2017-11-23 00:24:44,350: rp.session.one.george.017492.0015: MainProcess                     : MainThread     : INFO    : Load resource configurations for rice.biou_ssh
2017-11-23 00:24:44,350: rp.session.one.george.017492.0015: MainProcess                     : MainThread     : INFO    : Load resource configurations from /home/george/Stream_ve/local/lib/python2.7/site-packages/radical/pilot/configs/resource_xsede.json
2017-11-23 00:24:44,386: rp.session.one.george.017492.0015: MainProcess                     : MainThread     : INFO    : Load resource configurations for xsede.stampede2_ssh
2017-11-23 00:24:44,387: rp.session.one.george.017492.0015: MainProcess                     : MainThread     : INFO    : Load resource configurations for xsede.wrangler_spark
2017-11-23 00:24:44,387: rp.session.one.george.017492.0015: MainProcess                     : MainThread     : INFO    : Load resource configurations for xsede.stampede_yarn
2017-11-23 00:24:44,388: rp.session.one.george.017492.0015: MainProcess                     : MainThread     : INFO    : Load resource configurations for xsede.gordon_ssh
2017-11-23 00:24:44,388: rp.session.one.george.017492.0015: MainProcess                     : MainThread     : INFO    : Load resource configurations for xsede.stampede_ssh
2017-11-23 00:24:44,388: rp.session.one.george.017492.0015: MainProcess                     : MainThread     : INFO    : Load resource configurations for xsede.lonestar_ssh
2017-11-23 00:24:44,389: rp.session.one.george.017492.0015: MainProcess                     : MainThread     : INFO    : Load resource configurations for xsede.supermic_spark
2017-11-23 00:24:44,389: rp.session.one.george.017492.0015: MainProcess                     : MainThread     : INFO    : Load resource configurations for xsede.wrangler_ssh
2017-11-23 00:24:44,389: rp.session.one.george.017492.0015: MainProcess                     : MainThread     : INFO    : Load resource configurations for xsede.wrangler_yarn
2017-11-23 00:24:44,390: rp.session.one.george.017492.0015: MainProcess                     : MainThread     : INFO    : Load resource configurations for xsede.bridges
2017-11-23 00:24:44,390: rp.session.one.george.017492.0015: MainProcess                     : MainThread     : INFO    : Load resource configurations for xsede.supermic_ssh
2017-11-23 00:24:44,391: rp.session.one.george.017492.0015: MainProcess                     : MainThread     : INFO    : Load resource configurations for xsede.stampede_orte
2017-11-23 00:24:44,391: rp.session.one.george.017492.0015: MainProcess                     : MainThread     : INFO    : Load resource configurations for xsede.greenfield
2017-11-23 00:24:44,391: rp.session.one.george.017492.0015: MainProcess                     : MainThread     : INFO    : Load resource configurations for xsede.comet_spark
2017-11-23 00:24:44,392: rp.session.one.george.017492.0015: MainProcess                     : MainThread     : INFO    : Load resource configurations for xsede.trestles_ssh
2017-11-23 00:24:44,392: rp.session.one.george.017492.0015: MainProcess                     : MainThread     : INFO    : Load resource configurations for xsede.comet_ssh
2017-11-23 00:24:44,393: rp.session.one.george.017492.0015: MainProcess                     : MainThread     : INFO    : Load resource configurations for xsede.stampede_spark
2017-11-23 00:24:44,393: rp.session.one.george.017492.0015: MainProcess                     : MainThread     : INFO    : Load resource configurations for xsede.comet_orte
2017-11-23 00:24:44,393: rp.session.one.george.017492.0015: MainProcess                     : MainThread     : INFO    : Load resource configurations for xsede.comet_ortelib
2017-11-23 00:24:44,394: rp.session.one.george.017492.0015: MainProcess                     : MainThread     : INFO    : Load resource configurations for xsede.blacklight_ssh
2017-11-23 00:24:44,394: rp.session.one.george.017492.0015: MainProcess                     : MainThread     : INFO    : Load resource configurations for xsede.stampede_ortelib
2017-11-23 00:24:44,395: rp.session.one.george.017492.0015: MainProcess                     : MainThread     : INFO    : Load resource configurations from /home/george/Stream_ve/local/lib/python2.7/site-packages/radical/pilot/configs/resource_epsrc.json
2017-11-23 00:24:44,398: rp.session.one.george.017492.0015: MainProcess                     : MainThread     : INFO    : Load resource configurations for epsrc.archer_orte
2017-11-23 00:24:44,398: rp.session.one.george.017492.0015: MainProcess                     : MainThread     : INFO    : Load resource configurations for epsrc.archer_aprun
2017-11-23 00:24:44,399: rp.session.one.george.017492.0015: MainProcess                     : MainThread     : INFO    : Load resource configurations from /home/george/Stream_ve/local/lib/python2.7/site-packages/radical/pilot/configs/resource_lrz.json
2017-11-23 00:24:44,400: rp.session.one.george.017492.0015: MainProcess                     : MainThread     : INFO    : Load resource configurations for lrz.supermuc_ssh
2017-11-23 00:24:44,401: rp.session.one.george.017492.0015: MainProcess                     : MainThread     : INFO    : Load resource configurations from /home/george/Stream_ve/local/lib/python2.7/site-packages/radical/pilot/configs/resource_das4.json
2017-11-23 00:24:44,402: rp.session.one.george.017492.0015: MainProcess                     : MainThread     : INFO    : Load resource configurations for das4.fs2_ssh
2017-11-23 00:24:44,403: rp.session.one.george.017492.0015: MainProcess                     : MainThread     : INFO    : Load resource configurations from /home/george/Stream_ve/local/lib/python2.7/site-packages/radical/pilot/configs/resource_radical.json
2017-11-23 00:24:44,407: rp.session.one.george.017492.0015: MainProcess                     : MainThread     : INFO    : Load resource configurations for radical.two
2017-11-23 00:24:44,407: rp.session.one.george.017492.0015: MainProcess                     : MainThread     : INFO    : Load resource configurations for radical.tutorial
2017-11-23 00:24:44,407: rp.session.one.george.017492.0015: MainProcess                     : MainThread     : INFO    : Load resource configurations for radical.one
2017-11-23 00:24:44,408: rp.session.one.george.017492.0015: MainProcess                     : MainThread     : INFO    : Load resource configurations from /home/george/Stream_ve/local/lib/python2.7/site-packages/radical/pilot/configs/resource_osg.json
2017-11-23 00:24:44,411: rp.session.one.george.017492.0015: MainProcess                     : MainThread     : INFO    : Load resource configurations for osg.xsede-virt-clust
2017-11-23 00:24:44,411: rp.session.one.george.017492.0015: MainProcess                     : MainThread     : INFO    : Load resource configurations for osg.connect
2017-11-23 00:24:44,412: rp.session.one.george.017492.0015: MainProcess                     : MainThread     : INFO    : Load resource configurations from /home/george/Stream_ve/local/lib/python2.7/site-packages/radical/pilot/configs/resource_yale.json
2017-11-23 00:24:44,413: rp.session.one.george.017492.0015: MainProcess                     : MainThread     : INFO    : Load resource configurations for yale.grace_ssh
2017-11-23 00:24:44,413: rp.session.one.george.017492.0015: MainProcess                     : MainThread     : INFO    : Load resource configurations from /home/george/Stream_ve/local/lib/python2.7/site-packages/radical/pilot/configs/resource_futuregrid.json
2017-11-23 00:24:44,421: rp.session.one.george.017492.0015: MainProcess                     : MainThread     : INFO    : Load resource configurations for futuregrid.delta_ssh
2017-11-23 00:24:44,421: rp.session.one.george.017492.0015: MainProcess                     : MainThread     : INFO    : Load resource configurations for futuregrid.india_ssh
2017-11-23 00:24:44,421: rp.session.one.george.017492.0015: MainProcess                     : MainThread     : INFO    : Load resource configurations for futuregrid.echo_ssh
2017-11-23 00:24:44,422: rp.session.one.george.017492.0015: MainProcess                     : MainThread     : INFO    : Load resource configurations for futuregrid.xray_ccm
2017-11-23 00:24:44,422: rp.session.one.george.017492.0015: MainProcess                     : MainThread     : INFO    : Load resource configurations for futuregrid.bravo_ssh
2017-11-23 00:24:44,422: rp.session.one.george.017492.0015: MainProcess                     : MainThread     : INFO    : Load resource configurations for futuregrid.xray_aprun
2017-11-23 00:24:44,423: rp.session.one.george.017492.0015: MainProcess                     : MainThread     : INFO    : Load resource configurations from /home/george/Stream_ve/local/lib/python2.7/site-packages/radical/pilot/configs/resource_lumc.json
2017-11-23 00:24:44,426: rp.session.one.george.017492.0015: MainProcess                     : MainThread     : INFO    : Load resource configurations for lumc.gb-ui_ssh
2017-11-23 00:24:44,426: rp.session.one.george.017492.0015: MainProcess                     : MainThread     : INFO    : Load resource configurations for lumc.shark_ssh
2017-11-23 00:24:44,426: rp.session.one.george.017492.0015: MainProcess                     : MainThread     : INFO    : Load resource configurations from /home/george/Stream_ve/local/lib/python2.7/site-packages/radical/pilot/configs/resource_local.json
2017-11-23 00:24:44,435: rp.session.one.george.017492.0015: MainProcess                     : MainThread     : INFO    : Load resource configurations for local.localhost_orte
2017-11-23 00:24:44,435: rp.session.one.george.017492.0015: MainProcess                     : MainThread     : INFO    : Load resource configurations for local.localhost_anaconda
2017-11-23 00:24:44,435: rp.session.one.george.017492.0015: MainProcess                     : MainThread     : INFO    : Load resource configurations for local.localhost_ortelib
2017-11-23 00:24:44,435: rp.session.one.george.017492.0015: MainProcess                     : MainThread     : INFO    : Load resource configurations for local.localhost
2017-11-23 00:24:44,436: rp.session.one.george.017492.0015: MainProcess                     : MainThread     : INFO    : Load resource configurations for local.localhost_spark
2017-11-23 00:24:44,436: rp.session.one.george.017492.0015: MainProcess                     : MainThread     : INFO    : Load resource configurations for local.localhost_spark_anaconda
2017-11-23 00:24:44,436: rp.session.one.george.017492.0015: MainProcess                     : MainThread     : INFO    : Load resource configurations for local.localhost_yarn
2017-11-23 00:24:44,437: rp.session.one.george.017492.0015: MainProcess                     : MainThread     : INFO    : Load resource configurations from /home/george/Stream_ve/local/lib/python2.7/site-packages/radical/pilot/configs/resource_fub.json
2017-11-23 00:24:44,438: rp.session.one.george.017492.0015: MainProcess                     : MainThread     : INFO    : Load resource configurations for fub.allegro_rsh
2017-11-23 00:24:44,438: rp.session.one.george.017492.0015: MainProcess                     : MainThread     : INFO    : Load resource configurations from /home/george/Stream_ve/local/lib/python2.7/site-packages/radical/pilot/configs/resource_iu.json
2017-11-23 00:24:44,441: rp.session.one.george.017492.0015: MainProcess                     : MainThread     : INFO    : Load resource configurations for iu.bigred2_ccm_ssh
2017-11-23 00:24:44,441: rp.session.one.george.017492.0015: MainProcess                     : MainThread     : INFO    : Load resource configurations for iu.bigred2_aprun
2017-11-23 00:24:44,442: rp.session.one.george.017492.0015: MainProcess                     : MainThread     : INFO    : Load resource configurations from /home/george/Stream_ve/local/lib/python2.7/site-packages/radical/pilot/configs/resource_ornl.json
2017-11-23 00:24:44,446: rp.session.one.george.017492.0015: MainProcess                     : MainThread     : INFO    : Load resource configurations for ornl.titan_orte
2017-11-23 00:24:44,447: rp.session.one.george.017492.0015: MainProcess                     : MainThread     : INFO    : Load resource configurations for ornl.titan_aprun
2017-11-23 00:24:44,447: rp.session.one.george.017492.0015: MainProcess                     : MainThread     : INFO    : Load resource configurations for ornl.titan_ortelib
2017-11-23 00:24:44,447: rp.session.one.george.017492.0015: MainProcess                     : MainThread     : INFO    : Load resource configurations from /home/george/Stream_ve/local/lib/python2.7/site-packages/radical/pilot/configs/resource_nersc.json
2017-11-23 00:24:44,455: rp.session.one.george.017492.0015: MainProcess                     : MainThread     : INFO    : Load resource configurations for nersc.edison_ccm_ssh
2017-11-23 00:24:44,456: rp.session.one.george.017492.0015: MainProcess                     : MainThread     : INFO    : Load resource configurations for nersc.hopper_orte
2017-11-23 00:24:44,456: rp.session.one.george.017492.0015: MainProcess                     : MainThread     : INFO    : Load resource configurations for nersc.hopper_ccm_ssh
2017-11-23 00:24:44,456: rp.session.one.george.017492.0015: MainProcess                     : MainThread     : INFO    : Load resource configurations for nersc.edison_aprun
2017-11-23 00:24:44,457: rp.session.one.george.017492.0015: MainProcess                     : MainThread     : INFO    : Load resource configurations for nersc.hopper_aprun
2017-11-23 00:24:44,457: rp.session.one.george.017492.0015: MainProcess                     : MainThread     : INFO    : Load resource configurations for nersc.edison_orte
2017-11-23 00:24:44,457: rp.session.one.george.017492.0015: MainProcess                     : MainThread     : INFO    : Load resource configurations from /home/george/Stream_ve/local/lib/python2.7/site-packages/radical/pilot/configs/resource_chameleon.json
2017-11-23 00:24:44,459: rp.session.one.george.017492.0015: MainProcess                     : MainThread     : INFO    : Load resource configurations for chameleon.cloud_vm_yarn
2017-11-23 00:24:44,459: rp.session.one.george.017492.0015: MainProcess                     : MainThread     : INFO    : Load resource configurations from /home/george/Stream_ve/local/lib/python2.7/site-packages/radical/pilot/configs/resource_ncar.json
2017-11-23 00:24:44,460: rp.session.one.george.017492.0015: MainProcess                     : MainThread     : INFO    : Load resource configurations for ncar.yellowstone_ssh
2017-11-23 00:24:44,460: rp.session.one.george.017492.0015: MainProcess                     : MainThread     : INFO    : Load resource configurations from /home/george/Stream_ve/local/lib/python2.7/site-packages/radical/pilot/configs/resource_ncsa.json
2017-11-23 00:24:44,467: rp.session.one.george.017492.0015: MainProcess                     : MainThread     : INFO    : Load resource configurations for ncsa.bw_orte
2017-11-23 00:24:44,467: rp.session.one.george.017492.0015: MainProcess                     : MainThread     : INFO    : Load resource configurations for ncsa.bw_ccm_ssh
2017-11-23 00:24:44,467: rp.session.one.george.017492.0015: MainProcess                     : MainThread     : INFO    : Load resource configurations for ncsa.bw_ortelib
2017-11-23 00:24:44,468: rp.session.one.george.017492.0015: MainProcess                     : MainThread     : INFO    : Load resource configurations for ncsa.bw_aprun
2017-11-23 00:24:44,468: rp.session.one.george.017492.0015: MainProcess                     : MainThread     : INFO    : Load resource configurations for ncsa.bw_local_orte
2017-11-23 00:24:44,468: rp.session.one.george.017492.0015: MainProcess                     : MainThread     : INFO    : Load resource configurations from /home/george/Stream_ve/local/lib/python2.7/site-packages/radical/pilot/configs/resource_aliases.json
2017-11-23 00:24:44,469: rp.session.one.george.017492.0015: MainProcess                     : MainThread     : INFO    : Load resource configurations from /home/george/Stream_ve/local/lib/python2.7/site-packages/radical/pilot/configs/resource_das5.json
2017-11-23 00:24:44,470: rp.session.one.george.017492.0015: MainProcess                     : MainThread     : INFO    : Load resource configurations for das5.fs1_ssh
2017-11-23 00:24:45,476: rp.session.one.george.017492.0015: MainProcess                     : MainThread     : INFO    : New Session created: rp.session.one.george.017492.0015.
2017-11-23 00:24:45,477: rp.session.one.george.017492.0015: MainProcess                     : MainThread     : DEBUG   : start bridges   : {u'control_pubsub': {u'bulk_size': 0, u'log_level': u'debug', u'stall_hwm': 1},
 u'log_pubsub': {u'bulk_size': 0, u'log_level': u'debug', u'stall_hwm': 1},
 u'state_pubsub': {u'bulk_size': 0, u'log_level': u'debug', u'stall_hwm': 1}}
2017-11-23 00:24:45,477: rp.session.one.george.017492.0015: MainProcess                     : MainThread     : INFO    : create bridge control_pubsub
2017-11-23 00:24:45,496: rp.session.one.george.017492.0015: MainProcess                     : MainThread     : INFO    : created bridge control_pubsub (control.pubsub.bridge.0000)
2017-11-23 00:24:45,496: rp.session.one.george.017492.0015: MainProcess                     : MainThread     : INFO    : create bridge state_pubsub
2017-11-23 00:24:45,512: rp.session.one.george.017492.0015: MainProcess                     : MainThread     : INFO    : created bridge state_pubsub (state.pubsub.bridge.0000)
2017-11-23 00:24:45,512: rp.session.one.george.017492.0015: MainProcess                     : MainThread     : INFO    : create bridge log_pubsub
2017-11-23 00:24:45,527: rp.session.one.george.017492.0015: MainProcess                     : MainThread     : INFO    : created bridge log_pubsub (log.pubsub.bridge.0000)
2017-11-23 00:24:45,528: rp.session.one.george.017492.0015: MainProcess                     : MainThread     : DEBUG   : start components: {u'UpdateWorker': {u'count': 1}}
2017-11-23 00:24:45,528: rp.session.one.george.017492.0015: MainProcess                     : MainThread     : DEBUG   : start 1 component(s) UpdateWorker
2017-11-23 00:24:46,066: rp.session.one.george.017492.0015: MainProcess                     : MainThread     : INFO    : rp.session.one.george.017492.0015 starts update.0
2017-11-23 00:24:46,352: rp.session.one.george.017492.0015: MainProcess                     : MainThread     : WARNING : using alias 'xsede.wrangler_ssh' for deprecated resource key 'xsede.wrangler'
2017-11-23 00:24:46,352: rp.session.one.george.017492.0015: MainProcess                     : MainThread     : DEBUG   : rsup.PTYShell('gsissh://wrangler.tacc.utexas.edu:2222/')
2017-11-23 00:24:51,028: rp.session.one.george.017492.0015: MainProcess                     : MainThread     : DEBUG   : sandbox base gsissh://wrangler.tacc.utexas.edu:2222/: '/work/03662/tg829618/wrangler'
2017-11-23 00:24:51,224: rp.session.one.george.017492.0015: MainProcess                     : MainThread     : DEBUG   : bulk pilot insert result: {'nModified': 0, 'nUpserted': 0, 'nMatched': 0, 'writeErrors': [], 'upserted': [], 'writeConcernErrors': [], 'nRemoved': 0, 'nInserted': 1}
2017-11-23 00:24:51,228: rp.session.one.george.017492.0015: pmgr.launching.0                : MainThread     : WARNING : using alias 'xsede.wrangler_ssh' for deprecated resource key 'xsede.wrangler'
2017-11-23 00:24:51,231: rp.session.one.george.017492.0015: pmgr.launching.0                : MainThread     : WARNING : using alias 'xsede.wrangler_ssh' for deprecated resource key 'xsede.wrangler'
2017-11-23 00:24:51,232: rp.session.one.george.017492.0015: pmgr.launching.0                : MainThread     : DEBUG   : rsup.PTYShell('gsissh://wrangler.tacc.utexas.edu:2222/')
2017-11-23 00:24:51,962: rp.session.one.george.017492.0015: MainProcess                     : MainThread     : DEBUG   : bulk unit insert result: {'nModified': 0, 'nUpserted': 0, 'nMatched': 0, 'writeErrors': [], 'upserted': [], 'writeConcernErrors': [], 'nRemoved': 0, 'nInserted': 1}
2017-11-23 00:24:52,079: rp.session.one.george.017492.0015: MainProcess                     : MainThread     : DEBUG   : bulk unit insert result: {'nModified': 0, 'nUpserted': 0, 'nMatched': 0, 'writeErrors': [], 'upserted': [], 'writeConcernErrors': [], 'nRemoved': 0, 'nInserted': 3}
2017-11-23 00:24:52,916: rp.session.one.george.017492.0015: pmgr.launching.0                : MainThread     : DEBUG   : sandbox base gsissh://wrangler.tacc.utexas.edu:2222/: '/work/03662/tg829618/wrangler'
2017-11-23 00:45:30,580: rp.session.one.george.017492.0015: MainProcess                     : MainThread     : DEBUG   : session rp.session.one.george.017492.0015 closing
2017-11-23 00:45:30,581: rp.session.one.george.017492.0015: MainProcess                     : MainThread     : DEBUG   : session rp.session.one.george.017492.0015 closes umgr   umgr.0000
2017-11-23 00:45:37,437: rp.session.one.george.017492.0015: MainProcess                     : MainThread     : DEBUG   : session rp.session.one.george.017492.0015 closed umgr   umgr.0000
2017-11-23 00:45:37,437: rp.session.one.george.017492.0015: MainProcess                     : MainThread     : DEBUG   : session rp.session.one.george.017492.0015 closes pmgr   pmgr.0000
2017-11-23 00:45:38,567: rp.session.one.george.017492.0015: MainProcess                     : MainThread     : DEBUG   : session rp.session.one.george.017492.0015 closed pmgr   pmgr.0000
2017-11-23 00:45:38,567: rp.session.one.george.017492.0015: MainProcess                     : MainThread     : DEBUG   : session rp.session.one.george.017492.0015 closes comp   update.0
2017-11-23 00:45:39,194: rp.session.one.george.017492.0015: MainProcess                     : MainThread     : DEBUG   : session rp.session.one.george.017492.0015 closed comp   update.0
2017-11-23 00:45:39,194: rp.session.one.george.017492.0015: MainProcess                     : MainThread     : DEBUG   : session rp.session.one.george.017492.0015 closes bridge control.pubsub.bridge.0000
2017-11-23 00:45:40,192: rp.session.one.george.017492.0015: MainProcess                     : MainThread     : DEBUG   : session rp.session.one.george.017492.0015 closed bridge control.pubsub.bridge.0000
2017-11-23 00:45:40,192: rp.session.one.george.017492.0015: MainProcess                     : MainThread     : DEBUG   : session rp.session.one.george.017492.0015 closes bridge state.pubsub.bridge.0000
2017-11-23 00:45:41,172: rp.session.one.george.017492.0015: MainProcess                     : MainThread     : DEBUG   : session rp.session.one.george.017492.0015 closed bridge state.pubsub.bridge.0000
2017-11-23 00:45:41,172: rp.session.one.george.017492.0015: MainProcess                     : MainThread     : DEBUG   : session rp.session.one.george.017492.0015 closes bridge log.pubsub.bridge.0000
2017-11-23 00:45:41,851: rp.session.one.george.017492.0015: MainProcess                     : MainThread     : DEBUG   : session rp.session.one.george.017492.0015 closed bridge log.pubsub.bridge.0000
2017-11-23 00:45:41,851: rp.session.one.george.017492.0015: MainProcess                     : MainThread     : DEBUG   : session rp.session.one.george.017492.0015 closes db (False)
2017-11-23 00:45:41,851: rp.session.one.george.017492.0015: MainProcess                     : MainThread     : DEBUG   : session rp.session.one.george.017492.0015 closed (delete=False)
