2017-11-23 00:24:46,042: state.pubsub.sub.0000: update.0                        : MainThread     : INFO    : python.interpreter   version: 2.7.13 (default, Jan 19 2017, 14:48:08) [GCC 6.3.0 20170118]
2017-11-23 00:24:46,042: state.pubsub.sub.0000: update.0                        : MainThread     : INFO    :                      pid: 7796
2017-11-23 00:24:46,042: state.pubsub.sub.0000: update.0                        : MainThread     : INFO    :                      tid: MainThread
2017-11-23 00:24:46,042: state.pubsub.sub.0000: update.0                        : MainThread     : INFO    : radical.pilot        version: 0.46.2
2017-11-23 00:24:46,043: state.pubsub.sub.0000: update.0                        : MainThread     : INFO    : create state_pubsub - sub - tcp://144.76.72.175:36772
2017-11-23 00:24:46,043: state.pubsub.sub.0000: update.0                        : MainThread     : DEBUG   : start process
2017-11-23 00:24:46,043: state.pubsub.sub.0000: update.0                        : MainThread     : DEBUG   : ru_initialize_common (NOOP)
2017-11-23 00:24:46,043: state.pubsub.sub.0000: update.0                        : MainThread     : DEBUG   : ru_initialize_parent (NOOP)
2017-11-23 00:24:46,044: state.pubsub.sub.0000: update.0                        : MainThread     : DEBUG   : process class started (no child)
2017-11-23 00:24:46,164: state.pubsub.sub.0000: MainProcess                     : MainThread     : INFO    : python.interpreter   version: 2.7.13 (default, Jan 19 2017, 14:48:08) [GCC 6.3.0 20170118]
2017-11-23 00:24:46,165: state.pubsub.sub.0000: MainProcess                     : MainThread     : INFO    :                      pid: 7765
2017-11-23 00:24:46,165: state.pubsub.sub.0000: MainProcess                     : MainThread     : INFO    :                      tid: MainThread
2017-11-23 00:24:46,165: state.pubsub.sub.0000: MainProcess                     : MainThread     : INFO    : radical.pilot        version: 0.46.2
2017-11-23 00:24:46,165: state.pubsub.sub.0000: MainProcess                     : MainThread     : INFO    : create state_pubsub - sub - tcp://144.76.72.175:36772
2017-11-23 00:24:46,165: state.pubsub.sub.0000: MainProcess                     : MainThread     : DEBUG   : start process
2017-11-23 00:24:46,165: state.pubsub.sub.0000: MainProcess                     : MainThread     : DEBUG   : ru_initialize_common (NOOP)
2017-11-23 00:24:46,165: state.pubsub.sub.0000: MainProcess                     : MainThread     : DEBUG   : ru_initialize_parent (NOOP)
2017-11-23 00:24:46,165: state.pubsub.sub.0000: MainProcess                     : MainThread     : DEBUG   : process class started (no child)
2017-11-23 00:45:38,135: state.pubsub.sub.0000: MainProcess                     : pmgr.0000.subscriber._state_sub_cb: INFO    : parent stops child
2017-11-23 00:45:38,135: state.pubsub.sub.0000: MainProcess                     : pmgr.0000.subscriber._state_sub_cb: DEBUG   : ru_finalize_parent (NOOP)
2017-11-23 00:45:39,162: state.pubsub.sub.0000: update.0                        : MainThread     : INFO    : parent stops child
2017-11-23 00:45:39,162: state.pubsub.sub.0000: update.0                        : MainThread     : DEBUG   : ru_finalize_parent (NOOP)
