2017-11-23 00:24:51,284: umgr.staging.output.queue.bridge.0000: MainProcess                     : MainThread     : INFO    : python.interpreter   version: 2.7.13 (default, Jan 19 2017, 14:48:08) [GCC 6.3.0 20170118]
2017-11-23 00:24:51,284: umgr.staging.output.queue.bridge.0000: MainProcess                     : MainThread     : INFO    :                      pid: 7765
2017-11-23 00:24:51,284: umgr.staging.output.queue.bridge.0000: MainProcess                     : MainThread     : INFO    :                      tid: MainThread
2017-11-23 00:24:51,284: umgr.staging.output.queue.bridge.0000: MainProcess                     : MainThread     : INFO    : radical.pilot        version: 0.46.2
2017-11-23 00:24:51,285: umgr.staging.output.queue.bridge.0000: MainProcess                     : MainThread     : INFO    : create umgr_staging_output_queue - bridge - tcp://*:*
2017-11-23 00:24:51,285: umgr.staging.output.queue.bridge.0000: MainProcess                     : MainThread     : DEBUG   : start process
2017-11-23 00:24:51,296: umgr.staging.output.queue.bridge.0000: umgr.staging.output.queue.bridge.0000: MainThread     : DEBUG   : ru_initialize_common (NOOP)
2017-11-23 00:24:51,299: umgr.staging.output.queue.bridge.0000: umgr.staging.output.queue.bridge.0000.child: MainThread     : INFO    : child (me) initializing
2017-11-23 00:24:51,299: umgr.staging.output.queue.bridge.0000: umgr.staging.output.queue.bridge.0000.child: MainThread     : DEBUG   : parent name: umgr.staging.output.queue.bridge.0000.child.watch
2017-11-23 00:24:51,299: umgr.staging.output.queue.bridge.0000: umgr.staging.output.queue.bridge.0000.child: MainThread     : DEBUG   : start thread
2017-11-23 00:24:51,299: umgr.staging.output.queue.bridge.0000: umgr.staging.output.queue.bridge.0000.child: umgr.staging.output.queue.bridge.0000.child.watch: DEBUG   : child name: umgr.staging.output.queue.bridge.0000.child.watch.thread
2017-11-23 00:24:51,299: umgr.staging.output.queue.bridge.0000: umgr.staging.output.queue.bridge.0000.child: umgr.staging.output.queue.bridge.0000.child.watch: INFO    : child (me) initializing
2017-11-23 00:24:51,300: umgr.staging.output.queue.bridge.0000: umgr.staging.output.queue.bridge.0000.child: umgr.staging.output.queue.bridge.0000.child.watch: DEBUG   : ru_initialize_common (NOOP)
2017-11-23 00:24:51,300: umgr.staging.output.queue.bridge.0000: umgr.staging.output.queue.bridge.0000.child: umgr.staging.output.queue.bridge.0000.child.watch: DEBUG   : ru_initialize_child (NOOP)
2017-11-23 00:24:51,300: umgr.staging.output.queue.bridge.0000: umgr.staging.output.queue.bridge.0000.child: umgr.staging.output.queue.bridge.0000.child.watch: INFO    : send alive
2017-11-23 00:24:51,300: umgr.staging.output.queue.bridge.0000: umgr.staging.output.queue.bridge.0000.child: umgr.staging.output.queue.bridge.0000.child.watch: INFO    : put message: [umgr.staging.output.queue.bridge.0000.child.watch.thread] alive
2017-11-23 00:24:51,301: umgr.staging.output.queue.bridge.0000: umgr.staging.output.queue.bridge.0000.child: MainThread     : INFO    : get msg: alive
2017-11-23 00:24:51,301: umgr.staging.output.queue.bridge.0000: umgr.staging.output.queue.bridge.0000.child: MainThread     : DEBUG   : ru_initialize_common (NOOP)
2017-11-23 00:24:51,301: umgr.staging.output.queue.bridge.0000: umgr.staging.output.queue.bridge.0000.child: MainThread     : DEBUG   : ru_initialize_parent (NOOP)
2017-11-23 00:24:51,301: umgr.staging.output.queue.bridge.0000: umgr.staging.output.queue.bridge.0000.child: MainThread     : DEBUG   : child thread umgr.staging.output.queue.bridge.0000.child.watch started
2017-11-23 00:24:51,301: umgr.staging.output.queue.bridge.0000: umgr.staging.output.queue.bridge.0000.child: MainThread     : INFO    : child (me) is alive
2017-11-23 00:24:51,301: umgr.staging.output.queue.bridge.0000: umgr.staging.output.queue.bridge.0000.child: MainThread     : INFO    : send alive
2017-11-23 00:24:51,301: umgr.staging.output.queue.bridge.0000: umgr.staging.output.queue.bridge.0000.child: MainThread     : INFO    : send message: [umgr.staging.output.queue.bridge.0000.child] alive
2017-11-23 00:24:51,301: umgr.staging.output.queue.bridge.0000: MainProcess                     : MainThread     : INFO    : recv message: alive
2017-11-23 00:24:51,302: umgr.staging.output.queue.bridge.0000: MainProcess                     : MainThread     : DEBUG   : ru_initialize_common (NOOP)
2017-11-23 00:24:51,302: umgr.staging.output.queue.bridge.0000: MainProcess                     : MainThread     : DEBUG   : ru_initialize_parent (NOOP)
2017-11-23 00:24:51,302: umgr.staging.output.queue.bridge.0000: MainProcess                     : MainThread     : DEBUG   : parent name: umgr.staging.output.queue.bridge.0000.watch
2017-11-23 00:24:51,302: umgr.staging.output.queue.bridge.0000: MainProcess                     : MainThread     : DEBUG   : start thread
2017-11-23 00:24:51,302: umgr.staging.output.queue.bridge.0000: MainProcess                     : umgr.staging.output.queue.bridge.0000.watch: DEBUG   : child name: umgr.staging.output.queue.bridge.0000.watch.thread
2017-11-23 00:24:51,302: umgr.staging.output.queue.bridge.0000: MainProcess                     : umgr.staging.output.queue.bridge.0000.watch: INFO    : child (me) initializing
2017-11-23 00:24:51,302: umgr.staging.output.queue.bridge.0000: MainProcess                     : umgr.staging.output.queue.bridge.0000.watch: DEBUG   : ru_initialize_common (NOOP)
2017-11-23 00:24:51,303: umgr.staging.output.queue.bridge.0000: MainProcess                     : umgr.staging.output.queue.bridge.0000.watch: DEBUG   : ru_initialize_child (NOOP)
2017-11-23 00:24:51,303: umgr.staging.output.queue.bridge.0000: MainProcess                     : umgr.staging.output.queue.bridge.0000.watch: INFO    : send alive
2017-11-23 00:24:51,303: umgr.staging.output.queue.bridge.0000: MainProcess                     : umgr.staging.output.queue.bridge.0000.watch: INFO    : put message: [umgr.staging.output.queue.bridge.0000.watch.thread] alive
2017-11-23 00:24:51,303: umgr.staging.output.queue.bridge.0000: MainProcess                     : MainThread     : INFO    : get msg: alive
2017-11-23 00:24:51,303: umgr.staging.output.queue.bridge.0000: MainProcess                     : MainThread     : DEBUG   : ru_initialize_common (NOOP)
2017-11-23 00:24:51,304: umgr.staging.output.queue.bridge.0000: MainProcess                     : MainThread     : DEBUG   : ru_initialize_parent (NOOP)
2017-11-23 00:24:51,304: umgr.staging.output.queue.bridge.0000: MainProcess                     : MainThread     : DEBUG   : child thread umgr.staging.output.queue.bridge.0000.watch started
2017-11-23 00:24:51,304: umgr.staging.output.queue.bridge.0000: MainProcess                     : MainThread     : INFO    : child is alive
2017-11-23 00:24:51,304: umgr.staging.output.queue.bridge.0000: MainProcess                     : MainThread     : DEBUG   : process class started child
2017-11-23 00:45:35,070: umgr.staging.output.queue.bridge.0000: MainProcess                     : MainThread     : INFO    : parent stops child
2017-11-23 00:45:35,071: umgr.staging.output.queue.bridge.0000: MainProcess                     : MainThread     : DEBUG   : ru_finalize_parent (NOOP)
2017-11-23 00:45:35,071: umgr.staging.output.queue.bridge.0000: MainProcess                     : MainThread     : INFO    : parent stops child
2017-11-23 00:45:35,071: umgr.staging.output.queue.bridge.0000: MainProcess                     : MainThread     : DEBUG   : ru_finalize_parent (NOOP)
2017-11-23 00:45:35,071: umgr.staging.output.queue.bridge.0000: MainProcess                     : MainThread     : DEBUG   : ru_finalize_common (NOOP)
2017-11-23 00:45:35,089: umgr.staging.output.queue.bridge.0000: MainProcess                     : umgr.staging.output.queue.bridge.0000.watch: INFO    : watcher closes
2017-11-23 00:45:35,090: umgr.staging.output.queue.bridge.0000: MainProcess                     : umgr.staging.output.queue.bridge.0000.watch: INFO    : put message: [umgr.staging.output.queue.bridge.0000.watch.thread] work finished
2017-11-23 00:45:35,090: umgr.staging.output.queue.bridge.0000: MainProcess                     : umgr.staging.output.queue.bridge.0000.watch: DEBUG   : ru_finalize_child (NOOP)
2017-11-23 00:45:35,090: umgr.staging.output.queue.bridge.0000: MainProcess                     : umgr.staging.output.queue.bridge.0000.watch: DEBUG   : ru_finalize_common (NOOP)
2017-11-23 00:45:35,090: umgr.staging.output.queue.bridge.0000: MainProcess                     : umgr.staging.output.queue.bridge.0000.watch: INFO    : put message: [umgr.staging.output.queue.bridge.0000.watch.thread] terminating
2017-11-23 00:45:35,177: umgr.staging.output.queue.bridge.0000: umgr.staging.output.queue.bridge.0000.child: umgr.staging.output.queue.bridge.0000.child.watch: WARNING : endpoint disappeard
2017-11-23 00:45:35,177: umgr.staging.output.queue.bridge.0000: umgr.staging.output.queue.bridge.0000.child: umgr.staging.output.queue.bridge.0000.child.watch: INFO    : watcher closes
2017-11-23 00:45:35,177: umgr.staging.output.queue.bridge.0000: umgr.staging.output.queue.bridge.0000.child: umgr.staging.output.queue.bridge.0000.child.watch: INFO    : put message: [umgr.staging.output.queue.bridge.0000.child.watch.thread] work finished
2017-11-23 00:45:35,177: umgr.staging.output.queue.bridge.0000: umgr.staging.output.queue.bridge.0000.child: umgr.staging.output.queue.bridge.0000.child.watch: DEBUG   : ru_finalize_child (NOOP)
2017-11-23 00:45:35,178: umgr.staging.output.queue.bridge.0000: umgr.staging.output.queue.bridge.0000.child: umgr.staging.output.queue.bridge.0000.child.watch: DEBUG   : ru_finalize_common (NOOP)
2017-11-23 00:45:35,178: umgr.staging.output.queue.bridge.0000: umgr.staging.output.queue.bridge.0000.child: umgr.staging.output.queue.bridge.0000.child.watch: INFO    : put message: [umgr.staging.output.queue.bridge.0000.child.watch.thread] terminating
2017-11-23 00:45:35,573: umgr.staging.output.queue.bridge.0000: umgr.staging.output.queue.bridge.0000.child: MainThread     : INFO    : send message: [umgr.staging.output.queue.bridge.0000.child] work finished
2017-11-23 00:45:35,573: umgr.staging.output.queue.bridge.0000: umgr.staging.output.queue.bridge.0000.child: MainThread     : DEBUG   : ru_finalize_child (NOOP)
2017-11-23 00:45:35,574: umgr.staging.output.queue.bridge.0000: umgr.staging.output.queue.bridge.0000.child: MainThread     : INFO    : send message: [umgr.staging.output.queue.bridge.0000.child] terminating
