2017-11-23 00:24:51,233: umgr.reschedule.pubsub.bridge.0000: MainProcess                     : MainThread     : INFO    : python.interpreter   version: 2.7.13 (default, Jan 19 2017, 14:48:08) [GCC 6.3.0 20170118]
2017-11-23 00:24:51,234: umgr.reschedule.pubsub.bridge.0000: MainProcess                     : MainThread     : INFO    :                      pid: 7765
2017-11-23 00:24:51,234: umgr.reschedule.pubsub.bridge.0000: MainProcess                     : MainThread     : INFO    :                      tid: MainThread
2017-11-23 00:24:51,234: umgr.reschedule.pubsub.bridge.0000: MainProcess                     : MainThread     : INFO    : radical.pilot        version: 0.46.2
2017-11-23 00:24:51,234: umgr.reschedule.pubsub.bridge.0000: MainProcess                     : MainThread     : INFO    : create umgr_reschedule_pubsub - bridge - tcp://*:*
2017-11-23 00:24:51,235: umgr.reschedule.pubsub.bridge.0000: MainProcess                     : MainThread     : DEBUG   : start process
2017-11-23 00:24:51,248: umgr.reschedule.pubsub.bridge.0000: umgr.reschedule.pubsub.bridge.0000: MainThread     : DEBUG   : ru_initialize_common (NOOP)
2017-11-23 00:24:51,251: umgr.reschedule.pubsub.bridge.0000: umgr.reschedule.pubsub.bridge.0000.child: MainThread     : INFO    : child (me) initializing
2017-11-23 00:24:51,252: umgr.reschedule.pubsub.bridge.0000: umgr.reschedule.pubsub.bridge.0000.child: MainThread     : DEBUG   : parent name: umgr.reschedule.pubsub.bridge.0000.child.watch
2017-11-23 00:24:51,252: umgr.reschedule.pubsub.bridge.0000: umgr.reschedule.pubsub.bridge.0000.child: MainThread     : DEBUG   : start thread
2017-11-23 00:24:51,252: umgr.reschedule.pubsub.bridge.0000: umgr.reschedule.pubsub.bridge.0000.child: umgr.reschedule.pubsub.bridge.0000.child.watch: DEBUG   : child name: umgr.reschedule.pubsub.bridge.0000.child.watch.thread
2017-11-23 00:24:51,252: umgr.reschedule.pubsub.bridge.0000: umgr.reschedule.pubsub.bridge.0000.child: umgr.reschedule.pubsub.bridge.0000.child.watch: INFO    : child (me) initializing
2017-11-23 00:24:51,252: umgr.reschedule.pubsub.bridge.0000: umgr.reschedule.pubsub.bridge.0000.child: umgr.reschedule.pubsub.bridge.0000.child.watch: DEBUG   : ru_initialize_common (NOOP)
2017-11-23 00:24:51,253: umgr.reschedule.pubsub.bridge.0000: umgr.reschedule.pubsub.bridge.0000.child: umgr.reschedule.pubsub.bridge.0000.child.watch: DEBUG   : ru_initialize_child (NOOP)
2017-11-23 00:24:51,253: umgr.reschedule.pubsub.bridge.0000: umgr.reschedule.pubsub.bridge.0000.child: umgr.reschedule.pubsub.bridge.0000.child.watch: INFO    : send alive
2017-11-23 00:24:51,253: umgr.reschedule.pubsub.bridge.0000: umgr.reschedule.pubsub.bridge.0000.child: umgr.reschedule.pubsub.bridge.0000.child.watch: INFO    : put message: [umgr.reschedule.pubsub.bridge.0000.child.watch.thread] alive
2017-11-23 00:24:51,253: umgr.reschedule.pubsub.bridge.0000: umgr.reschedule.pubsub.bridge.0000.child: MainThread     : INFO    : get msg: alive
2017-11-23 00:24:51,254: umgr.reschedule.pubsub.bridge.0000: umgr.reschedule.pubsub.bridge.0000.child: MainThread     : DEBUG   : ru_initialize_common (NOOP)
2017-11-23 00:24:51,254: umgr.reschedule.pubsub.bridge.0000: umgr.reschedule.pubsub.bridge.0000.child: MainThread     : DEBUG   : ru_initialize_parent (NOOP)
2017-11-23 00:24:51,254: umgr.reschedule.pubsub.bridge.0000: umgr.reschedule.pubsub.bridge.0000.child: MainThread     : DEBUG   : child thread umgr.reschedule.pubsub.bridge.0000.child.watch started
2017-11-23 00:24:51,254: umgr.reschedule.pubsub.bridge.0000: umgr.reschedule.pubsub.bridge.0000.child: MainThread     : INFO    : child (me) is alive
2017-11-23 00:24:51,254: umgr.reschedule.pubsub.bridge.0000: umgr.reschedule.pubsub.bridge.0000.child: MainThread     : INFO    : send alive
2017-11-23 00:24:51,254: umgr.reschedule.pubsub.bridge.0000: umgr.reschedule.pubsub.bridge.0000.child: MainThread     : INFO    : send message: [umgr.reschedule.pubsub.bridge.0000.child] alive
2017-11-23 00:24:51,254: umgr.reschedule.pubsub.bridge.0000: MainProcess                     : MainThread     : INFO    : recv message: alive
2017-11-23 00:24:51,255: umgr.reschedule.pubsub.bridge.0000: MainProcess                     : MainThread     : DEBUG   : ru_initialize_common (NOOP)
2017-11-23 00:24:51,255: umgr.reschedule.pubsub.bridge.0000: MainProcess                     : MainThread     : DEBUG   : ru_initialize_parent (NOOP)
2017-11-23 00:24:51,255: umgr.reschedule.pubsub.bridge.0000: MainProcess                     : MainThread     : DEBUG   : parent name: umgr.reschedule.pubsub.bridge.0000.watch
2017-11-23 00:24:51,255: umgr.reschedule.pubsub.bridge.0000: MainProcess                     : MainThread     : DEBUG   : start thread
2017-11-23 00:24:51,255: umgr.reschedule.pubsub.bridge.0000: MainProcess                     : umgr.reschedule.pubsub.bridge.0000.watch: DEBUG   : child name: umgr.reschedule.pubsub.bridge.0000.watch.thread
2017-11-23 00:24:51,256: umgr.reschedule.pubsub.bridge.0000: MainProcess                     : umgr.reschedule.pubsub.bridge.0000.watch: INFO    : child (me) initializing
2017-11-23 00:24:51,256: umgr.reschedule.pubsub.bridge.0000: MainProcess                     : umgr.reschedule.pubsub.bridge.0000.watch: DEBUG   : ru_initialize_common (NOOP)
2017-11-23 00:24:51,256: umgr.reschedule.pubsub.bridge.0000: MainProcess                     : umgr.reschedule.pubsub.bridge.0000.watch: DEBUG   : ru_initialize_child (NOOP)
2017-11-23 00:24:51,256: umgr.reschedule.pubsub.bridge.0000: MainProcess                     : umgr.reschedule.pubsub.bridge.0000.watch: INFO    : send alive
2017-11-23 00:24:51,256: umgr.reschedule.pubsub.bridge.0000: MainProcess                     : umgr.reschedule.pubsub.bridge.0000.watch: INFO    : put message: [umgr.reschedule.pubsub.bridge.0000.watch.thread] alive
2017-11-23 00:24:51,257: umgr.reschedule.pubsub.bridge.0000: MainProcess                     : MainThread     : INFO    : get msg: alive
2017-11-23 00:24:51,257: umgr.reschedule.pubsub.bridge.0000: MainProcess                     : MainThread     : DEBUG   : ru_initialize_common (NOOP)
2017-11-23 00:24:51,257: umgr.reschedule.pubsub.bridge.0000: MainProcess                     : MainThread     : DEBUG   : ru_initialize_parent (NOOP)
2017-11-23 00:24:51,257: umgr.reschedule.pubsub.bridge.0000: MainProcess                     : MainThread     : DEBUG   : child thread umgr.reschedule.pubsub.bridge.0000.watch started
2017-11-23 00:24:51,257: umgr.reschedule.pubsub.bridge.0000: MainProcess                     : MainThread     : INFO    : child is alive
2017-11-23 00:24:51,257: umgr.reschedule.pubsub.bridge.0000: MainProcess                     : MainThread     : DEBUG   : process class started child
2017-11-23 00:45:33,544: umgr.reschedule.pubsub.bridge.0000: MainProcess                     : MainThread     : INFO    : parent stops child
2017-11-23 00:45:33,544: umgr.reschedule.pubsub.bridge.0000: MainProcess                     : MainThread     : DEBUG   : ru_finalize_parent (NOOP)
2017-11-23 00:45:33,544: umgr.reschedule.pubsub.bridge.0000: MainProcess                     : MainThread     : INFO    : parent stops child
2017-11-23 00:45:33,544: umgr.reschedule.pubsub.bridge.0000: MainProcess                     : MainThread     : DEBUG   : ru_finalize_parent (NOOP)
2017-11-23 00:45:33,544: umgr.reschedule.pubsub.bridge.0000: MainProcess                     : MainThread     : DEBUG   : ru_finalize_common (NOOP)
2017-11-23 00:45:33,573: umgr.reschedule.pubsub.bridge.0000: MainProcess                     : umgr.reschedule.pubsub.bridge.0000.watch: INFO    : watcher closes
2017-11-23 00:45:33,573: umgr.reschedule.pubsub.bridge.0000: MainProcess                     : umgr.reschedule.pubsub.bridge.0000.watch: INFO    : put message: [umgr.reschedule.pubsub.bridge.0000.watch.thread] work finished
2017-11-23 00:45:33,573: umgr.reschedule.pubsub.bridge.0000: MainProcess                     : umgr.reschedule.pubsub.bridge.0000.watch: DEBUG   : ru_finalize_child (NOOP)
2017-11-23 00:45:33,573: umgr.reschedule.pubsub.bridge.0000: MainProcess                     : umgr.reschedule.pubsub.bridge.0000.watch: DEBUG   : ru_finalize_common (NOOP)
2017-11-23 00:45:33,573: umgr.reschedule.pubsub.bridge.0000: MainProcess                     : umgr.reschedule.pubsub.bridge.0000.watch: INFO    : put message: [umgr.reschedule.pubsub.bridge.0000.watch.thread] terminating
2017-11-23 00:45:33,628: umgr.reschedule.pubsub.bridge.0000: umgr.reschedule.pubsub.bridge.0000.child: umgr.reschedule.pubsub.bridge.0000.child.watch: WARNING : endpoint disappeard
2017-11-23 00:45:33,629: umgr.reschedule.pubsub.bridge.0000: umgr.reschedule.pubsub.bridge.0000.child: umgr.reschedule.pubsub.bridge.0000.child.watch: INFO    : watcher closes
2017-11-23 00:45:33,629: umgr.reschedule.pubsub.bridge.0000: umgr.reschedule.pubsub.bridge.0000.child: umgr.reschedule.pubsub.bridge.0000.child.watch: INFO    : put message: [umgr.reschedule.pubsub.bridge.0000.child.watch.thread] work finished
2017-11-23 00:45:33,629: umgr.reschedule.pubsub.bridge.0000: umgr.reschedule.pubsub.bridge.0000.child: umgr.reschedule.pubsub.bridge.0000.child.watch: DEBUG   : ru_finalize_child (NOOP)
2017-11-23 00:45:33,629: umgr.reschedule.pubsub.bridge.0000: umgr.reschedule.pubsub.bridge.0000.child: umgr.reschedule.pubsub.bridge.0000.child.watch: DEBUG   : ru_finalize_common (NOOP)
2017-11-23 00:45:33,629: umgr.reschedule.pubsub.bridge.0000: umgr.reschedule.pubsub.bridge.0000.child: umgr.reschedule.pubsub.bridge.0000.child.watch: INFO    : put message: [umgr.reschedule.pubsub.bridge.0000.child.watch.thread] terminating
2017-11-23 00:45:34,549: umgr.reschedule.pubsub.bridge.0000: umgr.reschedule.pubsub.bridge.0000.child: MainThread     : DEBUG   : ru_finalize_child (NOOP)
2017-11-23 00:45:34,549: umgr.reschedule.pubsub.bridge.0000: umgr.reschedule.pubsub.bridge.0000.child: MainThread     : INFO    : send message: [umgr.reschedule.pubsub.bridge.0000.child] terminating
