2017-11-23 00:24:51,413: umgr.staging.output.0: MainProcess                     : MainThread     : INFO    : python.interpreter   version: 2.7.13 (default, Jan 19 2017, 14:48:08) [GCC 6.3.0 20170118]
2017-11-23 00:24:51,413: umgr.staging.output.0: MainProcess                     : MainThread     : INFO    :                      pid: 7765
2017-11-23 00:24:51,413: umgr.staging.output.0: MainProcess                     : MainThread     : INFO    :                      tid: MainThread
2017-11-23 00:24:51,414: umgr.staging.output.0: MainProcess                     : MainThread     : INFO    : radical.pilot        version: 0.46.2
2017-11-23 00:24:51,414: umgr.staging.output.0: MainProcess                     : MainThread     : DEBUG   : alive check in term
2017-11-23 00:24:51,414: umgr.staging.output.0: MainProcess                     : MainThread     : DEBUG   : start process
2017-11-23 00:24:51,466: umgr.staging.output.0: MainProcess                     : MainThread     : INFO    : recv message: alive
2017-11-23 00:24:51,467: umgr.staging.output.0: MainProcess                     : MainThread     : INFO    : initialize umgr.staging.output.0
2017-11-23 00:24:51,471: umgr.staging.output.0: MainProcess                     : MainThread     : INFO    : cfg: {'agents': {},
 u'bridges': {u'control_pubsub': {'addr_in': 'tcp://144.76.72.175:35455',
                                  'addr_out': 'tcp://144.76.72.175:45361',
                                  u'bulk_size': 0,
                                  u'log_level': u'debug',
                                  u'stall_hwm': 1},
              u'log_pubsub': {'addr_in': 'tcp://144.76.72.175:45359',
                              'addr_out': 'tcp://144.76.72.175:44467',
                              u'bulk_size': 0,
                              u'log_level': u'debug',
                              u'stall_hwm': 1},
              u'state_pubsub': {'addr_in': 'tcp://144.76.72.175:41942',
                                'addr_out': 'tcp://144.76.72.175:36772',
                                u'bulk_size': 0,
                                u'log_level': u'debug',
                                u'stall_hwm': 1},
              u'umgr_reschedule_pubsub': {'addr_in': 'tcp://144.76.72.175:43039',
                                          'addr_out': 'tcp://144.76.72.175:44224',
                                          u'bulk_size': 0,
                                          u'log_level': u'debug',
                                          u'stall_hwm': 1},
              u'umgr_scheduling_queue': {'addr_in': 'tcp://144.76.72.175:44535',
                                         'addr_out': 'tcp://144.76.72.175:40310',
                                         u'bulk_size': 0,
                                         u'log_level': u'debug',
                                         u'stall_hwm': 1},
              u'umgr_staging_input_queue': {'addr_in': 'tcp://144.76.72.175:43468',
                                            'addr_out': 'tcp://144.76.72.175:33085',
                                            u'bulk_size': 0,
                                            u'log_level': u'debug',
                                            u'stall_hwm': 1},
              u'umgr_staging_output_queue': {'addr_in': 'tcp://144.76.72.175:36461',
                                             'addr_out': 'tcp://144.76.72.175:41872',
                                             u'bulk_size': 0,
                                             u'log_level': u'debug',
                                             u'stall_hwm': 1},
              u'umgr_unschedule_pubsub': {'addr_in': 'tcp://144.76.72.175:45642',
                                          'addr_out': 'tcp://144.76.72.175:40359',
                                          u'bulk_size': 0,
                                          u'log_level': u'debug',
                                          u'stall_hwm': 1}},
 u'bulk_collection_size': 100,
 u'bulk_collection_time': 1.0,
 'cname': u'UMGRStagingOutputComponent',
 u'components': {},
 u'count': 1,
 u'db_poll_sleeptime': 1.0,
 'number': 0,
 'owner': 'umgr.0000',
 u'scheduler': u'round_robin',
 'uid': 'umgr.0000'}
2017-11-23 00:24:51,471: umgr.staging.output.0: MainProcess                     : MainThread     : DEBUG   : alive check in term
2017-11-23 00:24:51,471: umgr.staging.output.0: MainProcess                     : MainThread     : DEBUG   : START: umgr.staging.output.0 register publisher log_pubsub
2017-11-23 00:24:51,471: umgr.staging.output.0: MainProcess                     : MainThread     : DEBUG   : using addr tcp://144.76.72.175:45359 for pubsub log_pubsub
2017-11-23 00:24:51,474: umgr.staging.output.0: MainProcess                     : MainThread     : DEBUG   : registered publisher : log_pubsub : log.pubsub.pub.0004
2017-11-23 00:24:51,474: umgr.staging.output.0: MainProcess                     : MainThread     : DEBUG   : alive check in term
2017-11-23 00:24:51,474: umgr.staging.output.0: MainProcess                     : MainThread     : DEBUG   : START: umgr.staging.output.0 register publisher state_pubsub
2017-11-23 00:24:51,474: umgr.staging.output.0: MainProcess                     : MainThread     : DEBUG   : using addr tcp://144.76.72.175:41942 for pubsub state_pubsub
2017-11-23 00:24:51,494: umgr.staging.output.0: MainProcess                     : MainThread     : DEBUG   : registered publisher : state_pubsub : state.pubsub.pub.0004
2017-11-23 00:24:51,494: umgr.staging.output.0: MainProcess                     : MainThread     : DEBUG   : alive check in term
2017-11-23 00:24:51,494: umgr.staging.output.0: MainProcess                     : MainThread     : DEBUG   : START: umgr.staging.output.0 register publisher control_pubsub
2017-11-23 00:24:51,494: umgr.staging.output.0: MainProcess                     : MainThread     : DEBUG   : using addr tcp://144.76.72.175:35455 for pubsub control_pubsub
2017-11-23 00:24:51,496: umgr.staging.output.0: MainProcess                     : MainThread     : DEBUG   : registered publisher : control_pubsub : control.pubsub.pub.0004
2017-11-23 00:24:51,496: umgr.staging.output.0: MainProcess                     : MainThread     : DEBUG   : parent name: umgr.staging.output.0.watch
2017-11-23 00:24:51,496: umgr.staging.output.0: MainProcess                     : MainThread     : DEBUG   : start thread
2017-11-23 00:24:51,496: umgr.staging.output.0: MainProcess                     : umgr.staging.output.0.watch: DEBUG   : child name: umgr.staging.output.0.watch.thread
2017-11-23 00:24:51,497: umgr.staging.output.0: MainProcess                     : umgr.staging.output.0.watch: INFO    : child (me) initializing
2017-11-23 00:24:51,497: umgr.staging.output.0: MainProcess                     : umgr.staging.output.0.watch: DEBUG   : ru_initialize_common (NOOP)
2017-11-23 00:24:51,497: umgr.staging.output.0: MainProcess                     : umgr.staging.output.0.watch: DEBUG   : ru_initialize_child (NOOP)
2017-11-23 00:24:51,497: umgr.staging.output.0: MainProcess                     : umgr.staging.output.0.watch: INFO    : send alive
2017-11-23 00:24:51,497: umgr.staging.output.0: MainProcess                     : umgr.staging.output.0.watch: INFO    : put message: [umgr.staging.output.0.watch.thread] alive
2017-11-23 00:24:51,498: umgr.staging.output.0: MainProcess                     : MainThread     : INFO    : get msg: alive
2017-11-23 00:24:51,498: umgr.staging.output.0: MainProcess                     : MainThread     : DEBUG   : ru_initialize_common (NOOP)
2017-11-23 00:24:51,498: umgr.staging.output.0: MainProcess                     : MainThread     : DEBUG   : ru_initialize_parent (NOOP)
2017-11-23 00:24:51,498: umgr.staging.output.0: MainProcess                     : MainThread     : DEBUG   : child thread umgr.staging.output.0.watch started
2017-11-23 00:24:51,498: umgr.staging.output.0: MainProcess                     : MainThread     : INFO    : child is alive
2017-11-23 00:24:51,498: umgr.staging.output.0: MainProcess                     : MainThread     : DEBUG   : process class started child
2017-11-23 00:45:31,528: umgr.staging.output.0: MainProcess                     : MainThread     : INFO    : stop umgr.staging.output.0 (7765 : 7914 : MainThread) [radical.pilot.unit_manager.UnitManager.finalize_parent]
2017-11-23 00:45:31,528: umgr.staging.output.0: MainProcess                     : MainThread     : INFO    : parent stops child
2017-11-23 00:45:31,528: umgr.staging.output.0: MainProcess                     : MainThread     : DEBUG   : ru_finalize_common()
2017-11-23 00:45:31,528: umgr.staging.output.0: MainProcess                     : MainThread     : DEBUG   : TERM : umgr.staging.output.0 unregister publisher log_pubsub
2017-11-23 00:45:31,529: umgr.staging.output.0: MainProcess                     : MainThread     : DEBUG   : unregistered publisher log_pubsub
2017-11-23 00:45:31,529: umgr.staging.output.0: MainProcess                     : MainThread     : DEBUG   : TERM : umgr.staging.output.0 unregister publisher state_pubsub
2017-11-23 00:45:31,530: umgr.staging.output.0: MainProcess                     : MainThread     : DEBUG   : unregistered publisher state_pubsub
2017-11-23 00:45:31,530: umgr.staging.output.0: MainProcess                     : MainThread     : DEBUG   : TERM : umgr.staging.output.0 unregister publisher control_pubsub
2017-11-23 00:45:31,531: umgr.staging.output.0: MainProcess                     : MainThread     : DEBUG   : unregistered publisher control_pubsub
2017-11-23 00:45:31,531: umgr.staging.output.0: MainProcess                     : MainThread     : DEBUG   : umgr.staging.output.0 close prof
2017-11-23 00:45:31,531: umgr.staging.output.0: MainProcess                     : MainThread     : INFO    : parent stops child
2017-11-23 00:45:31,531: umgr.staging.output.0: MainProcess                     : MainThread     : DEBUG   : ru_finalize_parent (NOOP)
2017-11-23 00:45:31,532: umgr.staging.output.0: MainProcess                     : MainThread     : DEBUG   : ru_finalize_common (NOOP)
2017-11-23 00:45:31,584: umgr.staging.output.0: MainProcess                     : umgr.staging.output.0.watch: INFO    : watcher closes
2017-11-23 00:45:31,584: umgr.staging.output.0: MainProcess                     : umgr.staging.output.0.watch: INFO    : put message: [umgr.staging.output.0.watch.thread] work finished
2017-11-23 00:45:31,585: umgr.staging.output.0: MainProcess                     : umgr.staging.output.0.watch: DEBUG   : ru_finalize_child (NOOP)
2017-11-23 00:45:31,585: umgr.staging.output.0: MainProcess                     : umgr.staging.output.0.watch: DEBUG   : ru_finalize_common (NOOP)
2017-11-23 00:45:31,585: umgr.staging.output.0: MainProcess                     : umgr.staging.output.0.watch: INFO    : put message: [umgr.staging.output.0.watch.thread] terminating
2017-11-23 00:45:37,431: umgr.staging.output.0: MainProcess                     : MainThread     : INFO    : stop umgr.staging.output.0 (7765 : 7914 : MainThread) [radical.pilot.utils.component.UnitManager.ru_finalize_common]
2017-11-23 00:45:41,855: umgr.staging.output.0: MainProcess                     : MainThread     : INFO    : stop umgr.staging.output.0 (7765 : 7914 : MainThread) [radical.pilot.session.Session.close]
