2017-11-23 00:24:51,512: umgr.scheduling.0.child: umgr.scheduling.0               : MainThread     : INFO    : python.interpreter   version: 2.7.13 (default, Jan 19 2017, 14:48:08) [GCC 6.3.0 20170118]
2017-11-23 00:24:51,512: umgr.scheduling.0.child: umgr.scheduling.0               : MainThread     : INFO    :                      pid: 7936
2017-11-23 00:24:51,513: umgr.scheduling.0.child: umgr.scheduling.0               : MainThread     : INFO    :                      tid: MainThread
2017-11-23 00:24:51,513: umgr.scheduling.0.child: umgr.scheduling.0               : MainThread     : INFO    : radical.pilot        version: 0.46.2
2017-11-23 00:24:51,513: umgr.scheduling.0.child: umgr.scheduling.0               : MainThread     : INFO    : initialize umgr.scheduling.0.child
2017-11-23 00:24:51,517: umgr.scheduling.0.child: umgr.scheduling.0               : MainThread     : INFO    : cfg: {'agents': {},
 u'bridges': {u'control_pubsub': {'addr_in': 'tcp://144.76.72.175:35455',
                                  'addr_out': 'tcp://144.76.72.175:45361',
                                  u'bulk_size': 0,
                                  u'log_level': u'debug',
                                  u'stall_hwm': 1},
              u'log_pubsub': {'addr_in': 'tcp://144.76.72.175:45359',
                              'addr_out': 'tcp://144.76.72.175:44467',
                              u'bulk_size': 0,
                              u'log_level': u'debug',
                              u'stall_hwm': 1},
              u'state_pubsub': {'addr_in': 'tcp://144.76.72.175:41942',
                                'addr_out': 'tcp://144.76.72.175:36772',
                                u'bulk_size': 0,
                                u'log_level': u'debug',
                                u'stall_hwm': 1},
              u'umgr_reschedule_pubsub': {'addr_in': 'tcp://144.76.72.175:43039',
                                          'addr_out': 'tcp://144.76.72.175:44224',
                                          u'bulk_size': 0,
                                          u'log_level': u'debug',
                                          u'stall_hwm': 1},
              u'umgr_scheduling_queue': {'addr_in': 'tcp://144.76.72.175:44535',
                                         'addr_out': 'tcp://144.76.72.175:40310',
                                         u'bulk_size': 0,
                                         u'log_level': u'debug',
                                         u'stall_hwm': 1},
              u'umgr_staging_input_queue': {'addr_in': 'tcp://144.76.72.175:43468',
                                            'addr_out': 'tcp://144.76.72.175:33085',
                                            u'bulk_size': 0,
                                            u'log_level': u'debug',
                                            u'stall_hwm': 1},
              u'umgr_staging_output_queue': {'addr_in': 'tcp://144.76.72.175:36461',
                                             'addr_out': 'tcp://144.76.72.175:41872',
                                             u'bulk_size': 0,
                                             u'log_level': u'debug',
                                             u'stall_hwm': 1},
              u'umgr_unschedule_pubsub': {'addr_in': 'tcp://144.76.72.175:45642',
                                          'addr_out': 'tcp://144.76.72.175:40359',
                                          u'bulk_size': 0,
                                          u'log_level': u'debug',
                                          u'stall_hwm': 1}},
 u'bulk_collection_size': 100,
 u'bulk_collection_time': 1.0,
 'cname': u'UMGRSchedulingComponent',
 u'components': {},
 u'count': 1,
 u'db_poll_sleeptime': 1.0,
 'number': 0,
 'owner': 'umgr.0000',
 u'scheduler': u'round_robin',
 'uid': 'umgr.0000'}
2017-11-23 00:24:51,517: umgr.scheduling.0.child: umgr.scheduling.0               : MainThread     : DEBUG   : start components: {}
2017-11-23 00:24:51,517: umgr.scheduling.0.child: umgr.scheduling.0               : MainThread     : DEBUG   : alive check in term
2017-11-23 00:24:51,517: umgr.scheduling.0.child: umgr.scheduling.0               : MainThread     : DEBUG   : START: umgr.scheduling.0.child register publisher log_pubsub
2017-11-23 00:24:51,517: umgr.scheduling.0.child: umgr.scheduling.0               : MainThread     : DEBUG   : using addr tcp://144.76.72.175:45359 for pubsub log_pubsub
2017-11-23 00:24:51,519: umgr.scheduling.0.child: umgr.scheduling.0               : MainThread     : DEBUG   : registered publisher : log_pubsub : log.pubsub.pub.0005
2017-11-23 00:24:51,519: umgr.scheduling.0.child: umgr.scheduling.0               : MainThread     : DEBUG   : alive check in term
2017-11-23 00:24:51,519: umgr.scheduling.0.child: umgr.scheduling.0               : MainThread     : DEBUG   : START: umgr.scheduling.0.child register publisher state_pubsub
2017-11-23 00:24:51,519: umgr.scheduling.0.child: umgr.scheduling.0               : MainThread     : DEBUG   : using addr tcp://144.76.72.175:41942 for pubsub state_pubsub
2017-11-23 00:24:51,521: umgr.scheduling.0.child: umgr.scheduling.0               : MainThread     : DEBUG   : registered publisher : state_pubsub : state.pubsub.pub.0005
2017-11-23 00:24:51,521: umgr.scheduling.0.child: umgr.scheduling.0               : MainThread     : DEBUG   : alive check in term
2017-11-23 00:24:51,521: umgr.scheduling.0.child: umgr.scheduling.0               : MainThread     : DEBUG   : START: umgr.scheduling.0.child register publisher control_pubsub
2017-11-23 00:24:51,521: umgr.scheduling.0.child: umgr.scheduling.0               : MainThread     : DEBUG   : using addr tcp://144.76.72.175:35455 for pubsub control_pubsub
2017-11-23 00:24:51,523: umgr.scheduling.0.child: umgr.scheduling.0               : MainThread     : DEBUG   : registered publisher : control_pubsub : control.pubsub.pub.0005
2017-11-23 00:24:51,523: umgr.scheduling.0.child: umgr.scheduling.0               : MainThread     : DEBUG   : alive check in term
2017-11-23 00:24:51,523: umgr.scheduling.0.child: umgr.scheduling.0               : MainThread     : DEBUG   : START: umgr.scheduling.0.child register subscriber umgr.scheduling.0.child.subscriber._cancel_monitor_cb
2017-11-23 00:24:51,523: umgr.scheduling.0.child: umgr.scheduling.0               : MainThread     : DEBUG   : using addr tcp://144.76.72.175:45361 for pubsub control_pubsub
2017-11-23 00:24:51,525: umgr.scheduling.0.child: umgr.scheduling.0               : MainThread     : DEBUG   : parent name: umgr.scheduling.0.child.subscriber._cancel_monitor_cb
2017-11-23 00:24:51,525: umgr.scheduling.0.child: umgr.scheduling.0               : MainThread     : DEBUG   : start thread
2017-11-23 00:24:51,525: umgr.scheduling.0.child: umgr.scheduling.0               : umgr.scheduling.0.child.subscriber._cancel_monitor_cb: DEBUG   : child name: umgr.scheduling.0.child.subscriber._cancel_monitor_cb.thread
2017-11-23 00:24:51,525: umgr.scheduling.0.child: umgr.scheduling.0               : umgr.scheduling.0.child.subscriber._cancel_monitor_cb: INFO    : child (me) initializing
2017-11-23 00:24:51,525: umgr.scheduling.0.child: umgr.scheduling.0               : umgr.scheduling.0.child.subscriber._cancel_monitor_cb: DEBUG   : ru_initialize_common (NOOP)
2017-11-23 00:24:51,526: umgr.scheduling.0.child: umgr.scheduling.0               : umgr.scheduling.0.child.subscriber._cancel_monitor_cb: DEBUG   : ru_initialize_child (NOOP)
2017-11-23 00:24:51,526: umgr.scheduling.0.child: umgr.scheduling.0               : umgr.scheduling.0.child.subscriber._cancel_monitor_cb: INFO    : send alive
2017-11-23 00:24:51,526: umgr.scheduling.0.child: umgr.scheduling.0               : umgr.scheduling.0.child.subscriber._cancel_monitor_cb: INFO    : put message: [umgr.scheduling.0.child.subscriber._cancel_monitor_cb.thread] alive
2017-11-23 00:24:51,527: umgr.scheduling.0.child: umgr.scheduling.0               : MainThread     : INFO    : get msg: alive
2017-11-23 00:24:51,527: umgr.scheduling.0.child: umgr.scheduling.0               : MainThread     : DEBUG   : ru_initialize_common (NOOP)
2017-11-23 00:24:51,527: umgr.scheduling.0.child: umgr.scheduling.0               : MainThread     : DEBUG   : ru_initialize_parent (NOOP)
2017-11-23 00:24:51,527: umgr.scheduling.0.child: umgr.scheduling.0               : MainThread     : DEBUG   : child thread umgr.scheduling.0.child.subscriber._cancel_monitor_cb started
2017-11-23 00:24:51,527: umgr.scheduling.0.child: umgr.scheduling.0               : MainThread     : DEBUG   : umgr.scheduling.0.child registered control_pubsub subscriber umgr.scheduling.0.child.subscriber._cancel_monitor_cb
2017-11-23 00:24:51,527: umgr.scheduling.0.child: umgr.scheduling.0               : MainThread     : DEBUG   : alive check in term
2017-11-23 00:24:51,527: umgr.scheduling.0.child: umgr.scheduling.0               : MainThread     : DEBUG   : using addr tcp://144.76.72.175:40310 for input umgr_scheduling_queue
2017-11-23 00:24:51,529: umgr.scheduling.0.child: umgr.scheduling.0               : MainThread     : DEBUG   : registered input umgr.scheduling.0.child.work.UMGR_SCHEDULING_PENDING
2017-11-23 00:24:51,529: umgr.scheduling.0.child: umgr.scheduling.0               : MainThread     : DEBUG   : START: umgr.scheduling.0.child register input UMGR_SCHEDULING_PENDING: umgr.scheduling.0.child.work.UMGR_SCHEDULING_PENDING
2017-11-23 00:24:51,529: umgr.scheduling.0.child: umgr.scheduling.0               : MainThread     : DEBUG   : registered worker work [UMGR_SCHEDULING_PENDING]
2017-11-23 00:24:51,529: umgr.scheduling.0.child: umgr.scheduling.0               : MainThread     : DEBUG   : alive check in term
2017-11-23 00:24:51,529: umgr.scheduling.0.child: umgr.scheduling.0               : MainThread     : DEBUG   : START: umgr.scheduling.0.child register output UMGR_STAGING_INPUT_PENDING
2017-11-23 00:24:51,529: umgr.scheduling.0.child: umgr.scheduling.0               : MainThread     : DEBUG   : using addr tcp://144.76.72.175:43468 for output umgr_staging_input_queue
2017-11-23 00:24:51,531: umgr.scheduling.0.child: umgr.scheduling.0               : MainThread     : DEBUG   : registered output    : UMGR_STAGING_INPUT_PENDING : umgr_staging_input_queue : umgr.staging.input.queue.input.0000
2017-11-23 00:24:51,531: umgr.scheduling.0.child: umgr.scheduling.0               : MainThread     : DEBUG   : alive check in term
2017-11-23 00:24:51,531: umgr.scheduling.0.child: umgr.scheduling.0               : MainThread     : DEBUG   : START: umgr.scheduling.0.child register subscriber umgr.scheduling.0.child.subscriber._base_state_cb
2017-11-23 00:24:51,531: umgr.scheduling.0.child: umgr.scheduling.0               : MainThread     : DEBUG   : using addr tcp://144.76.72.175:36772 for pubsub state_pubsub
2017-11-23 00:24:51,532: umgr.scheduling.0.child: umgr.scheduling.0               : MainThread     : DEBUG   : parent name: umgr.scheduling.0.child.subscriber._base_state_cb
2017-11-23 00:24:51,533: umgr.scheduling.0.child: umgr.scheduling.0               : MainThread     : DEBUG   : start thread
2017-11-23 00:24:51,533: umgr.scheduling.0.child: umgr.scheduling.0               : umgr.scheduling.0.child.subscriber._base_state_cb: DEBUG   : child name: umgr.scheduling.0.child.subscriber._base_state_cb.thread
2017-11-23 00:24:51,533: umgr.scheduling.0.child: umgr.scheduling.0               : umgr.scheduling.0.child.subscriber._base_state_cb: INFO    : child (me) initializing
2017-11-23 00:24:51,534: umgr.scheduling.0.child: umgr.scheduling.0               : umgr.scheduling.0.child.subscriber._base_state_cb: DEBUG   : ru_initialize_common (NOOP)
2017-11-23 00:24:51,534: umgr.scheduling.0.child: umgr.scheduling.0               : umgr.scheduling.0.child.subscriber._base_state_cb: DEBUG   : ru_initialize_child (NOOP)
2017-11-23 00:24:51,534: umgr.scheduling.0.child: umgr.scheduling.0               : umgr.scheduling.0.child.subscriber._base_state_cb: INFO    : send alive
2017-11-23 00:24:51,534: umgr.scheduling.0.child: umgr.scheduling.0               : umgr.scheduling.0.child.subscriber._base_state_cb: INFO    : put message: [umgr.scheduling.0.child.subscriber._base_state_cb.thread] alive
2017-11-23 00:24:51,536: umgr.scheduling.0.child: umgr.scheduling.0               : MainThread     : INFO    : get msg: alive
2017-11-23 00:24:51,536: umgr.scheduling.0.child: umgr.scheduling.0               : MainThread     : DEBUG   : ru_initialize_common (NOOP)
2017-11-23 00:24:51,536: umgr.scheduling.0.child: umgr.scheduling.0               : MainThread     : DEBUG   : ru_initialize_parent (NOOP)
2017-11-23 00:24:51,537: umgr.scheduling.0.child: umgr.scheduling.0               : MainThread     : DEBUG   : child thread umgr.scheduling.0.child.subscriber._base_state_cb started
2017-11-23 00:24:51,537: umgr.scheduling.0.child: umgr.scheduling.0               : MainThread     : DEBUG   : umgr.scheduling.0.child registered state_pubsub subscriber umgr.scheduling.0.child.subscriber._base_state_cb
2017-11-23 00:24:51,537: umgr.scheduling.0.child: umgr.scheduling.0               : MainThread     : DEBUG   : alive check in term
2017-11-23 00:24:51,537: umgr.scheduling.0.child: umgr.scheduling.0               : MainThread     : DEBUG   : START: umgr.scheduling.0.child register subscriber umgr.scheduling.0.child.subscriber._base_command_cb
2017-11-23 00:24:51,537: umgr.scheduling.0.child: umgr.scheduling.0               : MainThread     : DEBUG   : using addr tcp://144.76.72.175:45361 for pubsub control_pubsub
2017-11-23 00:24:51,538: umgr.scheduling.0.child: umgr.scheduling.0               : MainThread     : DEBUG   : parent name: umgr.scheduling.0.child.subscriber._base_command_cb
2017-11-23 00:24:51,539: umgr.scheduling.0.child: umgr.scheduling.0               : MainThread     : DEBUG   : start thread
2017-11-23 00:24:51,539: umgr.scheduling.0.child: umgr.scheduling.0               : umgr.scheduling.0.child.subscriber._base_command_cb: DEBUG   : child name: umgr.scheduling.0.child.subscriber._base_command_cb.thread
2017-11-23 00:24:51,539: umgr.scheduling.0.child: umgr.scheduling.0               : umgr.scheduling.0.child.subscriber._base_command_cb: INFO    : child (me) initializing
2017-11-23 00:24:51,539: umgr.scheduling.0.child: umgr.scheduling.0               : umgr.scheduling.0.child.subscriber._base_command_cb: DEBUG   : ru_initialize_common (NOOP)
2017-11-23 00:24:51,539: umgr.scheduling.0.child: umgr.scheduling.0               : umgr.scheduling.0.child.subscriber._base_command_cb: DEBUG   : ru_initialize_child (NOOP)
2017-11-23 00:24:51,539: umgr.scheduling.0.child: umgr.scheduling.0               : umgr.scheduling.0.child.subscriber._base_command_cb: INFO    : send alive
2017-11-23 00:24:51,539: umgr.scheduling.0.child: umgr.scheduling.0               : umgr.scheduling.0.child.subscriber._base_command_cb: INFO    : put message: [umgr.scheduling.0.child.subscriber._base_command_cb.thread] alive
2017-11-23 00:24:51,540: umgr.scheduling.0.child: umgr.scheduling.0               : MainThread     : INFO    : get msg: alive
2017-11-23 00:24:51,540: umgr.scheduling.0.child: umgr.scheduling.0               : MainThread     : DEBUG   : ru_initialize_common (NOOP)
2017-11-23 00:24:51,540: umgr.scheduling.0.child: umgr.scheduling.0               : MainThread     : DEBUG   : ru_initialize_parent (NOOP)
2017-11-23 00:24:51,540: umgr.scheduling.0.child: umgr.scheduling.0               : MainThread     : DEBUG   : child thread umgr.scheduling.0.child.subscriber._base_command_cb started
2017-11-23 00:24:51,540: umgr.scheduling.0.child: umgr.scheduling.0               : MainThread     : DEBUG   : umgr.scheduling.0.child registered control_pubsub subscriber umgr.scheduling.0.child.subscriber._base_command_cb
2017-11-23 00:24:51,540: umgr.scheduling.0.child: umgr.scheduling.0               : MainThread     : INFO    : child (me) initializing
2017-11-23 00:24:51,541: umgr.scheduling.0.child: umgr.scheduling.0               : MainThread     : DEBUG   : parent name: umgr.scheduling.0.child.watch
2017-11-23 00:24:51,541: umgr.scheduling.0.child: umgr.scheduling.0               : MainThread     : DEBUG   : start thread
2017-11-23 00:24:51,541: umgr.scheduling.0.child: umgr.scheduling.0               : umgr.scheduling.0.child.watch: DEBUG   : child name: umgr.scheduling.0.child.watch.thread
2017-11-23 00:24:51,541: umgr.scheduling.0.child: umgr.scheduling.0               : umgr.scheduling.0.child.watch: INFO    : child (me) initializing
2017-11-23 00:24:51,541: umgr.scheduling.0.child: umgr.scheduling.0               : umgr.scheduling.0.child.watch: DEBUG   : ru_initialize_common (NOOP)
2017-11-23 00:24:51,541: umgr.scheduling.0.child: umgr.scheduling.0               : umgr.scheduling.0.child.watch: DEBUG   : ru_initialize_child (NOOP)
2017-11-23 00:24:51,541: umgr.scheduling.0.child: umgr.scheduling.0               : umgr.scheduling.0.child.watch: INFO    : send alive
2017-11-23 00:24:51,541: umgr.scheduling.0.child: umgr.scheduling.0               : umgr.scheduling.0.child.watch: INFO    : put message: [umgr.scheduling.0.child.watch.thread] alive
2017-11-23 00:24:51,542: umgr.scheduling.0.child: umgr.scheduling.0               : MainThread     : INFO    : get msg: alive
2017-11-23 00:24:51,542: umgr.scheduling.0.child: umgr.scheduling.0               : MainThread     : DEBUG   : ru_initialize_common (NOOP)
2017-11-23 00:24:51,542: umgr.scheduling.0.child: umgr.scheduling.0               : MainThread     : DEBUG   : ru_initialize_parent (NOOP)
2017-11-23 00:24:51,542: umgr.scheduling.0.child: umgr.scheduling.0               : MainThread     : DEBUG   : child thread umgr.scheduling.0.child.watch started
2017-11-23 00:24:51,542: umgr.scheduling.0.child: umgr.scheduling.0               : MainThread     : INFO    : child (me) is alive
2017-11-23 00:24:51,542: umgr.scheduling.0.child: umgr.scheduling.0               : MainThread     : INFO    : send alive
2017-11-23 00:24:51,542: umgr.scheduling.0.child: umgr.scheduling.0               : MainThread     : INFO    : send message: [umgr.scheduling.0.child] alive
2017-11-23 00:24:51,867: umgr.scheduling.0.child: umgr.scheduling.0               : umgr.scheduling.0.child.subscriber._base_command_cb: INFO    : scheduler command: add_pilots: {'pilots': [{'resource_sandbox': 'gsisftp://wrangler.tacc.utexas.edu:2222/work/03662/tg829618/wrangler/radical.pilot.sandbox', 'resource_details': None, 'resource': 'xsede.wrangler', 'description': {'queue': None, 'resource': 'xsede.wrangler', 'exit_on_error': False, 'candidate_hosts': None, 'project': 'TG-MCB090174', 'sandbox': None, 'cleanup': False, 'access_schema': 'gsissh', 'memory': None, 'cores': 48, 'runtime': 20}, 'pmgr': 'pmgr.0000', 'stdout': None, 'state': 'PMGR_LAUNCHING', 'sandbox': 'gsisftp://wrangler.tacc.utexas.edu:2222/work/03662/tg829618/wrangler/radical.pilot.sandbox/rp.session.one.george.017492.0015/pilot.0000/', 'session': 'rp.session.one.george.017492.0015', 'log': None, 'stderr': None, 'client_sandbox': '/home/george/repos/midas/streaming/RedisKmeans/map_reduce_kmeans', 'type': 'pilot', 'pilot_sandbox': 'gsisftp://wrangler.tacc.utexas.edu:2222/work/03662/tg829618/wrangler/radical.pilot.sandbox/rp.session.one.george.017492.0015/pilot.0000/', 'uid': 'pilot.0000'}], 'umgr': 'umgr.0000'}
2017-11-23 00:24:51,867: umgr.scheduling.0.child: umgr.scheduling.0               : umgr.scheduling.0.child.subscriber._base_command_cb: DEBUG   : added pilot: {'info': {}, 'state': None, 'role': 'added', 'pilot': {'resource_sandbox': 'gsisftp://wrangler.tacc.utexas.edu:2222/work/03662/tg829618/wrangler/radical.pilot.sandbox', 'resource_details': None, 'resource': 'xsede.wrangler', 'description': {'queue': None, 'resource': 'xsede.wrangler', 'exit_on_error': False, 'candidate_hosts': None, 'project': 'TG-MCB090174', 'sandbox': None, 'cleanup': False, 'access_schema': 'gsissh', 'memory': None, 'cores': 48, 'runtime': 20}, 'pmgr': 'pmgr.0000', 'stdout': None, 'state': 'PMGR_LAUNCHING', 'sandbox': 'gsisftp://wrangler.tacc.utexas.edu:2222/work/03662/tg829618/wrangler/radical.pilot.sandbox/rp.session.one.george.017492.0015/pilot.0000/', 'session': 'rp.session.one.george.017492.0015', 'log': None, 'stderr': None, 'client_sandbox': '/home/george/repos/midas/streaming/RedisKmeans/map_reduce_kmeans', 'type': 'pilot', 'pilot_sandbox': 'gsisftp://wrangler.tacc.utexas.edu:2222/work/03662/tg829618/wrangler/radical.pilot.sandbox/rp.session.one.george.017492.0015/pilot.0000/', 'uid': 'pilot.0000'}}
2017-11-23 00:24:51,868: umgr.scheduling.0.child: umgr.scheduling.0               : umgr.scheduling.0.child.subscriber._base_command_cb: DEBUG   : update pilot states for ['pilot.0000']
2017-11-23 00:24:51,868: umgr.scheduling.0.child: umgr.scheduling.0               : umgr.scheduling.0.child.subscriber._base_command_cb: DEBUG   : update pilot state: None -> ['NEW', 'PMGR_LAUNCHING_PENDING', 'PMGR_LAUNCHING']
2017-11-23 00:24:51,964: umgr.scheduling.0.child: umgr.scheduling.0               : umgr.scheduling.0.child.subscriber._base_state_cb: INFO    : scheduler state_cb: update
2017-11-23 00:24:51,964: umgr.scheduling.0.child: umgr.scheduling.0               : umgr.scheduling.0.child.subscriber._base_state_cb: DEBUG   : update pilots []
2017-11-23 00:24:51,964: umgr.scheduling.0.child: umgr.scheduling.0               : umgr.scheduling.0.child.subscriber._base_state_cb: DEBUG   : update units  ['unit.000000']
2017-11-23 00:24:51,964: umgr.scheduling.0.child: umgr.scheduling.0               : umgr.scheduling.0.child.subscriber._base_state_cb: DEBUG   : update pilot states for []
2017-11-23 00:24:51,965: umgr.scheduling.0.child: umgr.scheduling.0               : MainThread     : DEBUG   : got unit (unit.000000)
2017-11-23 00:24:51,966: umgr.scheduling.0.child: umgr.scheduling.0               : MainThread     : DEBUG   : advance bulk size: 1 [False, True]
2017-11-23 00:24:51,966: umgr.scheduling.0.child: umgr.scheduling.0               : MainThread     : DEBUG   : advance bulk: unit.000000 [1]
2017-11-23 00:24:51,966: umgr.scheduling.0.child: umgr.scheduling.0               : MainThread     : DEBUG   : advance bulk size: 0 [False, True]
2017-11-23 00:24:51,967: umgr.scheduling.0.child: umgr.scheduling.0               : MainThread     : DEBUG   : advance bulk size: 1 [True, True]
2017-11-23 00:24:51,967: umgr.scheduling.0.child: umgr.scheduling.0               : MainThread     : DEBUG   : advance bulk: unit.000000 [1]
2017-11-23 00:24:51,967: umgr.scheduling.0.child: umgr.scheduling.0               : MainThread     : DEBUG   : bucket: UMGR_STAGING_INPUT_PENDING : ['unit.000000']
2017-11-23 00:24:51,967: umgr.scheduling.0.child: umgr.scheduling.0               : MainThread     : DEBUG   : put bulk UMGR_STAGING_INPUT_PENDING: 1
2017-11-23 00:24:51,968: umgr.scheduling.0.child: umgr.scheduling.0               : MainThread     : DEBUG   : push unit.000000 ---> UMGR_STAGING_INPUT_PENDING
2017-11-23 00:24:51,968: umgr.scheduling.0.child: umgr.scheduling.0               : umgr.scheduling.0.child.subscriber._base_state_cb: INFO    : scheduler state_cb: update
2017-11-23 00:24:51,968: umgr.scheduling.0.child: umgr.scheduling.0               : umgr.scheduling.0.child.subscriber._base_state_cb: DEBUG   : update pilots []
2017-11-23 00:24:51,968: umgr.scheduling.0.child: umgr.scheduling.0               : umgr.scheduling.0.child.subscriber._base_state_cb: DEBUG   : update units  ['unit.000000']
2017-11-23 00:24:51,969: umgr.scheduling.0.child: umgr.scheduling.0               : umgr.scheduling.0.child.subscriber._base_state_cb: DEBUG   : update pilot states for []
2017-11-23 00:24:51,969: umgr.scheduling.0.child: umgr.scheduling.0               : umgr.scheduling.0.child.subscriber._base_state_cb: INFO    : scheduler state_cb: update
2017-11-23 00:24:51,969: umgr.scheduling.0.child: umgr.scheduling.0               : umgr.scheduling.0.child.subscriber._base_state_cb: DEBUG   : update pilots []
2017-11-23 00:24:51,969: umgr.scheduling.0.child: umgr.scheduling.0               : umgr.scheduling.0.child.subscriber._base_state_cb: DEBUG   : update units  []
2017-11-23 00:24:51,969: umgr.scheduling.0.child: umgr.scheduling.0               : umgr.scheduling.0.child.subscriber._base_state_cb: DEBUG   : update pilot states for []
2017-11-23 00:24:51,969: umgr.scheduling.0.child: umgr.scheduling.0               : umgr.scheduling.0.child.subscriber._base_state_cb: INFO    : scheduler state_cb: update
2017-11-23 00:24:51,969: umgr.scheduling.0.child: umgr.scheduling.0               : umgr.scheduling.0.child.subscriber._base_state_cb: DEBUG   : update pilots []
2017-11-23 00:24:51,970: umgr.scheduling.0.child: umgr.scheduling.0               : umgr.scheduling.0.child.subscriber._base_state_cb: DEBUG   : update units  ['unit.000000']
2017-11-23 00:24:51,970: umgr.scheduling.0.child: umgr.scheduling.0               : umgr.scheduling.0.child.subscriber._base_state_cb: DEBUG   : update pilot states for []
2017-11-23 00:24:51,972: umgr.scheduling.0.child: umgr.scheduling.0               : umgr.scheduling.0.child.subscriber._base_state_cb: INFO    : scheduler state_cb: update
2017-11-23 00:24:51,972: umgr.scheduling.0.child: umgr.scheduling.0               : umgr.scheduling.0.child.subscriber._base_state_cb: DEBUG   : update pilots []
2017-11-23 00:24:51,972: umgr.scheduling.0.child: umgr.scheduling.0               : umgr.scheduling.0.child.subscriber._base_state_cb: DEBUG   : update units  ['unit.000000']
2017-11-23 00:24:51,972: umgr.scheduling.0.child: umgr.scheduling.0               : umgr.scheduling.0.child.subscriber._base_state_cb: DEBUG   : update pilot states for []
2017-11-23 00:24:52,081: umgr.scheduling.0.child: umgr.scheduling.0               : umgr.scheduling.0.child.subscriber._base_state_cb: INFO    : scheduler state_cb: update
2017-11-23 00:24:52,081: umgr.scheduling.0.child: umgr.scheduling.0               : umgr.scheduling.0.child.subscriber._base_state_cb: DEBUG   : update pilots []
2017-11-23 00:24:52,081: umgr.scheduling.0.child: umgr.scheduling.0               : umgr.scheduling.0.child.subscriber._base_state_cb: DEBUG   : update units  ['unit.000001', 'unit.000002', 'unit.000003']
2017-11-23 00:24:52,081: umgr.scheduling.0.child: umgr.scheduling.0               : umgr.scheduling.0.child.subscriber._base_state_cb: DEBUG   : update pilot states for []
2017-11-23 00:24:52,085: umgr.scheduling.0.child: umgr.scheduling.0               : MainThread     : DEBUG   : got unit (unit.000001)
2017-11-23 00:24:52,085: umgr.scheduling.0.child: umgr.scheduling.0               : MainThread     : DEBUG   : got unit (unit.000002)
2017-11-23 00:24:52,085: umgr.scheduling.0.child: umgr.scheduling.0               : MainThread     : DEBUG   : got unit (unit.000003)
2017-11-23 00:24:52,085: umgr.scheduling.0.child: umgr.scheduling.0               : MainThread     : DEBUG   : advance bulk size: 3 [False, True]
2017-11-23 00:24:52,086: umgr.scheduling.0.child: umgr.scheduling.0               : MainThread     : DEBUG   : advance bulk: unit.000001 [3]
2017-11-23 00:24:52,086: umgr.scheduling.0.child: umgr.scheduling.0               : MainThread     : DEBUG   : advance bulk: unit.000002 [3]
2017-11-23 00:24:52,086: umgr.scheduling.0.child: umgr.scheduling.0               : MainThread     : DEBUG   : advance bulk: unit.000003 [3]
2017-11-23 00:24:52,086: umgr.scheduling.0.child: umgr.scheduling.0               : MainThread     : DEBUG   : advance bulk size: 0 [False, True]
2017-11-23 00:24:52,087: umgr.scheduling.0.child: umgr.scheduling.0               : MainThread     : DEBUG   : advance bulk size: 3 [True, True]
2017-11-23 00:24:52,087: umgr.scheduling.0.child: umgr.scheduling.0               : MainThread     : DEBUG   : advance bulk: unit.000001 [3]
2017-11-23 00:24:52,087: umgr.scheduling.0.child: umgr.scheduling.0               : MainThread     : DEBUG   : advance bulk: unit.000002 [3]
2017-11-23 00:24:52,087: umgr.scheduling.0.child: umgr.scheduling.0               : MainThread     : DEBUG   : advance bulk: unit.000003 [3]
2017-11-23 00:24:52,088: umgr.scheduling.0.child: umgr.scheduling.0               : MainThread     : DEBUG   : bucket: UMGR_STAGING_INPUT_PENDING : ['unit.000001', 'unit.000002', 'unit.000003']
2017-11-23 00:24:52,088: umgr.scheduling.0.child: umgr.scheduling.0               : MainThread     : DEBUG   : put bulk UMGR_STAGING_INPUT_PENDING: 3
2017-11-23 00:24:52,090: umgr.scheduling.0.child: umgr.scheduling.0               : MainThread     : DEBUG   : push unit.000001 ---> UMGR_STAGING_INPUT_PENDING
2017-11-23 00:24:52,091: umgr.scheduling.0.child: umgr.scheduling.0               : MainThread     : DEBUG   : push unit.000002 ---> UMGR_STAGING_INPUT_PENDING
2017-11-23 00:24:52,091: umgr.scheduling.0.child: umgr.scheduling.0               : MainThread     : DEBUG   : push unit.000003 ---> UMGR_STAGING_INPUT_PENDING
2017-11-23 00:24:52,091: umgr.scheduling.0.child: umgr.scheduling.0               : umgr.scheduling.0.child.subscriber._base_state_cb: INFO    : scheduler state_cb: update
2017-11-23 00:24:52,091: umgr.scheduling.0.child: umgr.scheduling.0               : umgr.scheduling.0.child.subscriber._base_state_cb: DEBUG   : update pilots []
2017-11-23 00:24:52,091: umgr.scheduling.0.child: umgr.scheduling.0               : umgr.scheduling.0.child.subscriber._base_state_cb: DEBUG   : update units  ['unit.000001', 'unit.000002', 'unit.000003']
2017-11-23 00:24:52,091: umgr.scheduling.0.child: umgr.scheduling.0               : umgr.scheduling.0.child.subscriber._base_state_cb: DEBUG   : update pilot states for []
2017-11-23 00:24:52,092: umgr.scheduling.0.child: umgr.scheduling.0               : umgr.scheduling.0.child.subscriber._base_state_cb: INFO    : scheduler state_cb: update
2017-11-23 00:24:52,092: umgr.scheduling.0.child: umgr.scheduling.0               : umgr.scheduling.0.child.subscriber._base_state_cb: DEBUG   : update pilots []
2017-11-23 00:24:52,092: umgr.scheduling.0.child: umgr.scheduling.0               : umgr.scheduling.0.child.subscriber._base_state_cb: DEBUG   : update units  []
2017-11-23 00:24:52,092: umgr.scheduling.0.child: umgr.scheduling.0               : umgr.scheduling.0.child.subscriber._base_state_cb: DEBUG   : update pilot states for []
2017-11-23 00:24:52,092: umgr.scheduling.0.child: umgr.scheduling.0               : umgr.scheduling.0.child.subscriber._base_state_cb: INFO    : scheduler state_cb: update
2017-11-23 00:24:52,092: umgr.scheduling.0.child: umgr.scheduling.0               : umgr.scheduling.0.child.subscriber._base_state_cb: DEBUG   : update pilots []
2017-11-23 00:24:52,092: umgr.scheduling.0.child: umgr.scheduling.0               : umgr.scheduling.0.child.subscriber._base_state_cb: DEBUG   : update units  ['unit.000001', 'unit.000002', 'unit.000003']
2017-11-23 00:24:52,093: umgr.scheduling.0.child: umgr.scheduling.0               : umgr.scheduling.0.child.subscriber._base_state_cb: DEBUG   : update pilot states for []
2017-11-23 00:24:55,764: umgr.scheduling.0.child: umgr.scheduling.0               : umgr.scheduling.0.child.subscriber._base_state_cb: INFO    : scheduler state_cb: update
2017-11-23 00:24:55,764: umgr.scheduling.0.child: umgr.scheduling.0               : umgr.scheduling.0.child.subscriber._base_state_cb: DEBUG   : update pilots []
2017-11-23 00:24:55,764: umgr.scheduling.0.child: umgr.scheduling.0               : umgr.scheduling.0.child.subscriber._base_state_cb: DEBUG   : update units  ['unit.000000']
2017-11-23 00:24:55,765: umgr.scheduling.0.child: umgr.scheduling.0               : umgr.scheduling.0.child.subscriber._base_state_cb: DEBUG   : update pilot states for []
2017-11-23 00:24:55,768: umgr.scheduling.0.child: umgr.scheduling.0               : umgr.scheduling.0.child.subscriber._base_state_cb: INFO    : scheduler state_cb: update
2017-11-23 00:24:55,768: umgr.scheduling.0.child: umgr.scheduling.0               : umgr.scheduling.0.child.subscriber._base_state_cb: DEBUG   : update pilots []
2017-11-23 00:24:55,768: umgr.scheduling.0.child: umgr.scheduling.0               : umgr.scheduling.0.child.subscriber._base_state_cb: DEBUG   : update units  ['unit.000001', 'unit.000002', 'unit.000003']
2017-11-23 00:24:55,768: umgr.scheduling.0.child: umgr.scheduling.0               : umgr.scheduling.0.child.subscriber._base_state_cb: DEBUG   : update pilot states for []
2017-11-23 00:24:57,436: umgr.scheduling.0.child: umgr.scheduling.0               : umgr.scheduling.0.child.subscriber._base_state_cb: INFO    : scheduler state_cb: update
2017-11-23 00:24:57,436: umgr.scheduling.0.child: umgr.scheduling.0               : umgr.scheduling.0.child.subscriber._base_state_cb: DEBUG   : update pilots []
2017-11-23 00:24:57,436: umgr.scheduling.0.child: umgr.scheduling.0               : umgr.scheduling.0.child.subscriber._base_state_cb: DEBUG   : update units  ['unit.000001']
2017-11-23 00:24:57,436: umgr.scheduling.0.child: umgr.scheduling.0               : umgr.scheduling.0.child.subscriber._base_state_cb: DEBUG   : update pilot states for []
2017-11-23 00:24:58,779: umgr.scheduling.0.child: umgr.scheduling.0               : umgr.scheduling.0.child.subscriber._base_state_cb: INFO    : scheduler state_cb: update
2017-11-23 00:24:58,779: umgr.scheduling.0.child: umgr.scheduling.0               : umgr.scheduling.0.child.subscriber._base_state_cb: DEBUG   : update pilots []
2017-11-23 00:24:58,779: umgr.scheduling.0.child: umgr.scheduling.0               : umgr.scheduling.0.child.subscriber._base_state_cb: DEBUG   : update units  ['unit.000002']
2017-11-23 00:24:58,780: umgr.scheduling.0.child: umgr.scheduling.0               : umgr.scheduling.0.child.subscriber._base_state_cb: DEBUG   : update pilot states for []
2017-11-23 00:25:00,122: umgr.scheduling.0.child: umgr.scheduling.0               : umgr.scheduling.0.child.subscriber._base_state_cb: INFO    : scheduler state_cb: update
2017-11-23 00:25:00,122: umgr.scheduling.0.child: umgr.scheduling.0               : umgr.scheduling.0.child.subscriber._base_state_cb: DEBUG   : update pilots []
2017-11-23 00:25:00,122: umgr.scheduling.0.child: umgr.scheduling.0               : umgr.scheduling.0.child.subscriber._base_state_cb: DEBUG   : update units  ['unit.000003']
2017-11-23 00:25:00,123: umgr.scheduling.0.child: umgr.scheduling.0               : umgr.scheduling.0.child.subscriber._base_state_cb: DEBUG   : update pilot states for []
2017-11-23 00:25:09,699: umgr.scheduling.0.child: umgr.scheduling.0               : umgr.scheduling.0.child.subscriber._base_state_cb: INFO    : scheduler state_cb: update
2017-11-23 00:25:09,699: umgr.scheduling.0.child: umgr.scheduling.0               : umgr.scheduling.0.child.subscriber._base_state_cb: DEBUG   : update pilots ['pilot.0000']
2017-11-23 00:25:09,699: umgr.scheduling.0.child: umgr.scheduling.0               : umgr.scheduling.0.child.subscriber._base_state_cb: DEBUG   : update units  []
2017-11-23 00:25:09,699: umgr.scheduling.0.child: umgr.scheduling.0               : umgr.scheduling.0.child.subscriber._base_state_cb: DEBUG   : update pilot states for ['pilot.0000']
2017-11-23 00:25:09,699: umgr.scheduling.0.child: umgr.scheduling.0               : umgr.scheduling.0.child.subscriber._base_state_cb: DEBUG   : update pilot state: PMGR_LAUNCHING -> ['PMGR_ACTIVE_PENDING']
2017-11-23 00:25:42,018: umgr.scheduling.0.child: umgr.scheduling.0               : umgr.scheduling.0.child.subscriber._base_state_cb: INFO    : scheduler state_cb: update
2017-11-23 00:25:42,018: umgr.scheduling.0.child: umgr.scheduling.0               : umgr.scheduling.0.child.subscriber._base_state_cb: DEBUG   : update pilots []
2017-11-23 00:25:42,018: umgr.scheduling.0.child: umgr.scheduling.0               : umgr.scheduling.0.child.subscriber._base_state_cb: DEBUG   : update units  ['unit.000003']
2017-11-23 00:25:42,018: umgr.scheduling.0.child: umgr.scheduling.0               : umgr.scheduling.0.child.subscriber._base_state_cb: DEBUG   : update pilot states for []
2017-11-23 00:25:42,019: umgr.scheduling.0.child: umgr.scheduling.0               : umgr.scheduling.0.child.subscriber._base_state_cb: INFO    : scheduler state_cb: update
2017-11-23 00:25:42,019: umgr.scheduling.0.child: umgr.scheduling.0               : umgr.scheduling.0.child.subscriber._base_state_cb: DEBUG   : update pilots []
2017-11-23 00:25:42,019: umgr.scheduling.0.child: umgr.scheduling.0               : umgr.scheduling.0.child.subscriber._base_state_cb: DEBUG   : update units  ['unit.000003']
2017-11-23 00:25:42,019: umgr.scheduling.0.child: umgr.scheduling.0               : umgr.scheduling.0.child.subscriber._base_state_cb: DEBUG   : update pilot states for []
2017-11-23 00:25:42,020: umgr.scheduling.0.child: umgr.scheduling.0               : umgr.scheduling.0.child.subscriber._base_state_cb: INFO    : scheduler state_cb: update
2017-11-23 00:25:42,020: umgr.scheduling.0.child: umgr.scheduling.0               : umgr.scheduling.0.child.subscriber._base_state_cb: DEBUG   : update pilots []
2017-11-23 00:25:42,020: umgr.scheduling.0.child: umgr.scheduling.0               : umgr.scheduling.0.child.subscriber._base_state_cb: DEBUG   : update units  ['unit.000003']
2017-11-23 00:25:42,020: umgr.scheduling.0.child: umgr.scheduling.0               : umgr.scheduling.0.child.subscriber._base_state_cb: DEBUG   : update pilot states for []
2017-11-23 00:25:42,021: umgr.scheduling.0.child: umgr.scheduling.0               : umgr.scheduling.0.child.subscriber._base_state_cb: INFO    : scheduler state_cb: update
2017-11-23 00:25:42,021: umgr.scheduling.0.child: umgr.scheduling.0               : umgr.scheduling.0.child.subscriber._base_state_cb: DEBUG   : update pilots []
2017-11-23 00:25:42,021: umgr.scheduling.0.child: umgr.scheduling.0               : umgr.scheduling.0.child.subscriber._base_state_cb: DEBUG   : update units  ['unit.000003']
2017-11-23 00:25:42,021: umgr.scheduling.0.child: umgr.scheduling.0               : umgr.scheduling.0.child.subscriber._base_state_cb: DEBUG   : update pilot states for []
2017-11-23 00:25:42,021: umgr.scheduling.0.child: umgr.scheduling.0               : umgr.scheduling.0.child.subscriber._base_state_cb: INFO    : scheduler state_cb: update
2017-11-23 00:25:42,022: umgr.scheduling.0.child: umgr.scheduling.0               : umgr.scheduling.0.child.subscriber._base_state_cb: DEBUG   : update pilots []
2017-11-23 00:25:42,022: umgr.scheduling.0.child: umgr.scheduling.0               : umgr.scheduling.0.child.subscriber._base_state_cb: DEBUG   : update units  ['unit.000003']
2017-11-23 00:25:42,022: umgr.scheduling.0.child: umgr.scheduling.0               : umgr.scheduling.0.child.subscriber._base_state_cb: DEBUG   : update pilot states for []
2017-11-23 00:25:42,022: umgr.scheduling.0.child: umgr.scheduling.0               : umgr.scheduling.0.child.subscriber._base_state_cb: INFO    : scheduler state_cb: update
2017-11-23 00:25:42,023: umgr.scheduling.0.child: umgr.scheduling.0               : umgr.scheduling.0.child.subscriber._base_state_cb: DEBUG   : update pilots []
2017-11-23 00:25:42,023: umgr.scheduling.0.child: umgr.scheduling.0               : umgr.scheduling.0.child.subscriber._base_state_cb: DEBUG   : update units  ['unit.000002']
2017-11-23 00:25:42,023: umgr.scheduling.0.child: umgr.scheduling.0               : umgr.scheduling.0.child.subscriber._base_state_cb: DEBUG   : update pilot states for []
2017-11-23 00:25:42,023: umgr.scheduling.0.child: umgr.scheduling.0               : umgr.scheduling.0.child.subscriber._base_state_cb: INFO    : scheduler state_cb: update
2017-11-23 00:25:42,024: umgr.scheduling.0.child: umgr.scheduling.0               : umgr.scheduling.0.child.subscriber._base_state_cb: DEBUG   : update pilots []
2017-11-23 00:25:42,024: umgr.scheduling.0.child: umgr.scheduling.0               : umgr.scheduling.0.child.subscriber._base_state_cb: DEBUG   : update units  ['unit.000002']
2017-11-23 00:25:42,024: umgr.scheduling.0.child: umgr.scheduling.0               : umgr.scheduling.0.child.subscriber._base_state_cb: DEBUG   : update pilot states for []
2017-11-23 00:25:42,024: umgr.scheduling.0.child: umgr.scheduling.0               : umgr.scheduling.0.child.subscriber._base_state_cb: INFO    : scheduler state_cb: update
2017-11-23 00:25:42,024: umgr.scheduling.0.child: umgr.scheduling.0               : umgr.scheduling.0.child.subscriber._base_state_cb: DEBUG   : update pilots []
2017-11-23 00:25:42,025: umgr.scheduling.0.child: umgr.scheduling.0               : umgr.scheduling.0.child.subscriber._base_state_cb: DEBUG   : update units  ['unit.000002']
2017-11-23 00:25:42,025: umgr.scheduling.0.child: umgr.scheduling.0               : umgr.scheduling.0.child.subscriber._base_state_cb: DEBUG   : update pilot states for []
2017-11-23 00:25:42,025: umgr.scheduling.0.child: umgr.scheduling.0               : umgr.scheduling.0.child.subscriber._base_state_cb: INFO    : scheduler state_cb: update
2017-11-23 00:25:42,025: umgr.scheduling.0.child: umgr.scheduling.0               : umgr.scheduling.0.child.subscriber._base_state_cb: DEBUG   : update pilots []
2017-11-23 00:25:42,025: umgr.scheduling.0.child: umgr.scheduling.0               : umgr.scheduling.0.child.subscriber._base_state_cb: DEBUG   : update units  ['unit.000002']
2017-11-23 00:25:42,026: umgr.scheduling.0.child: umgr.scheduling.0               : umgr.scheduling.0.child.subscriber._base_state_cb: DEBUG   : update pilot states for []
2017-11-23 00:25:42,026: umgr.scheduling.0.child: umgr.scheduling.0               : umgr.scheduling.0.child.subscriber._base_state_cb: INFO    : scheduler state_cb: update
2017-11-23 00:25:42,026: umgr.scheduling.0.child: umgr.scheduling.0               : umgr.scheduling.0.child.subscriber._base_state_cb: DEBUG   : update pilots []
2017-11-23 00:25:42,026: umgr.scheduling.0.child: umgr.scheduling.0               : umgr.scheduling.0.child.subscriber._base_state_cb: DEBUG   : update units  ['unit.000002']
2017-11-23 00:25:42,026: umgr.scheduling.0.child: umgr.scheduling.0               : umgr.scheduling.0.child.subscriber._base_state_cb: DEBUG   : update pilot states for []
2017-11-23 00:25:42,027: umgr.scheduling.0.child: umgr.scheduling.0               : umgr.scheduling.0.child.subscriber._base_state_cb: INFO    : scheduler state_cb: update
2017-11-23 00:25:42,027: umgr.scheduling.0.child: umgr.scheduling.0               : umgr.scheduling.0.child.subscriber._base_state_cb: DEBUG   : update pilots []
2017-11-23 00:25:42,027: umgr.scheduling.0.child: umgr.scheduling.0               : umgr.scheduling.0.child.subscriber._base_state_cb: DEBUG   : update units  ['unit.000001']
2017-11-23 00:25:42,027: umgr.scheduling.0.child: umgr.scheduling.0               : umgr.scheduling.0.child.subscriber._base_state_cb: DEBUG   : update pilot states for []
2017-11-23 00:25:42,028: umgr.scheduling.0.child: umgr.scheduling.0               : umgr.scheduling.0.child.subscriber._base_state_cb: INFO    : scheduler state_cb: update
2017-11-23 00:25:42,028: umgr.scheduling.0.child: umgr.scheduling.0               : umgr.scheduling.0.child.subscriber._base_state_cb: DEBUG   : update pilots []
2017-11-23 00:25:42,028: umgr.scheduling.0.child: umgr.scheduling.0               : umgr.scheduling.0.child.subscriber._base_state_cb: DEBUG   : update units  ['unit.000001']
2017-11-23 00:25:42,028: umgr.scheduling.0.child: umgr.scheduling.0               : umgr.scheduling.0.child.subscriber._base_state_cb: DEBUG   : update pilot states for []
2017-11-23 00:25:42,029: umgr.scheduling.0.child: umgr.scheduling.0               : umgr.scheduling.0.child.subscriber._base_state_cb: INFO    : scheduler state_cb: update
2017-11-23 00:25:42,029: umgr.scheduling.0.child: umgr.scheduling.0               : umgr.scheduling.0.child.subscriber._base_state_cb: DEBUG   : update pilots []
2017-11-23 00:25:42,029: umgr.scheduling.0.child: umgr.scheduling.0               : umgr.scheduling.0.child.subscriber._base_state_cb: DEBUG   : update units  ['unit.000001']
2017-11-23 00:25:42,029: umgr.scheduling.0.child: umgr.scheduling.0               : umgr.scheduling.0.child.subscriber._base_state_cb: DEBUG   : update pilot states for []
2017-11-23 00:25:42,030: umgr.scheduling.0.child: umgr.scheduling.0               : umgr.scheduling.0.child.subscriber._base_state_cb: INFO    : scheduler state_cb: update
2017-11-23 00:25:42,030: umgr.scheduling.0.child: umgr.scheduling.0               : umgr.scheduling.0.child.subscriber._base_state_cb: DEBUG   : update pilots []
2017-11-23 00:25:42,030: umgr.scheduling.0.child: umgr.scheduling.0               : umgr.scheduling.0.child.subscriber._base_state_cb: DEBUG   : update units  ['unit.000001']
2017-11-23 00:25:42,030: umgr.scheduling.0.child: umgr.scheduling.0               : umgr.scheduling.0.child.subscriber._base_state_cb: DEBUG   : update pilot states for []
2017-11-23 00:25:42,030: umgr.scheduling.0.child: umgr.scheduling.0               : umgr.scheduling.0.child.subscriber._base_state_cb: INFO    : scheduler state_cb: update
2017-11-23 00:25:42,030: umgr.scheduling.0.child: umgr.scheduling.0               : umgr.scheduling.0.child.subscriber._base_state_cb: DEBUG   : update pilots []
2017-11-23 00:25:42,031: umgr.scheduling.0.child: umgr.scheduling.0               : umgr.scheduling.0.child.subscriber._base_state_cb: DEBUG   : update units  ['unit.000001']
2017-11-23 00:25:42,031: umgr.scheduling.0.child: umgr.scheduling.0               : umgr.scheduling.0.child.subscriber._base_state_cb: DEBUG   : update pilot states for []
2017-11-23 00:25:42,031: umgr.scheduling.0.child: umgr.scheduling.0               : umgr.scheduling.0.child.subscriber._base_state_cb: INFO    : scheduler state_cb: update
2017-11-23 00:25:42,031: umgr.scheduling.0.child: umgr.scheduling.0               : umgr.scheduling.0.child.subscriber._base_state_cb: DEBUG   : update pilots []
2017-11-23 00:25:42,031: umgr.scheduling.0.child: umgr.scheduling.0               : umgr.scheduling.0.child.subscriber._base_state_cb: DEBUG   : update units  ['unit.000000']
2017-11-23 00:25:42,031: umgr.scheduling.0.child: umgr.scheduling.0               : umgr.scheduling.0.child.subscriber._base_state_cb: DEBUG   : update pilot states for []
2017-11-23 00:25:42,032: umgr.scheduling.0.child: umgr.scheduling.0               : umgr.scheduling.0.child.subscriber._base_state_cb: INFO    : scheduler state_cb: update
2017-11-23 00:25:42,032: umgr.scheduling.0.child: umgr.scheduling.0               : umgr.scheduling.0.child.subscriber._base_state_cb: DEBUG   : update pilots []
2017-11-23 00:25:42,032: umgr.scheduling.0.child: umgr.scheduling.0               : umgr.scheduling.0.child.subscriber._base_state_cb: DEBUG   : update units  ['unit.000000']
2017-11-23 00:25:42,032: umgr.scheduling.0.child: umgr.scheduling.0               : umgr.scheduling.0.child.subscriber._base_state_cb: DEBUG   : update pilot states for []
2017-11-23 00:25:42,033: umgr.scheduling.0.child: umgr.scheduling.0               : umgr.scheduling.0.child.subscriber._base_state_cb: INFO    : scheduler state_cb: update
2017-11-23 00:25:42,033: umgr.scheduling.0.child: umgr.scheduling.0               : umgr.scheduling.0.child.subscriber._base_state_cb: DEBUG   : update pilots []
2017-11-23 00:25:42,033: umgr.scheduling.0.child: umgr.scheduling.0               : umgr.scheduling.0.child.subscriber._base_state_cb: DEBUG   : update units  ['unit.000000']
2017-11-23 00:25:42,033: umgr.scheduling.0.child: umgr.scheduling.0               : umgr.scheduling.0.child.subscriber._base_state_cb: DEBUG   : update pilot states for []
2017-11-23 00:25:42,033: umgr.scheduling.0.child: umgr.scheduling.0               : umgr.scheduling.0.child.subscriber._base_state_cb: INFO    : scheduler state_cb: update
2017-11-23 00:25:42,034: umgr.scheduling.0.child: umgr.scheduling.0               : umgr.scheduling.0.child.subscriber._base_state_cb: DEBUG   : update pilots []
2017-11-23 00:25:42,034: umgr.scheduling.0.child: umgr.scheduling.0               : umgr.scheduling.0.child.subscriber._base_state_cb: DEBUG   : update units  ['unit.000000']
2017-11-23 00:25:42,034: umgr.scheduling.0.child: umgr.scheduling.0               : umgr.scheduling.0.child.subscriber._base_state_cb: DEBUG   : update pilot states for []
2017-11-23 00:25:42,034: umgr.scheduling.0.child: umgr.scheduling.0               : umgr.scheduling.0.child.subscriber._base_state_cb: INFO    : scheduler state_cb: update
2017-11-23 00:25:42,034: umgr.scheduling.0.child: umgr.scheduling.0               : umgr.scheduling.0.child.subscriber._base_state_cb: DEBUG   : update pilots []
2017-11-23 00:25:42,034: umgr.scheduling.0.child: umgr.scheduling.0               : umgr.scheduling.0.child.subscriber._base_state_cb: DEBUG   : update units  ['unit.000000']
2017-11-23 00:25:42,035: umgr.scheduling.0.child: umgr.scheduling.0               : umgr.scheduling.0.child.subscriber._base_state_cb: DEBUG   : update pilot states for []
2017-11-23 00:25:42,463: umgr.scheduling.0.child: umgr.scheduling.0               : umgr.scheduling.0.child.subscriber._base_state_cb: INFO    : scheduler state_cb: update
2017-11-23 00:25:42,463: umgr.scheduling.0.child: umgr.scheduling.0               : umgr.scheduling.0.child.subscriber._base_state_cb: DEBUG   : update pilots ['pilot.0000']
2017-11-23 00:25:42,463: umgr.scheduling.0.child: umgr.scheduling.0               : umgr.scheduling.0.child.subscriber._base_state_cb: DEBUG   : update units  []
2017-11-23 00:25:42,463: umgr.scheduling.0.child: umgr.scheduling.0               : umgr.scheduling.0.child.subscriber._base_state_cb: DEBUG   : update pilot states for ['pilot.0000']
2017-11-23 00:25:42,463: umgr.scheduling.0.child: umgr.scheduling.0               : umgr.scheduling.0.child.subscriber._base_state_cb: DEBUG   : update pilot state: PMGR_ACTIVE_PENDING -> ['PMGR_ACTIVE']
2017-11-23 00:25:43,129: umgr.scheduling.0.child: umgr.scheduling.0               : umgr.scheduling.0.child.subscriber._base_state_cb: INFO    : scheduler state_cb: update
2017-11-23 00:25:43,129: umgr.scheduling.0.child: umgr.scheduling.0               : umgr.scheduling.0.child.subscriber._base_state_cb: DEBUG   : update pilots []
2017-11-23 00:25:43,130: umgr.scheduling.0.child: umgr.scheduling.0               : umgr.scheduling.0.child.subscriber._base_state_cb: DEBUG   : update units  ['unit.000000']
2017-11-23 00:25:43,130: umgr.scheduling.0.child: umgr.scheduling.0               : umgr.scheduling.0.child.subscriber._base_state_cb: DEBUG   : update pilot states for []
2017-11-23 00:25:45,320: umgr.scheduling.0.child: umgr.scheduling.0               : umgr.scheduling.0.child.subscriber._base_state_cb: INFO    : scheduler state_cb: update
2017-11-23 00:25:45,320: umgr.scheduling.0.child: umgr.scheduling.0               : umgr.scheduling.0.child.subscriber._base_state_cb: DEBUG   : update pilots []
2017-11-23 00:25:45,320: umgr.scheduling.0.child: umgr.scheduling.0               : umgr.scheduling.0.child.subscriber._base_state_cb: DEBUG   : update units  ['unit.000000']
2017-11-23 00:25:45,320: umgr.scheduling.0.child: umgr.scheduling.0               : umgr.scheduling.0.child.subscriber._base_state_cb: DEBUG   : update pilot states for []
2017-11-23 00:25:45,321: umgr.scheduling.0.child: umgr.scheduling.0               : umgr.scheduling.0.child.subscriber._base_state_cb: INFO    : scheduler state_cb: update
2017-11-23 00:25:45,321: umgr.scheduling.0.child: umgr.scheduling.0               : umgr.scheduling.0.child.subscriber._base_state_cb: DEBUG   : update pilots []
2017-11-23 00:25:45,321: umgr.scheduling.0.child: umgr.scheduling.0               : umgr.scheduling.0.child.subscriber._base_state_cb: DEBUG   : update units  ['unit.000000']
2017-11-23 00:25:45,321: umgr.scheduling.0.child: umgr.scheduling.0               : umgr.scheduling.0.child.subscriber._base_state_cb: DEBUG   : update pilot states for []
2017-11-23 00:25:45,600: umgr.scheduling.0.child: umgr.scheduling.0               : umgr.scheduling.0.child.subscriber._base_state_cb: INFO    : scheduler state_cb: update
2017-11-23 00:25:45,600: umgr.scheduling.0.child: umgr.scheduling.0               : umgr.scheduling.0.child.subscriber._base_state_cb: DEBUG   : update pilots []
2017-11-23 00:25:45,600: umgr.scheduling.0.child: umgr.scheduling.0               : umgr.scheduling.0.child.subscriber._base_state_cb: DEBUG   : update units  ['unit.000000']
2017-11-23 00:25:45,600: umgr.scheduling.0.child: umgr.scheduling.0               : umgr.scheduling.0.child.subscriber._base_state_cb: DEBUG   : update pilot states for []
2017-11-23 00:25:45,605: umgr.scheduling.0.child: umgr.scheduling.0               : umgr.scheduling.0.child.subscriber._base_state_cb: INFO    : scheduler state_cb: update
2017-11-23 00:25:45,605: umgr.scheduling.0.child: umgr.scheduling.0               : umgr.scheduling.0.child.subscriber._base_state_cb: DEBUG   : update pilots []
2017-11-23 00:25:45,605: umgr.scheduling.0.child: umgr.scheduling.0               : umgr.scheduling.0.child.subscriber._base_state_cb: DEBUG   : update units  ['unit.000000']
2017-11-23 00:25:45,606: umgr.scheduling.0.child: umgr.scheduling.0               : umgr.scheduling.0.child.subscriber._base_state_cb: DEBUG   : update pilot states for []
2017-11-23 00:25:45,607: umgr.scheduling.0.child: umgr.scheduling.0               : umgr.scheduling.0.child.subscriber._base_state_cb: INFO    : scheduler state_cb: update
2017-11-23 00:25:45,607: umgr.scheduling.0.child: umgr.scheduling.0               : umgr.scheduling.0.child.subscriber._base_state_cb: DEBUG   : update pilots []
2017-11-23 00:25:45,607: umgr.scheduling.0.child: umgr.scheduling.0               : umgr.scheduling.0.child.subscriber._base_state_cb: DEBUG   : update units  ['unit.000000']
2017-11-23 00:25:45,607: umgr.scheduling.0.child: umgr.scheduling.0               : umgr.scheduling.0.child.subscriber._base_state_cb: DEBUG   : update pilot states for []
2017-11-23 00:25:49,700: umgr.scheduling.0.child: umgr.scheduling.0               : umgr.scheduling.0.child.subscriber._base_state_cb: INFO    : scheduler state_cb: update
2017-11-23 00:25:49,700: umgr.scheduling.0.child: umgr.scheduling.0               : umgr.scheduling.0.child.subscriber._base_state_cb: DEBUG   : update pilots []
2017-11-23 00:25:49,701: umgr.scheduling.0.child: umgr.scheduling.0               : umgr.scheduling.0.child.subscriber._base_state_cb: DEBUG   : update units  ['unit.000001']
2017-11-23 00:25:49,701: umgr.scheduling.0.child: umgr.scheduling.0               : umgr.scheduling.0.child.subscriber._base_state_cb: DEBUG   : update pilot states for []
2017-11-23 00:25:51,890: umgr.scheduling.0.child: umgr.scheduling.0               : umgr.scheduling.0.child.subscriber._base_state_cb: INFO    : scheduler state_cb: update
2017-11-23 00:25:51,890: umgr.scheduling.0.child: umgr.scheduling.0               : umgr.scheduling.0.child.subscriber._base_state_cb: DEBUG   : update pilots []
2017-11-23 00:25:51,891: umgr.scheduling.0.child: umgr.scheduling.0               : umgr.scheduling.0.child.subscriber._base_state_cb: DEBUG   : update units  ['unit.000001']
2017-11-23 00:25:51,891: umgr.scheduling.0.child: umgr.scheduling.0               : umgr.scheduling.0.child.subscriber._base_state_cb: DEBUG   : update pilot states for []
2017-11-23 00:25:51,892: umgr.scheduling.0.child: umgr.scheduling.0               : umgr.scheduling.0.child.subscriber._base_state_cb: INFO    : scheduler state_cb: update
2017-11-23 00:25:51,892: umgr.scheduling.0.child: umgr.scheduling.0               : umgr.scheduling.0.child.subscriber._base_state_cb: DEBUG   : update pilots []
2017-11-23 00:25:51,892: umgr.scheduling.0.child: umgr.scheduling.0               : umgr.scheduling.0.child.subscriber._base_state_cb: DEBUG   : update units  ['unit.000001']
2017-11-23 00:25:51,892: umgr.scheduling.0.child: umgr.scheduling.0               : umgr.scheduling.0.child.subscriber._base_state_cb: DEBUG   : update pilot states for []
2017-11-23 00:25:52,356: umgr.scheduling.0.child: umgr.scheduling.0               : umgr.scheduling.0.child.subscriber._base_state_cb: INFO    : scheduler state_cb: update
2017-11-23 00:25:52,357: umgr.scheduling.0.child: umgr.scheduling.0               : umgr.scheduling.0.child.subscriber._base_state_cb: DEBUG   : update pilots []
2017-11-23 00:25:52,357: umgr.scheduling.0.child: umgr.scheduling.0               : umgr.scheduling.0.child.subscriber._base_state_cb: DEBUG   : update units  ['unit.000001']
2017-11-23 00:25:52,357: umgr.scheduling.0.child: umgr.scheduling.0               : umgr.scheduling.0.child.subscriber._base_state_cb: DEBUG   : update pilot states for []
2017-11-23 00:25:52,361: umgr.scheduling.0.child: umgr.scheduling.0               : umgr.scheduling.0.child.subscriber._base_state_cb: INFO    : scheduler state_cb: update
2017-11-23 00:25:52,361: umgr.scheduling.0.child: umgr.scheduling.0               : umgr.scheduling.0.child.subscriber._base_state_cb: DEBUG   : update pilots []
2017-11-23 00:25:52,361: umgr.scheduling.0.child: umgr.scheduling.0               : umgr.scheduling.0.child.subscriber._base_state_cb: DEBUG   : update units  ['unit.000001']
2017-11-23 00:25:52,361: umgr.scheduling.0.child: umgr.scheduling.0               : umgr.scheduling.0.child.subscriber._base_state_cb: DEBUG   : update pilot states for []
2017-11-23 00:25:52,363: umgr.scheduling.0.child: umgr.scheduling.0               : umgr.scheduling.0.child.subscriber._base_state_cb: INFO    : scheduler state_cb: update
2017-11-23 00:25:52,363: umgr.scheduling.0.child: umgr.scheduling.0               : umgr.scheduling.0.child.subscriber._base_state_cb: DEBUG   : update pilots []
2017-11-23 00:25:52,363: umgr.scheduling.0.child: umgr.scheduling.0               : umgr.scheduling.0.child.subscriber._base_state_cb: DEBUG   : update units  ['unit.000001']
2017-11-23 00:25:52,363: umgr.scheduling.0.child: umgr.scheduling.0               : umgr.scheduling.0.child.subscriber._base_state_cb: DEBUG   : update pilot states for []
2017-11-23 00:44:14,854: umgr.scheduling.0.child: umgr.scheduling.0               : umgr.scheduling.0.child.subscriber._base_state_cb: INFO    : scheduler state_cb: update
2017-11-23 00:44:14,855: umgr.scheduling.0.child: umgr.scheduling.0               : umgr.scheduling.0.child.subscriber._base_state_cb: DEBUG   : update pilots []
2017-11-23 00:44:14,855: umgr.scheduling.0.child: umgr.scheduling.0               : umgr.scheduling.0.child.subscriber._base_state_cb: DEBUG   : update units  ['unit.000003']
2017-11-23 00:44:14,855: umgr.scheduling.0.child: umgr.scheduling.0               : umgr.scheduling.0.child.subscriber._base_state_cb: DEBUG   : update pilot states for []
2017-11-23 00:44:16,042: umgr.scheduling.0.child: umgr.scheduling.0               : umgr.scheduling.0.child.subscriber._base_state_cb: INFO    : scheduler state_cb: update
2017-11-23 00:44:16,042: umgr.scheduling.0.child: umgr.scheduling.0               : umgr.scheduling.0.child.subscriber._base_state_cb: DEBUG   : update pilots []
2017-11-23 00:44:16,042: umgr.scheduling.0.child: umgr.scheduling.0               : umgr.scheduling.0.child.subscriber._base_state_cb: DEBUG   : update units  ['unit.000003']
2017-11-23 00:44:16,042: umgr.scheduling.0.child: umgr.scheduling.0               : umgr.scheduling.0.child.subscriber._base_state_cb: DEBUG   : update pilot states for []
2017-11-23 00:44:16,136: umgr.scheduling.0.child: umgr.scheduling.0               : umgr.scheduling.0.child.subscriber._base_state_cb: INFO    : scheduler state_cb: update
2017-11-23 00:44:16,136: umgr.scheduling.0.child: umgr.scheduling.0               : umgr.scheduling.0.child.subscriber._base_state_cb: DEBUG   : update pilots []
2017-11-23 00:44:16,137: umgr.scheduling.0.child: umgr.scheduling.0               : umgr.scheduling.0.child.subscriber._base_state_cb: DEBUG   : update units  ['unit.000003']
2017-11-23 00:44:16,137: umgr.scheduling.0.child: umgr.scheduling.0               : umgr.scheduling.0.child.subscriber._base_state_cb: DEBUG   : update pilot states for []
2017-11-23 00:45:30,195: umgr.scheduling.0.child: umgr.scheduling.0               : umgr.scheduling.0.child.subscriber._base_state_cb: INFO    : scheduler state_cb: update
2017-11-23 00:45:30,196: umgr.scheduling.0.child: umgr.scheduling.0               : umgr.scheduling.0.child.subscriber._base_state_cb: DEBUG   : update pilots ['pilot.0000']
2017-11-23 00:45:30,196: umgr.scheduling.0.child: umgr.scheduling.0               : umgr.scheduling.0.child.subscriber._base_state_cb: DEBUG   : update units  []
2017-11-23 00:45:30,196: umgr.scheduling.0.child: umgr.scheduling.0               : umgr.scheduling.0.child.subscriber._base_state_cb: DEBUG   : update pilot states for ['pilot.0000']
2017-11-23 00:45:30,196: umgr.scheduling.0.child: umgr.scheduling.0               : umgr.scheduling.0.child.subscriber._base_state_cb: DEBUG   : update pilot state: PMGR_ACTIVE -> ['CANCELED']
2017-11-23 00:45:30,484: umgr.scheduling.0.child: umgr.scheduling.0               : umgr.scheduling.0.child.subscriber._base_state_cb: INFO    : scheduler state_cb: update
2017-11-23 00:45:30,484: umgr.scheduling.0.child: umgr.scheduling.0               : umgr.scheduling.0.child.subscriber._base_state_cb: DEBUG   : update pilots []
2017-11-23 00:45:30,484: umgr.scheduling.0.child: umgr.scheduling.0               : umgr.scheduling.0.child.subscriber._base_state_cb: DEBUG   : update units  ['unit.000002']
2017-11-23 00:45:30,484: umgr.scheduling.0.child: umgr.scheduling.0               : umgr.scheduling.0.child.subscriber._base_state_cb: DEBUG   : update pilot states for []
2017-11-23 00:45:32,927: umgr.scheduling.0.child: umgr.scheduling.0               : umgr.scheduling.0.child.watch: WARNING : endpoint disappeard
2017-11-23 00:45:32,928: umgr.scheduling.0.child: umgr.scheduling.0               : umgr.scheduling.0.child.watch: INFO    : watcher closes
2017-11-23 00:45:32,928: umgr.scheduling.0.child: umgr.scheduling.0               : umgr.scheduling.0.child.watch: INFO    : put message: [umgr.scheduling.0.child.watch.thread] work finished
2017-11-23 00:45:32,928: umgr.scheduling.0.child: umgr.scheduling.0               : umgr.scheduling.0.child.watch: DEBUG   : ru_finalize_child (NOOP)
2017-11-23 00:45:32,928: umgr.scheduling.0.child: umgr.scheduling.0               : umgr.scheduling.0.child.watch: DEBUG   : ru_finalize_common (NOOP)
2017-11-23 00:45:32,928: umgr.scheduling.0.child: umgr.scheduling.0               : umgr.scheduling.0.child.watch: INFO    : put message: [umgr.scheduling.0.child.watch.thread] terminating
2017-11-23 00:45:33,418: umgr.scheduling.0.child: umgr.scheduling.0               : MainThread     : INFO    :  ====finalize_child
2017-11-23 00:45:33,418: umgr.scheduling.0.child: umgr.scheduling.0               : MainThread     : WARNING : alive check: proc invalid - stop [False - True]
2017-11-23 00:45:33,482: umgr.scheduling.0.child: umgr.scheduling.0               : MainThread     : INFO    : stop umgr.scheduling.0.child (7936 : 7936 : MainThread) [radical.utils.process.RoundRobin.is_valid]
2017-11-23 00:45:33,482: umgr.scheduling.0.child: umgr.scheduling.0               : MainThread     : INFO    : parent stops child
2017-11-23 00:45:33,482: umgr.scheduling.0.child: umgr.scheduling.0               : MainThread     : INFO    :  ====finalize_child
2017-11-23 00:45:33,482: umgr.scheduling.0.child: umgr.scheduling.0               : MainThread     : DEBUG   : TERM : umgr.scheduling.0.child unregister subscriber umgr.scheduling.0.child.subscriber._base_command_cb
2017-11-23 00:45:33,482: umgr.scheduling.0.child: umgr.scheduling.0               : MainThread     : DEBUG   : unregistered subscriber umgr.scheduling.0.child.subscriber._base_command_cb
2017-11-23 00:45:33,482: umgr.scheduling.0.child: umgr.scheduling.0               : MainThread     : DEBUG   : TERM : umgr.scheduling.0.child unregister subscriber umgr.scheduling.0.child.subscriber._base_state_cb
2017-11-23 00:45:33,482: umgr.scheduling.0.child: umgr.scheduling.0               : MainThread     : DEBUG   : unregistered subscriber umgr.scheduling.0.child.subscriber._base_state_cb
2017-11-23 00:45:33,482: umgr.scheduling.0.child: umgr.scheduling.0               : MainThread     : DEBUG   : TERM : umgr.scheduling.0.child unregister output UMGR_STAGING_INPUT_PENDING
2017-11-23 00:45:33,482: umgr.scheduling.0.child: umgr.scheduling.0               : MainThread     : WARNING : input UMGR_STAGING_INPUT_PENDING is not registered
2017-11-23 00:45:33,482: umgr.scheduling.0.child: umgr.scheduling.0               : MainThread     : WARNING : input umgr.scheduling.0.child.work.UMGR_SCHEDULING_PENDING not registered
2017-11-23 00:45:33,483: umgr.scheduling.0.child: umgr.scheduling.0               : MainThread     : INFO    :  ====finalize_child done
2017-11-23 00:45:33,483: umgr.scheduling.0.child: umgr.scheduling.0               : MainThread     : DEBUG   : ru_finalize_common()
2017-11-23 00:45:33,483: umgr.scheduling.0.child: umgr.scheduling.0               : MainThread     : DEBUG   : TERM : umgr.scheduling.0.child unregister publisher log_pubsub
2017-11-23 00:45:33,483: umgr.scheduling.0.child: umgr.scheduling.0               : MainThread     : DEBUG   : unregistered publisher log_pubsub
2017-11-23 00:45:33,483: umgr.scheduling.0.child: umgr.scheduling.0               : MainThread     : DEBUG   : TERM : umgr.scheduling.0.child unregister publisher state_pubsub
2017-11-23 00:45:33,484: umgr.scheduling.0.child: umgr.scheduling.0               : MainThread     : DEBUG   : unregistered publisher state_pubsub
2017-11-23 00:45:33,484: umgr.scheduling.0.child: umgr.scheduling.0               : MainThread     : DEBUG   : TERM : umgr.scheduling.0.child unregister publisher control_pubsub
2017-11-23 00:45:33,485: umgr.scheduling.0.child: umgr.scheduling.0               : MainThread     : DEBUG   : unregistered publisher control_pubsub
2017-11-23 00:45:33,485: umgr.scheduling.0.child: umgr.scheduling.0               : MainThread     : DEBUG   : umgr.scheduling.0.child close prof
2017-11-23 00:45:33,485: umgr.scheduling.0.child: umgr.scheduling.0               : MainThread     : INFO    : parent stops child
2017-11-23 00:45:33,486: umgr.scheduling.0.child: umgr.scheduling.0               : MainThread     : DEBUG   : ru_finalize_parent (NOOP)
2017-11-23 00:45:33,486: umgr.scheduling.0.child: umgr.scheduling.0               : MainThread     : DEBUG   : ru_finalize_common (NOOP)
2017-11-23 00:45:33,486: umgr.scheduling.0.child: umgr.scheduling.0               : MainThread     : INFO    : parent stops child
2017-11-23 00:45:33,486: umgr.scheduling.0.child: umgr.scheduling.0               : MainThread     : DEBUG   : ru_finalize_parent (NOOP)
2017-11-23 00:45:33,486: umgr.scheduling.0.child: umgr.scheduling.0               : umgr.scheduling.0.child.subscriber._cancel_monitor_cb: ERROR   : abort: ZMQError('Socket operation on non-socket')
Traceback (most recent call last):
  File "/home/george/Stream_ve/local/lib/python2.7/site-packages/radical/utils/threads.py", line 375, in _run
    if not self.work_cb():
  File "/home/george/Stream_ve/local/lib/python2.7/site-packages/radical/pilot/utils/component.py", line 1088, in work_cb
    topic, msg = self._q.get_nowait(500)  # timout in ms
  File "/home/george/Stream_ve/local/lib/python2.7/site-packages/radical/pilot/utils/pubsub.py", line 352, in get_nowait
    if _uninterruptible(self._q.poll, flags=zmq.POLLIN, timeout=timeout):
  File "/home/george/Stream_ve/local/lib/python2.7/site-packages/radical/pilot/utils/pubsub.py", line 50, in _uninterruptible
    return f(*args, **kwargs)
  File "/home/george/Stream_ve/local/lib/python2.7/site-packages/zmq/sugar/socket.py", line 558, in poll
    evts = dict(p.poll(timeout))
  File "/home/george/Stream_ve/local/lib/python2.7/site-packages/zmq/sugar/poll.py", line 99, in poll
    return zmq_poll(self.sockets, timeout=timeout)
  File "zmq/backend/cython/_poll.pyx", line 123, in zmq.backend.cython._poll.zmq_poll (zmq/backend/cython/_poll.c:2186)
  File "zmq/backend/cython/_poll.pyx", line 116, in zmq.backend.cython._poll.zmq_poll (zmq/backend/cython/_poll.c:2036)
  File "zmq/backend/cython/checkrc.pxd", line 25, in zmq.backend.cython.checkrc._check_rc (zmq/backend/cython/_poll.c:2811)
    raise ZMQError(errno)
ZMQError: Socket operation on non-socket
2017-11-23 00:45:33,488: umgr.scheduling.0.child: umgr.scheduling.0               : umgr.scheduling.0.child.subscriber._cancel_monitor_cb: INFO    : put message: [umgr.scheduling.0.child.subscriber._cancel_monitor_cb.thread] ZMQError('Socket operation on non-socket')
2017-11-23 00:45:33,488: umgr.scheduling.0.child: umgr.scheduling.0               : umgr.scheduling.0.child.subscriber._cancel_monitor_cb: DEBUG   : ru_finalize_child (NOOP)
2017-11-23 00:45:33,488: umgr.scheduling.0.child: umgr.scheduling.0               : umgr.scheduling.0.child.subscriber._cancel_monitor_cb: INFO    : put message: [umgr.scheduling.0.child.subscriber._cancel_monitor_cb.thread] terminating
2017-11-23 00:45:33,490: umgr.scheduling.0.child: umgr.scheduling.0               : MainThread     : INFO    : parent stops child
2017-11-23 00:45:33,490: umgr.scheduling.0.child: umgr.scheduling.0               : MainThread     : DEBUG   : ru_finalize_parent (NOOP)
2017-11-23 00:45:33,490: umgr.scheduling.0.child: umgr.scheduling.0               : umgr.scheduling.0.child.subscriber._base_state_cb: ERROR   : abort: ZMQError('Socket operation on non-socket')
Traceback (most recent call last):
  File "/home/george/Stream_ve/local/lib/python2.7/site-packages/radical/utils/threads.py", line 375, in _run
    if not self.work_cb():
  File "/home/george/Stream_ve/local/lib/python2.7/site-packages/radical/pilot/utils/component.py", line 1088, in work_cb
    topic, msg = self._q.get_nowait(500)  # timout in ms
  File "/home/george/Stream_ve/local/lib/python2.7/site-packages/radical/pilot/utils/pubsub.py", line 352, in get_nowait
    if _uninterruptible(self._q.poll, flags=zmq.POLLIN, timeout=timeout):
  File "/home/george/Stream_ve/local/lib/python2.7/site-packages/radical/pilot/utils/pubsub.py", line 50, in _uninterruptible
    return f(*args, **kwargs)
  File "/home/george/Stream_ve/local/lib/python2.7/site-packages/zmq/sugar/socket.py", line 558, in poll
    evts = dict(p.poll(timeout))
  File "/home/george/Stream_ve/local/lib/python2.7/site-packages/zmq/sugar/poll.py", line 99, in poll
    return zmq_poll(self.sockets, timeout=timeout)
  File "zmq/backend/cython/_poll.pyx", line 123, in zmq.backend.cython._poll.zmq_poll (zmq/backend/cython/_poll.c:2186)
  File "zmq/backend/cython/_poll.pyx", line 116, in zmq.backend.cython._poll.zmq_poll (zmq/backend/cython/_poll.c:2036)
  File "zmq/backend/cython/checkrc.pxd", line 25, in zmq.backend.cython.checkrc._check_rc (zmq/backend/cython/_poll.c:2811)
    raise ZMQError(errno)
ZMQError: Socket operation on non-socket
2017-11-23 00:45:33,491: umgr.scheduling.0.child: umgr.scheduling.0               : umgr.scheduling.0.child.subscriber._base_state_cb: INFO    : put message: [umgr.scheduling.0.child.subscriber._base_state_cb.thread] ZMQError('Socket operation on non-socket')
2017-11-23 00:45:33,491: umgr.scheduling.0.child: umgr.scheduling.0               : umgr.scheduling.0.child.subscriber._base_state_cb: DEBUG   : ru_finalize_child (NOOP)
2017-11-23 00:45:33,491: umgr.scheduling.0.child: umgr.scheduling.0               : umgr.scheduling.0.child.subscriber._base_state_cb: INFO    : put message: [umgr.scheduling.0.child.subscriber._base_state_cb.thread] terminating
2017-11-23 00:45:33,492: umgr.scheduling.0.child: umgr.scheduling.0               : MainThread     : INFO    : parent stops child
2017-11-23 00:45:33,492: umgr.scheduling.0.child: umgr.scheduling.0               : MainThread     : DEBUG   : ru_finalize_parent (NOOP)
2017-11-23 00:45:33,493: umgr.scheduling.0.child: umgr.scheduling.0               : umgr.scheduling.0.child.subscriber._base_command_cb: ERROR   : abort: ZMQError('Socket operation on non-socket')
Traceback (most recent call last):
  File "/home/george/Stream_ve/local/lib/python2.7/site-packages/radical/utils/threads.py", line 375, in _run
    if not self.work_cb():
  File "/home/george/Stream_ve/local/lib/python2.7/site-packages/radical/pilot/utils/component.py", line 1088, in work_cb
    topic, msg = self._q.get_nowait(500)  # timout in ms
  File "/home/george/Stream_ve/local/lib/python2.7/site-packages/radical/pilot/utils/pubsub.py", line 352, in get_nowait
    if _uninterruptible(self._q.poll, flags=zmq.POLLIN, timeout=timeout):
  File "/home/george/Stream_ve/local/lib/python2.7/site-packages/radical/pilot/utils/pubsub.py", line 50, in _uninterruptible
    return f(*args, **kwargs)
  File "/home/george/Stream_ve/local/lib/python2.7/site-packages/zmq/sugar/socket.py", line 558, in poll
    evts = dict(p.poll(timeout))
  File "/home/george/Stream_ve/local/lib/python2.7/site-packages/zmq/sugar/poll.py", line 99, in poll
    return zmq_poll(self.sockets, timeout=timeout)
  File "zmq/backend/cython/_poll.pyx", line 123, in zmq.backend.cython._poll.zmq_poll (zmq/backend/cython/_poll.c:2186)
  File "zmq/backend/cython/_poll.pyx", line 116, in zmq.backend.cython._poll.zmq_poll (zmq/backend/cython/_poll.c:2036)
  File "zmq/backend/cython/checkrc.pxd", line 25, in zmq.backend.cython.checkrc._check_rc (zmq/backend/cython/_poll.c:2811)
    raise ZMQError(errno)
ZMQError: Socket operation on non-socket
2017-11-23 00:45:33,493: umgr.scheduling.0.child: umgr.scheduling.0               : umgr.scheduling.0.child.subscriber._base_command_cb: INFO    : put message: [umgr.scheduling.0.child.subscriber._base_command_cb.thread] ZMQError('Socket operation on non-socket')
2017-11-23 00:45:33,493: umgr.scheduling.0.child: umgr.scheduling.0               : umgr.scheduling.0.child.subscriber._base_command_cb: DEBUG   : ru_finalize_child (NOOP)
2017-11-23 00:45:33,494: umgr.scheduling.0.child: umgr.scheduling.0               : umgr.scheduling.0.child.subscriber._base_command_cb: INFO    : put message: [umgr.scheduling.0.child.subscriber._base_command_cb.thread] terminating
2017-11-23 00:45:33,494: umgr.scheduling.0.child: umgr.scheduling.0               : MainThread     : WARNING : super umgr.scheduling.0.child is invalid
2017-11-23 00:45:33,494: umgr.scheduling.0.child: umgr.scheduling.0               : MainThread     : WARNING : component umgr.scheduling.0.child is invalid
2017-11-23 00:45:33,495: umgr.scheduling.0.child: umgr.scheduling.0               : MainThread     : INFO    : stop umgr.scheduling.0.child (7936 : 7936 : MainThread) [radical.pilot.utils.component.RoundRobin.is_valid]
2017-11-23 00:45:33,495: umgr.scheduling.0.child: umgr.scheduling.0               : MainThread     : DEBUG   : TERM : umgr.scheduling.0.child unregister subscriber umgr.scheduling.0.child.subscriber._base_command_cb
2017-11-23 00:45:33,495: umgr.scheduling.0.child: umgr.scheduling.0               : MainThread     : WARNING : subscriber _base_command_cb is not registered
2017-11-23 00:45:33,496: umgr.scheduling.0.child: umgr.scheduling.0               : MainThread     : DEBUG   : TERM : umgr.scheduling.0.child unregister subscriber umgr.scheduling.0.child.subscriber._base_state_cb
2017-11-23 00:45:33,496: umgr.scheduling.0.child: umgr.scheduling.0               : MainThread     : WARNING : subscriber _base_state_cb is not registered
2017-11-23 00:45:33,496: umgr.scheduling.0.child: umgr.scheduling.0               : MainThread     : DEBUG   : TERM : umgr.scheduling.0.child unregister output UMGR_STAGING_INPUT_PENDING
2017-11-23 00:45:33,496: umgr.scheduling.0.child: umgr.scheduling.0               : MainThread     : WARNING : input UMGR_STAGING_INPUT_PENDING is not registered
2017-11-23 00:45:33,496: umgr.scheduling.0.child: umgr.scheduling.0               : MainThread     : WARNING : input umgr.scheduling.0.child.work.UMGR_SCHEDULING_PENDING not registered
2017-11-23 00:45:33,496: umgr.scheduling.0.child: umgr.scheduling.0               : MainThread     : INFO    :  ====finalize_child done
2017-11-23 00:45:33,496: umgr.scheduling.0.child: umgr.scheduling.0               : MainThread     : DEBUG   : ru_finalize_common()
2017-11-23 00:45:33,496: umgr.scheduling.0.child: umgr.scheduling.0               : MainThread     : WARNING : publisher log_pubsub is not registered
2017-11-23 00:45:33,496: umgr.scheduling.0.child: umgr.scheduling.0               : MainThread     : WARNING : publisher state_pubsub is not registered
2017-11-23 00:45:33,496: umgr.scheduling.0.child: umgr.scheduling.0               : MainThread     : WARNING : publisher control_pubsub is not registered
2017-11-23 00:45:33,496: umgr.scheduling.0.child: umgr.scheduling.0               : MainThread     : DEBUG   : umgr.scheduling.0.child close prof
2017-11-23 00:45:33,496: umgr.scheduling.0.child: umgr.scheduling.0               : MainThread     : INFO    : send message: [umgr.scheduling.0.child] terminating
2017-11-23 00:45:33,496: umgr.scheduling.0.child: umgr.scheduling.0               : MainThread     : WARNING : send failed ([Errno 9] Bad file descriptor) - terminate
2017-11-23 00:45:33,497: umgr.scheduling.0.child: umgr.scheduling.0               : MainThread     : INFO    : parent stops child
2017-11-23 00:45:33,497: umgr.scheduling.0.child: umgr.scheduling.0               : MainThread     : INFO    : parent stops child
2017-11-23 00:45:33,497: umgr.scheduling.0.child: umgr.scheduling.0               : MainThread     : INFO    : parent stops child
