2017-11-23 00:24:45,529: update.0            : MainProcess                     : MainThread     : INFO    : python.interpreter   version: 2.7.13 (default, Jan 19 2017, 14:48:08) [GCC 6.3.0 20170118]
2017-11-23 00:24:45,529: update.0            : MainProcess                     : MainThread     : INFO    :                      pid: 7765
2017-11-23 00:24:45,529: update.0            : MainProcess                     : MainThread     : INFO    :                      tid: MainThread
2017-11-23 00:24:45,529: update.0            : MainProcess                     : MainThread     : INFO    : radical.pilot        version: 0.46.2
2017-11-23 00:24:45,529: update.0            : MainProcess                     : MainThread     : DEBUG   : alive check in term
2017-11-23 00:24:45,529: update.0            : MainProcess                     : MainThread     : DEBUG   : start process
2017-11-23 00:24:46,052: update.0            : MainProcess                     : MainThread     : INFO    : recv message: alive
2017-11-23 00:24:46,052: update.0            : MainProcess                     : MainThread     : INFO    : initialize update.0
2017-11-23 00:24:46,055: update.0            : MainProcess                     : MainThread     : INFO    : cfg: {'agents': {},
 u'bridges': {u'control_pubsub': {'addr_in': 'tcp://144.76.72.175:35455',
                                  'addr_out': 'tcp://144.76.72.175:45361',
                                  u'bulk_size': 0,
                                  u'log_level': u'debug',
                                  u'stall_hwm': 1},
              u'log_pubsub': {'addr_in': 'tcp://144.76.72.175:45359',
                              'addr_out': 'tcp://144.76.72.175:44467',
                              u'bulk_size': 0,
                              u'log_level': u'debug',
                              u'stall_hwm': 1},
              u'state_pubsub': {'addr_in': 'tcp://144.76.72.175:41942',
                                'addr_out': 'tcp://144.76.72.175:36772',
                                u'bulk_size': 0,
                                u'log_level': u'debug',
                                u'stall_hwm': 1}},
 'cname': u'UpdateWorker',
 u'components': {},
 u'count': 1,
 'dburl': 'mongodb://giorgos:giorgos7@ds035385.mongolab.com:35385/giorgos-radical',
 'debug': 'DEBUG',
 u'default_dburl': u'mongodb://rp:rp@ds015335.mlab.com:15335/rp',
 'logdir': '/home/george/repos/midas/streaming/RedisKmeans/map_reduce_kmeans/rp.session.one.george.017492.0015',
 'number': 0,
 'owner': 'rp.session.one.george.017492.0015',
 'session_id': 'rp.session.one.george.017492.0015'}
2017-11-23 00:24:46,055: update.0            : MainProcess                     : MainThread     : DEBUG   : alive check in term
2017-11-23 00:24:46,055: update.0            : MainProcess                     : MainThread     : DEBUG   : START: update.0 register publisher log_pubsub
2017-11-23 00:24:46,056: update.0            : MainProcess                     : MainThread     : DEBUG   : using addr tcp://144.76.72.175:45359 for pubsub log_pubsub
2017-11-23 00:24:46,059: update.0            : MainProcess                     : MainThread     : DEBUG   : registered publisher : log_pubsub : log.pubsub.pub.0000
2017-11-23 00:24:46,059: update.0            : MainProcess                     : MainThread     : DEBUG   : alive check in term
2017-11-23 00:24:46,059: update.0            : MainProcess                     : MainThread     : DEBUG   : START: update.0 register publisher state_pubsub
2017-11-23 00:24:46,059: update.0            : MainProcess                     : MainThread     : DEBUG   : using addr tcp://144.76.72.175:41942 for pubsub state_pubsub
2017-11-23 00:24:46,061: update.0            : MainProcess                     : MainThread     : DEBUG   : registered publisher : state_pubsub : state.pubsub.pub.0000
2017-11-23 00:24:46,061: update.0            : MainProcess                     : MainThread     : DEBUG   : alive check in term
2017-11-23 00:24:46,061: update.0            : MainProcess                     : MainThread     : DEBUG   : START: update.0 register publisher control_pubsub
2017-11-23 00:24:46,061: update.0            : MainProcess                     : MainThread     : DEBUG   : using addr tcp://144.76.72.175:35455 for pubsub control_pubsub
2017-11-23 00:24:46,063: update.0            : MainProcess                     : MainThread     : DEBUG   : registered publisher : control_pubsub : control.pubsub.pub.0000
2017-11-23 00:24:46,063: update.0            : MainProcess                     : MainThread     : DEBUG   : parent name: update.0.watch
2017-11-23 00:24:46,063: update.0            : MainProcess                     : MainThread     : DEBUG   : start thread
2017-11-23 00:24:46,064: update.0            : MainProcess                     : update.0.watch : DEBUG   : child name: update.0.watch.thread
2017-11-23 00:24:46,064: update.0            : MainProcess                     : update.0.watch : INFO    : child (me) initializing
2017-11-23 00:24:46,064: update.0            : MainProcess                     : update.0.watch : DEBUG   : ru_initialize_common (NOOP)
2017-11-23 00:24:46,064: update.0            : MainProcess                     : update.0.watch : DEBUG   : ru_initialize_child (NOOP)
2017-11-23 00:24:46,064: update.0            : MainProcess                     : update.0.watch : INFO    : send alive
2017-11-23 00:24:46,064: update.0            : MainProcess                     : update.0.watch : INFO    : put message: [update.0.watch.thread] alive
2017-11-23 00:24:46,065: update.0            : MainProcess                     : MainThread     : INFO    : get msg: alive
2017-11-23 00:24:46,065: update.0            : MainProcess                     : MainThread     : DEBUG   : ru_initialize_common (NOOP)
2017-11-23 00:24:46,065: update.0            : MainProcess                     : MainThread     : DEBUG   : ru_initialize_parent (NOOP)
2017-11-23 00:24:46,065: update.0            : MainProcess                     : MainThread     : DEBUG   : child thread update.0.watch started
2017-11-23 00:24:46,066: update.0            : MainProcess                     : MainThread     : INFO    : child is alive
2017-11-23 00:24:46,066: update.0            : MainProcess                     : MainThread     : DEBUG   : process class started child
2017-11-23 00:45:38,568: update.0            : MainProcess                     : MainThread     : INFO    : stop update.0 (7765 : 7796 : MainThread) [radical.pilot.worker.update.Update.stop]
2017-11-23 00:45:38,568: update.0            : MainProcess                     : MainThread     : INFO    : parent stops child
2017-11-23 00:45:38,568: update.0            : MainProcess                     : MainThread     : DEBUG   : ru_finalize_common()
2017-11-23 00:45:38,568: update.0            : MainProcess                     : MainThread     : DEBUG   : TERM : update.0 unregister publisher log_pubsub
2017-11-23 00:45:38,569: update.0            : MainProcess                     : MainThread     : DEBUG   : unregistered publisher log_pubsub
2017-11-23 00:45:38,569: update.0            : MainProcess                     : MainThread     : DEBUG   : TERM : update.0 unregister publisher state_pubsub
2017-11-23 00:45:38,570: update.0            : MainProcess                     : MainThread     : DEBUG   : unregistered publisher state_pubsub
2017-11-23 00:45:38,570: update.0            : MainProcess                     : MainThread     : DEBUG   : TERM : update.0 unregister publisher control_pubsub
2017-11-23 00:45:38,571: update.0            : MainProcess                     : MainThread     : DEBUG   : unregistered publisher control_pubsub
2017-11-23 00:45:38,571: update.0            : MainProcess                     : MainThread     : DEBUG   : update.0 close prof
2017-11-23 00:45:38,571: update.0            : MainProcess                     : MainThread     : INFO    : parent stops child
2017-11-23 00:45:38,571: update.0            : MainProcess                     : MainThread     : DEBUG   : ru_finalize_parent (NOOP)
2017-11-23 00:45:38,571: update.0            : MainProcess                     : MainThread     : DEBUG   : ru_finalize_common (NOOP)
2017-11-23 00:45:38,575: update.0            : MainProcess                     : update.0.watch : INFO    : watcher closes
2017-11-23 00:45:38,575: update.0            : MainProcess                     : update.0.watch : INFO    : put message: [update.0.watch.thread] work finished
2017-11-23 00:45:38,575: update.0            : MainProcess                     : update.0.watch : DEBUG   : ru_finalize_child (NOOP)
2017-11-23 00:45:38,575: update.0            : MainProcess                     : update.0.watch : DEBUG   : ru_finalize_common (NOOP)
2017-11-23 00:45:38,576: update.0            : MainProcess                     : update.0.watch : INFO    : put message: [update.0.watch.thread] terminating
2017-11-23 00:45:41,852: update.0            : MainProcess                     : MainThread     : INFO    : stop update.0 (7765 : 7796 : MainThread) [radical.pilot.worker.update.Update.stop]
