2017-11-23 00:13:26,423: control.pubsub.sub.0001: pmgr.launching.0                : MainThread     : INFO    : python.interpreter   version: 2.7.13 (default, Jan 19 2017, 14:48:08) [GCC 6.3.0 20170118]
2017-11-23 00:13:26,424: control.pubsub.sub.0001: pmgr.launching.0                : MainThread     : INFO    :                      pid: 7105
2017-11-23 00:13:26,424: control.pubsub.sub.0001: pmgr.launching.0                : MainThread     : INFO    :                      tid: MainThread
2017-11-23 00:13:26,424: control.pubsub.sub.0001: pmgr.launching.0                : MainThread     : INFO    : radical.pilot        version: 0.46.2
2017-11-23 00:13:26,424: control.pubsub.sub.0001: pmgr.launching.0                : MainThread     : INFO    : create control_pubsub - sub - tcp://144.76.72.175:46285
2017-11-23 00:13:26,425: control.pubsub.sub.0001: pmgr.launching.0                : MainThread     : DEBUG   : start process
2017-11-23 00:13:26,425: control.pubsub.sub.0001: pmgr.launching.0                : MainThread     : DEBUG   : ru_initialize_common (NOOP)
2017-11-23 00:13:26,425: control.pubsub.sub.0001: pmgr.launching.0                : MainThread     : DEBUG   : ru_initialize_parent (NOOP)
2017-11-23 00:13:26,425: control.pubsub.sub.0001: pmgr.launching.0                : MainThread     : DEBUG   : process class started (no child)
2017-11-23 00:13:31,585: control.pubsub.sub.0001: umgr.scheduling.0               : MainThread     : INFO    : python.interpreter   version: 2.7.13 (default, Jan 19 2017, 14:48:08) [GCC 6.3.0 20170118]
2017-11-23 00:13:31,585: control.pubsub.sub.0001: umgr.scheduling.0               : MainThread     : INFO    :                      pid: 7214
2017-11-23 00:13:31,586: control.pubsub.sub.0001: umgr.scheduling.0               : MainThread     : INFO    :                      tid: MainThread
2017-11-23 00:13:31,586: control.pubsub.sub.0001: umgr.scheduling.0               : MainThread     : INFO    : radical.pilot        version: 0.46.2
2017-11-23 00:13:31,586: control.pubsub.sub.0001: umgr.scheduling.0               : MainThread     : INFO    : create control_pubsub - sub - tcp://144.76.72.175:46285
2017-11-23 00:13:31,586: control.pubsub.sub.0001: umgr.scheduling.0               : MainThread     : DEBUG   : start process
2017-11-23 00:13:31,586: control.pubsub.sub.0001: umgr.scheduling.0               : MainThread     : DEBUG   : ru_initialize_common (NOOP)
2017-11-23 00:13:31,586: control.pubsub.sub.0001: umgr.scheduling.0               : MainThread     : DEBUG   : ru_initialize_parent (NOOP)
2017-11-23 00:13:31,586: control.pubsub.sub.0001: umgr.scheduling.0               : MainThread     : DEBUG   : process class started (no child)
2017-11-23 00:17:31,188: control.pubsub.sub.0001: umgr.scheduling.0               : MainThread     : INFO    : parent stops child
2017-11-23 00:17:31,188: control.pubsub.sub.0001: umgr.scheduling.0               : MainThread     : DEBUG   : ru_finalize_parent (NOOP)
2017-11-23 00:17:31,480: control.pubsub.sub.0001: pmgr.launching.0                : MainThread     : INFO    : parent stops child
2017-11-23 00:17:31,480: control.pubsub.sub.0001: pmgr.launching.0                : MainThread     : DEBUG   : ru_finalize_parent (NOOP)
