2017-11-23 00:13:26,387: log.pubsub.pub.0001 : pmgr.launching.0                : MainThread     : INFO    : python.interpreter   version: 2.7.13 (default, Jan 19 2017, 14:48:08) [GCC 6.3.0 20170118]
2017-11-23 00:13:26,387: log.pubsub.pub.0001 : pmgr.launching.0                : MainThread     : INFO    :                      pid: 7105
2017-11-23 00:13:26,387: log.pubsub.pub.0001 : pmgr.launching.0                : MainThread     : INFO    :                      tid: MainThread
2017-11-23 00:13:26,387: log.pubsub.pub.0001 : pmgr.launching.0                : MainThread     : INFO    : radical.pilot        version: 0.46.2
2017-11-23 00:13:26,387: log.pubsub.pub.0001 : pmgr.launching.0                : MainThread     : INFO    : create log_pubsub - pub - tcp://144.76.72.175:38678
2017-11-23 00:13:26,388: log.pubsub.pub.0001 : pmgr.launching.0                : MainThread     : DEBUG   : start process
2017-11-23 00:13:26,388: log.pubsub.pub.0001 : pmgr.launching.0                : MainThread     : DEBUG   : ru_initialize_common (NOOP)
2017-11-23 00:13:26,388: log.pubsub.pub.0001 : pmgr.launching.0                : MainThread     : DEBUG   : ru_initialize_parent (NOOP)
2017-11-23 00:13:26,388: log.pubsub.pub.0001 : pmgr.launching.0                : MainThread     : DEBUG   : process class started (no child)
2017-11-23 00:13:26,435: log.pubsub.pub.0001 : MainProcess                     : MainThread     : INFO    : python.interpreter   version: 2.7.13 (default, Jan 19 2017, 14:48:08) [GCC 6.3.0 20170118]
2017-11-23 00:13:26,436: log.pubsub.pub.0001 : MainProcess                     : MainThread     : INFO    :                      pid: 7046
2017-11-23 00:13:26,436: log.pubsub.pub.0001 : MainProcess                     : MainThread     : INFO    :                      tid: MainThread
2017-11-23 00:13:26,436: log.pubsub.pub.0001 : MainProcess                     : MainThread     : INFO    : radical.pilot        version: 0.46.2
2017-11-23 00:13:26,436: log.pubsub.pub.0001 : MainProcess                     : MainThread     : INFO    : create log_pubsub - pub - tcp://144.76.72.175:38678
2017-11-23 00:13:26,437: log.pubsub.pub.0001 : MainProcess                     : MainThread     : DEBUG   : start process
2017-11-23 00:13:26,437: log.pubsub.pub.0001 : MainProcess                     : MainThread     : DEBUG   : ru_initialize_common (NOOP)
2017-11-23 00:13:26,437: log.pubsub.pub.0001 : MainProcess                     : MainThread     : DEBUG   : ru_initialize_parent (NOOP)
2017-11-23 00:13:26,437: log.pubsub.pub.0001 : MainProcess                     : MainThread     : DEBUG   : process class started (no child)
2017-11-23 00:17:31,226: log.pubsub.pub.0001 : pmgr.launching.0                : MainThread     : INFO    : parent stops child
2017-11-23 00:17:31,227: log.pubsub.pub.0001 : pmgr.launching.0                : MainThread     : DEBUG   : ru_finalize_parent (NOOP)
2017-11-23 00:17:31,707: log.pubsub.pub.0001 : MainProcess                     : MainThread     : INFO    : parent stops child
2017-11-23 00:17:31,707: log.pubsub.pub.0001 : MainProcess                     : MainThread     : DEBUG   : ru_finalize_parent (NOOP)
