2017-11-23 00:13:26,357: pmgr.0000           : MainProcess                     : MainThread     : INFO    : python.interpreter   version: 2.7.13 (default, Jan 19 2017, 14:48:08) [GCC 6.3.0 20170118]
2017-11-23 00:13:26,357: pmgr.0000           : MainProcess                     : MainThread     : INFO    :                      pid: 7046
2017-11-23 00:13:26,357: pmgr.0000           : MainProcess                     : MainThread     : INFO    :                      tid: MainThread
2017-11-23 00:13:26,357: pmgr.0000           : MainProcess                     : MainThread     : INFO    : radical.pilot        version: 0.46.2
2017-11-23 00:13:26,357: pmgr.0000           : MainProcess                     : MainThread     : DEBUG   : alive check in term
2017-11-23 00:13:26,358: pmgr.0000           : MainProcess                     : MainThread     : DEBUG   : start process
2017-11-23 00:13:26,358: pmgr.0000           : MainProcess                     : MainThread     : INFO    : initialize pmgr.0000
2017-11-23 00:13:26,358: pmgr.0000           : MainProcess                     : MainThread     : INFO    : cfg: {u'bridges': {u'pmgr_launching_queue': {u'bulk_size': 0,
                                        u'log_level': u'debug',
                                        u'stall_hwm': 1}},
 u'components': {u'PMGRLaunchingComponent': {u'count': 1}},
 u'db_poll_sleeptime': 1.0,
 'owner': 'pmgr.0000'}
2017-11-23 00:13:26,359: pmgr.0000           : MainProcess                     : MainThread     : DEBUG   : start bridges   : {u'pmgr_launching_queue': {u'bulk_size': 0,
                           u'log_level': u'debug',
                           u'stall_hwm': 1}}
2017-11-23 00:13:26,359: pmgr.0000           : MainProcess                     : MainThread     : INFO    : create bridge pmgr_launching_queue
2017-11-23 00:13:26,374: pmgr.0000           : MainProcess                     : MainThread     : INFO    : created bridge pmgr_launching_queue (pmgr.launching.queue.bridge.0000)
2017-11-23 00:13:26,375: pmgr.0000           : MainProcess                     : MainThread     : DEBUG   : start components: {u'PMGRLaunchingComponent': {u'count': 1}}
2017-11-23 00:13:26,375: pmgr.0000           : MainProcess                     : MainThread     : DEBUG   : start 1 component(s) PMGRLaunchingComponent
2017-11-23 00:13:26,443: pmgr.0000           : MainProcess                     : MainThread     : INFO    : pmgr.0000                      starts pmgr.launching.0
2017-11-23 00:13:26,443: pmgr.0000           : MainProcess                     : MainThread     : DEBUG   : alive check in term
2017-11-23 00:13:26,444: pmgr.0000           : MainProcess                     : MainThread     : DEBUG   : START: pmgr.0000 register publisher log_pubsub
2017-11-23 00:13:26,444: pmgr.0000           : MainProcess                     : MainThread     : DEBUG   : using addr tcp://144.76.72.175:38678 for pubsub log_pubsub
2017-11-23 00:13:26,445: pmgr.0000           : MainProcess                     : MainThread     : DEBUG   : registered publisher : log_pubsub : log.pubsub.pub.0002
2017-11-23 00:13:26,445: pmgr.0000           : MainProcess                     : MainThread     : DEBUG   : alive check in term
2017-11-23 00:13:26,445: pmgr.0000           : MainProcess                     : MainThread     : DEBUG   : START: pmgr.0000 register publisher state_pubsub
2017-11-23 00:13:26,445: pmgr.0000           : MainProcess                     : MainThread     : DEBUG   : using addr tcp://144.76.72.175:42382 for pubsub state_pubsub
2017-11-23 00:13:26,447: pmgr.0000           : MainProcess                     : MainThread     : DEBUG   : registered publisher : state_pubsub : state.pubsub.pub.0002
2017-11-23 00:13:26,447: pmgr.0000           : MainProcess                     : MainThread     : DEBUG   : alive check in term
2017-11-23 00:13:26,447: pmgr.0000           : MainProcess                     : MainThread     : DEBUG   : START: pmgr.0000 register publisher control_pubsub
2017-11-23 00:13:26,447: pmgr.0000           : MainProcess                     : MainThread     : DEBUG   : using addr tcp://144.76.72.175:45165 for pubsub control_pubsub
2017-11-23 00:13:26,449: pmgr.0000           : MainProcess                     : MainThread     : DEBUG   : registered publisher : control_pubsub : control.pubsub.pub.0002
2017-11-23 00:13:26,449: pmgr.0000           : MainProcess                     : MainThread     : DEBUG   : process class started (no child)
2017-11-23 00:13:26,449: pmgr.0000           : MainProcess                     : MainThread     : DEBUG   : START: pmgr.0000 register output PMGR_LAUNCHING_PENDING
2017-11-23 00:13:26,450: pmgr.0000           : MainProcess                     : MainThread     : DEBUG   : using addr tcp://144.76.72.175:46225 for output pmgr_launching_queue
2017-11-23 00:13:26,451: pmgr.0000           : MainProcess                     : MainThread     : DEBUG   : registered output    : PMGR_LAUNCHING_PENDING : pmgr_launching_queue : pmgr.launching.queue.input.0000
2017-11-23 00:13:26,451: pmgr.0000           : MainProcess                     : MainThread     : DEBUG   : START: pmgr.0000 register idler pmgr.0000.idler._state_pull_cb
2017-11-23 00:13:26,451: pmgr.0000           : MainProcess                     : MainThread     : DEBUG   : parent name: pmgr.0000.idler._state_pull_cb
2017-11-23 00:13:26,452: pmgr.0000           : MainProcess                     : MainThread     : DEBUG   : start thread
2017-11-23 00:13:26,452: pmgr.0000           : MainProcess                     : pmgr.0000.idler._state_pull_cb: DEBUG   : child name: pmgr.0000.idler._state_pull_cb.thread
2017-11-23 00:13:26,452: pmgr.0000           : MainProcess                     : pmgr.0000.idler._state_pull_cb: INFO    : child (me) initializing
2017-11-23 00:13:26,452: pmgr.0000           : MainProcess                     : pmgr.0000.idler._state_pull_cb: DEBUG   : ru_initialize_common (NOOP)
2017-11-23 00:13:26,452: pmgr.0000           : MainProcess                     : pmgr.0000.idler._state_pull_cb: DEBUG   : ru_initialize_child (NOOP)
2017-11-23 00:13:26,452: pmgr.0000           : MainProcess                     : pmgr.0000.idler._state_pull_cb: INFO    : send alive
2017-11-23 00:13:26,452: pmgr.0000           : MainProcess                     : pmgr.0000.idler._state_pull_cb: INFO    : put message: [pmgr.0000.idler._state_pull_cb.thread] alive
2017-11-23 00:13:26,453: pmgr.0000           : MainProcess                     : MainThread     : INFO    : get msg: alive
2017-11-23 00:13:26,453: pmgr.0000           : MainProcess                     : MainThread     : DEBUG   : ru_initialize_common (NOOP)
2017-11-23 00:13:26,453: pmgr.0000           : MainProcess                     : MainThread     : DEBUG   : ru_initialize_parent (NOOP)
2017-11-23 00:13:26,453: pmgr.0000           : MainProcess                     : MainThread     : DEBUG   : child thread pmgr.0000.idler._state_pull_cb started
2017-11-23 00:13:26,453: pmgr.0000           : MainProcess                     : MainThread     : DEBUG   : pmgr.0000 registered idler pmgr.0000.idler._state_pull_cb
2017-11-23 00:13:26,454: pmgr.0000           : MainProcess                     : MainThread     : DEBUG   : START: pmgr.0000 register subscriber pmgr.0000.subscriber._state_sub_cb
2017-11-23 00:13:26,454: pmgr.0000           : MainProcess                     : MainThread     : DEBUG   : using addr tcp://144.76.72.175:38322 for pubsub state_pubsub
2017-11-23 00:13:26,456: pmgr.0000           : MainProcess                     : MainThread     : DEBUG   : parent name: pmgr.0000.subscriber._state_sub_cb
2017-11-23 00:13:26,456: pmgr.0000           : MainProcess                     : MainThread     : DEBUG   : start thread
2017-11-23 00:13:26,456: pmgr.0000           : MainProcess                     : pmgr.0000.subscriber._state_sub_cb: DEBUG   : child name: pmgr.0000.subscriber._state_sub_cb.thread
2017-11-23 00:13:26,456: pmgr.0000           : MainProcess                     : pmgr.0000.subscriber._state_sub_cb: INFO    : child (me) initializing
2017-11-23 00:13:26,456: pmgr.0000           : MainProcess                     : pmgr.0000.subscriber._state_sub_cb: DEBUG   : ru_initialize_common (NOOP)
2017-11-23 00:13:26,456: pmgr.0000           : MainProcess                     : pmgr.0000.subscriber._state_sub_cb: DEBUG   : ru_initialize_child (NOOP)
2017-11-23 00:13:26,456: pmgr.0000           : MainProcess                     : pmgr.0000.subscriber._state_sub_cb: INFO    : send alive
2017-11-23 00:13:26,456: pmgr.0000           : MainProcess                     : pmgr.0000.subscriber._state_sub_cb: INFO    : put message: [pmgr.0000.subscriber._state_sub_cb.thread] alive
2017-11-23 00:13:26,457: pmgr.0000           : MainProcess                     : MainThread     : INFO    : get msg: alive
2017-11-23 00:13:26,458: pmgr.0000           : MainProcess                     : MainThread     : DEBUG   : ru_initialize_common (NOOP)
2017-11-23 00:13:26,458: pmgr.0000           : MainProcess                     : MainThread     : DEBUG   : ru_initialize_parent (NOOP)
2017-11-23 00:13:26,458: pmgr.0000           : MainProcess                     : MainThread     : DEBUG   : child thread pmgr.0000.subscriber._state_sub_cb started
2017-11-23 00:13:26,547: pmgr.0000           : MainProcess                     : MainThread     : DEBUG   : pmgr.0000 registered state_pubsub subscriber pmgr.0000.subscriber._state_sub_cb
2017-11-23 00:13:31,153: pmgr.0000           : MainProcess                     : MainThread     : DEBUG   : advance bulk size: 1 [False, False]
2017-11-23 00:13:31,153: pmgr.0000           : MainProcess                     : MainThread     : DEBUG   : advance bulk: pilot.0000 [1]
2017-11-23 00:13:31,248: pmgr.0000           : MainProcess                     : MainThread     : INFO    : [Callback]: pilot pilot.0000 state: PMGR_LAUNCHING_PENDING.
2017-11-23 00:13:31,248: pmgr.0000           : MainProcess                     : MainThread     : DEBUG   : advance bulk size: 1 [True, True]
2017-11-23 00:13:31,248: pmgr.0000           : MainProcess                     : MainThread     : DEBUG   : advance bulk: pilot.0000 [1]
2017-11-23 00:13:31,248: pmgr.0000           : MainProcess                     : MainThread     : DEBUG   : bucket: PMGR_LAUNCHING_PENDING : ['pilot.0000']
2017-11-23 00:13:31,248: pmgr.0000           : MainProcess                     : MainThread     : DEBUG   : put bulk PMGR_LAUNCHING_PENDING: 1
2017-11-23 00:13:31,249: pmgr.0000           : MainProcess                     : MainThread     : DEBUG   : push pilot.0000 ---> PMGR_LAUNCHING_PENDING
2017-11-23 00:13:31,253: pmgr.0000           : MainProcess                     : pmgr.0000.subscriber._state_sub_cb: INFO    : [Callback]: pilot pilot.0000 state: PMGR_LAUNCHING.
2017-11-23 00:13:31,253: pmgr.0000           : MainProcess                     : pmgr.0000.subscriber._state_sub_cb: DEBUG   : advance bulk size: 1 [False, False]
2017-11-23 00:13:31,254: pmgr.0000           : MainProcess                     : pmgr.0000.subscriber._state_sub_cb: DEBUG   : advance bulk: pilot.0000 [1]
2017-11-23 00:13:49,789: pmgr.0000           : MainProcess                     : pmgr.0000.subscriber._state_sub_cb: INFO    : [Callback]: pilot pilot.0000 state: PMGR_ACTIVE_PENDING.
2017-11-23 00:13:49,790: pmgr.0000           : MainProcess                     : pmgr.0000.subscriber._state_sub_cb: DEBUG   : advance bulk size: 1 [False, False]
2017-11-23 00:13:49,790: pmgr.0000           : MainProcess                     : pmgr.0000.subscriber._state_sub_cb: DEBUG   : advance bulk: pilot.0000 [1]
2017-11-23 00:14:21,895: pmgr.0000           : MainProcess                     : pmgr.0000.idler._state_pull_cb: INFO    : [Callback]: pilot pilot.0000 state: PMGR_ACTIVE.
2017-11-23 00:14:21,895: pmgr.0000           : MainProcess                     : pmgr.0000.idler._state_pull_cb: DEBUG   : advance bulk size: 1 [False, True]
2017-11-23 00:14:21,895: pmgr.0000           : MainProcess                     : pmgr.0000.idler._state_pull_cb: DEBUG   : advance bulk: pilot.0000 [1]
2017-11-23 00:14:21,895: pmgr.0000           : MainProcess                     : pmgr.0000.idler._state_pull_cb: INFO    : pilot pilot.0000 is PMGR_ACTIVE: None [None]
2017-11-23 00:17:31,704: pmgr.0000           : MainProcess                     : MainThread     : WARNING : bridge pmgr.launching.queue.bridge.0000 is invalid
2017-11-23 00:17:31,704: pmgr.0000           : MainProcess                     : MainThread     : WARNING : component pmgr.0000 is invalid
2017-11-23 00:17:31,705: pmgr.0000           : MainProcess                     : MainThread     : INFO    : stop pmgr.0000 (7046 : None : MainThread) [radical.pilot.utils.component.PilotManager.is_valid]
2017-11-23 00:17:31,705: pmgr.0000           : MainProcess                     : MainThread     : INFO    : parent stops child
2017-11-23 00:17:31,892: pmgr.0000           : MainProcess                     : pmgr.0000.idler._state_pull_cb: INFO    : put message: [pmgr.0000.idler._state_pull_cb.thread] work finished
2017-11-23 00:17:31,893: pmgr.0000           : MainProcess                     : pmgr.0000.idler._state_pull_cb: DEBUG   : ru_finalize_child (NOOP)
2017-11-23 00:17:31,893: pmgr.0000           : MainProcess                     : pmgr.0000.idler._state_pull_cb: DEBUG   : ru_finalize_common (NOOP)
2017-11-23 00:17:31,893: pmgr.0000           : MainProcess                     : pmgr.0000.idler._state_pull_cb: INFO    : put message: [pmgr.0000.idler._state_pull_cb.thread] terminating
2017-11-23 00:17:32,024: pmgr.0000           : MainProcess                     : MainThread     : DEBUG   : ru_finalize_common()
2017-11-23 00:17:32,025: pmgr.0000           : MainProcess                     : MainThread     : DEBUG   : TERM : pmgr.0000 unregister publisher log_pubsub
2017-11-23 00:17:32,025: pmgr.0000           : MainProcess                     : MainThread     : DEBUG   : unregistered publisher log_pubsub
2017-11-23 00:17:32,025: pmgr.0000           : MainProcess                     : MainThread     : DEBUG   : TERM : pmgr.0000 unregister publisher state_pubsub
2017-11-23 00:17:32,026: pmgr.0000           : MainProcess                     : MainThread     : DEBUG   : unregistered publisher state_pubsub
2017-11-23 00:17:32,026: pmgr.0000           : MainProcess                     : MainThread     : DEBUG   : TERM : pmgr.0000 unregister publisher control_pubsub
2017-11-23 00:17:32,027: pmgr.0000           : MainProcess                     : MainThread     : DEBUG   : unregistered publisher control_pubsub
2017-11-23 00:17:32,027: pmgr.0000           : MainProcess                     : MainThread     : DEBUG   : pmgr.0000 close prof
2017-11-23 00:17:32,028: pmgr.0000           : MainProcess                     : MainThread     : INFO    : parent stops child
2017-11-23 00:17:32,028: pmgr.0000           : MainProcess                     : MainThread     : DEBUG   : ru_finalize_parent (NOOP)
