2017-11-23 00:13:26,377: pmgr.launching.0    : MainProcess                     : MainThread     : INFO    : python.interpreter   version: 2.7.13 (default, Jan 19 2017, 14:48:08) [GCC 6.3.0 20170118]
2017-11-23 00:13:26,377: pmgr.launching.0    : MainProcess                     : MainThread     : INFO    :                      pid: 7046
2017-11-23 00:13:26,377: pmgr.launching.0    : MainProcess                     : MainThread     : INFO    :                      tid: MainThread
2017-11-23 00:13:26,377: pmgr.launching.0    : MainProcess                     : MainThread     : INFO    : radical.pilot        version: 0.46.2
2017-11-23 00:13:26,377: pmgr.launching.0    : MainProcess                     : MainThread     : DEBUG   : alive check in term
2017-11-23 00:13:26,377: pmgr.launching.0    : MainProcess                     : MainThread     : DEBUG   : start process
2017-11-23 00:13:26,432: pmgr.launching.0    : MainProcess                     : MainThread     : INFO    : recv message: alive
2017-11-23 00:13:26,432: pmgr.launching.0    : MainProcess                     : MainThread     : INFO    : initialize pmgr.launching.0
2017-11-23 00:13:26,434: pmgr.launching.0    : MainProcess                     : MainThread     : INFO    : cfg: {'agents': {},
 u'bridges': {u'control_pubsub': {'addr_in': 'tcp://144.76.72.175:45165',
                                  'addr_out': 'tcp://144.76.72.175:46285',
                                  u'bulk_size': 0,
                                  u'log_level': u'debug',
                                  u'stall_hwm': 1},
              u'log_pubsub': {'addr_in': 'tcp://144.76.72.175:38678',
                              'addr_out': 'tcp://144.76.72.175:44871',
                              u'bulk_size': 0,
                              u'log_level': u'debug',
                              u'stall_hwm': 1},
              u'pmgr_launching_queue': {'addr_in': 'tcp://144.76.72.175:46225',
                                        'addr_out': 'tcp://144.76.72.175:38482',
                                        u'bulk_size': 0,
                                        u'log_level': u'debug',
                                        u'stall_hwm': 1},
              u'state_pubsub': {'addr_in': 'tcp://144.76.72.175:42382',
                                'addr_out': 'tcp://144.76.72.175:38322',
                                u'bulk_size': 0,
                                u'log_level': u'debug',
                                u'stall_hwm': 1}},
 'cname': u'PMGRLaunchingComponent',
 u'components': {},
 u'count': 1,
 u'db_poll_sleeptime': 1.0,
 'number': 0,
 'owner': 'pmgr.0000',
 'uid': 'pmgr.0000'}
2017-11-23 00:13:26,435: pmgr.launching.0    : MainProcess                     : MainThread     : DEBUG   : alive check in term
2017-11-23 00:13:26,435: pmgr.launching.0    : MainProcess                     : MainThread     : DEBUG   : START: pmgr.launching.0 register publisher log_pubsub
2017-11-23 00:13:26,435: pmgr.launching.0    : MainProcess                     : MainThread     : DEBUG   : using addr tcp://144.76.72.175:38678 for pubsub log_pubsub
2017-11-23 00:13:26,437: pmgr.launching.0    : MainProcess                     : MainThread     : DEBUG   : registered publisher : log_pubsub : log.pubsub.pub.0001
2017-11-23 00:13:26,437: pmgr.launching.0    : MainProcess                     : MainThread     : DEBUG   : alive check in term
2017-11-23 00:13:26,437: pmgr.launching.0    : MainProcess                     : MainThread     : DEBUG   : START: pmgr.launching.0 register publisher state_pubsub
2017-11-23 00:13:26,437: pmgr.launching.0    : MainProcess                     : MainThread     : DEBUG   : using addr tcp://144.76.72.175:42382 for pubsub state_pubsub
2017-11-23 00:13:26,439: pmgr.launching.0    : MainProcess                     : MainThread     : DEBUG   : registered publisher : state_pubsub : state.pubsub.pub.0001
2017-11-23 00:13:26,439: pmgr.launching.0    : MainProcess                     : MainThread     : DEBUG   : alive check in term
2017-11-23 00:13:26,439: pmgr.launching.0    : MainProcess                     : MainThread     : DEBUG   : START: pmgr.launching.0 register publisher control_pubsub
2017-11-23 00:13:26,439: pmgr.launching.0    : MainProcess                     : MainThread     : DEBUG   : using addr tcp://144.76.72.175:45165 for pubsub control_pubsub
2017-11-23 00:13:26,441: pmgr.launching.0    : MainProcess                     : MainThread     : DEBUG   : registered publisher : control_pubsub : control.pubsub.pub.0001
2017-11-23 00:13:26,441: pmgr.launching.0    : MainProcess                     : MainThread     : DEBUG   : parent name: pmgr.launching.0.watch
2017-11-23 00:13:26,441: pmgr.launching.0    : MainProcess                     : MainThread     : DEBUG   : start thread
2017-11-23 00:13:26,442: pmgr.launching.0    : MainProcess                     : pmgr.launching.0.watch: DEBUG   : child name: pmgr.launching.0.watch.thread
2017-11-23 00:13:26,442: pmgr.launching.0    : MainProcess                     : pmgr.launching.0.watch: INFO    : child (me) initializing
2017-11-23 00:13:26,442: pmgr.launching.0    : MainProcess                     : pmgr.launching.0.watch: DEBUG   : ru_initialize_common (NOOP)
2017-11-23 00:13:26,442: pmgr.launching.0    : MainProcess                     : pmgr.launching.0.watch: DEBUG   : ru_initialize_child (NOOP)
2017-11-23 00:13:26,442: pmgr.launching.0    : MainProcess                     : pmgr.launching.0.watch: INFO    : send alive
2017-11-23 00:13:26,442: pmgr.launching.0    : MainProcess                     : pmgr.launching.0.watch: INFO    : put message: [pmgr.launching.0.watch.thread] alive
2017-11-23 00:13:26,443: pmgr.launching.0    : MainProcess                     : MainThread     : INFO    : get msg: alive
2017-11-23 00:13:26,443: pmgr.launching.0    : MainProcess                     : MainThread     : DEBUG   : ru_initialize_common (NOOP)
2017-11-23 00:13:26,443: pmgr.launching.0    : MainProcess                     : MainThread     : DEBUG   : ru_initialize_parent (NOOP)
2017-11-23 00:13:26,443: pmgr.launching.0    : MainProcess                     : MainThread     : DEBUG   : child thread pmgr.launching.0.watch started
2017-11-23 00:13:26,443: pmgr.launching.0    : MainProcess                     : MainThread     : INFO    : child is alive
2017-11-23 00:13:26,443: pmgr.launching.0    : MainProcess                     : MainThread     : DEBUG   : process class started child
2017-11-23 00:17:30,816: pmgr.launching.0    : MainProcess                     : pmgr.launching.0.watch: INFO    : recv message: abort: KeyboardInterrupt()
2017-11-23 00:17:30,816: pmgr.launching.0    : MainProcess                     : pmgr.launching.0.watch: INFO    : message received: abort: KeyboardInterrupt()
2017-11-23 00:17:31,317: pmgr.launching.0    : MainProcess                     : pmgr.launching.0.watch: WARNING : endpoint disappeard
2017-11-23 00:17:31,317: pmgr.launching.0    : MainProcess                     : pmgr.launching.0.watch: INFO    : watcher closes
2017-11-23 00:17:31,317: pmgr.launching.0    : MainProcess                     : pmgr.launching.0.watch: INFO    : put message: [pmgr.launching.0.watch.thread] work finished
2017-11-23 00:17:31,317: pmgr.launching.0    : MainProcess                     : pmgr.launching.0.watch: DEBUG   : ru_finalize_child (NOOP)
2017-11-23 00:17:31,317: pmgr.launching.0    : MainProcess                     : pmgr.launching.0.watch: DEBUG   : ru_finalize_common (NOOP)
2017-11-23 00:17:31,317: pmgr.launching.0    : MainProcess                     : pmgr.launching.0.watch: INFO    : put message: [pmgr.launching.0.watch.thread] terminating
2017-11-23 00:17:31,706: pmgr.launching.0    : MainProcess                     : MainThread     : INFO    : stop pmgr.launching.0 (7046 : 7105 : MainThread) [radical.pilot.pilot_manager.PilotManager.finalize_parent]
2017-11-23 00:17:31,706: pmgr.launching.0    : MainProcess                     : MainThread     : INFO    : parent stops child
2017-11-23 00:17:31,707: pmgr.launching.0    : MainProcess                     : MainThread     : DEBUG   : ru_finalize_common()
2017-11-23 00:17:31,707: pmgr.launching.0    : MainProcess                     : MainThread     : DEBUG   : TERM : pmgr.launching.0 unregister publisher log_pubsub
2017-11-23 00:17:31,707: pmgr.launching.0    : MainProcess                     : MainThread     : DEBUG   : unregistered publisher log_pubsub
2017-11-23 00:17:31,708: pmgr.launching.0    : MainProcess                     : MainThread     : DEBUG   : TERM : pmgr.launching.0 unregister publisher state_pubsub
2017-11-23 00:17:31,709: pmgr.launching.0    : MainProcess                     : MainThread     : DEBUG   : unregistered publisher state_pubsub
2017-11-23 00:17:31,709: pmgr.launching.0    : MainProcess                     : MainThread     : DEBUG   : TERM : pmgr.launching.0 unregister publisher control_pubsub
2017-11-23 00:17:31,710: pmgr.launching.0    : MainProcess                     : MainThread     : DEBUG   : unregistered publisher control_pubsub
2017-11-23 00:17:31,710: pmgr.launching.0    : MainProcess                     : MainThread     : DEBUG   : pmgr.launching.0 close prof
2017-11-23 00:17:31,710: pmgr.launching.0    : MainProcess                     : MainThread     : INFO    : parent stops child
2017-11-23 00:17:31,710: pmgr.launching.0    : MainProcess                     : MainThread     : DEBUG   : ru_finalize_parent (NOOP)
2017-11-23 00:17:31,710: pmgr.launching.0    : MainProcess                     : MainThread     : DEBUG   : ru_finalize_common (NOOP)
2017-11-23 00:17:32,028: pmgr.launching.0    : MainProcess                     : MainThread     : INFO    : stop pmgr.launching.0 (7046 : 7105 : MainThread) [radical.pilot.utils.component.PilotManager.ru_finalize_common]
