2017-11-23 00:13:24,611: rp.session.one.george.017492.0013: MainProcess                     : MainThread     : INFO    : python.interpreter   version: 2.7.13 (default, Jan 19 2017, 14:48:08) [GCC 6.3.0 20170118]
2017-11-23 00:13:24,611: rp.session.one.george.017492.0013: MainProcess                     : MainThread     : INFO    :                      pid: 7046
2017-11-23 00:13:24,611: rp.session.one.george.017492.0013: MainProcess                     : MainThread     : INFO    :                      tid: MainThread
2017-11-23 00:13:24,611: rp.session.one.george.017492.0013: MainProcess                     : MainThread     : INFO    : radical.pilot        version: 0.46.2
2017-11-23 00:13:24,611: rp.session.one.george.017492.0013: MainProcess                     : MainThread     : INFO    : using database mongodb://giorgos:giorgos7@ds035385.mongolab.com:35385/giorgos-radical
2017-11-23 00:13:24,612: rp.session.one.george.017492.0013: MainProcess                     : MainThread     : INFO    : Load resource configurations from /home/george/Stream_ve/local/lib/python2.7/site-packages/radical/pilot/configs/resource_stfc.json
2017-11-23 00:13:24,614: rp.session.one.george.017492.0013: MainProcess                     : MainThread     : INFO    : Load resource configurations for stfc.joule_runjob
2017-11-23 00:13:24,614: rp.session.one.george.017492.0013: MainProcess                     : MainThread     : INFO    : Load resource configurations from /home/george/Stream_ve/local/lib/python2.7/site-packages/radical/pilot/configs/resource_rice.json
2017-11-23 00:13:24,617: rp.session.one.george.017492.0013: MainProcess                     : MainThread     : INFO    : Load resource configurations for rice.davinci_ssh
2017-11-23 00:13:24,618: rp.session.one.george.017492.0013: MainProcess                     : MainThread     : INFO    : Load resource configurations for rice.biou_ssh
2017-11-23 00:13:24,618: rp.session.one.george.017492.0013: MainProcess                     : MainThread     : INFO    : Load resource configurations from /home/george/Stream_ve/local/lib/python2.7/site-packages/radical/pilot/configs/resource_xsede.json
2017-11-23 00:13:24,655: rp.session.one.george.017492.0013: MainProcess                     : MainThread     : INFO    : Load resource configurations for xsede.stampede2_ssh
2017-11-23 00:13:24,655: rp.session.one.george.017492.0013: MainProcess                     : MainThread     : INFO    : Load resource configurations for xsede.wrangler_spark
2017-11-23 00:13:24,655: rp.session.one.george.017492.0013: MainProcess                     : MainThread     : INFO    : Load resource configurations for xsede.stampede_yarn
2017-11-23 00:13:24,656: rp.session.one.george.017492.0013: MainProcess                     : MainThread     : INFO    : Load resource configurations for xsede.gordon_ssh
2017-11-23 00:13:24,656: rp.session.one.george.017492.0013: MainProcess                     : MainThread     : INFO    : Load resource configurations for xsede.stampede_ssh
2017-11-23 00:13:24,657: rp.session.one.george.017492.0013: MainProcess                     : MainThread     : INFO    : Load resource configurations for xsede.lonestar_ssh
2017-11-23 00:13:24,657: rp.session.one.george.017492.0013: MainProcess                     : MainThread     : INFO    : Load resource configurations for xsede.supermic_spark
2017-11-23 00:13:24,657: rp.session.one.george.017492.0013: MainProcess                     : MainThread     : INFO    : Load resource configurations for xsede.wrangler_ssh
2017-11-23 00:13:24,658: rp.session.one.george.017492.0013: MainProcess                     : MainThread     : INFO    : Load resource configurations for xsede.wrangler_yarn
2017-11-23 00:13:24,658: rp.session.one.george.017492.0013: MainProcess                     : MainThread     : INFO    : Load resource configurations for xsede.bridges
2017-11-23 00:13:24,659: rp.session.one.george.017492.0013: MainProcess                     : MainThread     : INFO    : Load resource configurations for xsede.supermic_ssh
2017-11-23 00:13:24,659: rp.session.one.george.017492.0013: MainProcess                     : MainThread     : INFO    : Load resource configurations for xsede.stampede_orte
2017-11-23 00:13:24,659: rp.session.one.george.017492.0013: MainProcess                     : MainThread     : INFO    : Load resource configurations for xsede.greenfield
2017-11-23 00:13:24,660: rp.session.one.george.017492.0013: MainProcess                     : MainThread     : INFO    : Load resource configurations for xsede.comet_spark
2017-11-23 00:13:24,660: rp.session.one.george.017492.0013: MainProcess                     : MainThread     : INFO    : Load resource configurations for xsede.trestles_ssh
2017-11-23 00:13:24,660: rp.session.one.george.017492.0013: MainProcess                     : MainThread     : INFO    : Load resource configurations for xsede.comet_ssh
2017-11-23 00:13:24,661: rp.session.one.george.017492.0013: MainProcess                     : MainThread     : INFO    : Load resource configurations for xsede.stampede_spark
2017-11-23 00:13:24,661: rp.session.one.george.017492.0013: MainProcess                     : MainThread     : INFO    : Load resource configurations for xsede.comet_orte
2017-11-23 00:13:24,662: rp.session.one.george.017492.0013: MainProcess                     : MainThread     : INFO    : Load resource configurations for xsede.comet_ortelib
2017-11-23 00:13:24,662: rp.session.one.george.017492.0013: MainProcess                     : MainThread     : INFO    : Load resource configurations for xsede.blacklight_ssh
2017-11-23 00:13:24,662: rp.session.one.george.017492.0013: MainProcess                     : MainThread     : INFO    : Load resource configurations for xsede.stampede_ortelib
2017-11-23 00:13:24,663: rp.session.one.george.017492.0013: MainProcess                     : MainThread     : INFO    : Load resource configurations from /home/george/Stream_ve/local/lib/python2.7/site-packages/radical/pilot/configs/resource_epsrc.json
2017-11-23 00:13:24,666: rp.session.one.george.017492.0013: MainProcess                     : MainThread     : INFO    : Load resource configurations for epsrc.archer_orte
2017-11-23 00:13:24,667: rp.session.one.george.017492.0013: MainProcess                     : MainThread     : INFO    : Load resource configurations for epsrc.archer_aprun
2017-11-23 00:13:24,667: rp.session.one.george.017492.0013: MainProcess                     : MainThread     : INFO    : Load resource configurations from /home/george/Stream_ve/local/lib/python2.7/site-packages/radical/pilot/configs/resource_lrz.json
2017-11-23 00:13:24,669: rp.session.one.george.017492.0013: MainProcess                     : MainThread     : INFO    : Load resource configurations for lrz.supermuc_ssh
2017-11-23 00:13:24,669: rp.session.one.george.017492.0013: MainProcess                     : MainThread     : INFO    : Load resource configurations from /home/george/Stream_ve/local/lib/python2.7/site-packages/radical/pilot/configs/resource_das4.json
2017-11-23 00:13:24,670: rp.session.one.george.017492.0013: MainProcess                     : MainThread     : INFO    : Load resource configurations for das4.fs2_ssh
2017-11-23 00:13:24,671: rp.session.one.george.017492.0013: MainProcess                     : MainThread     : INFO    : Load resource configurations from /home/george/Stream_ve/local/lib/python2.7/site-packages/radical/pilot/configs/resource_radical.json
2017-11-23 00:13:24,675: rp.session.one.george.017492.0013: MainProcess                     : MainThread     : INFO    : Load resource configurations for radical.two
2017-11-23 00:13:24,675: rp.session.one.george.017492.0013: MainProcess                     : MainThread     : INFO    : Load resource configurations for radical.tutorial
2017-11-23 00:13:24,676: rp.session.one.george.017492.0013: MainProcess                     : MainThread     : INFO    : Load resource configurations for radical.one
2017-11-23 00:13:24,676: rp.session.one.george.017492.0013: MainProcess                     : MainThread     : INFO    : Load resource configurations from /home/george/Stream_ve/local/lib/python2.7/site-packages/radical/pilot/configs/resource_osg.json
2017-11-23 00:13:24,679: rp.session.one.george.017492.0013: MainProcess                     : MainThread     : INFO    : Load resource configurations for osg.xsede-virt-clust
2017-11-23 00:13:24,680: rp.session.one.george.017492.0013: MainProcess                     : MainThread     : INFO    : Load resource configurations for osg.connect
2017-11-23 00:13:24,680: rp.session.one.george.017492.0013: MainProcess                     : MainThread     : INFO    : Load resource configurations from /home/george/Stream_ve/local/lib/python2.7/site-packages/radical/pilot/configs/resource_yale.json
2017-11-23 00:13:24,681: rp.session.one.george.017492.0013: MainProcess                     : MainThread     : INFO    : Load resource configurations for yale.grace_ssh
2017-11-23 00:13:24,682: rp.session.one.george.017492.0013: MainProcess                     : MainThread     : INFO    : Load resource configurations from /home/george/Stream_ve/local/lib/python2.7/site-packages/radical/pilot/configs/resource_futuregrid.json
2017-11-23 00:13:24,689: rp.session.one.george.017492.0013: MainProcess                     : MainThread     : INFO    : Load resource configurations for futuregrid.delta_ssh
2017-11-23 00:13:24,690: rp.session.one.george.017492.0013: MainProcess                     : MainThread     : INFO    : Load resource configurations for futuregrid.india_ssh
2017-11-23 00:13:24,690: rp.session.one.george.017492.0013: MainProcess                     : MainThread     : INFO    : Load resource configurations for futuregrid.echo_ssh
2017-11-23 00:13:24,690: rp.session.one.george.017492.0013: MainProcess                     : MainThread     : INFO    : Load resource configurations for futuregrid.xray_ccm
2017-11-23 00:13:24,691: rp.session.one.george.017492.0013: MainProcess                     : MainThread     : INFO    : Load resource configurations for futuregrid.bravo_ssh
2017-11-23 00:13:24,691: rp.session.one.george.017492.0013: MainProcess                     : MainThread     : INFO    : Load resource configurations for futuregrid.xray_aprun
2017-11-23 00:13:24,691: rp.session.one.george.017492.0013: MainProcess                     : MainThread     : INFO    : Load resource configurations from /home/george/Stream_ve/local/lib/python2.7/site-packages/radical/pilot/configs/resource_lumc.json
2017-11-23 00:13:24,694: rp.session.one.george.017492.0013: MainProcess                     : MainThread     : INFO    : Load resource configurations for lumc.gb-ui_ssh
2017-11-23 00:13:24,694: rp.session.one.george.017492.0013: MainProcess                     : MainThread     : INFO    : Load resource configurations for lumc.shark_ssh
2017-11-23 00:13:24,695: rp.session.one.george.017492.0013: MainProcess                     : MainThread     : INFO    : Load resource configurations from /home/george/Stream_ve/local/lib/python2.7/site-packages/radical/pilot/configs/resource_local.json
2017-11-23 00:13:24,703: rp.session.one.george.017492.0013: MainProcess                     : MainThread     : INFO    : Load resource configurations for local.localhost_orte
2017-11-23 00:13:24,703: rp.session.one.george.017492.0013: MainProcess                     : MainThread     : INFO    : Load resource configurations for local.localhost_anaconda
2017-11-23 00:13:24,704: rp.session.one.george.017492.0013: MainProcess                     : MainThread     : INFO    : Load resource configurations for local.localhost_ortelib
2017-11-23 00:13:24,704: rp.session.one.george.017492.0013: MainProcess                     : MainThread     : INFO    : Load resource configurations for local.localhost
2017-11-23 00:13:24,704: rp.session.one.george.017492.0013: MainProcess                     : MainThread     : INFO    : Load resource configurations for local.localhost_spark
2017-11-23 00:13:24,705: rp.session.one.george.017492.0013: MainProcess                     : MainThread     : INFO    : Load resource configurations for local.localhost_spark_anaconda
2017-11-23 00:13:24,705: rp.session.one.george.017492.0013: MainProcess                     : MainThread     : INFO    : Load resource configurations for local.localhost_yarn
2017-11-23 00:13:24,705: rp.session.one.george.017492.0013: MainProcess                     : MainThread     : INFO    : Load resource configurations from /home/george/Stream_ve/local/lib/python2.7/site-packages/radical/pilot/configs/resource_fub.json
2017-11-23 00:13:24,707: rp.session.one.george.017492.0013: MainProcess                     : MainThread     : INFO    : Load resource configurations for fub.allegro_rsh
2017-11-23 00:13:24,707: rp.session.one.george.017492.0013: MainProcess                     : MainThread     : INFO    : Load resource configurations from /home/george/Stream_ve/local/lib/python2.7/site-packages/radical/pilot/configs/resource_iu.json
2017-11-23 00:13:24,710: rp.session.one.george.017492.0013: MainProcess                     : MainThread     : INFO    : Load resource configurations for iu.bigred2_ccm_ssh
2017-11-23 00:13:24,710: rp.session.one.george.017492.0013: MainProcess                     : MainThread     : INFO    : Load resource configurations for iu.bigred2_aprun
2017-11-23 00:13:24,710: rp.session.one.george.017492.0013: MainProcess                     : MainThread     : INFO    : Load resource configurations from /home/george/Stream_ve/local/lib/python2.7/site-packages/radical/pilot/configs/resource_ornl.json
2017-11-23 00:13:24,715: rp.session.one.george.017492.0013: MainProcess                     : MainThread     : INFO    : Load resource configurations for ornl.titan_orte
2017-11-23 00:13:24,715: rp.session.one.george.017492.0013: MainProcess                     : MainThread     : INFO    : Load resource configurations for ornl.titan_aprun
2017-11-23 00:13:24,715: rp.session.one.george.017492.0013: MainProcess                     : MainThread     : INFO    : Load resource configurations for ornl.titan_ortelib
2017-11-23 00:13:24,716: rp.session.one.george.017492.0013: MainProcess                     : MainThread     : INFO    : Load resource configurations from /home/george/Stream_ve/local/lib/python2.7/site-packages/radical/pilot/configs/resource_nersc.json
2017-11-23 00:13:24,724: rp.session.one.george.017492.0013: MainProcess                     : MainThread     : INFO    : Load resource configurations for nersc.edison_ccm_ssh
2017-11-23 00:13:24,724: rp.session.one.george.017492.0013: MainProcess                     : MainThread     : INFO    : Load resource configurations for nersc.hopper_orte
2017-11-23 00:13:24,725: rp.session.one.george.017492.0013: MainProcess                     : MainThread     : INFO    : Load resource configurations for nersc.hopper_ccm_ssh
2017-11-23 00:13:24,725: rp.session.one.george.017492.0013: MainProcess                     : MainThread     : INFO    : Load resource configurations for nersc.edison_aprun
2017-11-23 00:13:24,725: rp.session.one.george.017492.0013: MainProcess                     : MainThread     : INFO    : Load resource configurations for nersc.hopper_aprun
2017-11-23 00:13:24,726: rp.session.one.george.017492.0013: MainProcess                     : MainThread     : INFO    : Load resource configurations for nersc.edison_orte
2017-11-23 00:13:24,726: rp.session.one.george.017492.0013: MainProcess                     : MainThread     : INFO    : Load resource configurations from /home/george/Stream_ve/local/lib/python2.7/site-packages/radical/pilot/configs/resource_chameleon.json
2017-11-23 00:13:24,727: rp.session.one.george.017492.0013: MainProcess                     : MainThread     : INFO    : Load resource configurations for chameleon.cloud_vm_yarn
2017-11-23 00:13:24,727: rp.session.one.george.017492.0013: MainProcess                     : MainThread     : INFO    : Load resource configurations from /home/george/Stream_ve/local/lib/python2.7/site-packages/radical/pilot/configs/resource_ncar.json
2017-11-23 00:13:24,729: rp.session.one.george.017492.0013: MainProcess                     : MainThread     : INFO    : Load resource configurations for ncar.yellowstone_ssh
2017-11-23 00:13:24,729: rp.session.one.george.017492.0013: MainProcess                     : MainThread     : INFO    : Load resource configurations from /home/george/Stream_ve/local/lib/python2.7/site-packages/radical/pilot/configs/resource_ncsa.json
2017-11-23 00:13:24,735: rp.session.one.george.017492.0013: MainProcess                     : MainThread     : INFO    : Load resource configurations for ncsa.bw_orte
2017-11-23 00:13:24,736: rp.session.one.george.017492.0013: MainProcess                     : MainThread     : INFO    : Load resource configurations for ncsa.bw_ccm_ssh
2017-11-23 00:13:24,736: rp.session.one.george.017492.0013: MainProcess                     : MainThread     : INFO    : Load resource configurations for ncsa.bw_ortelib
2017-11-23 00:13:24,736: rp.session.one.george.017492.0013: MainProcess                     : MainThread     : INFO    : Load resource configurations for ncsa.bw_aprun
2017-11-23 00:13:24,737: rp.session.one.george.017492.0013: MainProcess                     : MainThread     : INFO    : Load resource configurations for ncsa.bw_local_orte
2017-11-23 00:13:24,737: rp.session.one.george.017492.0013: MainProcess                     : MainThread     : INFO    : Load resource configurations from /home/george/Stream_ve/local/lib/python2.7/site-packages/radical/pilot/configs/resource_aliases.json
2017-11-23 00:13:24,737: rp.session.one.george.017492.0013: MainProcess                     : MainThread     : INFO    : Load resource configurations from /home/george/Stream_ve/local/lib/python2.7/site-packages/radical/pilot/configs/resource_das5.json
2017-11-23 00:13:24,739: rp.session.one.george.017492.0013: MainProcess                     : MainThread     : INFO    : Load resource configurations for das5.fs1_ssh
2017-11-23 00:13:25,769: rp.session.one.george.017492.0013: MainProcess                     : MainThread     : INFO    : New Session created: rp.session.one.george.017492.0013.
2017-11-23 00:13:25,769: rp.session.one.george.017492.0013: MainProcess                     : MainThread     : DEBUG   : start bridges   : {u'control_pubsub': {u'bulk_size': 0, u'log_level': u'debug', u'stall_hwm': 1},
 u'log_pubsub': {u'bulk_size': 0, u'log_level': u'debug', u'stall_hwm': 1},
 u'state_pubsub': {u'bulk_size': 0, u'log_level': u'debug', u'stall_hwm': 1}}
2017-11-23 00:13:25,770: rp.session.one.george.017492.0013: MainProcess                     : MainThread     : INFO    : create bridge control_pubsub
2017-11-23 00:13:25,788: rp.session.one.george.017492.0013: MainProcess                     : MainThread     : INFO    : created bridge control_pubsub (control.pubsub.bridge.0000)
2017-11-23 00:13:25,789: rp.session.one.george.017492.0013: MainProcess                     : MainThread     : INFO    : create bridge state_pubsub
2017-11-23 00:13:25,804: rp.session.one.george.017492.0013: MainProcess                     : MainThread     : INFO    : created bridge state_pubsub (state.pubsub.bridge.0000)
2017-11-23 00:13:25,804: rp.session.one.george.017492.0013: MainProcess                     : MainThread     : INFO    : create bridge log_pubsub
2017-11-23 00:13:25,819: rp.session.one.george.017492.0013: MainProcess                     : MainThread     : INFO    : created bridge log_pubsub (log.pubsub.bridge.0000)
2017-11-23 00:13:25,820: rp.session.one.george.017492.0013: MainProcess                     : MainThread     : DEBUG   : start components: {u'UpdateWorker': {u'count': 1}}
2017-11-23 00:13:25,820: rp.session.one.george.017492.0013: MainProcess                     : MainThread     : DEBUG   : start 1 component(s) UpdateWorker
2017-11-23 00:13:26,356: rp.session.one.george.017492.0013: MainProcess                     : MainThread     : INFO    : rp.session.one.george.017492.0013 starts update.0
2017-11-23 00:13:26,643: rp.session.one.george.017492.0013: MainProcess                     : MainThread     : WARNING : using alias 'xsede.wrangler_ssh' for deprecated resource key 'xsede.wrangler'
2017-11-23 00:13:26,644: rp.session.one.george.017492.0013: MainProcess                     : MainThread     : DEBUG   : rsup.PTYShell('gsissh://wrangler.tacc.utexas.edu:2222/')
2017-11-23 00:13:31,052: rp.session.one.george.017492.0013: MainProcess                     : MainThread     : DEBUG   : sandbox base gsissh://wrangler.tacc.utexas.edu:2222/: '/work/03662/tg829618/wrangler'
2017-11-23 00:13:31,247: rp.session.one.george.017492.0013: MainProcess                     : MainThread     : DEBUG   : bulk pilot insert result: {'nModified': 0, 'nUpserted': 0, 'nMatched': 0, 'writeErrors': [], 'upserted': [], 'writeConcernErrors': [], 'nRemoved': 0, 'nInserted': 1}
2017-11-23 00:13:31,252: rp.session.one.george.017492.0013: pmgr.launching.0                : MainThread     : WARNING : using alias 'xsede.wrangler_ssh' for deprecated resource key 'xsede.wrangler'
2017-11-23 00:13:31,257: rp.session.one.george.017492.0013: pmgr.launching.0                : MainThread     : WARNING : using alias 'xsede.wrangler_ssh' for deprecated resource key 'xsede.wrangler'
2017-11-23 00:13:31,258: rp.session.one.george.017492.0013: pmgr.launching.0                : MainThread     : DEBUG   : rsup.PTYShell('gsissh://wrangler.tacc.utexas.edu:2222/')
2017-11-23 00:13:32,017: rp.session.one.george.017492.0013: MainProcess                     : MainThread     : DEBUG   : bulk unit insert result: {'nModified': 0, 'nUpserted': 0, 'nMatched': 0, 'writeErrors': [], 'upserted': [], 'writeConcernErrors': [], 'nRemoved': 0, 'nInserted': 1}
2017-11-23 00:13:32,132: rp.session.one.george.017492.0013: MainProcess                     : MainThread     : DEBUG   : bulk unit insert result: {'nModified': 0, 'nUpserted': 0, 'nMatched': 0, 'writeErrors': [], 'upserted': [], 'writeConcernErrors': [], 'nRemoved': 0, 'nInserted': 3}
2017-11-23 00:13:32,991: rp.session.one.george.017492.0013: pmgr.launching.0                : MainThread     : DEBUG   : sandbox base gsissh://wrangler.tacc.utexas.edu:2222/: '/work/03662/tg829618/wrangler'
2017-11-23 00:17:30,595: rp.session.one.george.017492.0013: MainProcess                     : MainThread     : DEBUG   : session rp.session.one.george.017492.0013 closing
2017-11-23 00:17:30,595: rp.session.one.george.017492.0013: MainProcess                     : MainThread     : DEBUG   : session rp.session.one.george.017492.0013 closes umgr   umgr.0000
2017-11-23 00:17:31,703: rp.session.one.george.017492.0013: MainProcess                     : MainThread     : DEBUG   : session rp.session.one.george.017492.0013 closed umgr   umgr.0000
2017-11-23 00:17:31,703: rp.session.one.george.017492.0013: MainProcess                     : MainThread     : DEBUG   : session rp.session.one.george.017492.0013 closes pmgr   pmgr.0000
