2017-11-23 00:13:31,582: state.pubsub.sub.0001: umgr.scheduling.0               : MainThread     : INFO    : python.interpreter   version: 2.7.13 (default, Jan 19 2017, 14:48:08) [GCC 6.3.0 20170118]
2017-11-23 00:13:31,582: state.pubsub.sub.0001: umgr.scheduling.0               : MainThread     : INFO    :                      pid: 7214
2017-11-23 00:13:31,582: state.pubsub.sub.0001: umgr.scheduling.0               : MainThread     : INFO    :                      tid: MainThread
2017-11-23 00:13:31,582: state.pubsub.sub.0001: umgr.scheduling.0               : MainThread     : INFO    : radical.pilot        version: 0.46.2
2017-11-23 00:13:31,582: state.pubsub.sub.0001: umgr.scheduling.0               : MainThread     : INFO    : create state_pubsub - sub - tcp://144.76.72.175:38322
2017-11-23 00:13:31,583: state.pubsub.sub.0001: umgr.scheduling.0               : MainThread     : DEBUG   : start process
2017-11-23 00:13:31,583: state.pubsub.sub.0001: umgr.scheduling.0               : MainThread     : DEBUG   : ru_initialize_common (NOOP)
2017-11-23 00:13:31,583: state.pubsub.sub.0001: umgr.scheduling.0               : MainThread     : DEBUG   : ru_initialize_parent (NOOP)
2017-11-23 00:13:31,583: state.pubsub.sub.0001: umgr.scheduling.0               : MainThread     : DEBUG   : process class started (no child)
2017-11-23 00:13:31,715: state.pubsub.sub.0001: MainProcess                     : MainThread     : INFO    : python.interpreter   version: 2.7.13 (default, Jan 19 2017, 14:48:08) [GCC 6.3.0 20170118]
2017-11-23 00:13:31,715: state.pubsub.sub.0001: MainProcess                     : MainThread     : INFO    :                      pid: 7046
2017-11-23 00:13:31,715: state.pubsub.sub.0001: MainProcess                     : MainThread     : INFO    :                      tid: MainThread
2017-11-23 00:13:31,715: state.pubsub.sub.0001: MainProcess                     : MainThread     : INFO    : radical.pilot        version: 0.46.2
2017-11-23 00:13:31,715: state.pubsub.sub.0001: MainProcess                     : MainThread     : INFO    : create state_pubsub - sub - tcp://144.76.72.175:38322
2017-11-23 00:13:31,715: state.pubsub.sub.0001: MainProcess                     : MainThread     : DEBUG   : start process
2017-11-23 00:13:31,715: state.pubsub.sub.0001: MainProcess                     : MainThread     : DEBUG   : ru_initialize_common (NOOP)
2017-11-23 00:13:31,716: state.pubsub.sub.0001: MainProcess                     : MainThread     : DEBUG   : ru_initialize_parent (NOOP)
2017-11-23 00:13:31,716: state.pubsub.sub.0001: MainProcess                     : MainThread     : DEBUG   : process class started (no child)
2017-11-23 00:17:30,936: state.pubsub.sub.0001: umgr.scheduling.0               : MainThread     : INFO    : parent stops child
2017-11-23 00:17:30,936: state.pubsub.sub.0001: umgr.scheduling.0               : MainThread     : DEBUG   : ru_finalize_parent (NOOP)
2017-11-23 00:17:31,451: state.pubsub.sub.0001: MainProcess                     : MainThread     : INFO    : parent stops child
2017-11-23 00:17:31,451: state.pubsub.sub.0001: MainProcess                     : MainThread     : DEBUG   : ru_finalize_parent (NOOP)
