2017-11-23 00:13:31,422: state.pubsub.pub.0003: umgr.staging.input.0            : MainThread     : INFO    : python.interpreter   version: 2.7.13 (default, Jan 19 2017, 14:48:08) [GCC 6.3.0 20170118]
2017-11-23 00:13:31,422: state.pubsub.pub.0003: umgr.staging.input.0            : MainThread     : INFO    :                      pid: 7174
2017-11-23 00:13:31,422: state.pubsub.pub.0003: umgr.staging.input.0            : MainThread     : INFO    :                      tid: MainThread
2017-11-23 00:13:31,422: state.pubsub.pub.0003: umgr.staging.input.0            : MainThread     : INFO    : radical.pilot        version: 0.46.2
2017-11-23 00:13:31,422: state.pubsub.pub.0003: umgr.staging.input.0            : MainThread     : INFO    : create state_pubsub - pub - tcp://144.76.72.175:42382
2017-11-23 00:13:31,422: state.pubsub.pub.0003: umgr.staging.input.0            : MainThread     : DEBUG   : start process
2017-11-23 00:13:31,422: state.pubsub.pub.0003: umgr.staging.input.0            : MainThread     : DEBUG   : ru_initialize_common (NOOP)
2017-11-23 00:13:31,422: state.pubsub.pub.0003: umgr.staging.input.0            : MainThread     : DEBUG   : ru_initialize_parent (NOOP)
2017-11-23 00:13:31,422: state.pubsub.pub.0003: umgr.staging.input.0            : MainThread     : DEBUG   : process class started (no child)
2017-11-23 00:13:31,462: state.pubsub.pub.0003: MainProcess                     : MainThread     : INFO    : python.interpreter   version: 2.7.13 (default, Jan 19 2017, 14:48:08) [GCC 6.3.0 20170118]
2017-11-23 00:13:31,462: state.pubsub.pub.0003: MainProcess                     : MainThread     : INFO    :                      pid: 7046
2017-11-23 00:13:31,462: state.pubsub.pub.0003: MainProcess                     : MainThread     : INFO    :                      tid: MainThread
2017-11-23 00:13:31,462: state.pubsub.pub.0003: MainProcess                     : MainThread     : INFO    : radical.pilot        version: 0.46.2
2017-11-23 00:13:31,462: state.pubsub.pub.0003: MainProcess                     : MainThread     : INFO    : create state_pubsub - pub - tcp://144.76.72.175:42382
2017-11-23 00:13:31,462: state.pubsub.pub.0003: MainProcess                     : MainThread     : DEBUG   : start process
2017-11-23 00:13:31,462: state.pubsub.pub.0003: MainProcess                     : MainThread     : DEBUG   : ru_initialize_common (NOOP)
2017-11-23 00:13:31,462: state.pubsub.pub.0003: MainProcess                     : MainThread     : DEBUG   : ru_initialize_parent (NOOP)
2017-11-23 00:13:31,462: state.pubsub.pub.0003: MainProcess                     : MainThread     : DEBUG   : process class started (no child)
2017-11-23 00:17:30,571: state.pubsub.pub.0003: umgr.staging.input.0            : MainThread     : INFO    : parent stops child
2017-11-23 00:17:30,571: state.pubsub.pub.0003: umgr.staging.input.0            : MainThread     : DEBUG   : ru_finalize_parent (NOOP)
2017-11-23 00:17:30,657: state.pubsub.pub.0003: MainProcess                     : MainThread     : INFO    : parent stops child
2017-11-23 00:17:30,657: state.pubsub.pub.0003: MainProcess                     : MainThread     : DEBUG   : ru_finalize_parent (NOOP)
