2017-11-23 00:13:31,251: umgr.0000           : MainProcess                     : MainThread     : INFO    : python.interpreter   version: 2.7.13 (default, Jan 19 2017, 14:48:08) [GCC 6.3.0 20170118]
2017-11-23 00:13:31,251: umgr.0000           : MainProcess                     : MainThread     : INFO    :                      pid: 7046
2017-11-23 00:13:31,252: umgr.0000           : MainProcess                     : MainThread     : INFO    :                      tid: MainThread
2017-11-23 00:13:31,252: umgr.0000           : MainProcess                     : MainThread     : INFO    : radical.pilot        version: 0.46.2
2017-11-23 00:13:31,252: umgr.0000           : MainProcess                     : MainThread     : DEBUG   : alive check in term
2017-11-23 00:13:31,253: umgr.0000           : MainProcess                     : MainThread     : DEBUG   : start process
2017-11-23 00:13:31,254: umgr.0000           : MainProcess                     : MainThread     : INFO    : initialize umgr.0000
2017-11-23 00:13:31,257: umgr.0000           : MainProcess                     : MainThread     : INFO    : cfg: {u'bridges': {u'umgr_reschedule_pubsub': {u'bulk_size': 0,
                                          u'log_level': u'debug',
                                          u'stall_hwm': 1},
              u'umgr_scheduling_queue': {u'bulk_size': 0,
                                         u'log_level': u'debug',
                                         u'stall_hwm': 1},
              u'umgr_staging_input_queue': {u'bulk_size': 0,
                                            u'log_level': u'debug',
                                            u'stall_hwm': 1},
              u'umgr_staging_output_queue': {u'bulk_size': 0,
                                             u'log_level': u'debug',
                                             u'stall_hwm': 1},
              u'umgr_unschedule_pubsub': {u'bulk_size': 0,
                                          u'log_level': u'debug',
                                          u'stall_hwm': 1}},
 u'bulk_collection_size': 100,
 u'bulk_collection_time': 1.0,
 u'components': {u'UMGRSchedulingComponent': {u'count': 1},
                 u'UMGRStagingInputComponent': {u'count': 1},
                 u'UMGRStagingOutputComponent': {u'count': 1}},
 u'db_poll_sleeptime': 1.0,
 'owner': 'umgr.0000',
 u'scheduler': u'round_robin'}
2017-11-23 00:13:31,259: umgr.0000           : MainProcess                     : MainThread     : DEBUG   : start bridges   : {u'umgr_reschedule_pubsub': {u'bulk_size': 0,
                             u'log_level': u'debug',
                             u'stall_hwm': 1},
 u'umgr_scheduling_queue': {u'bulk_size': 0,
                            u'log_level': u'debug',
                            u'stall_hwm': 1},
 u'umgr_staging_input_queue': {u'bulk_size': 0,
                               u'log_level': u'debug',
                               u'stall_hwm': 1},
 u'umgr_staging_output_queue': {u'bulk_size': 0,
                                u'log_level': u'debug',
                                u'stall_hwm': 1},
 u'umgr_unschedule_pubsub': {u'bulk_size': 0,
                             u'log_level': u'debug',
                             u'stall_hwm': 1}}
2017-11-23 00:13:31,260: umgr.0000           : MainProcess                     : MainThread     : INFO    : create bridge umgr_reschedule_pubsub
2017-11-23 00:13:31,281: umgr.0000           : MainProcess                     : MainThread     : INFO    : created bridge umgr_reschedule_pubsub (umgr.reschedule.pubsub.bridge.0000)
2017-11-23 00:13:31,281: umgr.0000           : MainProcess                     : MainThread     : INFO    : create bridge umgr_staging_input_queue
2017-11-23 00:13:31,310: umgr.0000           : MainProcess                     : MainThread     : INFO    : created bridge umgr_staging_input_queue (umgr.staging.input.queue.bridge.0000)
2017-11-23 00:13:31,310: umgr.0000           : MainProcess                     : MainThread     : INFO    : create bridge umgr_staging_output_queue
2017-11-23 00:13:31,339: umgr.0000           : MainProcess                     : MainThread     : INFO    : created bridge umgr_staging_output_queue (umgr.staging.output.queue.bridge.0000)
2017-11-23 00:13:31,339: umgr.0000           : MainProcess                     : MainThread     : INFO    : create bridge umgr_unschedule_pubsub
2017-11-23 00:13:31,367: umgr.0000           : MainProcess                     : MainThread     : INFO    : created bridge umgr_unschedule_pubsub (umgr.unschedule.pubsub.bridge.0000)
2017-11-23 00:13:31,367: umgr.0000           : MainProcess                     : MainThread     : INFO    : create bridge umgr_scheduling_queue
2017-11-23 00:13:31,394: umgr.0000           : MainProcess                     : MainThread     : INFO    : created bridge umgr_scheduling_queue (umgr.scheduling.queue.bridge.0000)
2017-11-23 00:13:31,395: umgr.0000           : MainProcess                     : MainThread     : DEBUG   : start components: {u'UMGRSchedulingComponent': {u'count': 1},
 u'UMGRStagingInputComponent': {u'count': 1},
 u'UMGRStagingOutputComponent': {u'count': 1}}
2017-11-23 00:13:31,395: umgr.0000           : MainProcess                     : MainThread     : DEBUG   : start 1 component(s) UMGRStagingInputComponent
2017-11-23 00:13:31,466: umgr.0000           : MainProcess                     : MainThread     : INFO    : umgr.0000                      starts umgr.staging.input.0
2017-11-23 00:13:31,466: umgr.0000           : MainProcess                     : MainThread     : DEBUG   : start 1 component(s) UMGRStagingOutputComponent
2017-11-23 00:13:31,547: umgr.0000           : MainProcess                     : MainThread     : INFO    : umgr.0000                      starts umgr.staging.output.0
2017-11-23 00:13:31,547: umgr.0000           : MainProcess                     : MainThread     : DEBUG   : start 1 component(s) UMGRSchedulingComponent
2017-11-23 00:13:31,603: umgr.0000           : MainProcess                     : MainThread     : INFO    : umgr.0000                      starts umgr.scheduling.0
2017-11-23 00:13:31,603: umgr.0000           : MainProcess                     : MainThread     : DEBUG   : alive check in term
2017-11-23 00:13:31,603: umgr.0000           : MainProcess                     : MainThread     : DEBUG   : START: umgr.0000 register publisher log_pubsub
2017-11-23 00:13:31,603: umgr.0000           : MainProcess                     : MainThread     : DEBUG   : using addr tcp://144.76.72.175:38678 for pubsub log_pubsub
2017-11-23 00:13:31,607: umgr.0000           : MainProcess                     : MainThread     : DEBUG   : registered publisher : log_pubsub : log.pubsub.pub.0006
2017-11-23 00:13:31,607: umgr.0000           : MainProcess                     : MainThread     : DEBUG   : alive check in term
2017-11-23 00:13:31,607: umgr.0000           : MainProcess                     : MainThread     : DEBUG   : START: umgr.0000 register publisher state_pubsub
2017-11-23 00:13:31,607: umgr.0000           : MainProcess                     : MainThread     : DEBUG   : using addr tcp://144.76.72.175:42382 for pubsub state_pubsub
2017-11-23 00:13:31,608: umgr.0000           : MainProcess                     : MainThread     : DEBUG   : registered publisher : state_pubsub : state.pubsub.pub.0006
2017-11-23 00:13:31,608: umgr.0000           : MainProcess                     : MainThread     : DEBUG   : alive check in term
2017-11-23 00:13:31,608: umgr.0000           : MainProcess                     : MainThread     : DEBUG   : START: umgr.0000 register publisher control_pubsub
2017-11-23 00:13:31,608: umgr.0000           : MainProcess                     : MainThread     : DEBUG   : using addr tcp://144.76.72.175:45165 for pubsub control_pubsub
2017-11-23 00:13:31,610: umgr.0000           : MainProcess                     : MainThread     : DEBUG   : registered publisher : control_pubsub : control.pubsub.pub.0006
2017-11-23 00:13:31,610: umgr.0000           : MainProcess                     : MainThread     : DEBUG   : process class started (no child)
2017-11-23 00:13:31,610: umgr.0000           : MainProcess                     : MainThread     : INFO    : started umgr umgr.0000
2017-11-23 00:13:31,610: umgr.0000           : MainProcess                     : MainThread     : DEBUG   : START: umgr.0000 register output UMGR_SCHEDULING_PENDING
2017-11-23 00:13:31,610: umgr.0000           : MainProcess                     : MainThread     : DEBUG   : using addr tcp://144.76.72.175:36444 for output umgr_scheduling_queue
2017-11-23 00:13:31,611: umgr.0000           : MainProcess                     : MainThread     : DEBUG   : registered output    : UMGR_SCHEDULING_PENDING : umgr_scheduling_queue : umgr.scheduling.queue.input.0000
2017-11-23 00:13:31,611: umgr.0000           : MainProcess                     : MainThread     : DEBUG   : START: umgr.0000 register output UMGR_STAGING_OUTPUT_PENDING
2017-11-23 00:13:31,612: umgr.0000           : MainProcess                     : MainThread     : DEBUG   : using addr tcp://144.76.72.175:44330 for output umgr_staging_output_queue
2017-11-23 00:13:31,615: umgr.0000           : MainProcess                     : MainThread     : DEBUG   : registered output    : UMGR_STAGING_OUTPUT_PENDING : umgr_staging_output_queue : umgr.staging.output.queue.input.0000
2017-11-23 00:13:31,616: umgr.0000           : MainProcess                     : MainThread     : DEBUG   : START: umgr.0000 register idler umgr.0000.idler._state_pull_cb
2017-11-23 00:13:31,616: umgr.0000           : MainProcess                     : MainThread     : DEBUG   : parent name: umgr.0000.idler._state_pull_cb
2017-11-23 00:13:31,616: umgr.0000           : MainProcess                     : MainThread     : DEBUG   : start thread
2017-11-23 00:13:31,616: umgr.0000           : MainProcess                     : umgr.0000.idler._state_pull_cb: DEBUG   : child name: umgr.0000.idler._state_pull_cb.thread
2017-11-23 00:13:31,616: umgr.0000           : MainProcess                     : umgr.0000.idler._state_pull_cb: INFO    : child (me) initializing
2017-11-23 00:13:31,616: umgr.0000           : MainProcess                     : umgr.0000.idler._state_pull_cb: DEBUG   : ru_initialize_common (NOOP)
2017-11-23 00:13:31,616: umgr.0000           : MainProcess                     : umgr.0000.idler._state_pull_cb: DEBUG   : ru_initialize_child (NOOP)
2017-11-23 00:13:31,616: umgr.0000           : MainProcess                     : umgr.0000.idler._state_pull_cb: INFO    : send alive
2017-11-23 00:13:31,616: umgr.0000           : MainProcess                     : umgr.0000.idler._state_pull_cb: INFO    : put message: [umgr.0000.idler._state_pull_cb.thread] alive
2017-11-23 00:13:31,617: umgr.0000           : MainProcess                     : MainThread     : INFO    : get msg: alive
2017-11-23 00:13:31,617: umgr.0000           : MainProcess                     : MainThread     : DEBUG   : ru_initialize_common (NOOP)
2017-11-23 00:13:31,617: umgr.0000           : MainProcess                     : MainThread     : DEBUG   : ru_initialize_parent (NOOP)
2017-11-23 00:13:31,618: umgr.0000           : MainProcess                     : MainThread     : DEBUG   : child thread umgr.0000.idler._state_pull_cb started
2017-11-23 00:13:31,618: umgr.0000           : MainProcess                     : MainThread     : DEBUG   : umgr.0000 registered idler umgr.0000.idler._state_pull_cb
2017-11-23 00:13:31,618: umgr.0000           : MainProcess                     : MainThread     : DEBUG   : START: umgr.0000 register idler umgr.0000.idler._unit_pull_cb
2017-11-23 00:13:31,711: umgr.0000           : MainProcess                     : MainThread     : DEBUG   : parent name: umgr.0000.idler._unit_pull_cb
2017-11-23 00:13:31,711: umgr.0000           : MainProcess                     : MainThread     : DEBUG   : start thread
2017-11-23 00:13:31,711: umgr.0000           : MainProcess                     : umgr.0000.idler._unit_pull_cb: DEBUG   : child name: umgr.0000.idler._unit_pull_cb.thread
2017-11-23 00:13:31,712: umgr.0000           : MainProcess                     : umgr.0000.idler._unit_pull_cb: INFO    : child (me) initializing
2017-11-23 00:13:31,712: umgr.0000           : MainProcess                     : umgr.0000.idler._unit_pull_cb: DEBUG   : ru_initialize_common (NOOP)
2017-11-23 00:13:31,712: umgr.0000           : MainProcess                     : umgr.0000.idler._unit_pull_cb: DEBUG   : ru_initialize_child (NOOP)
2017-11-23 00:13:31,712: umgr.0000           : MainProcess                     : umgr.0000.idler._unit_pull_cb: INFO    : send alive
2017-11-23 00:13:31,712: umgr.0000           : MainProcess                     : umgr.0000.idler._unit_pull_cb: INFO    : put message: [umgr.0000.idler._unit_pull_cb.thread] alive
2017-11-23 00:13:31,713: umgr.0000           : MainProcess                     : MainThread     : INFO    : get msg: alive
2017-11-23 00:13:31,713: umgr.0000           : MainProcess                     : MainThread     : DEBUG   : ru_initialize_common (NOOP)
2017-11-23 00:13:31,713: umgr.0000           : MainProcess                     : MainThread     : DEBUG   : ru_initialize_parent (NOOP)
2017-11-23 00:13:31,713: umgr.0000           : MainProcess                     : MainThread     : DEBUG   : child thread umgr.0000.idler._unit_pull_cb started
2017-11-23 00:13:31,713: umgr.0000           : MainProcess                     : MainThread     : DEBUG   : umgr.0000 registered idler umgr.0000.idler._unit_pull_cb
2017-11-23 00:13:31,714: umgr.0000           : MainProcess                     : MainThread     : DEBUG   : START: umgr.0000 register subscriber umgr.0000.subscriber._state_sub_cb
2017-11-23 00:13:31,714: umgr.0000           : MainProcess                     : MainThread     : DEBUG   : using addr tcp://144.76.72.175:38322 for pubsub state_pubsub
2017-11-23 00:13:31,716: umgr.0000           : MainProcess                     : MainThread     : DEBUG   : parent name: umgr.0000.subscriber._state_sub_cb
2017-11-23 00:13:31,716: umgr.0000           : MainProcess                     : MainThread     : DEBUG   : start thread
2017-11-23 00:13:31,716: umgr.0000           : MainProcess                     : umgr.0000.subscriber._state_sub_cb: DEBUG   : child name: umgr.0000.subscriber._state_sub_cb.thread
2017-11-23 00:13:31,716: umgr.0000           : MainProcess                     : umgr.0000.subscriber._state_sub_cb: INFO    : child (me) initializing
2017-11-23 00:13:31,716: umgr.0000           : MainProcess                     : umgr.0000.subscriber._state_sub_cb: DEBUG   : ru_initialize_common (NOOP)
2017-11-23 00:13:31,717: umgr.0000           : MainProcess                     : umgr.0000.subscriber._state_sub_cb: DEBUG   : ru_initialize_child (NOOP)
2017-11-23 00:13:31,717: umgr.0000           : MainProcess                     : umgr.0000.subscriber._state_sub_cb: INFO    : send alive
2017-11-23 00:13:31,717: umgr.0000           : MainProcess                     : umgr.0000.subscriber._state_sub_cb: INFO    : put message: [umgr.0000.subscriber._state_sub_cb.thread] alive
2017-11-23 00:13:31,718: umgr.0000           : MainProcess                     : MainThread     : INFO    : get msg: alive
2017-11-23 00:13:31,718: umgr.0000           : MainProcess                     : MainThread     : DEBUG   : ru_initialize_common (NOOP)
2017-11-23 00:13:31,718: umgr.0000           : MainProcess                     : MainThread     : DEBUG   : ru_initialize_parent (NOOP)
2017-11-23 00:13:31,718: umgr.0000           : MainProcess                     : MainThread     : DEBUG   : child thread umgr.0000.subscriber._state_sub_cb started
2017-11-23 00:13:31,807: umgr.0000           : MainProcess                     : umgr.0000.idler._unit_pull_cb: INFO    :  === units pulled:    0
2017-11-23 00:13:31,807: umgr.0000           : MainProcess                     : MainThread     : DEBUG   : umgr.0000 registered state_pubsub subscriber umgr.0000.subscriber._state_sub_cb
2017-11-23 00:13:31,923: umgr.0000           : MainProcess                     : MainThread     : DEBUG   : advance bulk size: 1 [False, False]
2017-11-23 00:13:31,923: umgr.0000           : MainProcess                     : MainThread     : DEBUG   : advance bulk: unit.000000 [1]
2017-11-23 00:13:32,017: umgr.0000           : MainProcess                     : MainThread     : DEBUG   : advance bulk size: 1 [True, True]
2017-11-23 00:13:32,018: umgr.0000           : MainProcess                     : MainThread     : DEBUG   : advance bulk: unit.000000 [1]
2017-11-23 00:13:32,018: umgr.0000           : MainProcess                     : MainThread     : DEBUG   : bucket: UMGR_SCHEDULING_PENDING : ['unit.000000']
2017-11-23 00:13:32,018: umgr.0000           : MainProcess                     : MainThread     : DEBUG   : put bulk UMGR_SCHEDULING_PENDING: 1
2017-11-23 00:13:32,019: umgr.0000           : MainProcess                     : umgr.0000.subscriber._state_sub_cb: INFO    : [Callback]: unit unit.000000 state: UMGR_SCHEDULING_PENDING.
2017-11-23 00:13:32,019: umgr.0000           : MainProcess                     : MainThread     : DEBUG   : push unit.000000 ---> UMGR_SCHEDULING_PENDING
2017-11-23 00:13:32,028: umgr.0000           : MainProcess                     : umgr.0000.subscriber._state_sub_cb: DEBUG   : advance bulk size: 1 [False, False]
2017-11-23 00:13:32,028: umgr.0000           : MainProcess                     : umgr.0000.subscriber._state_sub_cb: DEBUG   : advance bulk: unit.000000 [1]
2017-11-23 00:13:32,028: umgr.0000           : MainProcess                     : umgr.0000.subscriber._state_sub_cb: INFO    : [Callback]: unit unit.000000 state: UMGR_SCHEDULING.
2017-11-23 00:13:32,028: umgr.0000           : MainProcess                     : MainThread     : DEBUG   : advance bulk size: 1 [False, False]
2017-11-23 00:13:32,028: umgr.0000           : MainProcess                     : MainThread     : DEBUG   : advance bulk: unit.000001 [1]
2017-11-23 00:13:32,029: umgr.0000           : MainProcess                     : umgr.0000.subscriber._state_sub_cb: DEBUG   : advance bulk size: 1 [False, False]
2017-11-23 00:13:32,029: umgr.0000           : MainProcess                     : umgr.0000.subscriber._state_sub_cb: DEBUG   : advance bulk: unit.000000 [1]
2017-11-23 00:13:32,030: umgr.0000           : MainProcess                     : umgr.0000.subscriber._state_sub_cb: INFO    : [Callback]: unit unit.000000 state: UMGR_STAGING_INPUT_PENDING.
2017-11-23 00:13:32,031: umgr.0000           : MainProcess                     : umgr.0000.subscriber._state_sub_cb: DEBUG   : advance bulk size: 1 [False, False]
2017-11-23 00:13:32,031: umgr.0000           : MainProcess                     : MainThread     : DEBUG   : advance bulk size: 1 [False, False]
2017-11-23 00:13:32,031: umgr.0000           : MainProcess                     : umgr.0000.subscriber._state_sub_cb: DEBUG   : advance bulk: unit.000000 [1]
2017-11-23 00:13:32,031: umgr.0000           : MainProcess                     : MainThread     : DEBUG   : advance bulk: unit.000002 [1]
2017-11-23 00:13:32,032: umgr.0000           : MainProcess                     : umgr.0000.subscriber._state_sub_cb: INFO    : [Callback]: unit unit.000000 state: UMGR_STAGING_INPUT.
2017-11-23 00:13:32,034: umgr.0000           : MainProcess                     : umgr.0000.subscriber._state_sub_cb: DEBUG   : advance bulk size: 1 [False, False]
2017-11-23 00:13:32,034: umgr.0000           : MainProcess                     : umgr.0000.subscriber._state_sub_cb: DEBUG   : advance bulk: unit.000000 [1]
2017-11-23 00:13:32,034: umgr.0000           : MainProcess                     : MainThread     : DEBUG   : advance bulk size: 1 [False, False]
2017-11-23 00:13:32,034: umgr.0000           : MainProcess                     : MainThread     : DEBUG   : advance bulk: unit.000003 [1]
2017-11-23 00:13:32,133: umgr.0000           : MainProcess                     : MainThread     : DEBUG   : advance bulk size: 3 [True, True]
2017-11-23 00:13:32,133: umgr.0000           : MainProcess                     : MainThread     : DEBUG   : advance bulk: unit.000001 [3]
2017-11-23 00:13:32,133: umgr.0000           : MainProcess                     : MainThread     : DEBUG   : advance bulk: unit.000002 [3]
2017-11-23 00:13:32,133: umgr.0000           : MainProcess                     : MainThread     : DEBUG   : advance bulk: unit.000003 [3]
2017-11-23 00:13:32,134: umgr.0000           : MainProcess                     : MainThread     : DEBUG   : bucket: UMGR_SCHEDULING_PENDING : ['unit.000001', 'unit.000002', 'unit.000003']
2017-11-23 00:13:32,134: umgr.0000           : MainProcess                     : MainThread     : DEBUG   : put bulk UMGR_SCHEDULING_PENDING: 3
2017-11-23 00:13:32,135: umgr.0000           : MainProcess                     : MainThread     : DEBUG   : push unit.000001 ---> UMGR_SCHEDULING_PENDING
2017-11-23 00:13:32,135: umgr.0000           : MainProcess                     : MainThread     : DEBUG   : push unit.000002 ---> UMGR_SCHEDULING_PENDING
2017-11-23 00:13:32,135: umgr.0000           : MainProcess                     : umgr.0000.subscriber._state_sub_cb: INFO    : [Callback]: unit unit.000001 state: UMGR_SCHEDULING_PENDING.
2017-11-23 00:13:32,136: umgr.0000           : MainProcess                     : MainThread     : DEBUG   : push unit.000003 ---> UMGR_SCHEDULING_PENDING
2017-11-23 00:13:32,137: umgr.0000           : MainProcess                     : umgr.0000.subscriber._state_sub_cb: DEBUG   : advance bulk size: 1 [False, False]
2017-11-23 00:13:32,137: umgr.0000           : MainProcess                     : umgr.0000.subscriber._state_sub_cb: DEBUG   : advance bulk: unit.000001 [1]
2017-11-23 00:13:32,137: umgr.0000           : MainProcess                     : umgr.0000.subscriber._state_sub_cb: INFO    : [Callback]: unit unit.000002 state: UMGR_SCHEDULING_PENDING.
2017-11-23 00:13:32,137: umgr.0000           : MainProcess                     : umgr.0000.subscriber._state_sub_cb: DEBUG   : advance bulk size: 1 [False, False]
2017-11-23 00:13:32,137: umgr.0000           : MainProcess                     : umgr.0000.subscriber._state_sub_cb: DEBUG   : advance bulk: unit.000002 [1]
2017-11-23 00:13:32,138: umgr.0000           : MainProcess                     : umgr.0000.subscriber._state_sub_cb: INFO    : [Callback]: unit unit.000003 state: UMGR_SCHEDULING_PENDING.
2017-11-23 00:13:32,138: umgr.0000           : MainProcess                     : umgr.0000.subscriber._state_sub_cb: DEBUG   : advance bulk size: 1 [False, False]
2017-11-23 00:13:32,138: umgr.0000           : MainProcess                     : umgr.0000.subscriber._state_sub_cb: DEBUG   : advance bulk: unit.000003 [1]
2017-11-23 00:13:32,141: umgr.0000           : MainProcess                     : umgr.0000.subscriber._state_sub_cb: INFO    : [Callback]: unit unit.000001 state: UMGR_SCHEDULING.
2017-11-23 00:13:32,141: umgr.0000           : MainProcess                     : umgr.0000.subscriber._state_sub_cb: DEBUG   : advance bulk size: 1 [False, False]
2017-11-23 00:13:32,141: umgr.0000           : MainProcess                     : umgr.0000.subscriber._state_sub_cb: DEBUG   : advance bulk: unit.000001 [1]
2017-11-23 00:13:32,141: umgr.0000           : MainProcess                     : umgr.0000.subscriber._state_sub_cb: INFO    : [Callback]: unit unit.000002 state: UMGR_SCHEDULING.
2017-11-23 00:13:32,142: umgr.0000           : MainProcess                     : umgr.0000.subscriber._state_sub_cb: DEBUG   : advance bulk size: 1 [False, False]
2017-11-23 00:13:32,142: umgr.0000           : MainProcess                     : umgr.0000.subscriber._state_sub_cb: DEBUG   : advance bulk: unit.000002 [1]
2017-11-23 00:13:32,142: umgr.0000           : MainProcess                     : umgr.0000.subscriber._state_sub_cb: INFO    : [Callback]: unit unit.000003 state: UMGR_SCHEDULING.
2017-11-23 00:13:32,142: umgr.0000           : MainProcess                     : umgr.0000.subscriber._state_sub_cb: DEBUG   : advance bulk size: 1 [False, False]
2017-11-23 00:13:32,142: umgr.0000           : MainProcess                     : umgr.0000.subscriber._state_sub_cb: DEBUG   : advance bulk: unit.000003 [1]
2017-11-23 00:13:32,143: umgr.0000           : MainProcess                     : umgr.0000.subscriber._state_sub_cb: INFO    : [Callback]: unit unit.000001 state: UMGR_STAGING_INPUT_PENDING.
2017-11-23 00:13:32,143: umgr.0000           : MainProcess                     : umgr.0000.subscriber._state_sub_cb: DEBUG   : advance bulk size: 1 [False, False]
2017-11-23 00:13:32,143: umgr.0000           : MainProcess                     : umgr.0000.subscriber._state_sub_cb: DEBUG   : advance bulk: unit.000001 [1]
2017-11-23 00:13:32,144: umgr.0000           : MainProcess                     : umgr.0000.subscriber._state_sub_cb: INFO    : [Callback]: unit unit.000002 state: UMGR_STAGING_INPUT_PENDING.
2017-11-23 00:13:32,144: umgr.0000           : MainProcess                     : umgr.0000.subscriber._state_sub_cb: DEBUG   : advance bulk size: 1 [False, False]
2017-11-23 00:13:32,144: umgr.0000           : MainProcess                     : umgr.0000.subscriber._state_sub_cb: DEBUG   : advance bulk: unit.000002 [1]
2017-11-23 00:13:32,144: umgr.0000           : MainProcess                     : umgr.0000.subscriber._state_sub_cb: INFO    : [Callback]: unit unit.000003 state: UMGR_STAGING_INPUT_PENDING.
2017-11-23 00:13:32,144: umgr.0000           : MainProcess                     : umgr.0000.subscriber._state_sub_cb: DEBUG   : advance bulk size: 1 [False, False]
2017-11-23 00:13:32,144: umgr.0000           : MainProcess                     : umgr.0000.subscriber._state_sub_cb: DEBUG   : advance bulk: unit.000003 [1]
2017-11-23 00:13:32,907: umgr.0000           : MainProcess                     : umgr.0000.idler._unit_pull_cb: INFO    :  === units pulled:    0
2017-11-23 00:13:34,009: umgr.0000           : MainProcess                     : umgr.0000.idler._unit_pull_cb: INFO    :  === units pulled:    0
2017-11-23 00:13:35,105: umgr.0000           : MainProcess                     : umgr.0000.idler._unit_pull_cb: INFO    :  === units pulled:    0
2017-11-23 00:13:35,719: umgr.0000           : MainProcess                     : umgr.0000.subscriber._state_sub_cb: INFO    : [Callback]: unit unit.000000 state: AGENT_STAGING_INPUT_PENDING.
2017-11-23 00:13:35,719: umgr.0000           : MainProcess                     : umgr.0000.subscriber._state_sub_cb: DEBUG   : advance bulk size: 1 [False, False]
2017-11-23 00:13:35,719: umgr.0000           : MainProcess                     : umgr.0000.subscriber._state_sub_cb: DEBUG   : advance bulk: unit.000000 [1]
2017-11-23 00:13:35,722: umgr.0000           : MainProcess                     : umgr.0000.subscriber._state_sub_cb: INFO    : [Callback]: unit unit.000001 state: UMGR_STAGING_INPUT.
2017-11-23 00:13:35,722: umgr.0000           : MainProcess                     : umgr.0000.subscriber._state_sub_cb: DEBUG   : advance bulk size: 1 [False, False]
2017-11-23 00:13:35,723: umgr.0000           : MainProcess                     : umgr.0000.subscriber._state_sub_cb: DEBUG   : advance bulk: unit.000001 [1]
2017-11-23 00:13:35,723: umgr.0000           : MainProcess                     : umgr.0000.subscriber._state_sub_cb: INFO    : [Callback]: unit unit.000002 state: UMGR_STAGING_INPUT.
2017-11-23 00:13:35,723: umgr.0000           : MainProcess                     : umgr.0000.subscriber._state_sub_cb: DEBUG   : advance bulk size: 1 [False, False]
2017-11-23 00:13:35,723: umgr.0000           : MainProcess                     : umgr.0000.subscriber._state_sub_cb: DEBUG   : advance bulk: unit.000002 [1]
2017-11-23 00:13:35,723: umgr.0000           : MainProcess                     : umgr.0000.subscriber._state_sub_cb: INFO    : [Callback]: unit unit.000003 state: UMGR_STAGING_INPUT.
2017-11-23 00:13:35,723: umgr.0000           : MainProcess                     : umgr.0000.subscriber._state_sub_cb: DEBUG   : advance bulk size: 1 [False, False]
2017-11-23 00:13:35,723: umgr.0000           : MainProcess                     : umgr.0000.subscriber._state_sub_cb: DEBUG   : advance bulk: unit.000003 [1]
2017-11-23 00:13:36,207: umgr.0000           : MainProcess                     : umgr.0000.idler._unit_pull_cb: INFO    :  === units pulled:    0
2017-11-23 00:13:37,302: umgr.0000           : MainProcess                     : umgr.0000.idler._unit_pull_cb: INFO    :  === units pulled:    0
2017-11-23 00:13:37,302: umgr.0000           : MainProcess                     : umgr.0000.subscriber._state_sub_cb: INFO    : [Callback]: unit unit.000001 state: AGENT_STAGING_INPUT_PENDING.
2017-11-23 00:13:37,303: umgr.0000           : MainProcess                     : umgr.0000.subscriber._state_sub_cb: DEBUG   : advance bulk size: 1 [False, False]
2017-11-23 00:13:37,303: umgr.0000           : MainProcess                     : umgr.0000.subscriber._state_sub_cb: DEBUG   : advance bulk: unit.000001 [1]
2017-11-23 00:13:38,405: umgr.0000           : MainProcess                     : umgr.0000.idler._unit_pull_cb: INFO    :  === units pulled:    0
2017-11-23 00:13:38,588: umgr.0000           : MainProcess                     : umgr.0000.subscriber._state_sub_cb: INFO    : [Callback]: unit unit.000002 state: AGENT_STAGING_INPUT_PENDING.
2017-11-23 00:13:38,588: umgr.0000           : MainProcess                     : umgr.0000.subscriber._state_sub_cb: DEBUG   : advance bulk size: 1 [False, False]
2017-11-23 00:13:38,588: umgr.0000           : MainProcess                     : umgr.0000.subscriber._state_sub_cb: DEBUG   : advance bulk: unit.000002 [1]
2017-11-23 00:13:39,501: umgr.0000           : MainProcess                     : umgr.0000.idler._unit_pull_cb: INFO    :  === units pulled:    0
2017-11-23 00:13:39,917: umgr.0000           : MainProcess                     : umgr.0000.subscriber._state_sub_cb: INFO    : [Callback]: unit unit.000003 state: AGENT_STAGING_INPUT_PENDING.
2017-11-23 00:13:39,918: umgr.0000           : MainProcess                     : umgr.0000.subscriber._state_sub_cb: DEBUG   : advance bulk size: 1 [False, False]
2017-11-23 00:13:39,918: umgr.0000           : MainProcess                     : umgr.0000.subscriber._state_sub_cb: DEBUG   : advance bulk: unit.000003 [1]
2017-11-23 00:13:40,603: umgr.0000           : MainProcess                     : umgr.0000.idler._unit_pull_cb: INFO    :  === units pulled:    0
2017-11-23 00:13:41,698: umgr.0000           : MainProcess                     : umgr.0000.idler._unit_pull_cb: INFO    :  === units pulled:    0
2017-11-23 00:13:42,801: umgr.0000           : MainProcess                     : umgr.0000.idler._unit_pull_cb: INFO    :  === units pulled:    0
2017-11-23 00:13:43,897: umgr.0000           : MainProcess                     : umgr.0000.idler._unit_pull_cb: INFO    :  === units pulled:    0
2017-11-23 00:13:44,999: umgr.0000           : MainProcess                     : umgr.0000.idler._unit_pull_cb: INFO    :  === units pulled:    0
2017-11-23 00:13:46,095: umgr.0000           : MainProcess                     : umgr.0000.idler._unit_pull_cb: INFO    :  === units pulled:    0
2017-11-23 00:13:47,197: umgr.0000           : MainProcess                     : umgr.0000.idler._unit_pull_cb: INFO    :  === units pulled:    0
2017-11-23 00:13:48,293: umgr.0000           : MainProcess                     : umgr.0000.idler._unit_pull_cb: INFO    :  === units pulled:    0
2017-11-23 00:13:49,395: umgr.0000           : MainProcess                     : umgr.0000.idler._unit_pull_cb: INFO    :  === units pulled:    0
2017-11-23 00:13:50,491: umgr.0000           : MainProcess                     : umgr.0000.idler._unit_pull_cb: INFO    :  === units pulled:    0
2017-11-23 00:13:51,593: umgr.0000           : MainProcess                     : umgr.0000.idler._unit_pull_cb: INFO    :  === units pulled:    0
2017-11-23 00:13:52,688: umgr.0000           : MainProcess                     : umgr.0000.idler._unit_pull_cb: INFO    :  === units pulled:    0
2017-11-23 00:13:53,791: umgr.0000           : MainProcess                     : umgr.0000.idler._unit_pull_cb: INFO    :  === units pulled:    0
2017-11-23 00:13:54,886: umgr.0000           : MainProcess                     : umgr.0000.idler._unit_pull_cb: INFO    :  === units pulled:    0
2017-11-23 00:13:55,988: umgr.0000           : MainProcess                     : umgr.0000.idler._unit_pull_cb: INFO    :  === units pulled:    0
2017-11-23 00:13:57,084: umgr.0000           : MainProcess                     : umgr.0000.idler._unit_pull_cb: INFO    :  === units pulled:    0
2017-11-23 00:13:58,186: umgr.0000           : MainProcess                     : umgr.0000.idler._unit_pull_cb: INFO    :  === units pulled:    0
2017-11-23 00:13:59,282: umgr.0000           : MainProcess                     : umgr.0000.idler._unit_pull_cb: INFO    :  === units pulled:    0
2017-11-23 00:14:00,384: umgr.0000           : MainProcess                     : umgr.0000.idler._unit_pull_cb: INFO    :  === units pulled:    0
2017-11-23 00:14:01,480: umgr.0000           : MainProcess                     : umgr.0000.idler._unit_pull_cb: INFO    :  === units pulled:    0
2017-11-23 00:14:02,582: umgr.0000           : MainProcess                     : umgr.0000.idler._unit_pull_cb: INFO    :  === units pulled:    0
2017-11-23 00:14:03,678: umgr.0000           : MainProcess                     : umgr.0000.idler._unit_pull_cb: INFO    :  === units pulled:    0
2017-11-23 00:14:04,780: umgr.0000           : MainProcess                     : umgr.0000.idler._unit_pull_cb: INFO    :  === units pulled:    0
2017-11-23 00:14:05,876: umgr.0000           : MainProcess                     : umgr.0000.idler._unit_pull_cb: INFO    :  === units pulled:    0
2017-11-23 00:14:06,978: umgr.0000           : MainProcess                     : umgr.0000.idler._unit_pull_cb: INFO    :  === units pulled:    0
2017-11-23 00:14:08,073: umgr.0000           : MainProcess                     : umgr.0000.idler._unit_pull_cb: INFO    :  === units pulled:    0
2017-11-23 00:14:09,176: umgr.0000           : MainProcess                     : umgr.0000.idler._unit_pull_cb: INFO    :  === units pulled:    0
2017-11-23 00:14:10,271: umgr.0000           : MainProcess                     : umgr.0000.idler._unit_pull_cb: INFO    :  === units pulled:    0
2017-11-23 00:14:11,373: umgr.0000           : MainProcess                     : umgr.0000.idler._unit_pull_cb: INFO    :  === units pulled:    0
2017-11-23 00:14:12,469: umgr.0000           : MainProcess                     : umgr.0000.idler._unit_pull_cb: INFO    :  === units pulled:    0
2017-11-23 00:14:13,571: umgr.0000           : MainProcess                     : umgr.0000.idler._unit_pull_cb: INFO    :  === units pulled:    0
2017-11-23 00:14:14,666: umgr.0000           : MainProcess                     : umgr.0000.idler._unit_pull_cb: INFO    :  === units pulled:    0
2017-11-23 00:14:15,768: umgr.0000           : MainProcess                     : umgr.0000.idler._unit_pull_cb: INFO    :  === units pulled:    0
2017-11-23 00:14:16,864: umgr.0000           : MainProcess                     : umgr.0000.idler._unit_pull_cb: INFO    :  === units pulled:    0
2017-11-23 00:14:17,966: umgr.0000           : MainProcess                     : umgr.0000.idler._unit_pull_cb: INFO    :  === units pulled:    0
2017-11-23 00:14:19,062: umgr.0000           : MainProcess                     : umgr.0000.idler._unit_pull_cb: INFO    :  === units pulled:    0
2017-11-23 00:14:20,164: umgr.0000           : MainProcess                     : umgr.0000.idler._unit_pull_cb: INFO    :  === units pulled:    0
2017-11-23 00:14:21,259: umgr.0000           : MainProcess                     : umgr.0000.idler._unit_pull_cb: INFO    :  === units pulled:    0
2017-11-23 00:14:22,254: umgr.0000           : MainProcess                     : umgr.0000.idler._state_pull_cb: INFO    : [Callback]: unit unit.000003 state: AGENT_STAGING_INPUT.
2017-11-23 00:14:22,254: umgr.0000           : MainProcess                     : umgr.0000.idler._state_pull_cb: DEBUG   : advance bulk size: 1 [False, True]
2017-11-23 00:14:22,254: umgr.0000           : MainProcess                     : umgr.0000.idler._state_pull_cb: DEBUG   : advance bulk: unit.000003 [1]
2017-11-23 00:14:22,255: umgr.0000           : MainProcess                     : umgr.0000.idler._state_pull_cb: INFO    : [Callback]: unit unit.000003 state: AGENT_SCHEDULING_PENDING.
2017-11-23 00:14:22,255: umgr.0000           : MainProcess                     : umgr.0000.idler._state_pull_cb: DEBUG   : advance bulk size: 1 [False, True]
2017-11-23 00:14:22,255: umgr.0000           : MainProcess                     : umgr.0000.idler._state_pull_cb: DEBUG   : advance bulk: unit.000003 [1]
2017-11-23 00:14:22,256: umgr.0000           : MainProcess                     : umgr.0000.idler._state_pull_cb: INFO    : [Callback]: unit unit.000003 state: AGENT_SCHEDULING.
2017-11-23 00:14:22,257: umgr.0000           : MainProcess                     : umgr.0000.idler._state_pull_cb: DEBUG   : advance bulk size: 1 [False, True]
2017-11-23 00:14:22,257: umgr.0000           : MainProcess                     : umgr.0000.idler._state_pull_cb: DEBUG   : advance bulk: unit.000003 [1]
2017-11-23 00:14:22,257: umgr.0000           : MainProcess                     : umgr.0000.idler._state_pull_cb: INFO    : [Callback]: unit unit.000003 state: AGENT_EXECUTING_PENDING.
2017-11-23 00:14:22,257: umgr.0000           : MainProcess                     : umgr.0000.idler._state_pull_cb: DEBUG   : advance bulk size: 1 [False, True]
2017-11-23 00:14:22,258: umgr.0000           : MainProcess                     : umgr.0000.idler._state_pull_cb: DEBUG   : advance bulk: unit.000003 [1]
2017-11-23 00:14:22,258: umgr.0000           : MainProcess                     : umgr.0000.idler._state_pull_cb: INFO    : [Callback]: unit unit.000003 state: AGENT_EXECUTING.
2017-11-23 00:14:22,259: umgr.0000           : MainProcess                     : umgr.0000.idler._state_pull_cb: DEBUG   : advance bulk size: 1 [False, True]
2017-11-23 00:14:22,259: umgr.0000           : MainProcess                     : umgr.0000.idler._state_pull_cb: DEBUG   : advance bulk: unit.000003 [1]
2017-11-23 00:14:22,259: umgr.0000           : MainProcess                     : umgr.0000.idler._state_pull_cb: INFO    : [Callback]: unit unit.000002 state: AGENT_STAGING_INPUT.
2017-11-23 00:14:22,260: umgr.0000           : MainProcess                     : umgr.0000.idler._state_pull_cb: DEBUG   : advance bulk size: 1 [False, True]
2017-11-23 00:14:22,260: umgr.0000           : MainProcess                     : umgr.0000.idler._state_pull_cb: DEBUG   : advance bulk: unit.000002 [1]
2017-11-23 00:14:22,260: umgr.0000           : MainProcess                     : umgr.0000.idler._state_pull_cb: INFO    : [Callback]: unit unit.000002 state: AGENT_SCHEDULING_PENDING.
2017-11-23 00:14:22,261: umgr.0000           : MainProcess                     : umgr.0000.idler._state_pull_cb: DEBUG   : advance bulk size: 1 [False, True]
2017-11-23 00:14:22,261: umgr.0000           : MainProcess                     : umgr.0000.idler._state_pull_cb: DEBUG   : advance bulk: unit.000002 [1]
2017-11-23 00:14:22,262: umgr.0000           : MainProcess                     : umgr.0000.idler._state_pull_cb: INFO    : [Callback]: unit unit.000002 state: AGENT_SCHEDULING.
2017-11-23 00:14:22,262: umgr.0000           : MainProcess                     : umgr.0000.idler._state_pull_cb: DEBUG   : advance bulk size: 1 [False, True]
2017-11-23 00:14:22,262: umgr.0000           : MainProcess                     : umgr.0000.idler._state_pull_cb: DEBUG   : advance bulk: unit.000002 [1]
2017-11-23 00:14:22,263: umgr.0000           : MainProcess                     : umgr.0000.idler._state_pull_cb: INFO    : [Callback]: unit unit.000002 state: AGENT_EXECUTING_PENDING.
2017-11-23 00:14:22,263: umgr.0000           : MainProcess                     : umgr.0000.idler._state_pull_cb: DEBUG   : advance bulk size: 1 [False, True]
2017-11-23 00:14:22,263: umgr.0000           : MainProcess                     : umgr.0000.idler._state_pull_cb: DEBUG   : advance bulk: unit.000002 [1]
2017-11-23 00:14:22,264: umgr.0000           : MainProcess                     : umgr.0000.idler._state_pull_cb: INFO    : [Callback]: unit unit.000002 state: AGENT_EXECUTING.
2017-11-23 00:14:22,264: umgr.0000           : MainProcess                     : umgr.0000.idler._state_pull_cb: DEBUG   : advance bulk size: 1 [False, True]
2017-11-23 00:14:22,264: umgr.0000           : MainProcess                     : umgr.0000.idler._state_pull_cb: DEBUG   : advance bulk: unit.000002 [1]
2017-11-23 00:14:22,265: umgr.0000           : MainProcess                     : umgr.0000.idler._state_pull_cb: INFO    : [Callback]: unit unit.000001 state: AGENT_STAGING_INPUT.
2017-11-23 00:14:22,265: umgr.0000           : MainProcess                     : umgr.0000.idler._state_pull_cb: DEBUG   : advance bulk size: 1 [False, True]
2017-11-23 00:14:22,265: umgr.0000           : MainProcess                     : umgr.0000.idler._state_pull_cb: DEBUG   : advance bulk: unit.000001 [1]
2017-11-23 00:14:22,266: umgr.0000           : MainProcess                     : umgr.0000.idler._state_pull_cb: INFO    : [Callback]: unit unit.000001 state: AGENT_SCHEDULING_PENDING.
2017-11-23 00:14:22,266: umgr.0000           : MainProcess                     : umgr.0000.idler._state_pull_cb: DEBUG   : advance bulk size: 1 [False, True]
2017-11-23 00:14:22,266: umgr.0000           : MainProcess                     : umgr.0000.idler._state_pull_cb: DEBUG   : advance bulk: unit.000001 [1]
2017-11-23 00:14:22,267: umgr.0000           : MainProcess                     : umgr.0000.idler._state_pull_cb: INFO    : [Callback]: unit unit.000001 state: AGENT_SCHEDULING.
2017-11-23 00:14:22,267: umgr.0000           : MainProcess                     : umgr.0000.idler._state_pull_cb: DEBUG   : advance bulk size: 1 [False, True]
2017-11-23 00:14:22,267: umgr.0000           : MainProcess                     : umgr.0000.idler._state_pull_cb: DEBUG   : advance bulk: unit.000001 [1]
2017-11-23 00:14:22,268: umgr.0000           : MainProcess                     : umgr.0000.idler._state_pull_cb: INFO    : [Callback]: unit unit.000001 state: AGENT_EXECUTING_PENDING.
2017-11-23 00:14:22,268: umgr.0000           : MainProcess                     : umgr.0000.idler._state_pull_cb: DEBUG   : advance bulk size: 1 [False, True]
2017-11-23 00:14:22,268: umgr.0000           : MainProcess                     : umgr.0000.idler._state_pull_cb: DEBUG   : advance bulk: unit.000001 [1]
2017-11-23 00:14:22,269: umgr.0000           : MainProcess                     : umgr.0000.idler._state_pull_cb: INFO    : [Callback]: unit unit.000001 state: AGENT_EXECUTING.
2017-11-23 00:14:22,269: umgr.0000           : MainProcess                     : umgr.0000.idler._state_pull_cb: DEBUG   : advance bulk size: 1 [False, True]
2017-11-23 00:14:22,269: umgr.0000           : MainProcess                     : umgr.0000.idler._state_pull_cb: DEBUG   : advance bulk: unit.000001 [1]
2017-11-23 00:14:22,270: umgr.0000           : MainProcess                     : umgr.0000.idler._state_pull_cb: INFO    : [Callback]: unit unit.000000 state: AGENT_STAGING_INPUT.
2017-11-23 00:14:22,270: umgr.0000           : MainProcess                     : umgr.0000.idler._state_pull_cb: DEBUG   : advance bulk size: 1 [False, True]
2017-11-23 00:14:22,270: umgr.0000           : MainProcess                     : umgr.0000.idler._state_pull_cb: DEBUG   : advance bulk: unit.000000 [1]
2017-11-23 00:14:22,271: umgr.0000           : MainProcess                     : umgr.0000.idler._state_pull_cb: INFO    : [Callback]: unit unit.000000 state: AGENT_SCHEDULING_PENDING.
2017-11-23 00:14:22,271: umgr.0000           : MainProcess                     : umgr.0000.idler._state_pull_cb: DEBUG   : advance bulk size: 1 [False, True]
2017-11-23 00:14:22,271: umgr.0000           : MainProcess                     : umgr.0000.idler._state_pull_cb: DEBUG   : advance bulk: unit.000000 [1]
2017-11-23 00:14:22,272: umgr.0000           : MainProcess                     : umgr.0000.idler._state_pull_cb: INFO    : [Callback]: unit unit.000000 state: AGENT_SCHEDULING.
2017-11-23 00:14:22,272: umgr.0000           : MainProcess                     : umgr.0000.idler._state_pull_cb: DEBUG   : advance bulk size: 1 [False, True]
2017-11-23 00:14:22,272: umgr.0000           : MainProcess                     : umgr.0000.idler._state_pull_cb: DEBUG   : advance bulk: unit.000000 [1]
2017-11-23 00:14:22,273: umgr.0000           : MainProcess                     : umgr.0000.idler._state_pull_cb: INFO    : [Callback]: unit unit.000000 state: AGENT_EXECUTING_PENDING.
2017-11-23 00:14:22,273: umgr.0000           : MainProcess                     : umgr.0000.idler._state_pull_cb: DEBUG   : advance bulk size: 1 [False, True]
2017-11-23 00:14:22,273: umgr.0000           : MainProcess                     : umgr.0000.idler._state_pull_cb: DEBUG   : advance bulk: unit.000000 [1]
2017-11-23 00:14:22,274: umgr.0000           : MainProcess                     : umgr.0000.idler._state_pull_cb: INFO    : [Callback]: unit unit.000000 state: AGENT_EXECUTING.
2017-11-23 00:14:22,274: umgr.0000           : MainProcess                     : umgr.0000.idler._state_pull_cb: DEBUG   : advance bulk size: 1 [False, True]
2017-11-23 00:14:22,274: umgr.0000           : MainProcess                     : umgr.0000.idler._state_pull_cb: DEBUG   : advance bulk: unit.000000 [1]
2017-11-23 00:14:22,376: umgr.0000           : MainProcess                     : umgr.0000.idler._unit_pull_cb: INFO    :  === units pulled:    0
2017-11-23 00:14:23,377: umgr.0000           : MainProcess                     : umgr.0000.idler._state_pull_cb: INFO    : [Callback]: unit unit.000000 state: AGENT_STAGING_OUTPUT_PENDING.
2017-11-23 00:14:23,377: umgr.0000           : MainProcess                     : umgr.0000.idler._state_pull_cb: DEBUG   : advance bulk size: 1 [False, True]
2017-11-23 00:14:23,377: umgr.0000           : MainProcess                     : umgr.0000.idler._state_pull_cb: DEBUG   : advance bulk: unit.000000 [1]
2017-11-23 00:14:23,472: umgr.0000           : MainProcess                     : umgr.0000.idler._unit_pull_cb: INFO    :  === units pulled:    0
2017-11-23 00:14:24,575: umgr.0000           : MainProcess                     : umgr.0000.idler._unit_pull_cb: INFO    :  === units pulled:    0
2017-11-23 00:14:25,576: umgr.0000           : MainProcess                     : umgr.0000.idler._state_pull_cb: INFO    : [Callback]: unit unit.000002 state: AGENT_STAGING_OUTPUT_PENDING.
2017-11-23 00:14:25,576: umgr.0000           : MainProcess                     : umgr.0000.idler._state_pull_cb: DEBUG   : advance bulk size: 1 [False, True]
2017-11-23 00:14:25,576: umgr.0000           : MainProcess                     : umgr.0000.idler._state_pull_cb: DEBUG   : advance bulk: unit.000002 [1]
2017-11-23 00:14:25,577: umgr.0000           : MainProcess                     : umgr.0000.idler._state_pull_cb: INFO    : [Callback]: unit unit.000002 state: AGENT_STAGING_OUTPUT.
2017-11-23 00:14:25,577: umgr.0000           : MainProcess                     : umgr.0000.idler._state_pull_cb: DEBUG   : advance bulk size: 1 [False, True]
2017-11-23 00:14:25,577: umgr.0000           : MainProcess                     : umgr.0000.idler._state_pull_cb: DEBUG   : advance bulk: unit.000002 [1]
2017-11-23 00:14:25,578: umgr.0000           : MainProcess                     : umgr.0000.idler._state_pull_cb: INFO    : [Callback]: unit unit.000002 state: UMGR_STAGING_OUTPUT_PENDING.
2017-11-23 00:14:25,578: umgr.0000           : MainProcess                     : umgr.0000.idler._state_pull_cb: DEBUG   : advance bulk size: 1 [False, True]
2017-11-23 00:14:25,578: umgr.0000           : MainProcess                     : umgr.0000.idler._state_pull_cb: DEBUG   : advance bulk: unit.000002 [1]
2017-11-23 00:14:25,579: umgr.0000           : MainProcess                     : umgr.0000.idler._state_pull_cb: INFO    : [Callback]: unit unit.000000 state: AGENT_STAGING_OUTPUT.
2017-11-23 00:14:25,580: umgr.0000           : MainProcess                     : umgr.0000.idler._state_pull_cb: DEBUG   : advance bulk size: 1 [False, True]
2017-11-23 00:14:25,580: umgr.0000           : MainProcess                     : umgr.0000.idler._state_pull_cb: DEBUG   : advance bulk: unit.000000 [1]
2017-11-23 00:14:25,580: umgr.0000           : MainProcess                     : umgr.0000.idler._state_pull_cb: INFO    : [Callback]: unit unit.000000 state: UMGR_STAGING_OUTPUT_PENDING.
2017-11-23 00:14:25,581: umgr.0000           : MainProcess                     : umgr.0000.idler._state_pull_cb: DEBUG   : advance bulk size: 1 [False, True]
2017-11-23 00:14:25,581: umgr.0000           : MainProcess                     : umgr.0000.idler._state_pull_cb: DEBUG   : advance bulk: unit.000000 [1]
2017-11-23 00:14:25,869: umgr.0000           : MainProcess                     : umgr.0000.idler._unit_pull_cb: INFO    : units pulled:    2 [u'unit.000000', u'unit.000002']
2017-11-23 00:14:25,870: umgr.0000           : MainProcess                     : umgr.0000.idler._unit_pull_cb: DEBUG   :  === unit  pulled unit.000002: AGENT_STAGING_OUTPUT_PENDING / UMGR_STAGING_OUTPUT_PENDING
2017-11-23 00:14:25,870: umgr.0000           : MainProcess                     : umgr.0000.idler._unit_pull_cb: DEBUG   : advance bulk size: 2 [True, True]
2017-11-23 00:14:25,870: umgr.0000           : MainProcess                     : umgr.0000.idler._unit_pull_cb: DEBUG   : advance bulk: unit.000000 [2]
2017-11-23 00:14:25,870: umgr.0000           : MainProcess                     : umgr.0000.idler._unit_pull_cb: DEBUG   : advance bulk: unit.000002 [2]
2017-11-23 00:14:25,870: umgr.0000           : MainProcess                     : umgr.0000.idler._unit_pull_cb: DEBUG   : bucket: UMGR_STAGING_OUTPUT_PENDING : [u'unit.000000', u'unit.000002']
2017-11-23 00:14:25,871: umgr.0000           : MainProcess                     : umgr.0000.idler._unit_pull_cb: DEBUG   : put bulk UMGR_STAGING_OUTPUT_PENDING: 2
2017-11-23 00:14:25,873: umgr.0000           : MainProcess                     : umgr.0000.idler._unit_pull_cb: DEBUG   : push unit.000000 ---> UMGR_STAGING_OUTPUT_PENDING
2017-11-23 00:14:25,873: umgr.0000           : MainProcess                     : umgr.0000.idler._unit_pull_cb: DEBUG   : push unit.000002 ---> UMGR_STAGING_OUTPUT_PENDING
2017-11-23 00:14:25,879: umgr.0000           : MainProcess                     : umgr.0000.subscriber._state_sub_cb: INFO    : [Callback]: unit unit.000000 state: UMGR_STAGING_OUTPUT.
2017-11-23 00:14:25,880: umgr.0000           : MainProcess                     : umgr.0000.subscriber._state_sub_cb: DEBUG   : advance bulk size: 1 [False, False]
2017-11-23 00:14:25,880: umgr.0000           : MainProcess                     : umgr.0000.subscriber._state_sub_cb: DEBUG   : advance bulk: unit.000000 [1]
2017-11-23 00:14:25,880: umgr.0000           : MainProcess                     : umgr.0000.subscriber._state_sub_cb: INFO    : [Callback]: unit unit.000002 state: UMGR_STAGING_OUTPUT.
2017-11-23 00:14:25,880: umgr.0000           : MainProcess                     : umgr.0000.subscriber._state_sub_cb: DEBUG   : advance bulk size: 1 [False, False]
2017-11-23 00:14:25,881: umgr.0000           : MainProcess                     : umgr.0000.subscriber._state_sub_cb: DEBUG   : advance bulk: unit.000002 [1]
2017-11-23 00:14:25,886: umgr.0000           : MainProcess                     : umgr.0000.subscriber._state_sub_cb: INFO    : [Callback]: unit unit.000000 state: DONE.
2017-11-23 00:14:25,886: umgr.0000           : MainProcess                     : umgr.0000.subscriber._state_sub_cb: DEBUG   : advance bulk size: 1 [False, False]
2017-11-23 00:14:25,886: umgr.0000           : MainProcess                     : umgr.0000.subscriber._state_sub_cb: DEBUG   : advance bulk: unit.000000 [1]
2017-11-23 00:14:25,886: umgr.0000           : MainProcess                     : umgr.0000.subscriber._state_sub_cb: INFO    : [Callback]: unit unit.000002 state: DONE.
2017-11-23 00:14:25,886: umgr.0000           : MainProcess                     : umgr.0000.subscriber._state_sub_cb: DEBUG   : advance bulk size: 1 [False, False]
2017-11-23 00:14:25,887: umgr.0000           : MainProcess                     : umgr.0000.subscriber._state_sub_cb: DEBUG   : advance bulk: unit.000002 [1]
2017-11-23 00:14:26,975: umgr.0000           : MainProcess                     : umgr.0000.idler._unit_pull_cb: INFO    :  === units pulled:    0
2017-11-23 00:14:28,071: umgr.0000           : MainProcess                     : umgr.0000.idler._unit_pull_cb: INFO    :  === units pulled:    0
2017-11-23 00:14:28,874: umgr.0000           : MainProcess                     : umgr.0000.idler._state_pull_cb: INFO    : [Callback]: unit unit.000001 state: AGENT_STAGING_OUTPUT_PENDING.
2017-11-23 00:14:28,874: umgr.0000           : MainProcess                     : umgr.0000.idler._state_pull_cb: DEBUG   : advance bulk size: 1 [False, True]
2017-11-23 00:14:28,874: umgr.0000           : MainProcess                     : umgr.0000.idler._state_pull_cb: DEBUG   : advance bulk: unit.000001 [1]
2017-11-23 00:14:29,173: umgr.0000           : MainProcess                     : umgr.0000.idler._unit_pull_cb: INFO    :  === units pulled:    0
2017-11-23 00:14:30,268: umgr.0000           : MainProcess                     : umgr.0000.idler._unit_pull_cb: INFO    :  === units pulled:    0
2017-11-23 00:14:31,072: umgr.0000           : MainProcess                     : umgr.0000.idler._state_pull_cb: INFO    : [Callback]: unit unit.000001 state: AGENT_STAGING_OUTPUT.
2017-11-23 00:14:31,072: umgr.0000           : MainProcess                     : umgr.0000.idler._state_pull_cb: DEBUG   : advance bulk size: 1 [False, True]
2017-11-23 00:14:31,072: umgr.0000           : MainProcess                     : umgr.0000.idler._state_pull_cb: DEBUG   : advance bulk: unit.000001 [1]
2017-11-23 00:14:31,073: umgr.0000           : MainProcess                     : umgr.0000.idler._state_pull_cb: INFO    : [Callback]: unit unit.000001 state: UMGR_STAGING_OUTPUT_PENDING.
2017-11-23 00:14:31,073: umgr.0000           : MainProcess                     : umgr.0000.idler._state_pull_cb: DEBUG   : advance bulk size: 1 [False, True]
2017-11-23 00:14:31,073: umgr.0000           : MainProcess                     : umgr.0000.idler._state_pull_cb: DEBUG   : advance bulk: unit.000001 [1]
2017-11-23 00:14:31,565: umgr.0000           : MainProcess                     : umgr.0000.idler._unit_pull_cb: INFO    : units pulled:    1 [u'unit.000001']
2017-11-23 00:14:31,565: umgr.0000           : MainProcess                     : umgr.0000.idler._unit_pull_cb: DEBUG   :  === unit  pulled unit.000001: AGENT_STAGING_OUTPUT / UMGR_STAGING_OUTPUT_PENDING
2017-11-23 00:14:31,565: umgr.0000           : MainProcess                     : umgr.0000.idler._unit_pull_cb: DEBUG   : advance bulk size: 1 [True, True]
2017-11-23 00:14:31,565: umgr.0000           : MainProcess                     : umgr.0000.idler._unit_pull_cb: DEBUG   : advance bulk: unit.000001 [1]
2017-11-23 00:14:31,566: umgr.0000           : MainProcess                     : umgr.0000.idler._unit_pull_cb: DEBUG   : bucket: UMGR_STAGING_OUTPUT_PENDING : [u'unit.000001']
2017-11-23 00:14:31,566: umgr.0000           : MainProcess                     : umgr.0000.idler._unit_pull_cb: DEBUG   : put bulk UMGR_STAGING_OUTPUT_PENDING: 1
2017-11-23 00:14:31,567: umgr.0000           : MainProcess                     : umgr.0000.idler._unit_pull_cb: DEBUG   : push unit.000001 ---> UMGR_STAGING_OUTPUT_PENDING
2017-11-23 00:14:31,571: umgr.0000           : MainProcess                     : umgr.0000.subscriber._state_sub_cb: INFO    : [Callback]: unit unit.000001 state: UMGR_STAGING_OUTPUT.
2017-11-23 00:14:31,572: umgr.0000           : MainProcess                     : umgr.0000.subscriber._state_sub_cb: DEBUG   : advance bulk size: 1 [False, False]
2017-11-23 00:14:31,572: umgr.0000           : MainProcess                     : umgr.0000.subscriber._state_sub_cb: DEBUG   : advance bulk: unit.000001 [1]
2017-11-23 00:14:31,574: umgr.0000           : MainProcess                     : umgr.0000.subscriber._state_sub_cb: INFO    : [Callback]: unit unit.000001 state: DONE.
2017-11-23 00:14:31,574: umgr.0000           : MainProcess                     : umgr.0000.subscriber._state_sub_cb: DEBUG   : advance bulk size: 1 [False, False]
2017-11-23 00:14:31,574: umgr.0000           : MainProcess                     : umgr.0000.subscriber._state_sub_cb: DEBUG   : advance bulk: unit.000001 [1]
2017-11-23 00:14:32,663: umgr.0000           : MainProcess                     : umgr.0000.idler._unit_pull_cb: INFO    :  === units pulled:    0
2017-11-23 00:14:33,765: umgr.0000           : MainProcess                     : umgr.0000.idler._unit_pull_cb: INFO    :  === units pulled:    0
2017-11-23 00:14:34,860: umgr.0000           : MainProcess                     : umgr.0000.idler._unit_pull_cb: INFO    :  === units pulled:    0
2017-11-23 00:14:35,963: umgr.0000           : MainProcess                     : umgr.0000.idler._unit_pull_cb: INFO    :  === units pulled:    0
2017-11-23 00:14:37,058: umgr.0000           : MainProcess                     : umgr.0000.idler._unit_pull_cb: INFO    :  === units pulled:    0
2017-11-23 00:14:38,161: umgr.0000           : MainProcess                     : umgr.0000.idler._unit_pull_cb: INFO    :  === units pulled:    0
2017-11-23 00:14:39,256: umgr.0000           : MainProcess                     : umgr.0000.idler._unit_pull_cb: INFO    :  === units pulled:    0
2017-11-23 00:14:40,358: umgr.0000           : MainProcess                     : umgr.0000.idler._unit_pull_cb: INFO    :  === units pulled:    0
2017-11-23 00:14:41,454: umgr.0000           : MainProcess                     : umgr.0000.idler._unit_pull_cb: INFO    :  === units pulled:    0
2017-11-23 00:14:42,556: umgr.0000           : MainProcess                     : umgr.0000.idler._unit_pull_cb: INFO    :  === units pulled:    0
2017-11-23 00:14:43,652: umgr.0000           : MainProcess                     : umgr.0000.idler._unit_pull_cb: INFO    :  === units pulled:    0
2017-11-23 00:14:44,754: umgr.0000           : MainProcess                     : umgr.0000.idler._unit_pull_cb: INFO    :  === units pulled:    0
2017-11-23 00:14:45,849: umgr.0000           : MainProcess                     : umgr.0000.idler._unit_pull_cb: INFO    :  === units pulled:    0
2017-11-23 00:14:46,953: umgr.0000           : MainProcess                     : umgr.0000.idler._unit_pull_cb: INFO    :  === units pulled:    0
2017-11-23 00:14:48,059: umgr.0000           : MainProcess                     : umgr.0000.idler._unit_pull_cb: INFO    :  === units pulled:    0
2017-11-23 00:14:49,161: umgr.0000           : MainProcess                     : umgr.0000.idler._unit_pull_cb: INFO    :  === units pulled:    0
2017-11-23 00:14:50,257: umgr.0000           : MainProcess                     : umgr.0000.idler._unit_pull_cb: INFO    :  === units pulled:    0
2017-11-23 00:14:51,359: umgr.0000           : MainProcess                     : umgr.0000.idler._unit_pull_cb: INFO    :  === units pulled:    0
2017-11-23 00:14:52,454: umgr.0000           : MainProcess                     : umgr.0000.idler._unit_pull_cb: INFO    :  === units pulled:    0
2017-11-23 00:14:53,557: umgr.0000           : MainProcess                     : umgr.0000.idler._unit_pull_cb: INFO    :  === units pulled:    0
2017-11-23 00:14:54,652: umgr.0000           : MainProcess                     : umgr.0000.idler._unit_pull_cb: INFO    :  === units pulled:    0
2017-11-23 00:14:55,754: umgr.0000           : MainProcess                     : umgr.0000.idler._unit_pull_cb: INFO    :  === units pulled:    0
2017-11-23 00:14:56,849: umgr.0000           : MainProcess                     : umgr.0000.idler._unit_pull_cb: INFO    :  === units pulled:    0
2017-11-23 00:14:57,952: umgr.0000           : MainProcess                     : umgr.0000.idler._unit_pull_cb: INFO    :  === units pulled:    0
2017-11-23 00:14:59,047: umgr.0000           : MainProcess                     : umgr.0000.idler._unit_pull_cb: INFO    :  === units pulled:    0
2017-11-23 00:15:00,149: umgr.0000           : MainProcess                     : umgr.0000.idler._unit_pull_cb: INFO    :  === units pulled:    0
2017-11-23 00:15:01,245: umgr.0000           : MainProcess                     : umgr.0000.idler._unit_pull_cb: INFO    :  === units pulled:    0
2017-11-23 00:15:02,348: umgr.0000           : MainProcess                     : umgr.0000.idler._unit_pull_cb: INFO    :  === units pulled:    0
2017-11-23 00:15:03,444: umgr.0000           : MainProcess                     : umgr.0000.idler._unit_pull_cb: INFO    :  === units pulled:    0
2017-11-23 00:15:04,546: umgr.0000           : MainProcess                     : umgr.0000.idler._unit_pull_cb: INFO    :  === units pulled:    0
2017-11-23 00:15:05,641: umgr.0000           : MainProcess                     : umgr.0000.idler._unit_pull_cb: INFO    :  === units pulled:    0
2017-11-23 00:15:06,744: umgr.0000           : MainProcess                     : umgr.0000.idler._unit_pull_cb: INFO    :  === units pulled:    0
2017-11-23 00:15:07,839: umgr.0000           : MainProcess                     : umgr.0000.idler._unit_pull_cb: INFO    :  === units pulled:    0
2017-11-23 00:15:08,942: umgr.0000           : MainProcess                     : umgr.0000.idler._unit_pull_cb: INFO    :  === units pulled:    0
2017-11-23 00:15:10,037: umgr.0000           : MainProcess                     : umgr.0000.idler._unit_pull_cb: INFO    :  === units pulled:    0
2017-11-23 00:15:11,140: umgr.0000           : MainProcess                     : umgr.0000.idler._unit_pull_cb: INFO    :  === units pulled:    0
2017-11-23 00:15:12,235: umgr.0000           : MainProcess                     : umgr.0000.idler._unit_pull_cb: INFO    :  === units pulled:    0
2017-11-23 00:15:13,339: umgr.0000           : MainProcess                     : umgr.0000.idler._unit_pull_cb: INFO    :  === units pulled:    0
2017-11-23 00:15:14,435: umgr.0000           : MainProcess                     : umgr.0000.idler._unit_pull_cb: INFO    :  === units pulled:    0
2017-11-23 00:15:15,537: umgr.0000           : MainProcess                     : umgr.0000.idler._unit_pull_cb: INFO    :  === units pulled:    0
2017-11-23 00:15:16,633: umgr.0000           : MainProcess                     : umgr.0000.idler._unit_pull_cb: INFO    :  === units pulled:    0
2017-11-23 00:15:17,735: umgr.0000           : MainProcess                     : umgr.0000.idler._unit_pull_cb: INFO    :  === units pulled:    0
2017-11-23 00:15:18,830: umgr.0000           : MainProcess                     : umgr.0000.idler._unit_pull_cb: INFO    :  === units pulled:    0
2017-11-23 00:15:19,933: umgr.0000           : MainProcess                     : umgr.0000.idler._unit_pull_cb: INFO    :  === units pulled:    0
2017-11-23 00:15:21,028: umgr.0000           : MainProcess                     : umgr.0000.idler._unit_pull_cb: INFO    :  === units pulled:    0
2017-11-23 00:15:22,131: umgr.0000           : MainProcess                     : umgr.0000.idler._unit_pull_cb: INFO    :  === units pulled:    0
2017-11-23 00:15:23,226: umgr.0000           : MainProcess                     : umgr.0000.idler._unit_pull_cb: INFO    :  === units pulled:    0
2017-11-23 00:15:24,329: umgr.0000           : MainProcess                     : umgr.0000.idler._unit_pull_cb: INFO    :  === units pulled:    0
2017-11-23 00:15:25,424: umgr.0000           : MainProcess                     : umgr.0000.idler._unit_pull_cb: INFO    :  === units pulled:    0
2017-11-23 00:15:26,526: umgr.0000           : MainProcess                     : umgr.0000.idler._unit_pull_cb: INFO    :  === units pulled:    0
2017-11-23 00:15:27,622: umgr.0000           : MainProcess                     : umgr.0000.idler._unit_pull_cb: INFO    :  === units pulled:    0
2017-11-23 00:15:28,725: umgr.0000           : MainProcess                     : umgr.0000.idler._unit_pull_cb: INFO    :  === units pulled:    0
2017-11-23 00:15:29,820: umgr.0000           : MainProcess                     : umgr.0000.idler._unit_pull_cb: INFO    :  === units pulled:    0
2017-11-23 00:15:30,923: umgr.0000           : MainProcess                     : umgr.0000.idler._unit_pull_cb: INFO    :  === units pulled:    0
2017-11-23 00:15:32,019: umgr.0000           : MainProcess                     : umgr.0000.idler._unit_pull_cb: INFO    :  === units pulled:    0
2017-11-23 00:15:33,121: umgr.0000           : MainProcess                     : umgr.0000.idler._unit_pull_cb: INFO    :  === units pulled:    0
2017-11-23 00:15:34,216: umgr.0000           : MainProcess                     : umgr.0000.idler._unit_pull_cb: INFO    :  === units pulled:    0
2017-11-23 00:15:35,319: umgr.0000           : MainProcess                     : umgr.0000.idler._unit_pull_cb: INFO    :  === units pulled:    0
2017-11-23 00:15:36,414: umgr.0000           : MainProcess                     : umgr.0000.idler._unit_pull_cb: INFO    :  === units pulled:    0
2017-11-23 00:15:37,516: umgr.0000           : MainProcess                     : umgr.0000.idler._unit_pull_cb: INFO    :  === units pulled:    0
2017-11-23 00:15:38,612: umgr.0000           : MainProcess                     : umgr.0000.idler._unit_pull_cb: INFO    :  === units pulled:    0
2017-11-23 00:15:39,714: umgr.0000           : MainProcess                     : umgr.0000.idler._unit_pull_cb: INFO    :  === units pulled:    0
2017-11-23 00:15:40,810: umgr.0000           : MainProcess                     : umgr.0000.idler._unit_pull_cb: INFO    :  === units pulled:    0
2017-11-23 00:15:41,912: umgr.0000           : MainProcess                     : umgr.0000.idler._unit_pull_cb: INFO    :  === units pulled:    0
2017-11-23 00:15:43,007: umgr.0000           : MainProcess                     : umgr.0000.idler._unit_pull_cb: INFO    :  === units pulled:    0
2017-11-23 00:15:44,110: umgr.0000           : MainProcess                     : umgr.0000.idler._unit_pull_cb: INFO    :  === units pulled:    0
2017-11-23 00:15:45,205: umgr.0000           : MainProcess                     : umgr.0000.idler._unit_pull_cb: INFO    :  === units pulled:    0
2017-11-23 00:15:46,308: umgr.0000           : MainProcess                     : umgr.0000.idler._unit_pull_cb: INFO    :  === units pulled:    0
2017-11-23 00:15:47,404: umgr.0000           : MainProcess                     : umgr.0000.idler._unit_pull_cb: INFO    :  === units pulled:    0
2017-11-23 00:15:48,506: umgr.0000           : MainProcess                     : umgr.0000.idler._unit_pull_cb: INFO    :  === units pulled:    0
2017-11-23 00:15:49,601: umgr.0000           : MainProcess                     : umgr.0000.idler._unit_pull_cb: INFO    :  === units pulled:    0
2017-11-23 00:15:50,703: umgr.0000           : MainProcess                     : umgr.0000.idler._unit_pull_cb: INFO    :  === units pulled:    0
2017-11-23 00:15:51,799: umgr.0000           : MainProcess                     : umgr.0000.idler._unit_pull_cb: INFO    :  === units pulled:    0
2017-11-23 00:15:52,902: umgr.0000           : MainProcess                     : umgr.0000.idler._unit_pull_cb: INFO    :  === units pulled:    0
2017-11-23 00:15:53,998: umgr.0000           : MainProcess                     : umgr.0000.idler._unit_pull_cb: INFO    :  === units pulled:    0
2017-11-23 00:15:55,100: umgr.0000           : MainProcess                     : umgr.0000.idler._unit_pull_cb: INFO    :  === units pulled:    0
2017-11-23 00:15:56,195: umgr.0000           : MainProcess                     : umgr.0000.idler._unit_pull_cb: INFO    :  === units pulled:    0
2017-11-23 00:15:57,298: umgr.0000           : MainProcess                     : umgr.0000.idler._unit_pull_cb: INFO    :  === units pulled:    0
2017-11-23 00:15:58,393: umgr.0000           : MainProcess                     : umgr.0000.idler._unit_pull_cb: INFO    :  === units pulled:    0
2017-11-23 00:15:59,495: umgr.0000           : MainProcess                     : umgr.0000.idler._unit_pull_cb: INFO    :  === units pulled:    0
2017-11-23 00:16:00,591: umgr.0000           : MainProcess                     : umgr.0000.idler._unit_pull_cb: INFO    :  === units pulled:    0
2017-11-23 00:16:01,694: umgr.0000           : MainProcess                     : umgr.0000.idler._unit_pull_cb: INFO    :  === units pulled:    0
2017-11-23 00:16:02,790: umgr.0000           : MainProcess                     : umgr.0000.idler._unit_pull_cb: INFO    :  === units pulled:    0
2017-11-23 00:16:03,892: umgr.0000           : MainProcess                     : umgr.0000.idler._unit_pull_cb: INFO    :  === units pulled:    0
2017-11-23 00:16:04,987: umgr.0000           : MainProcess                     : umgr.0000.idler._unit_pull_cb: INFO    :  === units pulled:    0
2017-11-23 00:16:06,090: umgr.0000           : MainProcess                     : umgr.0000.idler._unit_pull_cb: INFO    :  === units pulled:    0
2017-11-23 00:16:07,185: umgr.0000           : MainProcess                     : umgr.0000.idler._unit_pull_cb: INFO    :  === units pulled:    0
2017-11-23 00:16:08,289: umgr.0000           : MainProcess                     : umgr.0000.idler._unit_pull_cb: INFO    :  === units pulled:    0
2017-11-23 00:16:09,384: umgr.0000           : MainProcess                     : umgr.0000.idler._unit_pull_cb: INFO    :  === units pulled:    0
2017-11-23 00:16:10,490: umgr.0000           : MainProcess                     : umgr.0000.idler._unit_pull_cb: INFO    :  === units pulled:    0
2017-11-23 00:16:11,586: umgr.0000           : MainProcess                     : umgr.0000.idler._unit_pull_cb: INFO    :  === units pulled:    0
2017-11-23 00:16:12,688: umgr.0000           : MainProcess                     : umgr.0000.idler._unit_pull_cb: INFO    :  === units pulled:    0
2017-11-23 00:16:13,784: umgr.0000           : MainProcess                     : umgr.0000.idler._unit_pull_cb: INFO    :  === units pulled:    0
2017-11-23 00:16:14,886: umgr.0000           : MainProcess                     : umgr.0000.idler._unit_pull_cb: INFO    :  === units pulled:    0
2017-11-23 00:16:15,982: umgr.0000           : MainProcess                     : umgr.0000.idler._unit_pull_cb: INFO    :  === units pulled:    0
2017-11-23 00:16:17,084: umgr.0000           : MainProcess                     : umgr.0000.idler._unit_pull_cb: INFO    :  === units pulled:    0
2017-11-23 00:16:18,179: umgr.0000           : MainProcess                     : umgr.0000.idler._unit_pull_cb: INFO    :  === units pulled:    0
2017-11-23 00:16:19,282: umgr.0000           : MainProcess                     : umgr.0000.idler._unit_pull_cb: INFO    :  === units pulled:    0
2017-11-23 00:16:20,377: umgr.0000           : MainProcess                     : umgr.0000.idler._unit_pull_cb: INFO    :  === units pulled:    0
2017-11-23 00:16:21,482: umgr.0000           : MainProcess                     : umgr.0000.idler._unit_pull_cb: INFO    :  === units pulled:    0
2017-11-23 00:16:22,578: umgr.0000           : MainProcess                     : umgr.0000.idler._unit_pull_cb: INFO    :  === units pulled:    0
2017-11-23 00:16:23,680: umgr.0000           : MainProcess                     : umgr.0000.idler._unit_pull_cb: INFO    :  === units pulled:    0
2017-11-23 00:16:24,776: umgr.0000           : MainProcess                     : umgr.0000.idler._unit_pull_cb: INFO    :  === units pulled:    0
2017-11-23 00:16:25,878: umgr.0000           : MainProcess                     : umgr.0000.idler._unit_pull_cb: INFO    :  === units pulled:    0
2017-11-23 00:16:26,973: umgr.0000           : MainProcess                     : umgr.0000.idler._unit_pull_cb: INFO    :  === units pulled:    0
2017-11-23 00:16:28,078: umgr.0000           : MainProcess                     : umgr.0000.idler._unit_pull_cb: INFO    :  === units pulled:    0
2017-11-23 00:16:29,174: umgr.0000           : MainProcess                     : umgr.0000.idler._unit_pull_cb: INFO    :  === units pulled:    0
2017-11-23 00:16:30,276: umgr.0000           : MainProcess                     : umgr.0000.idler._unit_pull_cb: INFO    :  === units pulled:    0
2017-11-23 00:16:31,371: umgr.0000           : MainProcess                     : umgr.0000.idler._unit_pull_cb: INFO    :  === units pulled:    0
2017-11-23 00:16:32,474: umgr.0000           : MainProcess                     : umgr.0000.idler._unit_pull_cb: INFO    :  === units pulled:    0
2017-11-23 00:16:33,569: umgr.0000           : MainProcess                     : umgr.0000.idler._unit_pull_cb: INFO    :  === units pulled:    0
2017-11-23 00:16:34,671: umgr.0000           : MainProcess                     : umgr.0000.idler._unit_pull_cb: INFO    :  === units pulled:    0
2017-11-23 00:16:35,767: umgr.0000           : MainProcess                     : umgr.0000.idler._unit_pull_cb: INFO    :  === units pulled:    0
2017-11-23 00:16:36,869: umgr.0000           : MainProcess                     : umgr.0000.idler._unit_pull_cb: INFO    :  === units pulled:    0
2017-11-23 00:16:37,965: umgr.0000           : MainProcess                     : umgr.0000.idler._unit_pull_cb: INFO    :  === units pulled:    0
2017-11-23 00:16:39,067: umgr.0000           : MainProcess                     : umgr.0000.idler._unit_pull_cb: INFO    :  === units pulled:    0
2017-11-23 00:16:40,162: umgr.0000           : MainProcess                     : umgr.0000.idler._unit_pull_cb: INFO    :  === units pulled:    0
2017-11-23 00:16:41,265: umgr.0000           : MainProcess                     : umgr.0000.idler._unit_pull_cb: INFO    :  === units pulled:    0
2017-11-23 00:16:42,360: umgr.0000           : MainProcess                     : umgr.0000.idler._unit_pull_cb: INFO    :  === units pulled:    0
2017-11-23 00:16:43,463: umgr.0000           : MainProcess                     : umgr.0000.idler._unit_pull_cb: INFO    :  === units pulled:    0
2017-11-23 00:16:44,558: umgr.0000           : MainProcess                     : umgr.0000.idler._unit_pull_cb: INFO    :  === units pulled:    0
2017-11-23 00:16:45,660: umgr.0000           : MainProcess                     : umgr.0000.idler._unit_pull_cb: INFO    :  === units pulled:    0
2017-11-23 00:16:46,756: umgr.0000           : MainProcess                     : umgr.0000.idler._unit_pull_cb: INFO    :  === units pulled:    0
2017-11-23 00:16:47,858: umgr.0000           : MainProcess                     : umgr.0000.idler._unit_pull_cb: INFO    :  === units pulled:    0
2017-11-23 00:16:48,954: umgr.0000           : MainProcess                     : umgr.0000.idler._unit_pull_cb: INFO    :  === units pulled:    0
2017-11-23 00:16:50,056: umgr.0000           : MainProcess                     : umgr.0000.idler._unit_pull_cb: INFO    :  === units pulled:    0
2017-11-23 00:16:51,152: umgr.0000           : MainProcess                     : umgr.0000.idler._unit_pull_cb: INFO    :  === units pulled:    0
2017-11-23 00:16:52,254: umgr.0000           : MainProcess                     : umgr.0000.idler._unit_pull_cb: INFO    :  === units pulled:    0
2017-11-23 00:16:53,349: umgr.0000           : MainProcess                     : umgr.0000.idler._unit_pull_cb: INFO    :  === units pulled:    0
2017-11-23 00:16:54,453: umgr.0000           : MainProcess                     : umgr.0000.idler._unit_pull_cb: INFO    :  === units pulled:    0
2017-11-23 00:16:55,549: umgr.0000           : MainProcess                     : umgr.0000.idler._unit_pull_cb: INFO    :  === units pulled:    0
2017-11-23 00:16:56,651: umgr.0000           : MainProcess                     : umgr.0000.idler._unit_pull_cb: INFO    :  === units pulled:    0
2017-11-23 00:16:57,746: umgr.0000           : MainProcess                     : umgr.0000.idler._unit_pull_cb: INFO    :  === units pulled:    0
2017-11-23 00:16:58,849: umgr.0000           : MainProcess                     : umgr.0000.idler._unit_pull_cb: INFO    :  === units pulled:    0
2017-11-23 00:16:59,944: umgr.0000           : MainProcess                     : umgr.0000.idler._unit_pull_cb: INFO    :  === units pulled:    0
2017-11-23 00:17:01,046: umgr.0000           : MainProcess                     : umgr.0000.idler._unit_pull_cb: INFO    :  === units pulled:    0
2017-11-23 00:17:02,142: umgr.0000           : MainProcess                     : umgr.0000.idler._unit_pull_cb: INFO    :  === units pulled:    0
2017-11-23 00:17:03,245: umgr.0000           : MainProcess                     : umgr.0000.idler._unit_pull_cb: INFO    :  === units pulled:    0
2017-11-23 00:17:04,340: umgr.0000           : MainProcess                     : umgr.0000.idler._unit_pull_cb: INFO    :  === units pulled:    0
2017-11-23 00:17:05,442: umgr.0000           : MainProcess                     : umgr.0000.idler._unit_pull_cb: INFO    :  === units pulled:    0
2017-11-23 00:17:06,538: umgr.0000           : MainProcess                     : umgr.0000.idler._unit_pull_cb: INFO    :  === units pulled:    0
2017-11-23 00:17:07,640: umgr.0000           : MainProcess                     : umgr.0000.idler._unit_pull_cb: INFO    :  === units pulled:    0
2017-11-23 00:17:08,736: umgr.0000           : MainProcess                     : umgr.0000.idler._unit_pull_cb: INFO    :  === units pulled:    0
2017-11-23 00:17:09,838: umgr.0000           : MainProcess                     : umgr.0000.idler._unit_pull_cb: INFO    :  === units pulled:    0
2017-11-23 00:17:10,933: umgr.0000           : MainProcess                     : umgr.0000.idler._unit_pull_cb: INFO    :  === units pulled:    0
2017-11-23 00:17:12,036: umgr.0000           : MainProcess                     : umgr.0000.idler._unit_pull_cb: INFO    :  === units pulled:    0
2017-11-23 00:17:13,131: umgr.0000           : MainProcess                     : umgr.0000.idler._unit_pull_cb: INFO    :  === units pulled:    0
2017-11-23 00:17:14,234: umgr.0000           : MainProcess                     : umgr.0000.idler._unit_pull_cb: INFO    :  === units pulled:    0
2017-11-23 00:17:15,329: umgr.0000           : MainProcess                     : umgr.0000.idler._unit_pull_cb: INFO    :  === units pulled:    0
2017-11-23 00:17:16,431: umgr.0000           : MainProcess                     : umgr.0000.idler._unit_pull_cb: INFO    :  === units pulled:    0
2017-11-23 00:17:17,527: umgr.0000           : MainProcess                     : umgr.0000.idler._unit_pull_cb: INFO    :  === units pulled:    0
2017-11-23 00:17:18,629: umgr.0000           : MainProcess                     : umgr.0000.idler._unit_pull_cb: INFO    :  === units pulled:    0
2017-11-23 00:17:19,725: umgr.0000           : MainProcess                     : umgr.0000.idler._unit_pull_cb: INFO    :  === units pulled:    0
2017-11-23 00:17:20,827: umgr.0000           : MainProcess                     : umgr.0000.idler._unit_pull_cb: INFO    :  === units pulled:    0
2017-11-23 00:17:21,922: umgr.0000           : MainProcess                     : umgr.0000.idler._unit_pull_cb: INFO    :  === units pulled:    0
2017-11-23 00:17:23,025: umgr.0000           : MainProcess                     : umgr.0000.idler._unit_pull_cb: INFO    :  === units pulled:    0
2017-11-23 00:17:24,120: umgr.0000           : MainProcess                     : umgr.0000.idler._unit_pull_cb: INFO    :  === units pulled:    0
2017-11-23 00:17:25,222: umgr.0000           : MainProcess                     : umgr.0000.idler._unit_pull_cb: INFO    :  === units pulled:    0
2017-11-23 00:17:26,318: umgr.0000           : MainProcess                     : umgr.0000.idler._unit_pull_cb: INFO    :  === units pulled:    0
2017-11-23 00:17:27,420: umgr.0000           : MainProcess                     : umgr.0000.idler._unit_pull_cb: INFO    :  === units pulled:    0
2017-11-23 00:17:28,516: umgr.0000           : MainProcess                     : umgr.0000.idler._unit_pull_cb: INFO    :  === units pulled:    0
2017-11-23 00:17:29,619: umgr.0000           : MainProcess                     : umgr.0000.idler._unit_pull_cb: INFO    :  === units pulled:    0
2017-11-23 00:17:30,621: umgr.0000           : MainProcess                     : umgr.0000.idler._unit_pull_cb: INFO    : put message: [umgr.0000.idler._unit_pull_cb.thread] work finished
2017-11-23 00:17:30,622: umgr.0000           : MainProcess                     : umgr.0000.idler._unit_pull_cb: DEBUG   : ru_finalize_child (NOOP)
2017-11-23 00:17:30,622: umgr.0000           : MainProcess                     : umgr.0000.idler._unit_pull_cb: DEBUG   : ru_finalize_common (NOOP)
2017-11-23 00:17:30,622: umgr.0000           : MainProcess                     : umgr.0000.idler._unit_pull_cb: INFO    : put message: [umgr.0000.idler._unit_pull_cb.thread] terminating
2017-11-23 00:17:30,655: umgr.0000           : MainProcess                     : MainThread     : INFO    : stop umgr.0000 (7046 : None : MainThread) [radical.pilot.unit_manager.UnitManager.close]
2017-11-23 00:17:30,655: umgr.0000           : MainProcess                     : MainThread     : INFO    : parent stops child
2017-11-23 00:17:31,218: umgr.0000           : MainProcess                     : umgr.0000.idler._state_pull_cb: INFO    : put message: [umgr.0000.idler._state_pull_cb.thread] work finished
2017-11-23 00:17:31,218: umgr.0000           : MainProcess                     : umgr.0000.idler._state_pull_cb: DEBUG   : ru_finalize_child (NOOP)
2017-11-23 00:17:31,219: umgr.0000           : MainProcess                     : umgr.0000.idler._state_pull_cb: DEBUG   : ru_finalize_common (NOOP)
2017-11-23 00:17:31,219: umgr.0000           : MainProcess                     : umgr.0000.idler._state_pull_cb: INFO    : put message: [umgr.0000.idler._state_pull_cb.thread] terminating
2017-11-23 00:17:31,445: umgr.0000           : MainProcess                     : MainThread     : DEBUG   : ru_finalize_common()
2017-11-23 00:17:31,445: umgr.0000           : MainProcess                     : MainThread     : DEBUG   : TERM : umgr.0000 unregister publisher log_pubsub
2017-11-23 00:17:31,446: umgr.0000           : MainProcess                     : MainThread     : DEBUG   : unregistered publisher log_pubsub
2017-11-23 00:17:31,446: umgr.0000           : MainProcess                     : MainThread     : DEBUG   : TERM : umgr.0000 unregister publisher state_pubsub
2017-11-23 00:17:31,447: umgr.0000           : MainProcess                     : MainThread     : DEBUG   : unregistered publisher state_pubsub
2017-11-23 00:17:31,447: umgr.0000           : MainProcess                     : MainThread     : DEBUG   : TERM : umgr.0000 unregister publisher control_pubsub
2017-11-23 00:17:31,448: umgr.0000           : MainProcess                     : MainThread     : DEBUG   : unregistered publisher control_pubsub
2017-11-23 00:17:31,448: umgr.0000           : MainProcess                     : MainThread     : DEBUG   : umgr.0000 close prof
2017-11-23 00:17:31,450: umgr.0000           : MainProcess                     : MainThread     : INFO    : parent stops child
2017-11-23 00:17:31,450: umgr.0000           : MainProcess                     : MainThread     : DEBUG   : ru_finalize_parent (NOOP)
2017-11-23 00:17:31,451: umgr.0000           : MainProcess                     : MainThread     : DEBUG   : ru_finalize_common (NOOP)
2017-11-23 00:17:31,451: umgr.0000           : MainProcess                     : MainThread     : INFO    : parent stops child
2017-11-23 00:17:31,451: umgr.0000           : MainProcess                     : MainThread     : DEBUG   : ru_finalize_parent (NOOP)
2017-11-23 00:17:31,451: umgr.0000           : MainProcess                     : umgr.0000.subscriber._state_sub_cb: ERROR   : abort: ZMQError('Socket operation on non-socket')
Traceback (most recent call last):
  File "/home/george/Stream_ve/local/lib/python2.7/site-packages/radical/utils/threads.py", line 375, in _run
    if not self.work_cb():
  File "/home/george/Stream_ve/local/lib/python2.7/site-packages/radical/pilot/utils/component.py", line 1088, in work_cb
    topic, msg = self._q.get_nowait(500)  # timout in ms
  File "/home/george/Stream_ve/local/lib/python2.7/site-packages/radical/pilot/utils/pubsub.py", line 352, in get_nowait
    if _uninterruptible(self._q.poll, flags=zmq.POLLIN, timeout=timeout):
  File "/home/george/Stream_ve/local/lib/python2.7/site-packages/radical/pilot/utils/pubsub.py", line 50, in _uninterruptible
    return f(*args, **kwargs)
  File "/home/george/Stream_ve/local/lib/python2.7/site-packages/zmq/sugar/socket.py", line 558, in poll
    evts = dict(p.poll(timeout))
  File "/home/george/Stream_ve/local/lib/python2.7/site-packages/zmq/sugar/poll.py", line 99, in poll
    return zmq_poll(self.sockets, timeout=timeout)
  File "zmq/backend/cython/_poll.pyx", line 123, in zmq.backend.cython._poll.zmq_poll (zmq/backend/cython/_poll.c:2186)
  File "zmq/backend/cython/_poll.pyx", line 116, in zmq.backend.cython._poll.zmq_poll (zmq/backend/cython/_poll.c:2036)
  File "zmq/backend/cython/checkrc.pxd", line 25, in zmq.backend.cython.checkrc._check_rc (zmq/backend/cython/_poll.c:2811)
    raise ZMQError(errno)
ZMQError: Socket operation on non-socket
2017-11-23 00:17:31,452: umgr.0000           : MainProcess                     : umgr.0000.subscriber._state_sub_cb: INFO    : put message: [umgr.0000.subscriber._state_sub_cb.thread] ZMQError('Socket operation on non-socket')
2017-11-23 00:17:31,452: umgr.0000           : MainProcess                     : umgr.0000.subscriber._state_sub_cb: DEBUG   : ru_finalize_child (NOOP)
2017-11-23 00:17:31,452: umgr.0000           : MainProcess                     : umgr.0000.subscriber._state_sub_cb: INFO    : put message: [umgr.0000.subscriber._state_sub_cb.thread] terminating
2017-11-23 00:17:31,702: umgr.0000           : MainProcess                     : MainThread     : INFO    : parent stops child
2017-11-23 00:17:31,702: umgr.0000           : MainProcess                     : MainThread     : DEBUG   : ru_finalize_parent (NOOP)
2017-11-23 00:17:31,702: umgr.0000           : MainProcess                     : MainThread     : DEBUG   : ru_finalize_common (NOOP)
2017-11-23 00:17:31,702: umgr.0000           : MainProcess                     : MainThread     : INFO    : Closed UnitManager umgr.0000.
