2017-11-23 00:13:31,415: umgr.staging.input.0.child: umgr.staging.input.0            : MainThread     : INFO    : python.interpreter   version: 2.7.13 (default, Jan 19 2017, 14:48:08) [GCC 6.3.0 20170118]
2017-11-23 00:13:31,415: umgr.staging.input.0.child: umgr.staging.input.0            : MainThread     : INFO    :                      pid: 7174
2017-11-23 00:13:31,415: umgr.staging.input.0.child: umgr.staging.input.0            : MainThread     : INFO    :                      tid: MainThread
2017-11-23 00:13:31,416: umgr.staging.input.0.child: umgr.staging.input.0            : MainThread     : INFO    : radical.pilot        version: 0.46.2
2017-11-23 00:13:31,416: umgr.staging.input.0.child: umgr.staging.input.0            : MainThread     : INFO    : initialize umgr.staging.input.0.child
2017-11-23 00:13:31,419: umgr.staging.input.0.child: umgr.staging.input.0            : MainThread     : INFO    : cfg: {'agents': {},
 u'bridges': {u'control_pubsub': {'addr_in': 'tcp://144.76.72.175:45165',
                                  'addr_out': 'tcp://144.76.72.175:46285',
                                  u'bulk_size': 0,
                                  u'log_level': u'debug',
                                  u'stall_hwm': 1},
              u'log_pubsub': {'addr_in': 'tcp://144.76.72.175:38678',
                              'addr_out': 'tcp://144.76.72.175:44871',
                              u'bulk_size': 0,
                              u'log_level': u'debug',
                              u'stall_hwm': 1},
              u'state_pubsub': {'addr_in': 'tcp://144.76.72.175:42382',
                                'addr_out': 'tcp://144.76.72.175:38322',
                                u'bulk_size': 0,
                                u'log_level': u'debug',
                                u'stall_hwm': 1},
              u'umgr_reschedule_pubsub': {'addr_in': 'tcp://144.76.72.175:40743',
                                          'addr_out': 'tcp://144.76.72.175:37358',
                                          u'bulk_size': 0,
                                          u'log_level': u'debug',
                                          u'stall_hwm': 1},
              u'umgr_scheduling_queue': {'addr_in': 'tcp://144.76.72.175:36444',
                                         'addr_out': 'tcp://144.76.72.175:42933',
                                         u'bulk_size': 0,
                                         u'log_level': u'debug',
                                         u'stall_hwm': 1},
              u'umgr_staging_input_queue': {'addr_in': 'tcp://144.76.72.175:35194',
                                            'addr_out': 'tcp://144.76.72.175:37825',
                                            u'bulk_size': 0,
                                            u'log_level': u'debug',
                                            u'stall_hwm': 1},
              u'umgr_staging_output_queue': {'addr_in': 'tcp://144.76.72.175:44330',
                                             'addr_out': 'tcp://144.76.72.175:39146',
                                             u'bulk_size': 0,
                                             u'log_level': u'debug',
                                             u'stall_hwm': 1},
              u'umgr_unschedule_pubsub': {'addr_in': 'tcp://144.76.72.175:38222',
                                          'addr_out': 'tcp://144.76.72.175:34240',
                                          u'bulk_size': 0,
                                          u'log_level': u'debug',
                                          u'stall_hwm': 1}},
 u'bulk_collection_size': 100,
 u'bulk_collection_time': 1.0,
 'cname': u'UMGRStagingInputComponent',
 u'components': {},
 u'count': 1,
 u'db_poll_sleeptime': 1.0,
 'number': 0,
 'owner': 'umgr.0000',
 u'scheduler': u'round_robin',
 'uid': 'umgr.0000'}
2017-11-23 00:13:31,419: umgr.staging.input.0.child: umgr.staging.input.0            : MainThread     : DEBUG   : start components: {}
2017-11-23 00:13:31,419: umgr.staging.input.0.child: umgr.staging.input.0            : MainThread     : DEBUG   : alive check in term
2017-11-23 00:13:31,419: umgr.staging.input.0.child: umgr.staging.input.0            : MainThread     : DEBUG   : START: umgr.staging.input.0.child register publisher log_pubsub
2017-11-23 00:13:31,419: umgr.staging.input.0.child: umgr.staging.input.0            : MainThread     : DEBUG   : using addr tcp://144.76.72.175:38678 for pubsub log_pubsub
2017-11-23 00:13:31,421: umgr.staging.input.0.child: umgr.staging.input.0            : MainThread     : DEBUG   : registered publisher : log_pubsub : log.pubsub.pub.0003
2017-11-23 00:13:31,421: umgr.staging.input.0.child: umgr.staging.input.0            : MainThread     : DEBUG   : alive check in term
2017-11-23 00:13:31,421: umgr.staging.input.0.child: umgr.staging.input.0            : MainThread     : DEBUG   : START: umgr.staging.input.0.child register publisher state_pubsub
2017-11-23 00:13:31,421: umgr.staging.input.0.child: umgr.staging.input.0            : MainThread     : DEBUG   : using addr tcp://144.76.72.175:42382 for pubsub state_pubsub
2017-11-23 00:13:31,422: umgr.staging.input.0.child: umgr.staging.input.0            : MainThread     : DEBUG   : registered publisher : state_pubsub : state.pubsub.pub.0003
2017-11-23 00:13:31,423: umgr.staging.input.0.child: umgr.staging.input.0            : MainThread     : DEBUG   : alive check in term
2017-11-23 00:13:31,423: umgr.staging.input.0.child: umgr.staging.input.0            : MainThread     : DEBUG   : START: umgr.staging.input.0.child register publisher control_pubsub
2017-11-23 00:13:31,423: umgr.staging.input.0.child: umgr.staging.input.0            : MainThread     : DEBUG   : using addr tcp://144.76.72.175:45165 for pubsub control_pubsub
2017-11-23 00:13:31,424: umgr.staging.input.0.child: umgr.staging.input.0            : MainThread     : DEBUG   : registered publisher : control_pubsub : control.pubsub.pub.0003
2017-11-23 00:13:31,424: umgr.staging.input.0.child: umgr.staging.input.0            : MainThread     : DEBUG   : alive check in term
2017-11-23 00:13:31,424: umgr.staging.input.0.child: umgr.staging.input.0            : MainThread     : DEBUG   : START: umgr.staging.input.0.child register subscriber umgr.staging.input.0.child.subscriber._cancel_monitor_cb
2017-11-23 00:13:31,424: umgr.staging.input.0.child: umgr.staging.input.0            : MainThread     : DEBUG   : using addr tcp://144.76.72.175:46285 for pubsub control_pubsub
2017-11-23 00:13:31,426: umgr.staging.input.0.child: umgr.staging.input.0            : MainThread     : DEBUG   : parent name: umgr.staging.input.0.child.subscriber._cancel_monitor_cb
2017-11-23 00:13:31,426: umgr.staging.input.0.child: umgr.staging.input.0            : MainThread     : DEBUG   : start thread
2017-11-23 00:13:31,426: umgr.staging.input.0.child: umgr.staging.input.0            : umgr.staging.input.0.child.subscriber._cancel_monitor_cb: DEBUG   : child name: umgr.staging.input.0.child.subscriber._cancel_monitor_cb.thread
2017-11-23 00:13:31,426: umgr.staging.input.0.child: umgr.staging.input.0            : umgr.staging.input.0.child.subscriber._cancel_monitor_cb: INFO    : child (me) initializing
2017-11-23 00:13:31,426: umgr.staging.input.0.child: umgr.staging.input.0            : umgr.staging.input.0.child.subscriber._cancel_monitor_cb: DEBUG   : ru_initialize_common (NOOP)
2017-11-23 00:13:31,426: umgr.staging.input.0.child: umgr.staging.input.0            : umgr.staging.input.0.child.subscriber._cancel_monitor_cb: DEBUG   : ru_initialize_child (NOOP)
2017-11-23 00:13:31,426: umgr.staging.input.0.child: umgr.staging.input.0            : umgr.staging.input.0.child.subscriber._cancel_monitor_cb: INFO    : send alive
2017-11-23 00:13:31,426: umgr.staging.input.0.child: umgr.staging.input.0            : umgr.staging.input.0.child.subscriber._cancel_monitor_cb: INFO    : put message: [umgr.staging.input.0.child.subscriber._cancel_monitor_cb.thread] alive
2017-11-23 00:13:31,427: umgr.staging.input.0.child: umgr.staging.input.0            : MainThread     : INFO    : get msg: alive
2017-11-23 00:13:31,427: umgr.staging.input.0.child: umgr.staging.input.0            : MainThread     : DEBUG   : ru_initialize_common (NOOP)
2017-11-23 00:13:31,427: umgr.staging.input.0.child: umgr.staging.input.0            : MainThread     : DEBUG   : ru_initialize_parent (NOOP)
2017-11-23 00:13:31,427: umgr.staging.input.0.child: umgr.staging.input.0            : MainThread     : DEBUG   : child thread umgr.staging.input.0.child.subscriber._cancel_monitor_cb started
2017-11-23 00:13:31,427: umgr.staging.input.0.child: umgr.staging.input.0            : MainThread     : DEBUG   : umgr.staging.input.0.child registered control_pubsub subscriber umgr.staging.input.0.child.subscriber._cancel_monitor_cb
2017-11-23 00:13:31,428: umgr.staging.input.0.child: umgr.staging.input.0            : MainThread     : DEBUG   : alive check in term
2017-11-23 00:13:31,428: umgr.staging.input.0.child: umgr.staging.input.0            : MainThread     : DEBUG   : using addr tcp://144.76.72.175:37825 for input umgr_staging_input_queue
2017-11-23 00:13:31,451: umgr.staging.input.0.child: umgr.staging.input.0            : MainThread     : DEBUG   : registered input umgr.staging.input.0.child.work.UMGR_STAGING_INPUT_PENDING
2017-11-23 00:13:31,451: umgr.staging.input.0.child: umgr.staging.input.0            : MainThread     : DEBUG   : START: umgr.staging.input.0.child register input UMGR_STAGING_INPUT_PENDING: umgr.staging.input.0.child.work.UMGR_STAGING_INPUT_PENDING
2017-11-23 00:13:31,451: umgr.staging.input.0.child: umgr.staging.input.0            : MainThread     : DEBUG   : registered worker work [UMGR_STAGING_INPUT_PENDING]
2017-11-23 00:13:31,451: umgr.staging.input.0.child: umgr.staging.input.0            : MainThread     : DEBUG   : alive check in term
2017-11-23 00:13:31,451: umgr.staging.input.0.child: umgr.staging.input.0            : MainThread     : DEBUG   : START: umgr.staging.input.0.child register output AGENT_STAGING_INPUT_PENDING
2017-11-23 00:13:31,451: umgr.staging.input.0.child: umgr.staging.input.0            : MainThread     : INFO    : child (me) initializing
2017-11-23 00:13:31,451: umgr.staging.input.0.child: umgr.staging.input.0            : MainThread     : DEBUG   : parent name: umgr.staging.input.0.child.watch
2017-11-23 00:13:31,451: umgr.staging.input.0.child: umgr.staging.input.0            : MainThread     : DEBUG   : start thread
2017-11-23 00:13:31,452: umgr.staging.input.0.child: umgr.staging.input.0            : umgr.staging.input.0.child.watch: DEBUG   : child name: umgr.staging.input.0.child.watch.thread
2017-11-23 00:13:31,452: umgr.staging.input.0.child: umgr.staging.input.0            : umgr.staging.input.0.child.watch: INFO    : child (me) initializing
2017-11-23 00:13:31,452: umgr.staging.input.0.child: umgr.staging.input.0            : umgr.staging.input.0.child.watch: DEBUG   : ru_initialize_common (NOOP)
2017-11-23 00:13:31,452: umgr.staging.input.0.child: umgr.staging.input.0            : umgr.staging.input.0.child.watch: DEBUG   : ru_initialize_child (NOOP)
2017-11-23 00:13:31,452: umgr.staging.input.0.child: umgr.staging.input.0            : umgr.staging.input.0.child.watch: INFO    : send alive
2017-11-23 00:13:31,452: umgr.staging.input.0.child: umgr.staging.input.0            : umgr.staging.input.0.child.watch: INFO    : put message: [umgr.staging.input.0.child.watch.thread] alive
2017-11-23 00:13:31,453: umgr.staging.input.0.child: umgr.staging.input.0            : MainThread     : INFO    : get msg: alive
2017-11-23 00:13:31,453: umgr.staging.input.0.child: umgr.staging.input.0            : MainThread     : DEBUG   : ru_initialize_common (NOOP)
2017-11-23 00:13:31,453: umgr.staging.input.0.child: umgr.staging.input.0            : MainThread     : DEBUG   : ru_initialize_parent (NOOP)
2017-11-23 00:13:31,453: umgr.staging.input.0.child: umgr.staging.input.0            : MainThread     : DEBUG   : child thread umgr.staging.input.0.child.watch started
2017-11-23 00:13:31,453: umgr.staging.input.0.child: umgr.staging.input.0            : MainThread     : INFO    : child (me) is alive
2017-11-23 00:13:31,453: umgr.staging.input.0.child: umgr.staging.input.0            : MainThread     : INFO    : send alive
2017-11-23 00:13:31,453: umgr.staging.input.0.child: umgr.staging.input.0            : MainThread     : INFO    : send message: [umgr.staging.input.0.child] alive
2017-11-23 00:13:32,026: umgr.staging.input.0.child: umgr.staging.input.0            : MainThread     : DEBUG   : got unit (unit.000000)
2017-11-23 00:13:32,026: umgr.staging.input.0.child: umgr.staging.input.0            : MainThread     : DEBUG   : advance bulk size: 1 [False, True]
2017-11-23 00:13:32,026: umgr.staging.input.0.child: umgr.staging.input.0            : MainThread     : DEBUG   : advance bulk: unit.000000 [1]
2017-11-23 00:13:32,027: umgr.staging.input.0.child: umgr.staging.input.0            : MainThread     : DEBUG   : key gsisftp://wrangler.tacc.utexas.edu:2222/ / gsisftp://wrangler.tacc.utexas.edu:2222/
2017-11-23 00:13:33,697: umgr.staging.input.0.child: umgr.staging.input.0            : MainThread     : DEBUG   : <- setup_kmeans_model.py (<type 'str'>)
2017-11-23 00:13:33,697: umgr.staging.input.0.child: umgr.staging.input.0            : MainThread     : DEBUG   :    setup_kmeans_model.py
2017-11-23 00:13:33,698: umgr.staging.input.0.child: umgr.staging.input.0            : MainThread     : DEBUG   :    pwd
2017-11-23 00:13:33,698: umgr.staging.input.0.child: umgr.staging.input.0            : MainThread     : DEBUG   :    expand with /home/george/repos/midas/streaming/RedisKmeans/map_reduce_kmeans
2017-11-23 00:13:33,698: umgr.staging.input.0.child: umgr.staging.input.0            : MainThread     : DEBUG   : -> file:///home/george/repos/midas/streaming/RedisKmeans/map_reduce_kmeans/setup_kmeans_model.py
2017-11-23 00:13:33,698: umgr.staging.input.0.child: umgr.staging.input.0            : MainThread     : DEBUG   : <- setup_kmeans_model.py (<type 'str'>)
2017-11-23 00:13:33,698: umgr.staging.input.0.child: umgr.staging.input.0            : MainThread     : DEBUG   :    setup_kmeans_model.py
2017-11-23 00:13:33,699: umgr.staging.input.0.child: umgr.staging.input.0            : MainThread     : DEBUG   :    pwd
2017-11-23 00:13:33,699: umgr.staging.input.0.child: umgr.staging.input.0            : MainThread     : DEBUG   :    expand with gsisftp://wrangler.tacc.utexas.edu:2222/work/03662/tg829618/wrangler/radical.pilot.sandbox/rp.session.one.george.017492.0013/pilot.0000//unit.000000/
2017-11-23 00:13:33,699: umgr.staging.input.0.child: umgr.staging.input.0            : MainThread     : DEBUG   : -> gsisftp://wrangler.tacc.utexas.edu:2222/work/03662/tg829618/wrangler/radical.pilot.sandbox/rp.session.one.george.017492.0013/pilot.0000/unit.000000/setup_kmeans_model.py
2017-11-23 00:13:35,715: umgr.staging.input.0.child: umgr.staging.input.0            : MainThread     : DEBUG   : advance bulk size: 1 [True, True]
2017-11-23 00:13:35,716: umgr.staging.input.0.child: umgr.staging.input.0            : MainThread     : DEBUG   : advance bulk: unit.000000 [1]
2017-11-23 00:13:35,716: umgr.staging.input.0.child: umgr.staging.input.0            : MainThread     : DEBUG   : bucket: AGENT_STAGING_INPUT_PENDING : ['unit.000000']
2017-11-23 00:13:35,716: umgr.staging.input.0.child: umgr.staging.input.0            : MainThread     : DEBUG   : push unit.000000 ~~~| AGENT_STAGING_INPUT_PENDING
2017-11-23 00:13:35,720: umgr.staging.input.0.child: umgr.staging.input.0            : MainThread     : DEBUG   : got unit (unit.000001)
2017-11-23 00:13:35,721: umgr.staging.input.0.child: umgr.staging.input.0            : MainThread     : DEBUG   : got unit (unit.000002)
2017-11-23 00:13:35,721: umgr.staging.input.0.child: umgr.staging.input.0            : MainThread     : DEBUG   : got unit (unit.000003)
2017-11-23 00:13:35,721: umgr.staging.input.0.child: umgr.staging.input.0            : MainThread     : DEBUG   : advance bulk size: 3 [False, True]
2017-11-23 00:13:35,721: umgr.staging.input.0.child: umgr.staging.input.0            : MainThread     : DEBUG   : advance bulk: unit.000001 [3]
2017-11-23 00:13:35,721: umgr.staging.input.0.child: umgr.staging.input.0            : MainThread     : DEBUG   : advance bulk: unit.000002 [3]
2017-11-23 00:13:35,721: umgr.staging.input.0.child: umgr.staging.input.0            : MainThread     : DEBUG   : advance bulk: unit.000003 [3]
2017-11-23 00:13:35,722: umgr.staging.input.0.child: umgr.staging.input.0            : MainThread     : DEBUG   : key gsisftp://wrangler.tacc.utexas.edu:2222/ / gsisftp://wrangler.tacc.utexas.edu:2222/
2017-11-23 00:13:35,963: umgr.staging.input.0.child: umgr.staging.input.0            : MainThread     : DEBUG   : <- data_producer.py (<type 'str'>)
2017-11-23 00:13:35,964: umgr.staging.input.0.child: umgr.staging.input.0            : MainThread     : DEBUG   :    data_producer.py
2017-11-23 00:13:35,964: umgr.staging.input.0.child: umgr.staging.input.0            : MainThread     : DEBUG   :    pwd
2017-11-23 00:13:35,964: umgr.staging.input.0.child: umgr.staging.input.0            : MainThread     : DEBUG   :    expand with /home/george/repos/midas/streaming/RedisKmeans/map_reduce_kmeans
2017-11-23 00:13:35,964: umgr.staging.input.0.child: umgr.staging.input.0            : MainThread     : DEBUG   : -> file:///home/george/repos/midas/streaming/RedisKmeans/map_reduce_kmeans/data_producer.py
2017-11-23 00:13:35,964: umgr.staging.input.0.child: umgr.staging.input.0            : MainThread     : DEBUG   : <- data_producer.py (<type 'str'>)
2017-11-23 00:13:35,964: umgr.staging.input.0.child: umgr.staging.input.0            : MainThread     : DEBUG   :    data_producer.py
2017-11-23 00:13:35,964: umgr.staging.input.0.child: umgr.staging.input.0            : MainThread     : DEBUG   :    pwd
2017-11-23 00:13:35,965: umgr.staging.input.0.child: umgr.staging.input.0            : MainThread     : DEBUG   :    expand with gsisftp://wrangler.tacc.utexas.edu:2222/work/03662/tg829618/wrangler/radical.pilot.sandbox/rp.session.one.george.017492.0013/pilot.0000//unit.000001/
2017-11-23 00:13:35,965: umgr.staging.input.0.child: umgr.staging.input.0            : MainThread     : DEBUG   : -> gsisftp://wrangler.tacc.utexas.edu:2222/work/03662/tg829618/wrangler/radical.pilot.sandbox/rp.session.one.george.017492.0013/pilot.0000/unit.000001/data_producer.py
2017-11-23 00:13:37,218: umgr.staging.input.0.child: umgr.staging.input.0            : MainThread     : DEBUG   : advance bulk size: 1 [True, True]
2017-11-23 00:13:37,218: umgr.staging.input.0.child: umgr.staging.input.0            : MainThread     : DEBUG   : advance bulk: unit.000001 [1]
2017-11-23 00:13:37,219: umgr.staging.input.0.child: umgr.staging.input.0            : MainThread     : DEBUG   : bucket: AGENT_STAGING_INPUT_PENDING : ['unit.000001']
2017-11-23 00:13:37,219: umgr.staging.input.0.child: umgr.staging.input.0            : MainThread     : DEBUG   : push unit.000001 ~~~| AGENT_STAGING_INPUT_PENDING
2017-11-23 00:13:37,219: umgr.staging.input.0.child: umgr.staging.input.0            : MainThread     : DEBUG   : key gsisftp://wrangler.tacc.utexas.edu:2222/ / gsisftp://wrangler.tacc.utexas.edu:2222/
2017-11-23 00:13:37,499: umgr.staging.input.0.child: umgr.staging.input.0            : MainThread     : DEBUG   : <- mapper.py (<type 'str'>)
2017-11-23 00:13:37,499: umgr.staging.input.0.child: umgr.staging.input.0            : MainThread     : DEBUG   :    mapper.py
2017-11-23 00:13:37,499: umgr.staging.input.0.child: umgr.staging.input.0            : MainThread     : DEBUG   :    pwd
2017-11-23 00:13:37,499: umgr.staging.input.0.child: umgr.staging.input.0            : MainThread     : DEBUG   :    expand with /home/george/repos/midas/streaming/RedisKmeans/map_reduce_kmeans
2017-11-23 00:13:37,500: umgr.staging.input.0.child: umgr.staging.input.0            : MainThread     : DEBUG   : -> file:///home/george/repos/midas/streaming/RedisKmeans/map_reduce_kmeans/mapper.py
2017-11-23 00:13:37,500: umgr.staging.input.0.child: umgr.staging.input.0            : MainThread     : DEBUG   : <- mapper.py (<type 'str'>)
2017-11-23 00:13:37,500: umgr.staging.input.0.child: umgr.staging.input.0            : MainThread     : DEBUG   :    mapper.py
2017-11-23 00:13:37,500: umgr.staging.input.0.child: umgr.staging.input.0            : MainThread     : DEBUG   :    pwd
2017-11-23 00:13:37,500: umgr.staging.input.0.child: umgr.staging.input.0            : MainThread     : DEBUG   :    expand with gsisftp://wrangler.tacc.utexas.edu:2222/work/03662/tg829618/wrangler/radical.pilot.sandbox/rp.session.one.george.017492.0013/pilot.0000//unit.000002/
2017-11-23 00:13:37,500: umgr.staging.input.0.child: umgr.staging.input.0            : MainThread     : DEBUG   : -> gsisftp://wrangler.tacc.utexas.edu:2222/work/03662/tg829618/wrangler/radical.pilot.sandbox/rp.session.one.george.017492.0013/pilot.0000/unit.000002/mapper.py
2017-11-23 00:13:38,586: umgr.staging.input.0.child: umgr.staging.input.0            : MainThread     : DEBUG   : advance bulk size: 1 [True, True]
2017-11-23 00:13:38,586: umgr.staging.input.0.child: umgr.staging.input.0            : MainThread     : DEBUG   : advance bulk: unit.000002 [1]
2017-11-23 00:13:38,587: umgr.staging.input.0.child: umgr.staging.input.0            : MainThread     : DEBUG   : bucket: AGENT_STAGING_INPUT_PENDING : ['unit.000002']
2017-11-23 00:13:38,587: umgr.staging.input.0.child: umgr.staging.input.0            : MainThread     : DEBUG   : push unit.000002 ~~~| AGENT_STAGING_INPUT_PENDING
2017-11-23 00:13:38,587: umgr.staging.input.0.child: umgr.staging.input.0            : MainThread     : DEBUG   : key gsisftp://wrangler.tacc.utexas.edu:2222/ / gsisftp://wrangler.tacc.utexas.edu:2222/
2017-11-23 00:13:38,828: umgr.staging.input.0.child: umgr.staging.input.0            : MainThread     : DEBUG   : <- reducer.py (<type 'str'>)
2017-11-23 00:13:38,829: umgr.staging.input.0.child: umgr.staging.input.0            : MainThread     : DEBUG   :    reducer.py
2017-11-23 00:13:38,829: umgr.staging.input.0.child: umgr.staging.input.0            : MainThread     : DEBUG   :    pwd
2017-11-23 00:13:38,829: umgr.staging.input.0.child: umgr.staging.input.0            : MainThread     : DEBUG   :    expand with /home/george/repos/midas/streaming/RedisKmeans/map_reduce_kmeans
2017-11-23 00:13:38,829: umgr.staging.input.0.child: umgr.staging.input.0            : MainThread     : DEBUG   : -> file:///home/george/repos/midas/streaming/RedisKmeans/map_reduce_kmeans/reducer.py
2017-11-23 00:13:38,829: umgr.staging.input.0.child: umgr.staging.input.0            : MainThread     : DEBUG   : <- reducer.py (<type 'str'>)
2017-11-23 00:13:38,829: umgr.staging.input.0.child: umgr.staging.input.0            : MainThread     : DEBUG   :    reducer.py
2017-11-23 00:13:38,829: umgr.staging.input.0.child: umgr.staging.input.0            : MainThread     : DEBUG   :    pwd
2017-11-23 00:13:38,830: umgr.staging.input.0.child: umgr.staging.input.0            : MainThread     : DEBUG   :    expand with gsisftp://wrangler.tacc.utexas.edu:2222/work/03662/tg829618/wrangler/radical.pilot.sandbox/rp.session.one.george.017492.0013/pilot.0000//unit.000003/
2017-11-23 00:13:38,830: umgr.staging.input.0.child: umgr.staging.input.0            : MainThread     : DEBUG   : -> gsisftp://wrangler.tacc.utexas.edu:2222/work/03662/tg829618/wrangler/radical.pilot.sandbox/rp.session.one.george.017492.0013/pilot.0000/unit.000003/reducer.py
2017-11-23 00:13:39,915: umgr.staging.input.0.child: umgr.staging.input.0            : MainThread     : DEBUG   : advance bulk size: 1 [True, True]
2017-11-23 00:13:39,915: umgr.staging.input.0.child: umgr.staging.input.0            : MainThread     : DEBUG   : advance bulk: unit.000003 [1]
2017-11-23 00:13:39,915: umgr.staging.input.0.child: umgr.staging.input.0            : MainThread     : DEBUG   : bucket: AGENT_STAGING_INPUT_PENDING : ['unit.000003']
2017-11-23 00:13:39,915: umgr.staging.input.0.child: umgr.staging.input.0            : MainThread     : DEBUG   : push unit.000003 ~~~| AGENT_STAGING_INPUT_PENDING
2017-11-23 00:17:30,561: umgr.staging.input.0.child: umgr.staging.input.0            : MainThread     : ERROR   : abort: KeyboardInterrupt()
Traceback (most recent call last):
  File "/home/george/Stream_ve/local/lib/python2.7/site-packages/radical/utils/process.py", line 608, in _run
    if not self.work_cb():
  File "/home/george/Stream_ve/local/lib/python2.7/site-packages/radical/pilot/utils/component.py", line 1191, in work_cb
    things = input.get_nowait(1000) # timeout in microseconds
  File "/home/george/Stream_ve/local/lib/python2.7/site-packages/radical/pilot/utils/queue.py", line 437, in get_nowait
    if _uninterruptible(self._q.poll, flags=zmq.POLLIN, timeout=timeout):
  File "/home/george/Stream_ve/local/lib/python2.7/site-packages/radical/pilot/utils/queue.py", line 50, in _uninterruptible
    return f(*args, **kwargs)
  File "/home/george/Stream_ve/local/lib/python2.7/site-packages/zmq/sugar/socket.py", line 558, in poll
    evts = dict(p.poll(timeout))
  File "/home/george/Stream_ve/local/lib/python2.7/site-packages/zmq/sugar/poll.py", line 99, in poll
    return zmq_poll(self.sockets, timeout=timeout)
  File "zmq/backend/cython/_poll.pyx", line 116, in zmq.backend.cython._poll.zmq_poll (zmq/backend/cython/_poll.c:2036)
  File "zmq/backend/cython/checkrc.pxd", line 12, in zmq.backend.cython.checkrc._check_rc (zmq/backend/cython/_poll.c:2418)
    PyErr_CheckSignals()
KeyboardInterrupt
2017-11-23 00:17:30,563: umgr.staging.input.0.child: umgr.staging.input.0            : MainThread     : INFO    : send message: [umgr.staging.input.0.child] abort: KeyboardInterrupt()
2017-11-23 00:17:30,563: umgr.staging.input.0.child: umgr.staging.input.0            : MainThread     : DEBUG   : ru_finalize_common()
2017-11-23 00:17:30,563: umgr.staging.input.0.child: umgr.staging.input.0            : MainThread     : DEBUG   : TERM : umgr.staging.input.0.child unregister publisher log_pubsub
2017-11-23 00:17:30,570: umgr.staging.input.0.child: umgr.staging.input.0            : MainThread     : DEBUG   : unregistered publisher log_pubsub
2017-11-23 00:17:30,571: umgr.staging.input.0.child: umgr.staging.input.0            : MainThread     : DEBUG   : TERM : umgr.staging.input.0.child unregister publisher state_pubsub
2017-11-23 00:17:30,572: umgr.staging.input.0.child: umgr.staging.input.0            : MainThread     : DEBUG   : unregistered publisher state_pubsub
2017-11-23 00:17:30,572: umgr.staging.input.0.child: umgr.staging.input.0            : MainThread     : DEBUG   : TERM : umgr.staging.input.0.child unregister publisher control_pubsub
2017-11-23 00:17:30,573: umgr.staging.input.0.child: umgr.staging.input.0            : MainThread     : DEBUG   : unregistered publisher control_pubsub
2017-11-23 00:17:30,573: umgr.staging.input.0.child: umgr.staging.input.0            : MainThread     : DEBUG   : umgr.staging.input.0.child close prof
2017-11-23 00:17:30,573: umgr.staging.input.0.child: umgr.staging.input.0            : MainThread     : INFO    : send message: [umgr.staging.input.0.child] terminating
2017-11-23 00:17:30,617: umgr.staging.input.0.child: umgr.staging.input.0            : umgr.staging.input.0.child.watch: INFO    : watcher closes
2017-11-23 00:17:30,617: umgr.staging.input.0.child: umgr.staging.input.0            : umgr.staging.input.0.child.watch: INFO    : put message: [umgr.staging.input.0.child.watch.thread] work finished
2017-11-23 00:17:30,617: umgr.staging.input.0.child: umgr.staging.input.0            : umgr.staging.input.0.child.watch: DEBUG   : ru_finalize_child (NOOP)
2017-11-23 00:17:30,617: umgr.staging.input.0.child: umgr.staging.input.0            : umgr.staging.input.0.child.watch: DEBUG   : ru_finalize_common (NOOP)
2017-11-23 00:17:30,617: umgr.staging.input.0.child: umgr.staging.input.0            : umgr.staging.input.0.child.watch: INFO    : put message: [umgr.staging.input.0.child.watch.thread] terminating
2017-11-23 00:17:30,637: umgr.staging.input.0.child: umgr.staging.input.0            : MainThread     : INFO    : parent stops child
2017-11-23 00:17:30,637: umgr.staging.input.0.child: umgr.staging.input.0            : MainThread     : DEBUG   : ru_finalize_parent (NOOP)
2017-11-23 00:17:30,638: umgr.staging.input.0.child: umgr.staging.input.0            : umgr.staging.input.0.child.subscriber._cancel_monitor_cb: ERROR   : abort: ZMQError('Socket operation on non-socket')
Traceback (most recent call last):
  File "/home/george/Stream_ve/local/lib/python2.7/site-packages/radical/utils/threads.py", line 375, in _run
    if not self.work_cb():
  File "/home/george/Stream_ve/local/lib/python2.7/site-packages/radical/pilot/utils/component.py", line 1088, in work_cb
    topic, msg = self._q.get_nowait(500)  # timout in ms
  File "/home/george/Stream_ve/local/lib/python2.7/site-packages/radical/pilot/utils/pubsub.py", line 352, in get_nowait
    if _uninterruptible(self._q.poll, flags=zmq.POLLIN, timeout=timeout):
  File "/home/george/Stream_ve/local/lib/python2.7/site-packages/radical/pilot/utils/pubsub.py", line 50, in _uninterruptible
    return f(*args, **kwargs)
  File "/home/george/Stream_ve/local/lib/python2.7/site-packages/zmq/sugar/socket.py", line 558, in poll
    evts = dict(p.poll(timeout))
  File "/home/george/Stream_ve/local/lib/python2.7/site-packages/zmq/sugar/poll.py", line 99, in poll
    return zmq_poll(self.sockets, timeout=timeout)
  File "zmq/backend/cython/_poll.pyx", line 123, in zmq.backend.cython._poll.zmq_poll (zmq/backend/cython/_poll.c:2186)
  File "zmq/backend/cython/_poll.pyx", line 116, in zmq.backend.cython._poll.zmq_poll (zmq/backend/cython/_poll.c:2036)
  File "zmq/backend/cython/checkrc.pxd", line 25, in zmq.backend.cython.checkrc._check_rc (zmq/backend/cython/_poll.c:2811)
    raise ZMQError(errno)
ZMQError: Socket operation on non-socket
2017-11-23 00:17:30,638: umgr.staging.input.0.child: umgr.staging.input.0            : umgr.staging.input.0.child.subscriber._cancel_monitor_cb: INFO    : put message: [umgr.staging.input.0.child.subscriber._cancel_monitor_cb.thread] ZMQError('Socket operation on non-socket')
2017-11-23 00:17:30,638: umgr.staging.input.0.child: umgr.staging.input.0            : umgr.staging.input.0.child.subscriber._cancel_monitor_cb: DEBUG   : ru_finalize_child (NOOP)
2017-11-23 00:17:30,639: umgr.staging.input.0.child: umgr.staging.input.0            : umgr.staging.input.0.child.subscriber._cancel_monitor_cb: INFO    : put message: [umgr.staging.input.0.child.subscriber._cancel_monitor_cb.thread] terminating
