2017-11-23 00:13:31,548: umgr.scheduling.0   : MainProcess                     : MainThread     : INFO    : python.interpreter   version: 2.7.13 (default, Jan 19 2017, 14:48:08) [GCC 6.3.0 20170118]
2017-11-23 00:13:31,548: umgr.scheduling.0   : MainProcess                     : MainThread     : INFO    :                      pid: 7046
2017-11-23 00:13:31,548: umgr.scheduling.0   : MainProcess                     : MainThread     : INFO    :                      tid: MainThread
2017-11-23 00:13:31,548: umgr.scheduling.0   : MainProcess                     : MainThread     : INFO    : radical.pilot        version: 0.46.2
2017-11-23 00:13:31,549: umgr.scheduling.0   : MainProcess                     : MainThread     : DEBUG   : alive check in term
2017-11-23 00:13:31,549: umgr.scheduling.0   : MainProcess                     : MainThread     : DEBUG   : start process
2017-11-23 00:13:31,590: umgr.scheduling.0   : MainProcess                     : MainThread     : INFO    : recv message: alive
2017-11-23 00:13:31,590: umgr.scheduling.0   : MainProcess                     : MainThread     : INFO    : initialize umgr.scheduling.0
2017-11-23 00:13:31,593: umgr.scheduling.0   : MainProcess                     : MainThread     : INFO    : cfg: {'agents': {},
 u'bridges': {u'control_pubsub': {'addr_in': 'tcp://144.76.72.175:45165',
                                  'addr_out': 'tcp://144.76.72.175:46285',
                                  u'bulk_size': 0,
                                  u'log_level': u'debug',
                                  u'stall_hwm': 1},
              u'log_pubsub': {'addr_in': 'tcp://144.76.72.175:38678',
                              'addr_out': 'tcp://144.76.72.175:44871',
                              u'bulk_size': 0,
                              u'log_level': u'debug',
                              u'stall_hwm': 1},
              u'state_pubsub': {'addr_in': 'tcp://144.76.72.175:42382',
                                'addr_out': 'tcp://144.76.72.175:38322',
                                u'bulk_size': 0,
                                u'log_level': u'debug',
                                u'stall_hwm': 1},
              u'umgr_reschedule_pubsub': {'addr_in': 'tcp://144.76.72.175:40743',
                                          'addr_out': 'tcp://144.76.72.175:37358',
                                          u'bulk_size': 0,
                                          u'log_level': u'debug',
                                          u'stall_hwm': 1},
              u'umgr_scheduling_queue': {'addr_in': 'tcp://144.76.72.175:36444',
                                         'addr_out': 'tcp://144.76.72.175:42933',
                                         u'bulk_size': 0,
                                         u'log_level': u'debug',
                                         u'stall_hwm': 1},
              u'umgr_staging_input_queue': {'addr_in': 'tcp://144.76.72.175:35194',
                                            'addr_out': 'tcp://144.76.72.175:37825',
                                            u'bulk_size': 0,
                                            u'log_level': u'debug',
                                            u'stall_hwm': 1},
              u'umgr_staging_output_queue': {'addr_in': 'tcp://144.76.72.175:44330',
                                             'addr_out': 'tcp://144.76.72.175:39146',
                                             u'bulk_size': 0,
                                             u'log_level': u'debug',
                                             u'stall_hwm': 1},
              u'umgr_unschedule_pubsub': {'addr_in': 'tcp://144.76.72.175:38222',
                                          'addr_out': 'tcp://144.76.72.175:34240',
                                          u'bulk_size': 0,
                                          u'log_level': u'debug',
                                          u'stall_hwm': 1}},
 u'bulk_collection_size': 100,
 u'bulk_collection_time': 1.0,
 'cname': u'UMGRSchedulingComponent',
 u'components': {},
 u'count': 1,
 u'db_poll_sleeptime': 1.0,
 'number': 0,
 'owner': 'umgr.0000',
 u'scheduler': u'round_robin',
 'uid': 'umgr.0000'}
2017-11-23 00:13:31,593: umgr.scheduling.0   : MainProcess                     : MainThread     : DEBUG   : alive check in term
2017-11-23 00:13:31,593: umgr.scheduling.0   : MainProcess                     : MainThread     : DEBUG   : START: umgr.scheduling.0 register publisher log_pubsub
2017-11-23 00:13:31,593: umgr.scheduling.0   : MainProcess                     : MainThread     : DEBUG   : using addr tcp://144.76.72.175:38678 for pubsub log_pubsub
2017-11-23 00:13:31,598: umgr.scheduling.0   : MainProcess                     : MainThread     : DEBUG   : registered publisher : log_pubsub : log.pubsub.pub.0005
2017-11-23 00:13:31,598: umgr.scheduling.0   : MainProcess                     : MainThread     : DEBUG   : alive check in term
2017-11-23 00:13:31,598: umgr.scheduling.0   : MainProcess                     : MainThread     : DEBUG   : START: umgr.scheduling.0 register publisher state_pubsub
2017-11-23 00:13:31,598: umgr.scheduling.0   : MainProcess                     : MainThread     : DEBUG   : using addr tcp://144.76.72.175:42382 for pubsub state_pubsub
2017-11-23 00:13:31,599: umgr.scheduling.0   : MainProcess                     : MainThread     : DEBUG   : registered publisher : state_pubsub : state.pubsub.pub.0005
2017-11-23 00:13:31,599: umgr.scheduling.0   : MainProcess                     : MainThread     : DEBUG   : alive check in term
2017-11-23 00:13:31,599: umgr.scheduling.0   : MainProcess                     : MainThread     : DEBUG   : START: umgr.scheduling.0 register publisher control_pubsub
2017-11-23 00:13:31,599: umgr.scheduling.0   : MainProcess                     : MainThread     : DEBUG   : using addr tcp://144.76.72.175:45165 for pubsub control_pubsub
2017-11-23 00:13:31,601: umgr.scheduling.0   : MainProcess                     : MainThread     : DEBUG   : registered publisher : control_pubsub : control.pubsub.pub.0005
2017-11-23 00:13:31,601: umgr.scheduling.0   : MainProcess                     : MainThread     : DEBUG   : parent name: umgr.scheduling.0.watch
2017-11-23 00:13:31,601: umgr.scheduling.0   : MainProcess                     : MainThread     : DEBUG   : start thread
2017-11-23 00:13:31,601: umgr.scheduling.0   : MainProcess                     : umgr.scheduling.0.watch: DEBUG   : child name: umgr.scheduling.0.watch.thread
2017-11-23 00:13:31,601: umgr.scheduling.0   : MainProcess                     : umgr.scheduling.0.watch: INFO    : child (me) initializing
2017-11-23 00:13:31,601: umgr.scheduling.0   : MainProcess                     : umgr.scheduling.0.watch: DEBUG   : ru_initialize_common (NOOP)
2017-11-23 00:13:31,601: umgr.scheduling.0   : MainProcess                     : umgr.scheduling.0.watch: DEBUG   : ru_initialize_child (NOOP)
2017-11-23 00:13:31,601: umgr.scheduling.0   : MainProcess                     : umgr.scheduling.0.watch: INFO    : send alive
2017-11-23 00:13:31,601: umgr.scheduling.0   : MainProcess                     : umgr.scheduling.0.watch: INFO    : put message: [umgr.scheduling.0.watch.thread] alive
2017-11-23 00:13:31,602: umgr.scheduling.0   : MainProcess                     : MainThread     : INFO    : get msg: alive
2017-11-23 00:13:31,602: umgr.scheduling.0   : MainProcess                     : MainThread     : DEBUG   : ru_initialize_common (NOOP)
2017-11-23 00:13:31,602: umgr.scheduling.0   : MainProcess                     : MainThread     : DEBUG   : ru_initialize_parent (NOOP)
2017-11-23 00:13:31,602: umgr.scheduling.0   : MainProcess                     : MainThread     : DEBUG   : child thread umgr.scheduling.0.watch started
2017-11-23 00:13:31,602: umgr.scheduling.0   : MainProcess                     : MainThread     : INFO    : child is alive
2017-11-23 00:13:31,602: umgr.scheduling.0   : MainProcess                     : MainThread     : DEBUG   : process class started child
2017-11-23 00:17:30,563: umgr.scheduling.0   : MainProcess                     : umgr.scheduling.0.watch: INFO    : recv message: abort: KeyboardInterrupt()
2017-11-23 00:17:30,564: umgr.scheduling.0   : MainProcess                     : umgr.scheduling.0.watch: INFO    : message received: abort: KeyboardInterrupt()
2017-11-23 00:17:30,943: umgr.scheduling.0   : MainProcess                     : MainThread     : INFO    : stop umgr.scheduling.0 (7046 : 7214 : MainThread) [radical.pilot.unit_manager.UnitManager.finalize_parent]
2017-11-23 00:17:30,943: umgr.scheduling.0   : MainProcess                     : MainThread     : INFO    : parent stops child
2017-11-23 00:17:30,943: umgr.scheduling.0   : MainProcess                     : MainThread     : DEBUG   : ru_finalize_common()
2017-11-23 00:17:30,943: umgr.scheduling.0   : MainProcess                     : MainThread     : DEBUG   : TERM : umgr.scheduling.0 unregister publisher log_pubsub
2017-11-23 00:17:30,944: umgr.scheduling.0   : MainProcess                     : MainThread     : DEBUG   : unregistered publisher log_pubsub
2017-11-23 00:17:30,944: umgr.scheduling.0   : MainProcess                     : MainThread     : DEBUG   : TERM : umgr.scheduling.0 unregister publisher state_pubsub
2017-11-23 00:17:30,945: umgr.scheduling.0   : MainProcess                     : MainThread     : DEBUG   : unregistered publisher state_pubsub
2017-11-23 00:17:30,945: umgr.scheduling.0   : MainProcess                     : MainThread     : DEBUG   : TERM : umgr.scheduling.0 unregister publisher control_pubsub
2017-11-23 00:17:30,945: umgr.scheduling.0   : MainProcess                     : MainThread     : DEBUG   : unregistered publisher control_pubsub
2017-11-23 00:17:30,945: umgr.scheduling.0   : MainProcess                     : MainThread     : DEBUG   : umgr.scheduling.0 close prof
2017-11-23 00:17:30,946: umgr.scheduling.0   : MainProcess                     : MainThread     : INFO    : parent stops child
2017-11-23 00:17:30,946: umgr.scheduling.0   : MainProcess                     : MainThread     : DEBUG   : ru_finalize_parent (NOOP)
2017-11-23 00:17:30,946: umgr.scheduling.0   : MainProcess                     : MainThread     : DEBUG   : ru_finalize_common (NOOP)
2017-11-23 00:17:30,964: umgr.scheduling.0   : MainProcess                     : umgr.scheduling.0.watch: INFO    : watcher closes
2017-11-23 00:17:30,964: umgr.scheduling.0   : MainProcess                     : umgr.scheduling.0.watch: INFO    : put message: [umgr.scheduling.0.watch.thread] work finished
2017-11-23 00:17:30,964: umgr.scheduling.0   : MainProcess                     : umgr.scheduling.0.watch: DEBUG   : ru_finalize_child (NOOP)
2017-11-23 00:17:30,965: umgr.scheduling.0   : MainProcess                     : umgr.scheduling.0.watch: DEBUG   : ru_finalize_common (NOOP)
2017-11-23 00:17:30,965: umgr.scheduling.0   : MainProcess                     : umgr.scheduling.0.watch: INFO    : put message: [umgr.scheduling.0.watch.thread] terminating
2017-11-23 00:17:31,450: umgr.scheduling.0   : MainProcess                     : MainThread     : INFO    : stop umgr.scheduling.0 (7046 : 7214 : MainThread) [radical.pilot.utils.component.UnitManager.ru_finalize_common]
