2017-11-23 00:13:31,566: umgr.scheduling.0.child: umgr.scheduling.0               : MainThread     : INFO    : python.interpreter   version: 2.7.13 (default, Jan 19 2017, 14:48:08) [GCC 6.3.0 20170118]
2017-11-23 00:13:31,566: umgr.scheduling.0.child: umgr.scheduling.0               : MainThread     : INFO    :                      pid: 7214
2017-11-23 00:13:31,566: umgr.scheduling.0.child: umgr.scheduling.0               : MainThread     : INFO    :                      tid: MainThread
2017-11-23 00:13:31,567: umgr.scheduling.0.child: umgr.scheduling.0               : MainThread     : INFO    : radical.pilot        version: 0.46.2
2017-11-23 00:13:31,567: umgr.scheduling.0.child: umgr.scheduling.0               : MainThread     : INFO    : initialize umgr.scheduling.0.child
2017-11-23 00:13:31,570: umgr.scheduling.0.child: umgr.scheduling.0               : MainThread     : INFO    : cfg: {'agents': {},
 u'bridges': {u'control_pubsub': {'addr_in': 'tcp://144.76.72.175:45165',
                                  'addr_out': 'tcp://144.76.72.175:46285',
                                  u'bulk_size': 0,
                                  u'log_level': u'debug',
                                  u'stall_hwm': 1},
              u'log_pubsub': {'addr_in': 'tcp://144.76.72.175:38678',
                              'addr_out': 'tcp://144.76.72.175:44871',
                              u'bulk_size': 0,
                              u'log_level': u'debug',
                              u'stall_hwm': 1},
              u'state_pubsub': {'addr_in': 'tcp://144.76.72.175:42382',
                                'addr_out': 'tcp://144.76.72.175:38322',
                                u'bulk_size': 0,
                                u'log_level': u'debug',
                                u'stall_hwm': 1},
              u'umgr_reschedule_pubsub': {'addr_in': 'tcp://144.76.72.175:40743',
                                          'addr_out': 'tcp://144.76.72.175:37358',
                                          u'bulk_size': 0,
                                          u'log_level': u'debug',
                                          u'stall_hwm': 1},
              u'umgr_scheduling_queue': {'addr_in': 'tcp://144.76.72.175:36444',
                                         'addr_out': 'tcp://144.76.72.175:42933',
                                         u'bulk_size': 0,
                                         u'log_level': u'debug',
                                         u'stall_hwm': 1},
              u'umgr_staging_input_queue': {'addr_in': 'tcp://144.76.72.175:35194',
                                            'addr_out': 'tcp://144.76.72.175:37825',
                                            u'bulk_size': 0,
                                            u'log_level': u'debug',
                                            u'stall_hwm': 1},
              u'umgr_staging_output_queue': {'addr_in': 'tcp://144.76.72.175:44330',
                                             'addr_out': 'tcp://144.76.72.175:39146',
                                             u'bulk_size': 0,
                                             u'log_level': u'debug',
                                             u'stall_hwm': 1},
              u'umgr_unschedule_pubsub': {'addr_in': 'tcp://144.76.72.175:38222',
                                          'addr_out': 'tcp://144.76.72.175:34240',
                                          u'bulk_size': 0,
                                          u'log_level': u'debug',
                                          u'stall_hwm': 1}},
 u'bulk_collection_size': 100,
 u'bulk_collection_time': 1.0,
 'cname': u'UMGRSchedulingComponent',
 u'components': {},
 u'count': 1,
 u'db_poll_sleeptime': 1.0,
 'number': 0,
 'owner': 'umgr.0000',
 u'scheduler': u'round_robin',
 'uid': 'umgr.0000'}
2017-11-23 00:13:31,570: umgr.scheduling.0.child: umgr.scheduling.0               : MainThread     : DEBUG   : start components: {}
2017-11-23 00:13:31,570: umgr.scheduling.0.child: umgr.scheduling.0               : MainThread     : DEBUG   : alive check in term
2017-11-23 00:13:31,570: umgr.scheduling.0.child: umgr.scheduling.0               : MainThread     : DEBUG   : START: umgr.scheduling.0.child register publisher log_pubsub
2017-11-23 00:13:31,570: umgr.scheduling.0.child: umgr.scheduling.0               : MainThread     : DEBUG   : using addr tcp://144.76.72.175:38678 for pubsub log_pubsub
2017-11-23 00:13:31,572: umgr.scheduling.0.child: umgr.scheduling.0               : MainThread     : DEBUG   : registered publisher : log_pubsub : log.pubsub.pub.0005
2017-11-23 00:13:31,572: umgr.scheduling.0.child: umgr.scheduling.0               : MainThread     : DEBUG   : alive check in term
2017-11-23 00:13:31,572: umgr.scheduling.0.child: umgr.scheduling.0               : MainThread     : DEBUG   : START: umgr.scheduling.0.child register publisher state_pubsub
2017-11-23 00:13:31,572: umgr.scheduling.0.child: umgr.scheduling.0               : MainThread     : DEBUG   : using addr tcp://144.76.72.175:42382 for pubsub state_pubsub
2017-11-23 00:13:31,573: umgr.scheduling.0.child: umgr.scheduling.0               : MainThread     : DEBUG   : registered publisher : state_pubsub : state.pubsub.pub.0005
2017-11-23 00:13:31,573: umgr.scheduling.0.child: umgr.scheduling.0               : MainThread     : DEBUG   : alive check in term
2017-11-23 00:13:31,573: umgr.scheduling.0.child: umgr.scheduling.0               : MainThread     : DEBUG   : START: umgr.scheduling.0.child register publisher control_pubsub
2017-11-23 00:13:31,573: umgr.scheduling.0.child: umgr.scheduling.0               : MainThread     : DEBUG   : using addr tcp://144.76.72.175:45165 for pubsub control_pubsub
2017-11-23 00:13:31,575: umgr.scheduling.0.child: umgr.scheduling.0               : MainThread     : DEBUG   : registered publisher : control_pubsub : control.pubsub.pub.0005
2017-11-23 00:13:31,575: umgr.scheduling.0.child: umgr.scheduling.0               : MainThread     : DEBUG   : alive check in term
2017-11-23 00:13:31,575: umgr.scheduling.0.child: umgr.scheduling.0               : MainThread     : DEBUG   : START: umgr.scheduling.0.child register subscriber umgr.scheduling.0.child.subscriber._cancel_monitor_cb
2017-11-23 00:13:31,575: umgr.scheduling.0.child: umgr.scheduling.0               : MainThread     : DEBUG   : using addr tcp://144.76.72.175:46285 for pubsub control_pubsub
2017-11-23 00:13:31,577: umgr.scheduling.0.child: umgr.scheduling.0               : MainThread     : DEBUG   : parent name: umgr.scheduling.0.child.subscriber._cancel_monitor_cb
2017-11-23 00:13:31,577: umgr.scheduling.0.child: umgr.scheduling.0               : MainThread     : DEBUG   : start thread
2017-11-23 00:13:31,577: umgr.scheduling.0.child: umgr.scheduling.0               : umgr.scheduling.0.child.subscriber._cancel_monitor_cb: DEBUG   : child name: umgr.scheduling.0.child.subscriber._cancel_monitor_cb.thread
2017-11-23 00:13:31,577: umgr.scheduling.0.child: umgr.scheduling.0               : umgr.scheduling.0.child.subscriber._cancel_monitor_cb: INFO    : child (me) initializing
2017-11-23 00:13:31,577: umgr.scheduling.0.child: umgr.scheduling.0               : umgr.scheduling.0.child.subscriber._cancel_monitor_cb: DEBUG   : ru_initialize_common (NOOP)
2017-11-23 00:13:31,577: umgr.scheduling.0.child: umgr.scheduling.0               : umgr.scheduling.0.child.subscriber._cancel_monitor_cb: DEBUG   : ru_initialize_child (NOOP)
2017-11-23 00:13:31,577: umgr.scheduling.0.child: umgr.scheduling.0               : umgr.scheduling.0.child.subscriber._cancel_monitor_cb: INFO    : send alive
2017-11-23 00:13:31,577: umgr.scheduling.0.child: umgr.scheduling.0               : umgr.scheduling.0.child.subscriber._cancel_monitor_cb: INFO    : put message: [umgr.scheduling.0.child.subscriber._cancel_monitor_cb.thread] alive
2017-11-23 00:13:31,578: umgr.scheduling.0.child: umgr.scheduling.0               : MainThread     : INFO    : get msg: alive
2017-11-23 00:13:31,578: umgr.scheduling.0.child: umgr.scheduling.0               : MainThread     : DEBUG   : ru_initialize_common (NOOP)
2017-11-23 00:13:31,578: umgr.scheduling.0.child: umgr.scheduling.0               : MainThread     : DEBUG   : ru_initialize_parent (NOOP)
2017-11-23 00:13:31,578: umgr.scheduling.0.child: umgr.scheduling.0               : MainThread     : DEBUG   : child thread umgr.scheduling.0.child.subscriber._cancel_monitor_cb started
2017-11-23 00:13:31,578: umgr.scheduling.0.child: umgr.scheduling.0               : MainThread     : DEBUG   : umgr.scheduling.0.child registered control_pubsub subscriber umgr.scheduling.0.child.subscriber._cancel_monitor_cb
2017-11-23 00:13:31,579: umgr.scheduling.0.child: umgr.scheduling.0               : MainThread     : DEBUG   : alive check in term
2017-11-23 00:13:31,579: umgr.scheduling.0.child: umgr.scheduling.0               : MainThread     : DEBUG   : using addr tcp://144.76.72.175:42933 for input umgr_scheduling_queue
2017-11-23 00:13:31,580: umgr.scheduling.0.child: umgr.scheduling.0               : MainThread     : DEBUG   : registered input umgr.scheduling.0.child.work.UMGR_SCHEDULING_PENDING
2017-11-23 00:13:31,580: umgr.scheduling.0.child: umgr.scheduling.0               : MainThread     : DEBUG   : START: umgr.scheduling.0.child register input UMGR_SCHEDULING_PENDING: umgr.scheduling.0.child.work.UMGR_SCHEDULING_PENDING
2017-11-23 00:13:31,580: umgr.scheduling.0.child: umgr.scheduling.0               : MainThread     : DEBUG   : registered worker work [UMGR_SCHEDULING_PENDING]
2017-11-23 00:13:31,580: umgr.scheduling.0.child: umgr.scheduling.0               : MainThread     : DEBUG   : alive check in term
2017-11-23 00:13:31,580: umgr.scheduling.0.child: umgr.scheduling.0               : MainThread     : DEBUG   : START: umgr.scheduling.0.child register output UMGR_STAGING_INPUT_PENDING
2017-11-23 00:13:31,580: umgr.scheduling.0.child: umgr.scheduling.0               : MainThread     : DEBUG   : using addr tcp://144.76.72.175:35194 for output umgr_staging_input_queue
2017-11-23 00:13:31,582: umgr.scheduling.0.child: umgr.scheduling.0               : MainThread     : DEBUG   : registered output    : UMGR_STAGING_INPUT_PENDING : umgr_staging_input_queue : umgr.staging.input.queue.input.0000
2017-11-23 00:13:31,582: umgr.scheduling.0.child: umgr.scheduling.0               : MainThread     : DEBUG   : alive check in term
2017-11-23 00:13:31,582: umgr.scheduling.0.child: umgr.scheduling.0               : MainThread     : DEBUG   : START: umgr.scheduling.0.child register subscriber umgr.scheduling.0.child.subscriber._base_state_cb
2017-11-23 00:13:31,582: umgr.scheduling.0.child: umgr.scheduling.0               : MainThread     : DEBUG   : using addr tcp://144.76.72.175:38322 for pubsub state_pubsub
2017-11-23 00:13:31,583: umgr.scheduling.0.child: umgr.scheduling.0               : MainThread     : DEBUG   : parent name: umgr.scheduling.0.child.subscriber._base_state_cb
2017-11-23 00:13:31,583: umgr.scheduling.0.child: umgr.scheduling.0               : MainThread     : DEBUG   : start thread
2017-11-23 00:13:31,583: umgr.scheduling.0.child: umgr.scheduling.0               : umgr.scheduling.0.child.subscriber._base_state_cb: DEBUG   : child name: umgr.scheduling.0.child.subscriber._base_state_cb.thread
2017-11-23 00:13:31,583: umgr.scheduling.0.child: umgr.scheduling.0               : umgr.scheduling.0.child.subscriber._base_state_cb: INFO    : child (me) initializing
2017-11-23 00:13:31,583: umgr.scheduling.0.child: umgr.scheduling.0               : umgr.scheduling.0.child.subscriber._base_state_cb: DEBUG   : ru_initialize_common (NOOP)
2017-11-23 00:13:31,584: umgr.scheduling.0.child: umgr.scheduling.0               : umgr.scheduling.0.child.subscriber._base_state_cb: DEBUG   : ru_initialize_child (NOOP)
2017-11-23 00:13:31,584: umgr.scheduling.0.child: umgr.scheduling.0               : umgr.scheduling.0.child.subscriber._base_state_cb: INFO    : send alive
2017-11-23 00:13:31,584: umgr.scheduling.0.child: umgr.scheduling.0               : umgr.scheduling.0.child.subscriber._base_state_cb: INFO    : put message: [umgr.scheduling.0.child.subscriber._base_state_cb.thread] alive
2017-11-23 00:13:31,584: umgr.scheduling.0.child: umgr.scheduling.0               : MainThread     : INFO    : get msg: alive
2017-11-23 00:13:31,585: umgr.scheduling.0.child: umgr.scheduling.0               : MainThread     : DEBUG   : ru_initialize_common (NOOP)
2017-11-23 00:13:31,585: umgr.scheduling.0.child: umgr.scheduling.0               : MainThread     : DEBUG   : ru_initialize_parent (NOOP)
2017-11-23 00:13:31,585: umgr.scheduling.0.child: umgr.scheduling.0               : MainThread     : DEBUG   : child thread umgr.scheduling.0.child.subscriber._base_state_cb started
2017-11-23 00:13:31,585: umgr.scheduling.0.child: umgr.scheduling.0               : MainThread     : DEBUG   : umgr.scheduling.0.child registered state_pubsub subscriber umgr.scheduling.0.child.subscriber._base_state_cb
2017-11-23 00:13:31,585: umgr.scheduling.0.child: umgr.scheduling.0               : MainThread     : DEBUG   : alive check in term
2017-11-23 00:13:31,585: umgr.scheduling.0.child: umgr.scheduling.0               : MainThread     : DEBUG   : START: umgr.scheduling.0.child register subscriber umgr.scheduling.0.child.subscriber._base_command_cb
2017-11-23 00:13:31,585: umgr.scheduling.0.child: umgr.scheduling.0               : MainThread     : DEBUG   : using addr tcp://144.76.72.175:46285 for pubsub control_pubsub
2017-11-23 00:13:31,586: umgr.scheduling.0.child: umgr.scheduling.0               : MainThread     : DEBUG   : parent name: umgr.scheduling.0.child.subscriber._base_command_cb
2017-11-23 00:13:31,586: umgr.scheduling.0.child: umgr.scheduling.0               : MainThread     : DEBUG   : start thread
2017-11-23 00:13:31,587: umgr.scheduling.0.child: umgr.scheduling.0               : umgr.scheduling.0.child.subscriber._base_command_cb: DEBUG   : child name: umgr.scheduling.0.child.subscriber._base_command_cb.thread
2017-11-23 00:13:31,587: umgr.scheduling.0.child: umgr.scheduling.0               : umgr.scheduling.0.child.subscriber._base_command_cb: INFO    : child (me) initializing
2017-11-23 00:13:31,587: umgr.scheduling.0.child: umgr.scheduling.0               : umgr.scheduling.0.child.subscriber._base_command_cb: DEBUG   : ru_initialize_common (NOOP)
2017-11-23 00:13:31,587: umgr.scheduling.0.child: umgr.scheduling.0               : umgr.scheduling.0.child.subscriber._base_command_cb: DEBUG   : ru_initialize_child (NOOP)
2017-11-23 00:13:31,587: umgr.scheduling.0.child: umgr.scheduling.0               : umgr.scheduling.0.child.subscriber._base_command_cb: INFO    : send alive
2017-11-23 00:13:31,587: umgr.scheduling.0.child: umgr.scheduling.0               : umgr.scheduling.0.child.subscriber._base_command_cb: INFO    : put message: [umgr.scheduling.0.child.subscriber._base_command_cb.thread] alive
2017-11-23 00:13:31,588: umgr.scheduling.0.child: umgr.scheduling.0               : MainThread     : INFO    : get msg: alive
2017-11-23 00:13:31,588: umgr.scheduling.0.child: umgr.scheduling.0               : MainThread     : DEBUG   : ru_initialize_common (NOOP)
2017-11-23 00:13:31,588: umgr.scheduling.0.child: umgr.scheduling.0               : MainThread     : DEBUG   : ru_initialize_parent (NOOP)
2017-11-23 00:13:31,588: umgr.scheduling.0.child: umgr.scheduling.0               : MainThread     : DEBUG   : child thread umgr.scheduling.0.child.subscriber._base_command_cb started
2017-11-23 00:13:31,588: umgr.scheduling.0.child: umgr.scheduling.0               : MainThread     : DEBUG   : umgr.scheduling.0.child registered control_pubsub subscriber umgr.scheduling.0.child.subscriber._base_command_cb
2017-11-23 00:13:31,588: umgr.scheduling.0.child: umgr.scheduling.0               : MainThread     : INFO    : child (me) initializing
2017-11-23 00:13:31,588: umgr.scheduling.0.child: umgr.scheduling.0               : MainThread     : DEBUG   : parent name: umgr.scheduling.0.child.watch
2017-11-23 00:13:31,588: umgr.scheduling.0.child: umgr.scheduling.0               : MainThread     : DEBUG   : start thread
2017-11-23 00:13:31,588: umgr.scheduling.0.child: umgr.scheduling.0               : umgr.scheduling.0.child.watch: DEBUG   : child name: umgr.scheduling.0.child.watch.thread
2017-11-23 00:13:31,589: umgr.scheduling.0.child: umgr.scheduling.0               : umgr.scheduling.0.child.watch: INFO    : child (me) initializing
2017-11-23 00:13:31,589: umgr.scheduling.0.child: umgr.scheduling.0               : umgr.scheduling.0.child.watch: DEBUG   : ru_initialize_common (NOOP)
2017-11-23 00:13:31,589: umgr.scheduling.0.child: umgr.scheduling.0               : umgr.scheduling.0.child.watch: DEBUG   : ru_initialize_child (NOOP)
2017-11-23 00:13:31,589: umgr.scheduling.0.child: umgr.scheduling.0               : umgr.scheduling.0.child.watch: INFO    : send alive
2017-11-23 00:13:31,589: umgr.scheduling.0.child: umgr.scheduling.0               : umgr.scheduling.0.child.watch: INFO    : put message: [umgr.scheduling.0.child.watch.thread] alive
2017-11-23 00:13:31,590: umgr.scheduling.0.child: umgr.scheduling.0               : MainThread     : INFO    : get msg: alive
2017-11-23 00:13:31,590: umgr.scheduling.0.child: umgr.scheduling.0               : MainThread     : DEBUG   : ru_initialize_common (NOOP)
2017-11-23 00:13:31,590: umgr.scheduling.0.child: umgr.scheduling.0               : MainThread     : DEBUG   : ru_initialize_parent (NOOP)
2017-11-23 00:13:31,590: umgr.scheduling.0.child: umgr.scheduling.0               : MainThread     : DEBUG   : child thread umgr.scheduling.0.child.watch started
2017-11-23 00:13:31,590: umgr.scheduling.0.child: umgr.scheduling.0               : MainThread     : INFO    : child (me) is alive
2017-11-23 00:13:31,590: umgr.scheduling.0.child: umgr.scheduling.0               : MainThread     : INFO    : send alive
2017-11-23 00:13:31,590: umgr.scheduling.0.child: umgr.scheduling.0               : MainThread     : INFO    : send message: [umgr.scheduling.0.child] alive
2017-11-23 00:13:31,921: umgr.scheduling.0.child: umgr.scheduling.0               : umgr.scheduling.0.child.subscriber._base_command_cb: INFO    : scheduler command: add_pilots: {'pilots': [{'resource_sandbox': 'gsisftp://wrangler.tacc.utexas.edu:2222/work/03662/tg829618/wrangler/radical.pilot.sandbox', 'resource_details': None, 'resource': 'xsede.wrangler', 'description': {'queue': None, 'resource': 'xsede.wrangler', 'exit_on_error': False, 'candidate_hosts': None, 'project': 'TG-MCB090174', 'sandbox': None, 'cleanup': False, 'access_schema': 'gsissh', 'memory': None, 'cores': 48, 'runtime': 20}, 'pmgr': 'pmgr.0000', 'stdout': None, 'state': 'PMGR_LAUNCHING', 'sandbox': 'gsisftp://wrangler.tacc.utexas.edu:2222/work/03662/tg829618/wrangler/radical.pilot.sandbox/rp.session.one.george.017492.0013/pilot.0000/', 'session': 'rp.session.one.george.017492.0013', 'log': None, 'stderr': None, 'client_sandbox': '/home/george/repos/midas/streaming/RedisKmeans/map_reduce_kmeans', 'type': 'pilot', 'pilot_sandbox': 'gsisftp://wrangler.tacc.utexas.edu:2222/work/03662/tg829618/wrangler/radical.pilot.sandbox/rp.session.one.george.017492.0013/pilot.0000/', 'uid': 'pilot.0000'}], 'umgr': 'umgr.0000'}
2017-11-23 00:13:31,921: umgr.scheduling.0.child: umgr.scheduling.0               : umgr.scheduling.0.child.subscriber._base_command_cb: DEBUG   : added pilot: {'info': {}, 'state': None, 'role': 'added', 'pilot': {'resource_sandbox': 'gsisftp://wrangler.tacc.utexas.edu:2222/work/03662/tg829618/wrangler/radical.pilot.sandbox', 'resource_details': None, 'resource': 'xsede.wrangler', 'description': {'queue': None, 'resource': 'xsede.wrangler', 'exit_on_error': False, 'candidate_hosts': None, 'project': 'TG-MCB090174', 'sandbox': None, 'cleanup': False, 'access_schema': 'gsissh', 'memory': None, 'cores': 48, 'runtime': 20}, 'pmgr': 'pmgr.0000', 'stdout': None, 'state': 'PMGR_LAUNCHING', 'sandbox': 'gsisftp://wrangler.tacc.utexas.edu:2222/work/03662/tg829618/wrangler/radical.pilot.sandbox/rp.session.one.george.017492.0013/pilot.0000/', 'session': 'rp.session.one.george.017492.0013', 'log': None, 'stderr': None, 'client_sandbox': '/home/george/repos/midas/streaming/RedisKmeans/map_reduce_kmeans', 'type': 'pilot', 'pilot_sandbox': 'gsisftp://wrangler.tacc.utexas.edu:2222/work/03662/tg829618/wrangler/radical.pilot.sandbox/rp.session.one.george.017492.0013/pilot.0000/', 'uid': 'pilot.0000'}}
2017-11-23 00:13:31,922: umgr.scheduling.0.child: umgr.scheduling.0               : umgr.scheduling.0.child.subscriber._base_command_cb: DEBUG   : update pilot states for ['pilot.0000']
2017-11-23 00:13:31,922: umgr.scheduling.0.child: umgr.scheduling.0               : umgr.scheduling.0.child.subscriber._base_command_cb: DEBUG   : update pilot state: None -> ['NEW', 'PMGR_LAUNCHING_PENDING', 'PMGR_LAUNCHING']
2017-11-23 00:13:32,019: umgr.scheduling.0.child: umgr.scheduling.0               : umgr.scheduling.0.child.subscriber._base_state_cb: INFO    : scheduler state_cb: update
2017-11-23 00:13:32,019: umgr.scheduling.0.child: umgr.scheduling.0               : umgr.scheduling.0.child.subscriber._base_state_cb: DEBUG   : update pilots []
2017-11-23 00:13:32,019: umgr.scheduling.0.child: umgr.scheduling.0               : umgr.scheduling.0.child.subscriber._base_state_cb: DEBUG   : update units  ['unit.000000']
2017-11-23 00:13:32,019: umgr.scheduling.0.child: umgr.scheduling.0               : umgr.scheduling.0.child.subscriber._base_state_cb: DEBUG   : update pilot states for []
2017-11-23 00:13:32,021: umgr.scheduling.0.child: umgr.scheduling.0               : MainThread     : DEBUG   : got unit (unit.000000)
2017-11-23 00:13:32,021: umgr.scheduling.0.child: umgr.scheduling.0               : MainThread     : DEBUG   : advance bulk size: 1 [False, True]
2017-11-23 00:13:32,021: umgr.scheduling.0.child: umgr.scheduling.0               : MainThread     : DEBUG   : advance bulk: unit.000000 [1]
2017-11-23 00:13:32,021: umgr.scheduling.0.child: umgr.scheduling.0               : MainThread     : DEBUG   : advance bulk size: 0 [False, True]
2017-11-23 00:13:32,022: umgr.scheduling.0.child: umgr.scheduling.0               : MainThread     : DEBUG   : advance bulk size: 1 [True, True]
2017-11-23 00:13:32,022: umgr.scheduling.0.child: umgr.scheduling.0               : MainThread     : DEBUG   : advance bulk: unit.000000 [1]
2017-11-23 00:13:32,022: umgr.scheduling.0.child: umgr.scheduling.0               : MainThread     : DEBUG   : bucket: UMGR_STAGING_INPUT_PENDING : ['unit.000000']
2017-11-23 00:13:32,023: umgr.scheduling.0.child: umgr.scheduling.0               : MainThread     : DEBUG   : put bulk UMGR_STAGING_INPUT_PENDING: 1
2017-11-23 00:13:32,023: umgr.scheduling.0.child: umgr.scheduling.0               : MainThread     : DEBUG   : push unit.000000 ---> UMGR_STAGING_INPUT_PENDING
2017-11-23 00:13:32,023: umgr.scheduling.0.child: umgr.scheduling.0               : umgr.scheduling.0.child.subscriber._base_state_cb: INFO    : scheduler state_cb: update
2017-11-23 00:13:32,023: umgr.scheduling.0.child: umgr.scheduling.0               : umgr.scheduling.0.child.subscriber._base_state_cb: DEBUG   : update pilots []
2017-11-23 00:13:32,023: umgr.scheduling.0.child: umgr.scheduling.0               : umgr.scheduling.0.child.subscriber._base_state_cb: DEBUG   : update units  ['unit.000000']
2017-11-23 00:13:32,024: umgr.scheduling.0.child: umgr.scheduling.0               : umgr.scheduling.0.child.subscriber._base_state_cb: DEBUG   : update pilot states for []
2017-11-23 00:13:32,024: umgr.scheduling.0.child: umgr.scheduling.0               : umgr.scheduling.0.child.subscriber._base_state_cb: INFO    : scheduler state_cb: update
2017-11-23 00:13:32,024: umgr.scheduling.0.child: umgr.scheduling.0               : umgr.scheduling.0.child.subscriber._base_state_cb: DEBUG   : update pilots []
2017-11-23 00:13:32,024: umgr.scheduling.0.child: umgr.scheduling.0               : umgr.scheduling.0.child.subscriber._base_state_cb: DEBUG   : update units  []
2017-11-23 00:13:32,024: umgr.scheduling.0.child: umgr.scheduling.0               : umgr.scheduling.0.child.subscriber._base_state_cb: DEBUG   : update pilot states for []
2017-11-23 00:13:32,024: umgr.scheduling.0.child: umgr.scheduling.0               : umgr.scheduling.0.child.subscriber._base_state_cb: INFO    : scheduler state_cb: update
2017-11-23 00:13:32,024: umgr.scheduling.0.child: umgr.scheduling.0               : umgr.scheduling.0.child.subscriber._base_state_cb: DEBUG   : update pilots []
2017-11-23 00:13:32,025: umgr.scheduling.0.child: umgr.scheduling.0               : umgr.scheduling.0.child.subscriber._base_state_cb: DEBUG   : update units  ['unit.000000']
2017-11-23 00:13:32,025: umgr.scheduling.0.child: umgr.scheduling.0               : umgr.scheduling.0.child.subscriber._base_state_cb: DEBUG   : update pilot states for []
2017-11-23 00:13:32,027: umgr.scheduling.0.child: umgr.scheduling.0               : umgr.scheduling.0.child.subscriber._base_state_cb: INFO    : scheduler state_cb: update
2017-11-23 00:13:32,027: umgr.scheduling.0.child: umgr.scheduling.0               : umgr.scheduling.0.child.subscriber._base_state_cb: DEBUG   : update pilots []
2017-11-23 00:13:32,027: umgr.scheduling.0.child: umgr.scheduling.0               : umgr.scheduling.0.child.subscriber._base_state_cb: DEBUG   : update units  ['unit.000000']
2017-11-23 00:13:32,027: umgr.scheduling.0.child: umgr.scheduling.0               : umgr.scheduling.0.child.subscriber._base_state_cb: DEBUG   : update pilot states for []
2017-11-23 00:13:32,134: umgr.scheduling.0.child: umgr.scheduling.0               : umgr.scheduling.0.child.subscriber._base_state_cb: INFO    : scheduler state_cb: update
2017-11-23 00:13:32,134: umgr.scheduling.0.child: umgr.scheduling.0               : umgr.scheduling.0.child.subscriber._base_state_cb: DEBUG   : update pilots []
2017-11-23 00:13:32,135: umgr.scheduling.0.child: umgr.scheduling.0               : umgr.scheduling.0.child.subscriber._base_state_cb: DEBUG   : update units  ['unit.000001', 'unit.000002', 'unit.000003']
2017-11-23 00:13:32,135: umgr.scheduling.0.child: umgr.scheduling.0               : umgr.scheduling.0.child.subscriber._base_state_cb: DEBUG   : update pilot states for []
2017-11-23 00:13:32,139: umgr.scheduling.0.child: umgr.scheduling.0               : MainThread     : DEBUG   : got unit (unit.000001)
2017-11-23 00:13:32,139: umgr.scheduling.0.child: umgr.scheduling.0               : MainThread     : DEBUG   : got unit (unit.000002)
2017-11-23 00:13:32,140: umgr.scheduling.0.child: umgr.scheduling.0               : MainThread     : DEBUG   : got unit (unit.000003)
2017-11-23 00:13:32,140: umgr.scheduling.0.child: umgr.scheduling.0               : MainThread     : DEBUG   : advance bulk size: 3 [False, True]
2017-11-23 00:13:32,140: umgr.scheduling.0.child: umgr.scheduling.0               : MainThread     : DEBUG   : advance bulk: unit.000001 [3]
2017-11-23 00:13:32,140: umgr.scheduling.0.child: umgr.scheduling.0               : MainThread     : DEBUG   : advance bulk: unit.000002 [3]
2017-11-23 00:13:32,140: umgr.scheduling.0.child: umgr.scheduling.0               : MainThread     : DEBUG   : advance bulk: unit.000003 [3]
2017-11-23 00:13:32,141: umgr.scheduling.0.child: umgr.scheduling.0               : MainThread     : DEBUG   : advance bulk size: 0 [False, True]
2017-11-23 00:13:32,141: umgr.scheduling.0.child: umgr.scheduling.0               : MainThread     : DEBUG   : advance bulk size: 3 [True, True]
2017-11-23 00:13:32,141: umgr.scheduling.0.child: umgr.scheduling.0               : MainThread     : DEBUG   : advance bulk: unit.000001 [3]
2017-11-23 00:13:32,142: umgr.scheduling.0.child: umgr.scheduling.0               : MainThread     : DEBUG   : advance bulk: unit.000002 [3]
2017-11-23 00:13:32,142: umgr.scheduling.0.child: umgr.scheduling.0               : MainThread     : DEBUG   : advance bulk: unit.000003 [3]
2017-11-23 00:13:32,142: umgr.scheduling.0.child: umgr.scheduling.0               : MainThread     : DEBUG   : bucket: UMGR_STAGING_INPUT_PENDING : ['unit.000001', 'unit.000002', 'unit.000003']
2017-11-23 00:13:32,142: umgr.scheduling.0.child: umgr.scheduling.0               : MainThread     : DEBUG   : put bulk UMGR_STAGING_INPUT_PENDING: 3
2017-11-23 00:13:32,143: umgr.scheduling.0.child: umgr.scheduling.0               : MainThread     : DEBUG   : push unit.000001 ---> UMGR_STAGING_INPUT_PENDING
2017-11-23 00:13:32,143: umgr.scheduling.0.child: umgr.scheduling.0               : MainThread     : DEBUG   : push unit.000002 ---> UMGR_STAGING_INPUT_PENDING
2017-11-23 00:13:32,143: umgr.scheduling.0.child: umgr.scheduling.0               : MainThread     : DEBUG   : push unit.000003 ---> UMGR_STAGING_INPUT_PENDING
2017-11-23 00:13:32,143: umgr.scheduling.0.child: umgr.scheduling.0               : umgr.scheduling.0.child.subscriber._base_state_cb: INFO    : scheduler state_cb: update
2017-11-23 00:13:32,144: umgr.scheduling.0.child: umgr.scheduling.0               : umgr.scheduling.0.child.subscriber._base_state_cb: DEBUG   : update pilots []
2017-11-23 00:13:32,144: umgr.scheduling.0.child: umgr.scheduling.0               : umgr.scheduling.0.child.subscriber._base_state_cb: DEBUG   : update units  ['unit.000001', 'unit.000002', 'unit.000003']
2017-11-23 00:13:32,144: umgr.scheduling.0.child: umgr.scheduling.0               : umgr.scheduling.0.child.subscriber._base_state_cb: DEBUG   : update pilot states for []
2017-11-23 00:13:32,144: umgr.scheduling.0.child: umgr.scheduling.0               : umgr.scheduling.0.child.subscriber._base_state_cb: INFO    : scheduler state_cb: update
2017-11-23 00:13:32,144: umgr.scheduling.0.child: umgr.scheduling.0               : umgr.scheduling.0.child.subscriber._base_state_cb: DEBUG   : update pilots []
2017-11-23 00:13:32,144: umgr.scheduling.0.child: umgr.scheduling.0               : umgr.scheduling.0.child.subscriber._base_state_cb: DEBUG   : update units  []
2017-11-23 00:13:32,144: umgr.scheduling.0.child: umgr.scheduling.0               : umgr.scheduling.0.child.subscriber._base_state_cb: DEBUG   : update pilot states for []
2017-11-23 00:13:32,145: umgr.scheduling.0.child: umgr.scheduling.0               : umgr.scheduling.0.child.subscriber._base_state_cb: INFO    : scheduler state_cb: update
2017-11-23 00:13:32,145: umgr.scheduling.0.child: umgr.scheduling.0               : umgr.scheduling.0.child.subscriber._base_state_cb: DEBUG   : update pilots []
2017-11-23 00:13:32,145: umgr.scheduling.0.child: umgr.scheduling.0               : umgr.scheduling.0.child.subscriber._base_state_cb: DEBUG   : update units  ['unit.000001', 'unit.000002', 'unit.000003']
2017-11-23 00:13:32,145: umgr.scheduling.0.child: umgr.scheduling.0               : umgr.scheduling.0.child.subscriber._base_state_cb: DEBUG   : update pilot states for []
2017-11-23 00:13:35,718: umgr.scheduling.0.child: umgr.scheduling.0               : umgr.scheduling.0.child.subscriber._base_state_cb: INFO    : scheduler state_cb: update
2017-11-23 00:13:35,718: umgr.scheduling.0.child: umgr.scheduling.0               : umgr.scheduling.0.child.subscriber._base_state_cb: DEBUG   : update pilots []
2017-11-23 00:13:35,718: umgr.scheduling.0.child: umgr.scheduling.0               : umgr.scheduling.0.child.subscriber._base_state_cb: DEBUG   : update units  ['unit.000000']
2017-11-23 00:13:35,718: umgr.scheduling.0.child: umgr.scheduling.0               : umgr.scheduling.0.child.subscriber._base_state_cb: DEBUG   : update pilot states for []
2017-11-23 00:13:35,722: umgr.scheduling.0.child: umgr.scheduling.0               : umgr.scheduling.0.child.subscriber._base_state_cb: INFO    : scheduler state_cb: update
2017-11-23 00:13:35,722: umgr.scheduling.0.child: umgr.scheduling.0               : umgr.scheduling.0.child.subscriber._base_state_cb: DEBUG   : update pilots []
2017-11-23 00:13:35,722: umgr.scheduling.0.child: umgr.scheduling.0               : umgr.scheduling.0.child.subscriber._base_state_cb: DEBUG   : update units  ['unit.000001', 'unit.000002', 'unit.000003']
2017-11-23 00:13:35,722: umgr.scheduling.0.child: umgr.scheduling.0               : umgr.scheduling.0.child.subscriber._base_state_cb: DEBUG   : update pilot states for []
2017-11-23 00:13:37,220: umgr.scheduling.0.child: umgr.scheduling.0               : umgr.scheduling.0.child.subscriber._base_state_cb: INFO    : scheduler state_cb: update
2017-11-23 00:13:37,220: umgr.scheduling.0.child: umgr.scheduling.0               : umgr.scheduling.0.child.subscriber._base_state_cb: DEBUG   : update pilots []
2017-11-23 00:13:37,221: umgr.scheduling.0.child: umgr.scheduling.0               : umgr.scheduling.0.child.subscriber._base_state_cb: DEBUG   : update units  ['unit.000001']
2017-11-23 00:13:37,221: umgr.scheduling.0.child: umgr.scheduling.0               : umgr.scheduling.0.child.subscriber._base_state_cb: DEBUG   : update pilot states for []
2017-11-23 00:13:38,588: umgr.scheduling.0.child: umgr.scheduling.0               : umgr.scheduling.0.child.subscriber._base_state_cb: INFO    : scheduler state_cb: update
2017-11-23 00:13:38,588: umgr.scheduling.0.child: umgr.scheduling.0               : umgr.scheduling.0.child.subscriber._base_state_cb: DEBUG   : update pilots []
2017-11-23 00:13:38,588: umgr.scheduling.0.child: umgr.scheduling.0               : umgr.scheduling.0.child.subscriber._base_state_cb: DEBUG   : update units  ['unit.000002']
2017-11-23 00:13:38,589: umgr.scheduling.0.child: umgr.scheduling.0               : umgr.scheduling.0.child.subscriber._base_state_cb: DEBUG   : update pilot states for []
2017-11-23 00:13:39,916: umgr.scheduling.0.child: umgr.scheduling.0               : umgr.scheduling.0.child.subscriber._base_state_cb: INFO    : scheduler state_cb: update
2017-11-23 00:13:39,917: umgr.scheduling.0.child: umgr.scheduling.0               : umgr.scheduling.0.child.subscriber._base_state_cb: DEBUG   : update pilots []
2017-11-23 00:13:39,917: umgr.scheduling.0.child: umgr.scheduling.0               : umgr.scheduling.0.child.subscriber._base_state_cb: DEBUG   : update units  ['unit.000003']
2017-11-23 00:13:39,917: umgr.scheduling.0.child: umgr.scheduling.0               : umgr.scheduling.0.child.subscriber._base_state_cb: DEBUG   : update pilot states for []
2017-11-23 00:13:49,785: umgr.scheduling.0.child: umgr.scheduling.0               : umgr.scheduling.0.child.subscriber._base_state_cb: INFO    : scheduler state_cb: update
2017-11-23 00:13:49,786: umgr.scheduling.0.child: umgr.scheduling.0               : umgr.scheduling.0.child.subscriber._base_state_cb: DEBUG   : update pilots ['pilot.0000']
2017-11-23 00:13:49,786: umgr.scheduling.0.child: umgr.scheduling.0               : umgr.scheduling.0.child.subscriber._base_state_cb: DEBUG   : update units  []
2017-11-23 00:13:49,786: umgr.scheduling.0.child: umgr.scheduling.0               : umgr.scheduling.0.child.subscriber._base_state_cb: DEBUG   : update pilot states for ['pilot.0000']
2017-11-23 00:13:49,786: umgr.scheduling.0.child: umgr.scheduling.0               : umgr.scheduling.0.child.subscriber._base_state_cb: DEBUG   : update pilot state: PMGR_LAUNCHING -> ['PMGR_ACTIVE_PENDING']
2017-11-23 00:14:21,896: umgr.scheduling.0.child: umgr.scheduling.0               : umgr.scheduling.0.child.subscriber._base_state_cb: INFO    : scheduler state_cb: update
2017-11-23 00:14:21,896: umgr.scheduling.0.child: umgr.scheduling.0               : umgr.scheduling.0.child.subscriber._base_state_cb: DEBUG   : update pilots ['pilot.0000']
2017-11-23 00:14:21,896: umgr.scheduling.0.child: umgr.scheduling.0               : umgr.scheduling.0.child.subscriber._base_state_cb: DEBUG   : update units  []
2017-11-23 00:14:21,896: umgr.scheduling.0.child: umgr.scheduling.0               : umgr.scheduling.0.child.subscriber._base_state_cb: DEBUG   : update pilot states for ['pilot.0000']
2017-11-23 00:14:21,897: umgr.scheduling.0.child: umgr.scheduling.0               : umgr.scheduling.0.child.subscriber._base_state_cb: DEBUG   : update pilot state: PMGR_ACTIVE_PENDING -> ['PMGR_ACTIVE']
2017-11-23 00:14:22,255: umgr.scheduling.0.child: umgr.scheduling.0               : umgr.scheduling.0.child.subscriber._base_state_cb: INFO    : scheduler state_cb: update
2017-11-23 00:14:22,256: umgr.scheduling.0.child: umgr.scheduling.0               : umgr.scheduling.0.child.subscriber._base_state_cb: DEBUG   : update pilots []
2017-11-23 00:14:22,256: umgr.scheduling.0.child: umgr.scheduling.0               : umgr.scheduling.0.child.subscriber._base_state_cb: DEBUG   : update units  ['unit.000003']
2017-11-23 00:14:22,256: umgr.scheduling.0.child: umgr.scheduling.0               : umgr.scheduling.0.child.subscriber._base_state_cb: DEBUG   : update pilot states for []
2017-11-23 00:14:22,257: umgr.scheduling.0.child: umgr.scheduling.0               : umgr.scheduling.0.child.subscriber._base_state_cb: INFO    : scheduler state_cb: update
2017-11-23 00:14:22,257: umgr.scheduling.0.child: umgr.scheduling.0               : umgr.scheduling.0.child.subscriber._base_state_cb: DEBUG   : update pilots []
2017-11-23 00:14:22,257: umgr.scheduling.0.child: umgr.scheduling.0               : umgr.scheduling.0.child.subscriber._base_state_cb: DEBUG   : update units  ['unit.000003']
2017-11-23 00:14:22,257: umgr.scheduling.0.child: umgr.scheduling.0               : umgr.scheduling.0.child.subscriber._base_state_cb: DEBUG   : update pilot states for []
2017-11-23 00:14:22,258: umgr.scheduling.0.child: umgr.scheduling.0               : umgr.scheduling.0.child.subscriber._base_state_cb: INFO    : scheduler state_cb: update
2017-11-23 00:14:22,258: umgr.scheduling.0.child: umgr.scheduling.0               : umgr.scheduling.0.child.subscriber._base_state_cb: DEBUG   : update pilots []
2017-11-23 00:14:22,258: umgr.scheduling.0.child: umgr.scheduling.0               : umgr.scheduling.0.child.subscriber._base_state_cb: DEBUG   : update units  ['unit.000003']
2017-11-23 00:14:22,258: umgr.scheduling.0.child: umgr.scheduling.0               : umgr.scheduling.0.child.subscriber._base_state_cb: DEBUG   : update pilot states for []
2017-11-23 00:14:22,259: umgr.scheduling.0.child: umgr.scheduling.0               : umgr.scheduling.0.child.subscriber._base_state_cb: INFO    : scheduler state_cb: update
2017-11-23 00:14:22,259: umgr.scheduling.0.child: umgr.scheduling.0               : umgr.scheduling.0.child.subscriber._base_state_cb: DEBUG   : update pilots []
2017-11-23 00:14:22,259: umgr.scheduling.0.child: umgr.scheduling.0               : umgr.scheduling.0.child.subscriber._base_state_cb: DEBUG   : update units  ['unit.000003']
2017-11-23 00:14:22,259: umgr.scheduling.0.child: umgr.scheduling.0               : umgr.scheduling.0.child.subscriber._base_state_cb: DEBUG   : update pilot states for []
2017-11-23 00:14:22,260: umgr.scheduling.0.child: umgr.scheduling.0               : umgr.scheduling.0.child.subscriber._base_state_cb: INFO    : scheduler state_cb: update
2017-11-23 00:14:22,260: umgr.scheduling.0.child: umgr.scheduling.0               : umgr.scheduling.0.child.subscriber._base_state_cb: DEBUG   : update pilots []
2017-11-23 00:14:22,260: umgr.scheduling.0.child: umgr.scheduling.0               : umgr.scheduling.0.child.subscriber._base_state_cb: DEBUG   : update units  ['unit.000003']
2017-11-23 00:14:22,260: umgr.scheduling.0.child: umgr.scheduling.0               : umgr.scheduling.0.child.subscriber._base_state_cb: DEBUG   : update pilot states for []
2017-11-23 00:14:22,261: umgr.scheduling.0.child: umgr.scheduling.0               : umgr.scheduling.0.child.subscriber._base_state_cb: INFO    : scheduler state_cb: update
2017-11-23 00:14:22,261: umgr.scheduling.0.child: umgr.scheduling.0               : umgr.scheduling.0.child.subscriber._base_state_cb: DEBUG   : update pilots []
2017-11-23 00:14:22,261: umgr.scheduling.0.child: umgr.scheduling.0               : umgr.scheduling.0.child.subscriber._base_state_cb: DEBUG   : update units  ['unit.000002']
2017-11-23 00:14:22,261: umgr.scheduling.0.child: umgr.scheduling.0               : umgr.scheduling.0.child.subscriber._base_state_cb: DEBUG   : update pilot states for []
2017-11-23 00:14:22,262: umgr.scheduling.0.child: umgr.scheduling.0               : umgr.scheduling.0.child.subscriber._base_state_cb: INFO    : scheduler state_cb: update
2017-11-23 00:14:22,262: umgr.scheduling.0.child: umgr.scheduling.0               : umgr.scheduling.0.child.subscriber._base_state_cb: DEBUG   : update pilots []
2017-11-23 00:14:22,262: umgr.scheduling.0.child: umgr.scheduling.0               : umgr.scheduling.0.child.subscriber._base_state_cb: DEBUG   : update units  ['unit.000002']
2017-11-23 00:14:22,262: umgr.scheduling.0.child: umgr.scheduling.0               : umgr.scheduling.0.child.subscriber._base_state_cb: DEBUG   : update pilot states for []
2017-11-23 00:14:22,263: umgr.scheduling.0.child: umgr.scheduling.0               : umgr.scheduling.0.child.subscriber._base_state_cb: INFO    : scheduler state_cb: update
2017-11-23 00:14:22,263: umgr.scheduling.0.child: umgr.scheduling.0               : umgr.scheduling.0.child.subscriber._base_state_cb: DEBUG   : update pilots []
2017-11-23 00:14:22,263: umgr.scheduling.0.child: umgr.scheduling.0               : umgr.scheduling.0.child.subscriber._base_state_cb: DEBUG   : update units  ['unit.000002']
2017-11-23 00:14:22,263: umgr.scheduling.0.child: umgr.scheduling.0               : umgr.scheduling.0.child.subscriber._base_state_cb: DEBUG   : update pilot states for []
2017-11-23 00:14:22,264: umgr.scheduling.0.child: umgr.scheduling.0               : umgr.scheduling.0.child.subscriber._base_state_cb: INFO    : scheduler state_cb: update
2017-11-23 00:14:22,264: umgr.scheduling.0.child: umgr.scheduling.0               : umgr.scheduling.0.child.subscriber._base_state_cb: DEBUG   : update pilots []
2017-11-23 00:14:22,264: umgr.scheduling.0.child: umgr.scheduling.0               : umgr.scheduling.0.child.subscriber._base_state_cb: DEBUG   : update units  ['unit.000002']
2017-11-23 00:14:22,264: umgr.scheduling.0.child: umgr.scheduling.0               : umgr.scheduling.0.child.subscriber._base_state_cb: DEBUG   : update pilot states for []
2017-11-23 00:14:22,265: umgr.scheduling.0.child: umgr.scheduling.0               : umgr.scheduling.0.child.subscriber._base_state_cb: INFO    : scheduler state_cb: update
2017-11-23 00:14:22,265: umgr.scheduling.0.child: umgr.scheduling.0               : umgr.scheduling.0.child.subscriber._base_state_cb: DEBUG   : update pilots []
2017-11-23 00:14:22,265: umgr.scheduling.0.child: umgr.scheduling.0               : umgr.scheduling.0.child.subscriber._base_state_cb: DEBUG   : update units  ['unit.000002']
2017-11-23 00:14:22,265: umgr.scheduling.0.child: umgr.scheduling.0               : umgr.scheduling.0.child.subscriber._base_state_cb: DEBUG   : update pilot states for []
2017-11-23 00:14:22,266: umgr.scheduling.0.child: umgr.scheduling.0               : umgr.scheduling.0.child.subscriber._base_state_cb: INFO    : scheduler state_cb: update
2017-11-23 00:14:22,266: umgr.scheduling.0.child: umgr.scheduling.0               : umgr.scheduling.0.child.subscriber._base_state_cb: DEBUG   : update pilots []
2017-11-23 00:14:22,266: umgr.scheduling.0.child: umgr.scheduling.0               : umgr.scheduling.0.child.subscriber._base_state_cb: DEBUG   : update units  ['unit.000001']
2017-11-23 00:14:22,267: umgr.scheduling.0.child: umgr.scheduling.0               : umgr.scheduling.0.child.subscriber._base_state_cb: DEBUG   : update pilot states for []
2017-11-23 00:14:22,267: umgr.scheduling.0.child: umgr.scheduling.0               : umgr.scheduling.0.child.subscriber._base_state_cb: INFO    : scheduler state_cb: update
2017-11-23 00:14:22,267: umgr.scheduling.0.child: umgr.scheduling.0               : umgr.scheduling.0.child.subscriber._base_state_cb: DEBUG   : update pilots []
2017-11-23 00:14:22,267: umgr.scheduling.0.child: umgr.scheduling.0               : umgr.scheduling.0.child.subscriber._base_state_cb: DEBUG   : update units  ['unit.000001']
2017-11-23 00:14:22,267: umgr.scheduling.0.child: umgr.scheduling.0               : umgr.scheduling.0.child.subscriber._base_state_cb: DEBUG   : update pilot states for []
2017-11-23 00:14:22,268: umgr.scheduling.0.child: umgr.scheduling.0               : umgr.scheduling.0.child.subscriber._base_state_cb: INFO    : scheduler state_cb: update
2017-11-23 00:14:22,268: umgr.scheduling.0.child: umgr.scheduling.0               : umgr.scheduling.0.child.subscriber._base_state_cb: DEBUG   : update pilots []
2017-11-23 00:14:22,268: umgr.scheduling.0.child: umgr.scheduling.0               : umgr.scheduling.0.child.subscriber._base_state_cb: DEBUG   : update units  ['unit.000001']
2017-11-23 00:14:22,268: umgr.scheduling.0.child: umgr.scheduling.0               : umgr.scheduling.0.child.subscriber._base_state_cb: DEBUG   : update pilot states for []
2017-11-23 00:14:22,269: umgr.scheduling.0.child: umgr.scheduling.0               : umgr.scheduling.0.child.subscriber._base_state_cb: INFO    : scheduler state_cb: update
2017-11-23 00:14:22,269: umgr.scheduling.0.child: umgr.scheduling.0               : umgr.scheduling.0.child.subscriber._base_state_cb: DEBUG   : update pilots []
2017-11-23 00:14:22,269: umgr.scheduling.0.child: umgr.scheduling.0               : umgr.scheduling.0.child.subscriber._base_state_cb: DEBUG   : update units  ['unit.000001']
2017-11-23 00:14:22,269: umgr.scheduling.0.child: umgr.scheduling.0               : umgr.scheduling.0.child.subscriber._base_state_cb: DEBUG   : update pilot states for []
2017-11-23 00:14:22,270: umgr.scheduling.0.child: umgr.scheduling.0               : umgr.scheduling.0.child.subscriber._base_state_cb: INFO    : scheduler state_cb: update
2017-11-23 00:14:22,270: umgr.scheduling.0.child: umgr.scheduling.0               : umgr.scheduling.0.child.subscriber._base_state_cb: DEBUG   : update pilots []
2017-11-23 00:14:22,270: umgr.scheduling.0.child: umgr.scheduling.0               : umgr.scheduling.0.child.subscriber._base_state_cb: DEBUG   : update units  ['unit.000001']
2017-11-23 00:14:22,270: umgr.scheduling.0.child: umgr.scheduling.0               : umgr.scheduling.0.child.subscriber._base_state_cb: DEBUG   : update pilot states for []
2017-11-23 00:14:22,271: umgr.scheduling.0.child: umgr.scheduling.0               : umgr.scheduling.0.child.subscriber._base_state_cb: INFO    : scheduler state_cb: update
2017-11-23 00:14:22,271: umgr.scheduling.0.child: umgr.scheduling.0               : umgr.scheduling.0.child.subscriber._base_state_cb: DEBUG   : update pilots []
2017-11-23 00:14:22,271: umgr.scheduling.0.child: umgr.scheduling.0               : umgr.scheduling.0.child.subscriber._base_state_cb: DEBUG   : update units  ['unit.000000']
2017-11-23 00:14:22,271: umgr.scheduling.0.child: umgr.scheduling.0               : umgr.scheduling.0.child.subscriber._base_state_cb: DEBUG   : update pilot states for []
2017-11-23 00:14:22,272: umgr.scheduling.0.child: umgr.scheduling.0               : umgr.scheduling.0.child.subscriber._base_state_cb: INFO    : scheduler state_cb: update
2017-11-23 00:14:22,272: umgr.scheduling.0.child: umgr.scheduling.0               : umgr.scheduling.0.child.subscriber._base_state_cb: DEBUG   : update pilots []
2017-11-23 00:14:22,272: umgr.scheduling.0.child: umgr.scheduling.0               : umgr.scheduling.0.child.subscriber._base_state_cb: DEBUG   : update units  ['unit.000000']
2017-11-23 00:14:22,272: umgr.scheduling.0.child: umgr.scheduling.0               : umgr.scheduling.0.child.subscriber._base_state_cb: DEBUG   : update pilot states for []
2017-11-23 00:14:22,273: umgr.scheduling.0.child: umgr.scheduling.0               : umgr.scheduling.0.child.subscriber._base_state_cb: INFO    : scheduler state_cb: update
2017-11-23 00:14:22,273: umgr.scheduling.0.child: umgr.scheduling.0               : umgr.scheduling.0.child.subscriber._base_state_cb: DEBUG   : update pilots []
2017-11-23 00:14:22,273: umgr.scheduling.0.child: umgr.scheduling.0               : umgr.scheduling.0.child.subscriber._base_state_cb: DEBUG   : update units  ['unit.000000']
2017-11-23 00:14:22,273: umgr.scheduling.0.child: umgr.scheduling.0               : umgr.scheduling.0.child.subscriber._base_state_cb: DEBUG   : update pilot states for []
2017-11-23 00:14:22,274: umgr.scheduling.0.child: umgr.scheduling.0               : umgr.scheduling.0.child.subscriber._base_state_cb: INFO    : scheduler state_cb: update
2017-11-23 00:14:22,274: umgr.scheduling.0.child: umgr.scheduling.0               : umgr.scheduling.0.child.subscriber._base_state_cb: DEBUG   : update pilots []
2017-11-23 00:14:22,274: umgr.scheduling.0.child: umgr.scheduling.0               : umgr.scheduling.0.child.subscriber._base_state_cb: DEBUG   : update units  ['unit.000000']
2017-11-23 00:14:22,274: umgr.scheduling.0.child: umgr.scheduling.0               : umgr.scheduling.0.child.subscriber._base_state_cb: DEBUG   : update pilot states for []
2017-11-23 00:14:22,275: umgr.scheduling.0.child: umgr.scheduling.0               : umgr.scheduling.0.child.subscriber._base_state_cb: INFO    : scheduler state_cb: update
2017-11-23 00:14:22,275: umgr.scheduling.0.child: umgr.scheduling.0               : umgr.scheduling.0.child.subscriber._base_state_cb: DEBUG   : update pilots []
2017-11-23 00:14:22,275: umgr.scheduling.0.child: umgr.scheduling.0               : umgr.scheduling.0.child.subscriber._base_state_cb: DEBUG   : update units  ['unit.000000']
2017-11-23 00:14:22,275: umgr.scheduling.0.child: umgr.scheduling.0               : umgr.scheduling.0.child.subscriber._base_state_cb: DEBUG   : update pilot states for []
2017-11-23 00:14:23,378: umgr.scheduling.0.child: umgr.scheduling.0               : umgr.scheduling.0.child.subscriber._base_state_cb: INFO    : scheduler state_cb: update
2017-11-23 00:14:23,378: umgr.scheduling.0.child: umgr.scheduling.0               : umgr.scheduling.0.child.subscriber._base_state_cb: DEBUG   : update pilots []
2017-11-23 00:14:23,378: umgr.scheduling.0.child: umgr.scheduling.0               : umgr.scheduling.0.child.subscriber._base_state_cb: DEBUG   : update units  ['unit.000000']
2017-11-23 00:14:23,378: umgr.scheduling.0.child: umgr.scheduling.0               : umgr.scheduling.0.child.subscriber._base_state_cb: DEBUG   : update pilot states for []
2017-11-23 00:14:25,577: umgr.scheduling.0.child: umgr.scheduling.0               : umgr.scheduling.0.child.subscriber._base_state_cb: INFO    : scheduler state_cb: update
2017-11-23 00:14:25,577: umgr.scheduling.0.child: umgr.scheduling.0               : umgr.scheduling.0.child.subscriber._base_state_cb: DEBUG   : update pilots []
2017-11-23 00:14:25,577: umgr.scheduling.0.child: umgr.scheduling.0               : umgr.scheduling.0.child.subscriber._base_state_cb: DEBUG   : update units  ['unit.000002']
2017-11-23 00:14:25,578: umgr.scheduling.0.child: umgr.scheduling.0               : umgr.scheduling.0.child.subscriber._base_state_cb: DEBUG   : update pilot states for []
2017-11-23 00:14:25,579: umgr.scheduling.0.child: umgr.scheduling.0               : umgr.scheduling.0.child.subscriber._base_state_cb: INFO    : scheduler state_cb: update
2017-11-23 00:14:25,579: umgr.scheduling.0.child: umgr.scheduling.0               : umgr.scheduling.0.child.subscriber._base_state_cb: DEBUG   : update pilots []
2017-11-23 00:14:25,579: umgr.scheduling.0.child: umgr.scheduling.0               : umgr.scheduling.0.child.subscriber._base_state_cb: DEBUG   : update units  ['unit.000002']
2017-11-23 00:14:25,579: umgr.scheduling.0.child: umgr.scheduling.0               : umgr.scheduling.0.child.subscriber._base_state_cb: DEBUG   : update pilot states for []
2017-11-23 00:14:25,580: umgr.scheduling.0.child: umgr.scheduling.0               : umgr.scheduling.0.child.subscriber._base_state_cb: INFO    : scheduler state_cb: update
2017-11-23 00:14:25,580: umgr.scheduling.0.child: umgr.scheduling.0               : umgr.scheduling.0.child.subscriber._base_state_cb: DEBUG   : update pilots []
2017-11-23 00:14:25,580: umgr.scheduling.0.child: umgr.scheduling.0               : umgr.scheduling.0.child.subscriber._base_state_cb: DEBUG   : update units  ['unit.000002']
2017-11-23 00:14:25,580: umgr.scheduling.0.child: umgr.scheduling.0               : umgr.scheduling.0.child.subscriber._base_state_cb: DEBUG   : update pilot states for []
2017-11-23 00:14:25,581: umgr.scheduling.0.child: umgr.scheduling.0               : umgr.scheduling.0.child.subscriber._base_state_cb: INFO    : scheduler state_cb: update
2017-11-23 00:14:25,581: umgr.scheduling.0.child: umgr.scheduling.0               : umgr.scheduling.0.child.subscriber._base_state_cb: DEBUG   : update pilots []
2017-11-23 00:14:25,581: umgr.scheduling.0.child: umgr.scheduling.0               : umgr.scheduling.0.child.subscriber._base_state_cb: DEBUG   : update units  ['unit.000000']
2017-11-23 00:14:25,581: umgr.scheduling.0.child: umgr.scheduling.0               : umgr.scheduling.0.child.subscriber._base_state_cb: DEBUG   : update pilot states for []
2017-11-23 00:14:25,581: umgr.scheduling.0.child: umgr.scheduling.0               : umgr.scheduling.0.child.subscriber._base_state_cb: INFO    : scheduler state_cb: update
2017-11-23 00:14:25,582: umgr.scheduling.0.child: umgr.scheduling.0               : umgr.scheduling.0.child.subscriber._base_state_cb: DEBUG   : update pilots []
2017-11-23 00:14:25,582: umgr.scheduling.0.child: umgr.scheduling.0               : umgr.scheduling.0.child.subscriber._base_state_cb: DEBUG   : update units  ['unit.000000']
2017-11-23 00:14:25,582: umgr.scheduling.0.child: umgr.scheduling.0               : umgr.scheduling.0.child.subscriber._base_state_cb: DEBUG   : update pilot states for []
2017-11-23 00:14:25,871: umgr.scheduling.0.child: umgr.scheduling.0               : umgr.scheduling.0.child.subscriber._base_state_cb: INFO    : scheduler state_cb: update
2017-11-23 00:14:25,871: umgr.scheduling.0.child: umgr.scheduling.0               : umgr.scheduling.0.child.subscriber._base_state_cb: DEBUG   : update pilots []
2017-11-23 00:14:25,871: umgr.scheduling.0.child: umgr.scheduling.0               : umgr.scheduling.0.child.subscriber._base_state_cb: DEBUG   : update units  ['unit.000000', 'unit.000002']
2017-11-23 00:14:25,871: umgr.scheduling.0.child: umgr.scheduling.0               : umgr.scheduling.0.child.subscriber._base_state_cb: DEBUG   : update pilot states for []
2017-11-23 00:14:25,879: umgr.scheduling.0.child: umgr.scheduling.0               : umgr.scheduling.0.child.subscriber._base_state_cb: INFO    : scheduler state_cb: update
2017-11-23 00:14:25,879: umgr.scheduling.0.child: umgr.scheduling.0               : umgr.scheduling.0.child.subscriber._base_state_cb: DEBUG   : update pilots []
2017-11-23 00:14:25,879: umgr.scheduling.0.child: umgr.scheduling.0               : umgr.scheduling.0.child.subscriber._base_state_cb: DEBUG   : update units  ['unit.000000', 'unit.000002']
2017-11-23 00:14:25,879: umgr.scheduling.0.child: umgr.scheduling.0               : umgr.scheduling.0.child.subscriber._base_state_cb: DEBUG   : update pilot states for []
2017-11-23 00:14:25,883: umgr.scheduling.0.child: umgr.scheduling.0               : umgr.scheduling.0.child.subscriber._base_state_cb: INFO    : scheduler state_cb: update
2017-11-23 00:14:25,883: umgr.scheduling.0.child: umgr.scheduling.0               : umgr.scheduling.0.child.subscriber._base_state_cb: DEBUG   : update pilots []
2017-11-23 00:14:25,883: umgr.scheduling.0.child: umgr.scheduling.0               : umgr.scheduling.0.child.subscriber._base_state_cb: DEBUG   : update units  ['unit.000000', 'unit.000002']
2017-11-23 00:14:25,883: umgr.scheduling.0.child: umgr.scheduling.0               : umgr.scheduling.0.child.subscriber._base_state_cb: DEBUG   : update pilot states for []
2017-11-23 00:14:28,876: umgr.scheduling.0.child: umgr.scheduling.0               : umgr.scheduling.0.child.subscriber._base_state_cb: INFO    : scheduler state_cb: update
2017-11-23 00:14:28,876: umgr.scheduling.0.child: umgr.scheduling.0               : umgr.scheduling.0.child.subscriber._base_state_cb: DEBUG   : update pilots []
2017-11-23 00:14:28,876: umgr.scheduling.0.child: umgr.scheduling.0               : umgr.scheduling.0.child.subscriber._base_state_cb: DEBUG   : update units  ['unit.000001']
2017-11-23 00:14:28,876: umgr.scheduling.0.child: umgr.scheduling.0               : umgr.scheduling.0.child.subscriber._base_state_cb: DEBUG   : update pilot states for []
2017-11-23 00:14:31,073: umgr.scheduling.0.child: umgr.scheduling.0               : umgr.scheduling.0.child.subscriber._base_state_cb: INFO    : scheduler state_cb: update
2017-11-23 00:14:31,073: umgr.scheduling.0.child: umgr.scheduling.0               : umgr.scheduling.0.child.subscriber._base_state_cb: DEBUG   : update pilots []
2017-11-23 00:14:31,074: umgr.scheduling.0.child: umgr.scheduling.0               : umgr.scheduling.0.child.subscriber._base_state_cb: DEBUG   : update units  ['unit.000001']
2017-11-23 00:14:31,074: umgr.scheduling.0.child: umgr.scheduling.0               : umgr.scheduling.0.child.subscriber._base_state_cb: DEBUG   : update pilot states for []
2017-11-23 00:14:31,075: umgr.scheduling.0.child: umgr.scheduling.0               : umgr.scheduling.0.child.subscriber._base_state_cb: INFO    : scheduler state_cb: update
2017-11-23 00:14:31,075: umgr.scheduling.0.child: umgr.scheduling.0               : umgr.scheduling.0.child.subscriber._base_state_cb: DEBUG   : update pilots []
2017-11-23 00:14:31,075: umgr.scheduling.0.child: umgr.scheduling.0               : umgr.scheduling.0.child.subscriber._base_state_cb: DEBUG   : update units  ['unit.000001']
2017-11-23 00:14:31,075: umgr.scheduling.0.child: umgr.scheduling.0               : umgr.scheduling.0.child.subscriber._base_state_cb: DEBUG   : update pilot states for []
2017-11-23 00:14:31,566: umgr.scheduling.0.child: umgr.scheduling.0               : umgr.scheduling.0.child.subscriber._base_state_cb: INFO    : scheduler state_cb: update
2017-11-23 00:14:31,566: umgr.scheduling.0.child: umgr.scheduling.0               : umgr.scheduling.0.child.subscriber._base_state_cb: DEBUG   : update pilots []
2017-11-23 00:14:31,566: umgr.scheduling.0.child: umgr.scheduling.0               : umgr.scheduling.0.child.subscriber._base_state_cb: DEBUG   : update units  ['unit.000001']
2017-11-23 00:14:31,567: umgr.scheduling.0.child: umgr.scheduling.0               : umgr.scheduling.0.child.subscriber._base_state_cb: DEBUG   : update pilot states for []
2017-11-23 00:14:31,571: umgr.scheduling.0.child: umgr.scheduling.0               : umgr.scheduling.0.child.subscriber._base_state_cb: INFO    : scheduler state_cb: update
2017-11-23 00:14:31,571: umgr.scheduling.0.child: umgr.scheduling.0               : umgr.scheduling.0.child.subscriber._base_state_cb: DEBUG   : update pilots []
2017-11-23 00:14:31,571: umgr.scheduling.0.child: umgr.scheduling.0               : umgr.scheduling.0.child.subscriber._base_state_cb: DEBUG   : update units  ['unit.000001']
2017-11-23 00:14:31,571: umgr.scheduling.0.child: umgr.scheduling.0               : umgr.scheduling.0.child.subscriber._base_state_cb: DEBUG   : update pilot states for []
2017-11-23 00:14:31,573: umgr.scheduling.0.child: umgr.scheduling.0               : umgr.scheduling.0.child.subscriber._base_state_cb: INFO    : scheduler state_cb: update
2017-11-23 00:14:31,573: umgr.scheduling.0.child: umgr.scheduling.0               : umgr.scheduling.0.child.subscriber._base_state_cb: DEBUG   : update pilots []
2017-11-23 00:14:31,574: umgr.scheduling.0.child: umgr.scheduling.0               : umgr.scheduling.0.child.subscriber._base_state_cb: DEBUG   : update units  ['unit.000001']
2017-11-23 00:14:31,574: umgr.scheduling.0.child: umgr.scheduling.0               : umgr.scheduling.0.child.subscriber._base_state_cb: DEBUG   : update pilot states for []
2017-11-23 00:17:30,561: umgr.scheduling.0.child: umgr.scheduling.0               : MainThread     : ERROR   : abort: KeyboardInterrupt()
Traceback (most recent call last):
  File "/home/george/Stream_ve/local/lib/python2.7/site-packages/radical/utils/process.py", line 608, in _run
    if not self.work_cb():
  File "/home/george/Stream_ve/local/lib/python2.7/site-packages/radical/pilot/utils/component.py", line 1191, in work_cb
    things = input.get_nowait(1000) # timeout in microseconds
  File "/home/george/Stream_ve/local/lib/python2.7/site-packages/radical/pilot/utils/queue.py", line 437, in get_nowait
    if _uninterruptible(self._q.poll, flags=zmq.POLLIN, timeout=timeout):
  File "/home/george/Stream_ve/local/lib/python2.7/site-packages/radical/pilot/utils/queue.py", line 50, in _uninterruptible
    return f(*args, **kwargs)
  File "/home/george/Stream_ve/local/lib/python2.7/site-packages/zmq/sugar/socket.py", line 558, in poll
    evts = dict(p.poll(timeout))
  File "/home/george/Stream_ve/local/lib/python2.7/site-packages/zmq/sugar/poll.py", line 99, in poll
    return zmq_poll(self.sockets, timeout=timeout)
  File "zmq/backend/cython/_poll.pyx", line 116, in zmq.backend.cython._poll.zmq_poll (zmq/backend/cython/_poll.c:2036)
  File "zmq/backend/cython/checkrc.pxd", line 12, in zmq.backend.cython.checkrc._check_rc (zmq/backend/cython/_poll.c:2418)
    PyErr_CheckSignals()
KeyboardInterrupt
2017-11-23 00:17:30,563: umgr.scheduling.0.child: umgr.scheduling.0               : MainThread     : INFO    : send message: [umgr.scheduling.0.child] abort: KeyboardInterrupt()
2017-11-23 00:17:30,563: umgr.scheduling.0.child: umgr.scheduling.0               : MainThread     : INFO    :  ====finalize_child
2017-11-23 00:17:30,563: umgr.scheduling.0.child: umgr.scheduling.0               : MainThread     : DEBUG   : TERM : umgr.scheduling.0.child unregister subscriber umgr.scheduling.0.child.subscriber._base_command_cb
2017-11-23 00:17:30,563: umgr.scheduling.0.child: umgr.scheduling.0               : MainThread     : DEBUG   : unregistered subscriber umgr.scheduling.0.child.subscriber._base_command_cb
2017-11-23 00:17:30,564: umgr.scheduling.0.child: umgr.scheduling.0               : MainThread     : DEBUG   : TERM : umgr.scheduling.0.child unregister subscriber umgr.scheduling.0.child.subscriber._base_state_cb
2017-11-23 00:17:30,564: umgr.scheduling.0.child: umgr.scheduling.0               : MainThread     : DEBUG   : unregistered subscriber umgr.scheduling.0.child.subscriber._base_state_cb
2017-11-23 00:17:30,564: umgr.scheduling.0.child: umgr.scheduling.0               : MainThread     : DEBUG   : TERM : umgr.scheduling.0.child unregister output UMGR_STAGING_INPUT_PENDING
2017-11-23 00:17:30,564: umgr.scheduling.0.child: umgr.scheduling.0               : MainThread     : WARNING : input UMGR_STAGING_INPUT_PENDING is not registered
2017-11-23 00:17:30,564: umgr.scheduling.0.child: umgr.scheduling.0               : MainThread     : WARNING : input umgr.scheduling.0.child.work.UMGR_SCHEDULING_PENDING not registered
2017-11-23 00:17:30,565: umgr.scheduling.0.child: umgr.scheduling.0               : MainThread     : INFO    :  ====finalize_child done
2017-11-23 00:17:30,566: umgr.scheduling.0.child: umgr.scheduling.0               : MainThread     : DEBUG   : ru_finalize_common()
2017-11-23 00:17:30,567: umgr.scheduling.0.child: umgr.scheduling.0               : MainThread     : DEBUG   : TERM : umgr.scheduling.0.child unregister publisher log_pubsub
2017-11-23 00:17:30,569: umgr.scheduling.0.child: umgr.scheduling.0               : MainThread     : DEBUG   : unregistered publisher log_pubsub
2017-11-23 00:17:30,570: umgr.scheduling.0.child: umgr.scheduling.0               : MainThread     : DEBUG   : TERM : umgr.scheduling.0.child unregister publisher state_pubsub
2017-11-23 00:17:30,570: umgr.scheduling.0.child: umgr.scheduling.0               : MainThread     : DEBUG   : unregistered publisher state_pubsub
2017-11-23 00:17:30,570: umgr.scheduling.0.child: umgr.scheduling.0               : MainThread     : DEBUG   : TERM : umgr.scheduling.0.child unregister publisher control_pubsub
2017-11-23 00:17:30,571: umgr.scheduling.0.child: umgr.scheduling.0               : MainThread     : DEBUG   : unregistered publisher control_pubsub
2017-11-23 00:17:30,571: umgr.scheduling.0.child: umgr.scheduling.0               : MainThread     : DEBUG   : umgr.scheduling.0.child close prof
2017-11-23 00:17:30,572: umgr.scheduling.0.child: umgr.scheduling.0               : MainThread     : INFO    : send message: [umgr.scheduling.0.child] terminating
2017-11-23 00:17:30,651: umgr.scheduling.0.child: umgr.scheduling.0               : umgr.scheduling.0.child.watch: INFO    : watcher closes
2017-11-23 00:17:30,651: umgr.scheduling.0.child: umgr.scheduling.0               : umgr.scheduling.0.child.watch: INFO    : put message: [umgr.scheduling.0.child.watch.thread] work finished
2017-11-23 00:17:30,651: umgr.scheduling.0.child: umgr.scheduling.0               : umgr.scheduling.0.child.watch: DEBUG   : ru_finalize_child (NOOP)
2017-11-23 00:17:30,652: umgr.scheduling.0.child: umgr.scheduling.0               : umgr.scheduling.0.child.watch: DEBUG   : ru_finalize_common (NOOP)
2017-11-23 00:17:30,652: umgr.scheduling.0.child: umgr.scheduling.0               : umgr.scheduling.0.child.watch: INFO    : put message: [umgr.scheduling.0.child.watch.thread] terminating
2017-11-23 00:17:30,685: umgr.scheduling.0.child: umgr.scheduling.0               : MainThread     : INFO    : parent stops child
2017-11-23 00:17:30,686: umgr.scheduling.0.child: umgr.scheduling.0               : MainThread     : DEBUG   : ru_finalize_parent (NOOP)
2017-11-23 00:17:30,686: umgr.scheduling.0.child: umgr.scheduling.0               : umgr.scheduling.0.child.subscriber._cancel_monitor_cb: ERROR   : abort: ZMQError('Socket operation on non-socket')
Traceback (most recent call last):
  File "/home/george/Stream_ve/local/lib/python2.7/site-packages/radical/utils/threads.py", line 375, in _run
    if not self.work_cb():
  File "/home/george/Stream_ve/local/lib/python2.7/site-packages/radical/pilot/utils/component.py", line 1088, in work_cb
    topic, msg = self._q.get_nowait(500)  # timout in ms
  File "/home/george/Stream_ve/local/lib/python2.7/site-packages/radical/pilot/utils/pubsub.py", line 352, in get_nowait
    if _uninterruptible(self._q.poll, flags=zmq.POLLIN, timeout=timeout):
  File "/home/george/Stream_ve/local/lib/python2.7/site-packages/radical/pilot/utils/pubsub.py", line 50, in _uninterruptible
    return f(*args, **kwargs)
  File "/home/george/Stream_ve/local/lib/python2.7/site-packages/zmq/sugar/socket.py", line 558, in poll
    evts = dict(p.poll(timeout))
  File "/home/george/Stream_ve/local/lib/python2.7/site-packages/zmq/sugar/poll.py", line 99, in poll
    return zmq_poll(self.sockets, timeout=timeout)
  File "zmq/backend/cython/_poll.pyx", line 123, in zmq.backend.cython._poll.zmq_poll (zmq/backend/cython/_poll.c:2186)
  File "zmq/backend/cython/_poll.pyx", line 116, in zmq.backend.cython._poll.zmq_poll (zmq/backend/cython/_poll.c:2036)
  File "zmq/backend/cython/checkrc.pxd", line 25, in zmq.backend.cython.checkrc._check_rc (zmq/backend/cython/_poll.c:2811)
    raise ZMQError(errno)
ZMQError: Socket operation on non-socket
2017-11-23 00:17:30,687: umgr.scheduling.0.child: umgr.scheduling.0               : umgr.scheduling.0.child.subscriber._cancel_monitor_cb: INFO    : put message: [umgr.scheduling.0.child.subscriber._cancel_monitor_cb.thread] ZMQError('Socket operation on non-socket')
2017-11-23 00:17:30,687: umgr.scheduling.0.child: umgr.scheduling.0               : umgr.scheduling.0.child.subscriber._cancel_monitor_cb: DEBUG   : ru_finalize_child (NOOP)
2017-11-23 00:17:30,687: umgr.scheduling.0.child: umgr.scheduling.0               : umgr.scheduling.0.child.subscriber._cancel_monitor_cb: INFO    : put message: [umgr.scheduling.0.child.subscriber._cancel_monitor_cb.thread] terminating
2017-11-23 00:17:30,936: umgr.scheduling.0.child: umgr.scheduling.0               : MainThread     : INFO    : parent stops child
2017-11-23 00:17:30,936: umgr.scheduling.0.child: umgr.scheduling.0               : MainThread     : DEBUG   : ru_finalize_parent (NOOP)
2017-11-23 00:17:30,937: umgr.scheduling.0.child: umgr.scheduling.0               : umgr.scheduling.0.child.subscriber._base_state_cb: ERROR   : abort: ZMQError('Socket operation on non-socket')
Traceback (most recent call last):
  File "/home/george/Stream_ve/local/lib/python2.7/site-packages/radical/utils/threads.py", line 375, in _run
    if not self.work_cb():
  File "/home/george/Stream_ve/local/lib/python2.7/site-packages/radical/pilot/utils/component.py", line 1088, in work_cb
    topic, msg = self._q.get_nowait(500)  # timout in ms
  File "/home/george/Stream_ve/local/lib/python2.7/site-packages/radical/pilot/utils/pubsub.py", line 352, in get_nowait
    if _uninterruptible(self._q.poll, flags=zmq.POLLIN, timeout=timeout):
  File "/home/george/Stream_ve/local/lib/python2.7/site-packages/radical/pilot/utils/pubsub.py", line 50, in _uninterruptible
    return f(*args, **kwargs)
  File "/home/george/Stream_ve/local/lib/python2.7/site-packages/zmq/sugar/socket.py", line 558, in poll
    evts = dict(p.poll(timeout))
  File "/home/george/Stream_ve/local/lib/python2.7/site-packages/zmq/sugar/poll.py", line 99, in poll
    return zmq_poll(self.sockets, timeout=timeout)
  File "zmq/backend/cython/_poll.pyx", line 123, in zmq.backend.cython._poll.zmq_poll (zmq/backend/cython/_poll.c:2186)
  File "zmq/backend/cython/_poll.pyx", line 116, in zmq.backend.cython._poll.zmq_poll (zmq/backend/cython/_poll.c:2036)
  File "zmq/backend/cython/checkrc.pxd", line 25, in zmq.backend.cython.checkrc._check_rc (zmq/backend/cython/_poll.c:2811)
    raise ZMQError(errno)
ZMQError: Socket operation on non-socket
2017-11-23 00:17:30,937: umgr.scheduling.0.child: umgr.scheduling.0               : umgr.scheduling.0.child.subscriber._base_state_cb: INFO    : put message: [umgr.scheduling.0.child.subscriber._base_state_cb.thread] ZMQError('Socket operation on non-socket')
2017-11-23 00:17:30,937: umgr.scheduling.0.child: umgr.scheduling.0               : umgr.scheduling.0.child.subscriber._base_state_cb: DEBUG   : ru_finalize_child (NOOP)
2017-11-23 00:17:30,937: umgr.scheduling.0.child: umgr.scheduling.0               : umgr.scheduling.0.child.subscriber._base_state_cb: INFO    : put message: [umgr.scheduling.0.child.subscriber._base_state_cb.thread] terminating
2017-11-23 00:17:31,187: umgr.scheduling.0.child: umgr.scheduling.0               : MainThread     : INFO    : parent stops child
2017-11-23 00:17:31,188: umgr.scheduling.0.child: umgr.scheduling.0               : MainThread     : DEBUG   : ru_finalize_parent (NOOP)
2017-11-23 00:17:31,188: umgr.scheduling.0.child: umgr.scheduling.0               : umgr.scheduling.0.child.subscriber._base_command_cb: ERROR   : abort: ZMQError('Socket operation on non-socket')
Traceback (most recent call last):
  File "/home/george/Stream_ve/local/lib/python2.7/site-packages/radical/utils/threads.py", line 375, in _run
    if not self.work_cb():
  File "/home/george/Stream_ve/local/lib/python2.7/site-packages/radical/pilot/utils/component.py", line 1088, in work_cb
    topic, msg = self._q.get_nowait(500)  # timout in ms
  File "/home/george/Stream_ve/local/lib/python2.7/site-packages/radical/pilot/utils/pubsub.py", line 352, in get_nowait
    if _uninterruptible(self._q.poll, flags=zmq.POLLIN, timeout=timeout):
  File "/home/george/Stream_ve/local/lib/python2.7/site-packages/radical/pilot/utils/pubsub.py", line 50, in _uninterruptible
    return f(*args, **kwargs)
  File "/home/george/Stream_ve/local/lib/python2.7/site-packages/zmq/sugar/socket.py", line 558, in poll
    evts = dict(p.poll(timeout))
  File "/home/george/Stream_ve/local/lib/python2.7/site-packages/zmq/sugar/poll.py", line 99, in poll
    return zmq_poll(self.sockets, timeout=timeout)
  File "zmq/backend/cython/_poll.pyx", line 123, in zmq.backend.cython._poll.zmq_poll (zmq/backend/cython/_poll.c:2186)
  File "zmq/backend/cython/_poll.pyx", line 116, in zmq.backend.cython._poll.zmq_poll (zmq/backend/cython/_poll.c:2036)
  File "zmq/backend/cython/checkrc.pxd", line 25, in zmq.backend.cython.checkrc._check_rc (zmq/backend/cython/_poll.c:2811)
    raise ZMQError(errno)
ZMQError: Socket operation on non-socket
2017-11-23 00:17:31,189: umgr.scheduling.0.child: umgr.scheduling.0               : umgr.scheduling.0.child.subscriber._base_command_cb: INFO    : put message: [umgr.scheduling.0.child.subscriber._base_command_cb.thread] ZMQError('Socket operation on non-socket')
2017-11-23 00:17:31,189: umgr.scheduling.0.child: umgr.scheduling.0               : umgr.scheduling.0.child.subscriber._base_command_cb: DEBUG   : ru_finalize_child (NOOP)
2017-11-23 00:17:31,189: umgr.scheduling.0.child: umgr.scheduling.0               : umgr.scheduling.0.child.subscriber._base_command_cb: INFO    : put message: [umgr.scheduling.0.child.subscriber._base_command_cb.thread] terminating
