2017-11-23 00:13:31,367: umgr.scheduling.queue.bridge.0000: MainProcess                     : MainThread     : INFO    : python.interpreter   version: 2.7.13 (default, Jan 19 2017, 14:48:08) [GCC 6.3.0 20170118]
2017-11-23 00:13:31,368: umgr.scheduling.queue.bridge.0000: MainProcess                     : MainThread     : INFO    :                      pid: 7046
2017-11-23 00:13:31,368: umgr.scheduling.queue.bridge.0000: MainProcess                     : MainThread     : INFO    :                      tid: MainThread
2017-11-23 00:13:31,368: umgr.scheduling.queue.bridge.0000: MainProcess                     : MainThread     : INFO    : radical.pilot        version: 0.46.2
2017-11-23 00:13:31,368: umgr.scheduling.queue.bridge.0000: MainProcess                     : MainThread     : INFO    : create umgr_scheduling_queue - bridge - tcp://*:*
2017-11-23 00:13:31,368: umgr.scheduling.queue.bridge.0000: MainProcess                     : MainThread     : DEBUG   : start process
2017-11-23 00:13:31,387: umgr.scheduling.queue.bridge.0000: umgr.scheduling.queue.bridge.0000: MainThread     : DEBUG   : ru_initialize_common (NOOP)
2017-11-23 00:13:31,389: umgr.scheduling.queue.bridge.0000: umgr.scheduling.queue.bridge.0000.child: MainThread     : INFO    : child (me) initializing
2017-11-23 00:13:31,389: umgr.scheduling.queue.bridge.0000: umgr.scheduling.queue.bridge.0000.child: MainThread     : DEBUG   : parent name: umgr.scheduling.queue.bridge.0000.child.watch
2017-11-23 00:13:31,389: umgr.scheduling.queue.bridge.0000: umgr.scheduling.queue.bridge.0000.child: MainThread     : DEBUG   : start thread
2017-11-23 00:13:31,390: umgr.scheduling.queue.bridge.0000: umgr.scheduling.queue.bridge.0000.child: umgr.scheduling.queue.bridge.0000.child.watch: DEBUG   : child name: umgr.scheduling.queue.bridge.0000.child.watch.thread
2017-11-23 00:13:31,390: umgr.scheduling.queue.bridge.0000: umgr.scheduling.queue.bridge.0000.child: umgr.scheduling.queue.bridge.0000.child.watch: INFO    : child (me) initializing
2017-11-23 00:13:31,390: umgr.scheduling.queue.bridge.0000: umgr.scheduling.queue.bridge.0000.child: umgr.scheduling.queue.bridge.0000.child.watch: DEBUG   : ru_initialize_common (NOOP)
2017-11-23 00:13:31,390: umgr.scheduling.queue.bridge.0000: umgr.scheduling.queue.bridge.0000.child: umgr.scheduling.queue.bridge.0000.child.watch: DEBUG   : ru_initialize_child (NOOP)
2017-11-23 00:13:31,390: umgr.scheduling.queue.bridge.0000: umgr.scheduling.queue.bridge.0000.child: umgr.scheduling.queue.bridge.0000.child.watch: INFO    : send alive
2017-11-23 00:13:31,390: umgr.scheduling.queue.bridge.0000: umgr.scheduling.queue.bridge.0000.child: umgr.scheduling.queue.bridge.0000.child.watch: INFO    : put message: [umgr.scheduling.queue.bridge.0000.child.watch.thread] alive
2017-11-23 00:13:31,391: umgr.scheduling.queue.bridge.0000: umgr.scheduling.queue.bridge.0000.child: MainThread     : INFO    : get msg: alive
2017-11-23 00:13:31,391: umgr.scheduling.queue.bridge.0000: umgr.scheduling.queue.bridge.0000.child: MainThread     : DEBUG   : ru_initialize_common (NOOP)
2017-11-23 00:13:31,391: umgr.scheduling.queue.bridge.0000: umgr.scheduling.queue.bridge.0000.child: MainThread     : DEBUG   : ru_initialize_parent (NOOP)
2017-11-23 00:13:31,391: umgr.scheduling.queue.bridge.0000: umgr.scheduling.queue.bridge.0000.child: MainThread     : DEBUG   : child thread umgr.scheduling.queue.bridge.0000.child.watch started
2017-11-23 00:13:31,391: umgr.scheduling.queue.bridge.0000: umgr.scheduling.queue.bridge.0000.child: MainThread     : INFO    : child (me) is alive
2017-11-23 00:13:31,391: umgr.scheduling.queue.bridge.0000: umgr.scheduling.queue.bridge.0000.child: MainThread     : INFO    : send alive
2017-11-23 00:13:31,391: umgr.scheduling.queue.bridge.0000: umgr.scheduling.queue.bridge.0000.child: MainThread     : INFO    : send message: [umgr.scheduling.queue.bridge.0000.child] alive
2017-11-23 00:13:31,391: umgr.scheduling.queue.bridge.0000: MainProcess                     : MainThread     : INFO    : recv message: alive
2017-11-23 00:13:31,392: umgr.scheduling.queue.bridge.0000: MainProcess                     : MainThread     : DEBUG   : ru_initialize_common (NOOP)
2017-11-23 00:13:31,392: umgr.scheduling.queue.bridge.0000: MainProcess                     : MainThread     : DEBUG   : ru_initialize_parent (NOOP)
2017-11-23 00:13:31,392: umgr.scheduling.queue.bridge.0000: MainProcess                     : MainThread     : DEBUG   : parent name: umgr.scheduling.queue.bridge.0000.watch
2017-11-23 00:13:31,392: umgr.scheduling.queue.bridge.0000: MainProcess                     : MainThread     : DEBUG   : start thread
2017-11-23 00:13:31,392: umgr.scheduling.queue.bridge.0000: MainProcess                     : umgr.scheduling.queue.bridge.0000.watch: DEBUG   : child name: umgr.scheduling.queue.bridge.0000.watch.thread
2017-11-23 00:13:31,393: umgr.scheduling.queue.bridge.0000: MainProcess                     : umgr.scheduling.queue.bridge.0000.watch: INFO    : child (me) initializing
2017-11-23 00:13:31,393: umgr.scheduling.queue.bridge.0000: MainProcess                     : umgr.scheduling.queue.bridge.0000.watch: DEBUG   : ru_initialize_common (NOOP)
2017-11-23 00:13:31,393: umgr.scheduling.queue.bridge.0000: MainProcess                     : umgr.scheduling.queue.bridge.0000.watch: DEBUG   : ru_initialize_child (NOOP)
2017-11-23 00:13:31,393: umgr.scheduling.queue.bridge.0000: MainProcess                     : umgr.scheduling.queue.bridge.0000.watch: INFO    : send alive
2017-11-23 00:13:31,393: umgr.scheduling.queue.bridge.0000: MainProcess                     : umgr.scheduling.queue.bridge.0000.watch: INFO    : put message: [umgr.scheduling.queue.bridge.0000.watch.thread] alive
2017-11-23 00:13:31,394: umgr.scheduling.queue.bridge.0000: MainProcess                     : MainThread     : INFO    : get msg: alive
2017-11-23 00:13:31,394: umgr.scheduling.queue.bridge.0000: MainProcess                     : MainThread     : DEBUG   : ru_initialize_common (NOOP)
2017-11-23 00:13:31,394: umgr.scheduling.queue.bridge.0000: MainProcess                     : MainThread     : DEBUG   : ru_initialize_parent (NOOP)
2017-11-23 00:13:31,394: umgr.scheduling.queue.bridge.0000: MainProcess                     : MainThread     : DEBUG   : child thread umgr.scheduling.queue.bridge.0000.watch started
2017-11-23 00:13:31,394: umgr.scheduling.queue.bridge.0000: MainProcess                     : MainThread     : INFO    : child is alive
2017-11-23 00:13:31,394: umgr.scheduling.queue.bridge.0000: MainProcess                     : MainThread     : DEBUG   : process class started child
2017-11-23 00:17:30,561: umgr.scheduling.queue.bridge.0000: umgr.scheduling.queue.bridge.0000.child: MainThread     : ERROR   : abort: KeyboardInterrupt()
Traceback (most recent call last):
  File "/home/george/Stream_ve/local/lib/python2.7/site-packages/radical/utils/process.py", line 608, in _run
    if not self.work_cb():
  File "/home/george/Stream_ve/local/lib/python2.7/site-packages/radical/pilot/utils/queue.py", line 344, in work_cb
    timeout=1000):
  File "/home/george/Stream_ve/local/lib/python2.7/site-packages/radical/pilot/utils/queue.py", line 50, in _uninterruptible
    return f(*args, **kwargs)
  File "/home/george/Stream_ve/local/lib/python2.7/site-packages/zmq/sugar/socket.py", line 558, in poll
    evts = dict(p.poll(timeout))
  File "/home/george/Stream_ve/local/lib/python2.7/site-packages/zmq/sugar/poll.py", line 99, in poll
    return zmq_poll(self.sockets, timeout=timeout)
  File "zmq/backend/cython/_poll.pyx", line 116, in zmq.backend.cython._poll.zmq_poll (zmq/backend/cython/_poll.c:2036)
  File "zmq/backend/cython/checkrc.pxd", line 12, in zmq.backend.cython.checkrc._check_rc (zmq/backend/cython/_poll.c:2418)
    PyErr_CheckSignals()
KeyboardInterrupt
2017-11-23 00:17:30,562: umgr.scheduling.queue.bridge.0000: umgr.scheduling.queue.bridge.0000.child: MainThread     : INFO    : send message: [umgr.scheduling.queue.bridge.0000.child] abort: KeyboardInterrupt()
2017-11-23 00:17:30,562: umgr.scheduling.queue.bridge.0000: umgr.scheduling.queue.bridge.0000.child: MainThread     : DEBUG   : ru_finalize_child (NOOP)
2017-11-23 00:17:30,564: umgr.scheduling.queue.bridge.0000: umgr.scheduling.queue.bridge.0000.child: MainThread     : INFO    : send message: [umgr.scheduling.queue.bridge.0000.child] terminating
2017-11-23 00:17:30,651: umgr.scheduling.queue.bridge.0000: umgr.scheduling.queue.bridge.0000.child: umgr.scheduling.queue.bridge.0000.child.watch: INFO    : watcher closes
2017-11-23 00:17:30,651: umgr.scheduling.queue.bridge.0000: umgr.scheduling.queue.bridge.0000.child: umgr.scheduling.queue.bridge.0000.child.watch: INFO    : put message: [umgr.scheduling.queue.bridge.0000.child.watch.thread] work finished
2017-11-23 00:17:30,651: umgr.scheduling.queue.bridge.0000: umgr.scheduling.queue.bridge.0000.child: umgr.scheduling.queue.bridge.0000.child.watch: DEBUG   : ru_finalize_child (NOOP)
2017-11-23 00:17:30,651: umgr.scheduling.queue.bridge.0000: umgr.scheduling.queue.bridge.0000.child: umgr.scheduling.queue.bridge.0000.child.watch: DEBUG   : ru_finalize_common (NOOP)
2017-11-23 00:17:30,652: umgr.scheduling.queue.bridge.0000: umgr.scheduling.queue.bridge.0000.child: umgr.scheduling.queue.bridge.0000.child.watch: INFO    : put message: [umgr.scheduling.queue.bridge.0000.child.watch.thread] terminating
2017-11-23 00:17:30,757: umgr.scheduling.queue.bridge.0000: MainProcess                     : umgr.scheduling.queue.bridge.0000.watch: WARNING : endpoint disappeard
2017-11-23 00:17:30,757: umgr.scheduling.queue.bridge.0000: MainProcess                     : umgr.scheduling.queue.bridge.0000.watch: INFO    : watcher closes
2017-11-23 00:17:30,757: umgr.scheduling.queue.bridge.0000: MainProcess                     : umgr.scheduling.queue.bridge.0000.watch: INFO    : put message: [umgr.scheduling.queue.bridge.0000.watch.thread] work finished
2017-11-23 00:17:30,757: umgr.scheduling.queue.bridge.0000: MainProcess                     : umgr.scheduling.queue.bridge.0000.watch: DEBUG   : ru_finalize_child (NOOP)
2017-11-23 00:17:30,757: umgr.scheduling.queue.bridge.0000: MainProcess                     : umgr.scheduling.queue.bridge.0000.watch: DEBUG   : ru_finalize_common (NOOP)
2017-11-23 00:17:30,758: umgr.scheduling.queue.bridge.0000: MainProcess                     : umgr.scheduling.queue.bridge.0000.watch: INFO    : put message: [umgr.scheduling.queue.bridge.0000.watch.thread] terminating
2017-11-23 00:17:31,444: umgr.scheduling.queue.bridge.0000: MainProcess                     : MainThread     : INFO    : parent stops child
2017-11-23 00:17:31,444: umgr.scheduling.queue.bridge.0000: MainProcess                     : MainThread     : DEBUG   : ru_finalize_parent (NOOP)
2017-11-23 00:17:31,444: umgr.scheduling.queue.bridge.0000: MainProcess                     : MainThread     : INFO    : parent stops child
2017-11-23 00:17:31,445: umgr.scheduling.queue.bridge.0000: MainProcess                     : MainThread     : DEBUG   : ru_finalize_parent (NOOP)
2017-11-23 00:17:31,445: umgr.scheduling.queue.bridge.0000: MainProcess                     : MainThread     : DEBUG   : ru_finalize_common (NOOP)
