2017-11-23 00:13:25,826: update.0.child      : update.0                        : MainThread     : INFO    : python.interpreter   version: 2.7.13 (default, Jan 19 2017, 14:48:08) [GCC 6.3.0 20170118]
2017-11-23 00:13:25,827: update.0.child      : update.0                        : MainThread     : INFO    :                      pid: 7077
2017-11-23 00:13:25,827: update.0.child      : update.0                        : MainThread     : INFO    :                      tid: MainThread
2017-11-23 00:13:25,827: update.0.child      : update.0                        : MainThread     : INFO    : radical.pilot        version: 0.46.2
2017-11-23 00:13:25,827: update.0.child      : update.0                        : MainThread     : INFO    : initialize update.0.child
2017-11-23 00:13:25,830: update.0.child      : update.0                        : MainThread     : INFO    : cfg: {'agents': {},
 u'bridges': {u'control_pubsub': {'addr_in': 'tcp://144.76.72.175:45165',
                                  'addr_out': 'tcp://144.76.72.175:46285',
                                  u'bulk_size': 0,
                                  u'log_level': u'debug',
                                  u'stall_hwm': 1},
              u'log_pubsub': {'addr_in': 'tcp://144.76.72.175:38678',
                              'addr_out': 'tcp://144.76.72.175:44871',
                              u'bulk_size': 0,
                              u'log_level': u'debug',
                              u'stall_hwm': 1},
              u'state_pubsub': {'addr_in': 'tcp://144.76.72.175:42382',
                                'addr_out': 'tcp://144.76.72.175:38322',
                                u'bulk_size': 0,
                                u'log_level': u'debug',
                                u'stall_hwm': 1}},
 'cname': u'UpdateWorker',
 u'components': {},
 u'count': 1,
 'dburl': 'mongodb://giorgos:giorgos7@ds035385.mongolab.com:35385/giorgos-radical',
 'debug': 'DEBUG',
 u'default_dburl': u'mongodb://rp:rp@ds015335.mlab.com:15335/rp',
 'logdir': '/home/george/repos/midas/streaming/RedisKmeans/map_reduce_kmeans/rp.session.one.george.017492.0013',
 'number': 0,
 'owner': 'rp.session.one.george.017492.0013',
 'session_id': 'rp.session.one.george.017492.0013'}
2017-11-23 00:13:25,830: update.0.child      : update.0                        : MainThread     : DEBUG   : start components: {}
2017-11-23 00:13:25,830: update.0.child      : update.0                        : MainThread     : DEBUG   : alive check in term
2017-11-23 00:13:25,830: update.0.child      : update.0                        : MainThread     : DEBUG   : START: update.0.child register publisher log_pubsub
2017-11-23 00:13:25,830: update.0.child      : update.0                        : MainThread     : DEBUG   : using addr tcp://144.76.72.175:38678 for pubsub log_pubsub
2017-11-23 00:13:25,833: update.0.child      : update.0                        : MainThread     : DEBUG   : registered publisher : log_pubsub : log.pubsub.pub.0000
2017-11-23 00:13:25,833: update.0.child      : update.0                        : MainThread     : DEBUG   : alive check in term
2017-11-23 00:13:25,833: update.0.child      : update.0                        : MainThread     : DEBUG   : START: update.0.child register publisher state_pubsub
2017-11-23 00:13:25,833: update.0.child      : update.0                        : MainThread     : DEBUG   : using addr tcp://144.76.72.175:42382 for pubsub state_pubsub
2017-11-23 00:13:25,835: update.0.child      : update.0                        : MainThread     : DEBUG   : registered publisher : state_pubsub : state.pubsub.pub.0000
2017-11-23 00:13:25,835: update.0.child      : update.0                        : MainThread     : DEBUG   : alive check in term
2017-11-23 00:13:25,835: update.0.child      : update.0                        : MainThread     : DEBUG   : START: update.0.child register publisher control_pubsub
2017-11-23 00:13:25,835: update.0.child      : update.0                        : MainThread     : DEBUG   : using addr tcp://144.76.72.175:45165 for pubsub control_pubsub
2017-11-23 00:13:25,837: update.0.child      : update.0                        : MainThread     : DEBUG   : registered publisher : control_pubsub : control.pubsub.pub.0000
2017-11-23 00:13:25,837: update.0.child      : update.0                        : MainThread     : DEBUG   : alive check in term
2017-11-23 00:13:25,837: update.0.child      : update.0                        : MainThread     : DEBUG   : START: update.0.child register subscriber update.0.child.subscriber._cancel_monitor_cb
2017-11-23 00:13:25,837: update.0.child      : update.0                        : MainThread     : DEBUG   : using addr tcp://144.76.72.175:46285 for pubsub control_pubsub
2017-11-23 00:13:25,851: update.0.child      : update.0                        : MainThread     : DEBUG   : parent name: update.0.child.subscriber._cancel_monitor_cb
2017-11-23 00:13:25,852: update.0.child      : update.0                        : MainThread     : DEBUG   : start thread
2017-11-23 00:13:25,852: update.0.child      : update.0                        : update.0.child.subscriber._cancel_monitor_cb: DEBUG   : child name: update.0.child.subscriber._cancel_monitor_cb.thread
2017-11-23 00:13:25,852: update.0.child      : update.0                        : update.0.child.subscriber._cancel_monitor_cb: INFO    : child (me) initializing
2017-11-23 00:13:25,852: update.0.child      : update.0                        : update.0.child.subscriber._cancel_monitor_cb: DEBUG   : ru_initialize_common (NOOP)
2017-11-23 00:13:25,853: update.0.child      : update.0                        : update.0.child.subscriber._cancel_monitor_cb: DEBUG   : ru_initialize_child (NOOP)
2017-11-23 00:13:25,853: update.0.child      : update.0                        : update.0.child.subscriber._cancel_monitor_cb: INFO    : send alive
2017-11-23 00:13:25,853: update.0.child      : update.0                        : update.0.child.subscriber._cancel_monitor_cb: INFO    : put message: [update.0.child.subscriber._cancel_monitor_cb.thread] alive
2017-11-23 00:13:25,853: update.0.child      : update.0                        : MainThread     : INFO    : get msg: alive
2017-11-23 00:13:25,853: update.0.child      : update.0                        : MainThread     : DEBUG   : ru_initialize_common (NOOP)
2017-11-23 00:13:25,853: update.0.child      : update.0                        : MainThread     : DEBUG   : ru_initialize_parent (NOOP)
2017-11-23 00:13:25,854: update.0.child      : update.0                        : MainThread     : DEBUG   : child thread update.0.child.subscriber._cancel_monitor_cb started
2017-11-23 00:13:25,854: update.0.child      : update.0                        : MainThread     : DEBUG   : update.0.child registered control_pubsub subscriber update.0.child.subscriber._cancel_monitor_cb
2017-11-23 00:13:26,332: update.0.child      : update.0                        : MainThread     : DEBUG   : alive check in term
2017-11-23 00:13:26,332: update.0.child      : update.0                        : MainThread     : DEBUG   : START: update.0.child register subscriber update.0.child.subscriber._state_cb
2017-11-23 00:13:26,332: update.0.child      : update.0                        : MainThread     : DEBUG   : using addr tcp://144.76.72.175:38322 for pubsub state_pubsub
2017-11-23 00:13:26,334: update.0.child      : update.0                        : MainThread     : DEBUG   : parent name: update.0.child.subscriber._state_cb
2017-11-23 00:13:26,335: update.0.child      : update.0                        : MainThread     : DEBUG   : start thread
2017-11-23 00:13:26,335: update.0.child      : update.0                        : update.0.child.subscriber._state_cb: DEBUG   : child name: update.0.child.subscriber._state_cb.thread
2017-11-23 00:13:26,335: update.0.child      : update.0                        : update.0.child.subscriber._state_cb: INFO    : child (me) initializing
2017-11-23 00:13:26,335: update.0.child      : update.0                        : update.0.child.subscriber._state_cb: DEBUG   : ru_initialize_common (NOOP)
2017-11-23 00:13:26,335: update.0.child      : update.0                        : update.0.child.subscriber._state_cb: DEBUG   : ru_initialize_child (NOOP)
2017-11-23 00:13:26,336: update.0.child      : update.0                        : update.0.child.subscriber._state_cb: INFO    : send alive
2017-11-23 00:13:26,336: update.0.child      : update.0                        : update.0.child.subscriber._state_cb: INFO    : put message: [update.0.child.subscriber._state_cb.thread] alive
2017-11-23 00:13:26,336: update.0.child      : update.0                        : MainThread     : INFO    : get msg: alive
2017-11-23 00:13:26,336: update.0.child      : update.0                        : MainThread     : DEBUG   : ru_initialize_common (NOOP)
2017-11-23 00:13:26,337: update.0.child      : update.0                        : MainThread     : DEBUG   : ru_initialize_parent (NOOP)
2017-11-23 00:13:26,337: update.0.child      : update.0                        : MainThread     : DEBUG   : child thread update.0.child.subscriber._state_cb started
2017-11-23 00:13:26,337: update.0.child      : update.0                        : MainThread     : DEBUG   : update.0.child registered state_pubsub subscriber update.0.child.subscriber._state_cb
2017-11-23 00:13:26,337: update.0.child      : update.0                        : MainThread     : DEBUG   : alive check in term
2017-11-23 00:13:26,337: update.0.child      : update.0                        : MainThread     : DEBUG   : START: update.0.child register idler update.0.child.idler._idle_cb
2017-11-23 00:13:26,337: update.0.child      : update.0                        : MainThread     : DEBUG   : parent name: update.0.child.idler._idle_cb
2017-11-23 00:13:26,338: update.0.child      : update.0                        : MainThread     : DEBUG   : start thread
2017-11-23 00:13:26,338: update.0.child      : update.0                        : update.0.child.idler._idle_cb: DEBUG   : child name: update.0.child.idler._idle_cb.thread
2017-11-23 00:13:26,338: update.0.child      : update.0                        : update.0.child.idler._idle_cb: INFO    : child (me) initializing
2017-11-23 00:13:26,338: update.0.child      : update.0                        : update.0.child.idler._idle_cb: DEBUG   : ru_initialize_common (NOOP)
2017-11-23 00:13:26,338: update.0.child      : update.0                        : update.0.child.idler._idle_cb: DEBUG   : ru_initialize_child (NOOP)
2017-11-23 00:13:26,338: update.0.child      : update.0                        : update.0.child.idler._idle_cb: INFO    : send alive
2017-11-23 00:13:26,338: update.0.child      : update.0                        : update.0.child.idler._idle_cb: INFO    : put message: [update.0.child.idler._idle_cb.thread] alive
2017-11-23 00:13:26,339: update.0.child      : update.0                        : MainThread     : INFO    : get msg: alive
2017-11-23 00:13:26,339: update.0.child      : update.0                        : MainThread     : DEBUG   : ru_initialize_common (NOOP)
2017-11-23 00:13:26,339: update.0.child      : update.0                        : MainThread     : DEBUG   : ru_initialize_parent (NOOP)
2017-11-23 00:13:26,339: update.0.child      : update.0                        : MainThread     : DEBUG   : child thread update.0.child.idler._idle_cb started
2017-11-23 00:13:26,340: update.0.child      : update.0                        : MainThread     : DEBUG   : update.0.child registered idler update.0.child.idler._idle_cb
2017-11-23 00:13:26,340: update.0.child      : update.0                        : MainThread     : INFO    : child (me) initializing
2017-11-23 00:13:26,340: update.0.child      : update.0                        : MainThread     : DEBUG   : parent name: update.0.child.watch
2017-11-23 00:13:26,340: update.0.child      : update.0                        : MainThread     : DEBUG   : start thread
2017-11-23 00:13:26,340: update.0.child      : update.0                        : update.0.child.watch: DEBUG   : child name: update.0.child.watch.thread
2017-11-23 00:13:26,341: update.0.child      : update.0                        : update.0.child.watch: INFO    : child (me) initializing
2017-11-23 00:13:26,341: update.0.child      : update.0                        : update.0.child.watch: DEBUG   : ru_initialize_common (NOOP)
2017-11-23 00:13:26,341: update.0.child      : update.0                        : update.0.child.watch: DEBUG   : ru_initialize_child (NOOP)
2017-11-23 00:13:26,341: update.0.child      : update.0                        : update.0.child.watch: INFO    : send alive
2017-11-23 00:13:26,341: update.0.child      : update.0                        : update.0.child.watch: INFO    : put message: [update.0.child.watch.thread] alive
2017-11-23 00:13:26,342: update.0.child      : update.0                        : MainThread     : INFO    : get msg: alive
2017-11-23 00:13:26,342: update.0.child      : update.0                        : MainThread     : DEBUG   : ru_initialize_common (NOOP)
2017-11-23 00:13:26,342: update.0.child      : update.0                        : MainThread     : DEBUG   : ru_initialize_parent (NOOP)
2017-11-23 00:13:26,342: update.0.child      : update.0                        : MainThread     : DEBUG   : child thread update.0.child.watch started
2017-11-23 00:13:26,342: update.0.child      : update.0                        : MainThread     : INFO    : child (me) is alive
2017-11-23 00:13:26,342: update.0.child      : update.0                        : MainThread     : INFO    : send alive
2017-11-23 00:13:26,342: update.0.child      : update.0                        : MainThread     : INFO    : send message: [update.0.child] alive
2017-11-23 00:13:31,249: update.0.child      : update.0                        : update.0.child.subscriber._state_cb: DEBUG   : bulked pilot.0000 [PMGR_LAUNCHING_PENDING] update.0.child
2017-11-23 00:13:31,342: update.0.child      : update.0                        : update.0.child.subscriber._state_cb: DEBUG   : bulk update result: {'nModified': 1, 'nUpserted': 0, 'nMatched': 1, 'writeErrors': [], 'upserted': [], 'writeConcernErrors': [], 'nRemoved': 0, 'nInserted': 0}
2017-11-23 00:13:31,343: update.0.child      : update.0                        : update.0.child.subscriber._state_cb: DEBUG   : bulked pilot.0000 [PMGR_LAUNCHING] update.0.child
2017-11-23 00:13:32,019: update.0.child      : update.0                        : update.0.child.subscriber._state_cb: DEBUG   : bulked unit.000000 [UMGR_SCHEDULING_PENDING] update.0.child
2017-11-23 00:13:32,022: update.0.child      : update.0                        : update.0.child.subscriber._state_cb: DEBUG   : bulked unit.000000 [UMGR_SCHEDULING] update.0.child
2017-11-23 00:13:32,023: update.0.child      : update.0                        : update.0.child.subscriber._state_cb: DEBUG   : bulked unit.000000 [UMGR_STAGING_INPUT_PENDING] update.0.child
2017-11-23 00:13:32,027: update.0.child      : update.0                        : update.0.child.subscriber._state_cb: DEBUG   : bulked unit.000000 [UMGR_STAGING_INPUT] update.0.child
2017-11-23 00:13:32,134: update.0.child      : update.0                        : update.0.child.subscriber._state_cb: DEBUG   : bulked unit.000001 [UMGR_SCHEDULING_PENDING] update.0.child
2017-11-23 00:13:32,135: update.0.child      : update.0                        : update.0.child.subscriber._state_cb: DEBUG   : bulked unit.000002 [UMGR_SCHEDULING_PENDING] update.0.child
2017-11-23 00:13:32,135: update.0.child      : update.0                        : update.0.child.subscriber._state_cb: DEBUG   : bulked unit.000003 [UMGR_SCHEDULING_PENDING] update.0.child
2017-11-23 00:13:32,141: update.0.child      : update.0                        : update.0.child.subscriber._state_cb: DEBUG   : bulked unit.000001 [UMGR_SCHEDULING] update.0.child
2017-11-23 00:13:32,141: update.0.child      : update.0                        : update.0.child.subscriber._state_cb: DEBUG   : bulked unit.000002 [UMGR_SCHEDULING] update.0.child
2017-11-23 00:13:32,141: update.0.child      : update.0                        : update.0.child.subscriber._state_cb: DEBUG   : bulked unit.000003 [UMGR_SCHEDULING] update.0.child
2017-11-23 00:13:32,143: update.0.child      : update.0                        : update.0.child.subscriber._state_cb: DEBUG   : bulked unit.000001 [UMGR_STAGING_INPUT_PENDING] update.0.child
2017-11-23 00:13:32,143: update.0.child      : update.0                        : update.0.child.subscriber._state_cb: DEBUG   : bulked unit.000002 [UMGR_STAGING_INPUT_PENDING] update.0.child
2017-11-23 00:13:32,143: update.0.child      : update.0                        : update.0.child.subscriber._state_cb: DEBUG   : bulked unit.000003 [UMGR_STAGING_INPUT_PENDING] update.0.child
2017-11-23 00:13:32,445: update.0.child      : update.0                        : update.0.child.idler._idle_cb: DEBUG   : bulk update result: {'nModified': 14, 'nUpserted': 0, 'nMatched': 14, 'writeErrors': [], 'upserted': [], 'writeConcernErrors': [], 'nRemoved': 0, 'nInserted': 0}
2017-11-23 00:13:35,718: update.0.child      : update.0                        : update.0.child.subscriber._state_cb: DEBUG   : bulked unit.000000 [AGENT_STAGING_INPUT_PENDING] update.0.child
2017-11-23 00:13:35,811: update.0.child      : update.0                        : update.0.child.subscriber._state_cb: DEBUG   : bulk update result: {'nModified': 1, 'nUpserted': 0, 'nMatched': 1, 'writeErrors': [], 'upserted': [], 'writeConcernErrors': [], 'nRemoved': 0, 'nInserted': 0}
2017-11-23 00:13:35,812: update.0.child      : update.0                        : update.0.child.subscriber._state_cb: DEBUG   : bulked unit.000001 [UMGR_STAGING_INPUT] update.0.child
2017-11-23 00:13:35,812: update.0.child      : update.0                        : update.0.child.subscriber._state_cb: DEBUG   : bulked unit.000002 [UMGR_STAGING_INPUT] update.0.child
2017-11-23 00:13:35,812: update.0.child      : update.0                        : update.0.child.subscriber._state_cb: DEBUG   : bulked unit.000003 [UMGR_STAGING_INPUT] update.0.child
2017-11-23 00:13:37,220: update.0.child      : update.0                        : update.0.child.subscriber._state_cb: DEBUG   : bulked unit.000001 [AGENT_STAGING_INPUT_PENDING] update.0.child
2017-11-23 00:13:37,315: update.0.child      : update.0                        : update.0.child.subscriber._state_cb: DEBUG   : bulk update result: {'nModified': 4, 'nUpserted': 0, 'nMatched': 4, 'writeErrors': [], 'upserted': [], 'writeConcernErrors': [], 'nRemoved': 0, 'nInserted': 0}
2017-11-23 00:13:38,588: update.0.child      : update.0                        : update.0.child.subscriber._state_cb: DEBUG   : bulked unit.000002 [AGENT_STAGING_INPUT_PENDING] update.0.child
2017-11-23 00:13:38,682: update.0.child      : update.0                        : update.0.child.subscriber._state_cb: DEBUG   : bulk update result: {'nModified': 1, 'nUpserted': 0, 'nMatched': 1, 'writeErrors': [], 'upserted': [], 'writeConcernErrors': [], 'nRemoved': 0, 'nInserted': 0}
2017-11-23 00:13:39,917: update.0.child      : update.0                        : update.0.child.subscriber._state_cb: DEBUG   : bulked unit.000003 [AGENT_STAGING_INPUT_PENDING] update.0.child
2017-11-23 00:13:40,010: update.0.child      : update.0                        : update.0.child.subscriber._state_cb: DEBUG   : bulk update result: {'nModified': 1, 'nUpserted': 0, 'nMatched': 1, 'writeErrors': [], 'upserted': [], 'writeConcernErrors': [], 'nRemoved': 0, 'nInserted': 0}
2017-11-23 00:13:49,786: update.0.child      : update.0                        : update.0.child.subscriber._state_cb: DEBUG   : bulked pilot.0000 [PMGR_ACTIVE_PENDING] update.0.child
2017-11-23 00:13:49,880: update.0.child      : update.0                        : update.0.child.subscriber._state_cb: DEBUG   : bulk update result: {'nModified': 1, 'nUpserted': 0, 'nMatched': 1, 'writeErrors': [], 'upserted': [], 'writeConcernErrors': [], 'nRemoved': 0, 'nInserted': 0}
2017-11-23 00:14:21,896: update.0.child      : update.0                        : update.0.child.subscriber._state_cb: DEBUG   : bulked pilot.0000 [PMGR_ACTIVE] update.0.child
2017-11-23 00:14:21,989: update.0.child      : update.0                        : update.0.child.subscriber._state_cb: DEBUG   : bulk update result: {'nModified': 1, 'nUpserted': 0, 'nMatched': 1, 'writeErrors': [], 'upserted': [], 'writeConcernErrors': [], 'nRemoved': 0, 'nInserted': 0}
2017-11-23 00:14:22,255: update.0.child      : update.0                        : update.0.child.subscriber._state_cb: DEBUG   : bulked unit.000003 [AGENT_STAGING_INPUT] update.0.child
2017-11-23 00:14:22,257: update.0.child      : update.0                        : update.0.child.subscriber._state_cb: DEBUG   : bulked unit.000003 [AGENT_SCHEDULING_PENDING] update.0.child
2017-11-23 00:14:22,258: update.0.child      : update.0                        : update.0.child.subscriber._state_cb: DEBUG   : bulked unit.000003 [AGENT_SCHEDULING] update.0.child
2017-11-23 00:14:22,259: update.0.child      : update.0                        : update.0.child.subscriber._state_cb: DEBUG   : bulked unit.000003 [AGENT_EXECUTING_PENDING] update.0.child
2017-11-23 00:14:22,260: update.0.child      : update.0                        : update.0.child.subscriber._state_cb: DEBUG   : bulked unit.000003 [AGENT_EXECUTING] update.0.child
2017-11-23 00:14:22,261: update.0.child      : update.0                        : update.0.child.subscriber._state_cb: DEBUG   : bulked unit.000002 [AGENT_STAGING_INPUT] update.0.child
2017-11-23 00:14:22,262: update.0.child      : update.0                        : update.0.child.subscriber._state_cb: DEBUG   : bulked unit.000002 [AGENT_SCHEDULING_PENDING] update.0.child
2017-11-23 00:14:22,263: update.0.child      : update.0                        : update.0.child.subscriber._state_cb: DEBUG   : bulked unit.000002 [AGENT_SCHEDULING] update.0.child
2017-11-23 00:14:22,264: update.0.child      : update.0                        : update.0.child.subscriber._state_cb: DEBUG   : bulked unit.000002 [AGENT_EXECUTING_PENDING] update.0.child
2017-11-23 00:14:22,265: update.0.child      : update.0                        : update.0.child.subscriber._state_cb: DEBUG   : bulked unit.000002 [AGENT_EXECUTING] update.0.child
2017-11-23 00:14:22,266: update.0.child      : update.0                        : update.0.child.subscriber._state_cb: DEBUG   : bulked unit.000001 [AGENT_STAGING_INPUT] update.0.child
2017-11-23 00:14:22,267: update.0.child      : update.0                        : update.0.child.subscriber._state_cb: DEBUG   : bulked unit.000001 [AGENT_SCHEDULING_PENDING] update.0.child
2017-11-23 00:14:22,268: update.0.child      : update.0                        : update.0.child.subscriber._state_cb: DEBUG   : bulked unit.000001 [AGENT_SCHEDULING] update.0.child
2017-11-23 00:14:22,269: update.0.child      : update.0                        : update.0.child.subscriber._state_cb: DEBUG   : bulked unit.000001 [AGENT_EXECUTING_PENDING] update.0.child
2017-11-23 00:14:22,270: update.0.child      : update.0                        : update.0.child.subscriber._state_cb: DEBUG   : bulked unit.000001 [AGENT_EXECUTING] update.0.child
2017-11-23 00:14:22,271: update.0.child      : update.0                        : update.0.child.subscriber._state_cb: DEBUG   : bulked unit.000000 [AGENT_STAGING_INPUT] update.0.child
2017-11-23 00:14:22,272: update.0.child      : update.0                        : update.0.child.subscriber._state_cb: DEBUG   : bulked unit.000000 [AGENT_SCHEDULING_PENDING] update.0.child
2017-11-23 00:14:22,273: update.0.child      : update.0                        : update.0.child.subscriber._state_cb: DEBUG   : bulked unit.000000 [AGENT_SCHEDULING] update.0.child
2017-11-23 00:14:22,274: update.0.child      : update.0                        : update.0.child.subscriber._state_cb: DEBUG   : bulked unit.000000 [AGENT_EXECUTING_PENDING] update.0.child
2017-11-23 00:14:22,275: update.0.child      : update.0                        : update.0.child.subscriber._state_cb: DEBUG   : bulked unit.000000 [AGENT_EXECUTING] update.0.child
2017-11-23 00:14:23,378: update.0.child      : update.0                        : update.0.child.subscriber._state_cb: DEBUG   : bulked unit.000000 [AGENT_STAGING_OUTPUT_PENDING] update.0.child
2017-11-23 00:14:23,476: update.0.child      : update.0                        : update.0.child.subscriber._state_cb: DEBUG   : bulk update result: {'nModified': 21, 'nUpserted': 0, 'nMatched': 21, 'writeErrors': [], 'upserted': [], 'writeConcernErrors': [], 'nRemoved': 0, 'nInserted': 0}
2017-11-23 00:14:25,577: update.0.child      : update.0                        : update.0.child.subscriber._state_cb: DEBUG   : bulked unit.000002 [AGENT_STAGING_OUTPUT_PENDING] update.0.child
2017-11-23 00:14:25,670: update.0.child      : update.0                        : update.0.child.subscriber._state_cb: DEBUG   : bulk update result: {'nModified': 1, 'nUpserted': 0, 'nMatched': 1, 'writeErrors': [], 'upserted': [], 'writeConcernErrors': [], 'nRemoved': 0, 'nInserted': 0}
2017-11-23 00:14:25,671: update.0.child      : update.0                        : update.0.child.subscriber._state_cb: DEBUG   : bulked unit.000002 [AGENT_STAGING_OUTPUT] update.0.child
2017-11-23 00:14:25,671: update.0.child      : update.0                        : update.0.child.subscriber._state_cb: DEBUG   : bulked unit.000002 [UMGR_STAGING_OUTPUT_PENDING] update.0.child
2017-11-23 00:14:25,671: update.0.child      : update.0                        : update.0.child.subscriber._state_cb: DEBUG   : bulked unit.000000 [AGENT_STAGING_OUTPUT] update.0.child
2017-11-23 00:14:25,672: update.0.child      : update.0                        : update.0.child.subscriber._state_cb: DEBUG   : bulked unit.000000 [UMGR_STAGING_OUTPUT_PENDING] update.0.child
2017-11-23 00:14:25,871: update.0.child      : update.0                        : update.0.child.subscriber._state_cb: DEBUG   : bulked unit.000000 [UMGR_STAGING_OUTPUT_PENDING] update.0.child
2017-11-23 00:14:25,872: update.0.child      : update.0                        : update.0.child.subscriber._state_cb: DEBUG   : bulked unit.000002 [UMGR_STAGING_OUTPUT_PENDING] update.0.child
2017-11-23 00:14:25,879: update.0.child      : update.0                        : update.0.child.subscriber._state_cb: DEBUG   : bulked unit.000000 [UMGR_STAGING_OUTPUT] update.0.child
2017-11-23 00:14:25,879: update.0.child      : update.0                        : update.0.child.subscriber._state_cb: DEBUG   : bulked unit.000002 [UMGR_STAGING_OUTPUT] update.0.child
2017-11-23 00:14:25,884: update.0.child      : update.0                        : update.0.child.subscriber._state_cb: DEBUG   : bulked unit.000000 [DONE] update.0.child
2017-11-23 00:14:25,884: update.0.child      : update.0                        : update.0.child.subscriber._state_cb: DEBUG   : bulked unit.000002 [DONE] update.0.child
2017-11-23 00:14:27,627: update.0.child      : update.0                        : update.0.child.idler._idle_cb: DEBUG   : bulk update result: {'nModified': 10, 'nUpserted': 0, 'nMatched': 10, 'writeErrors': [], 'upserted': [], 'writeConcernErrors': [], 'nRemoved': 0, 'nInserted': 0}
2017-11-23 00:14:28,876: update.0.child      : update.0                        : update.0.child.subscriber._state_cb: DEBUG   : bulked unit.000001 [AGENT_STAGING_OUTPUT_PENDING] update.0.child
2017-11-23 00:14:28,968: update.0.child      : update.0                        : update.0.child.subscriber._state_cb: DEBUG   : bulk update result: {'nModified': 1, 'nUpserted': 0, 'nMatched': 1, 'writeErrors': [], 'upserted': [], 'writeConcernErrors': [], 'nRemoved': 0, 'nInserted': 0}
2017-11-23 00:14:31,073: update.0.child      : update.0                        : update.0.child.subscriber._state_cb: DEBUG   : bulked unit.000001 [AGENT_STAGING_OUTPUT] update.0.child
2017-11-23 00:14:31,167: update.0.child      : update.0                        : update.0.child.subscriber._state_cb: DEBUG   : bulk update result: {'nModified': 1, 'nUpserted': 0, 'nMatched': 1, 'writeErrors': [], 'upserted': [], 'writeConcernErrors': [], 'nRemoved': 0, 'nInserted': 0}
2017-11-23 00:14:31,167: update.0.child      : update.0                        : update.0.child.subscriber._state_cb: DEBUG   : bulked unit.000001 [UMGR_STAGING_OUTPUT_PENDING] update.0.child
2017-11-23 00:14:31,566: update.0.child      : update.0                        : update.0.child.subscriber._state_cb: DEBUG   : bulked unit.000001 [UMGR_STAGING_OUTPUT_PENDING] update.0.child
2017-11-23 00:14:31,571: update.0.child      : update.0                        : update.0.child.subscriber._state_cb: DEBUG   : bulked unit.000001 [UMGR_STAGING_OUTPUT] update.0.child
2017-11-23 00:14:31,573: update.0.child      : update.0                        : update.0.child.subscriber._state_cb: DEBUG   : bulked unit.000001 [DONE] update.0.child
2017-11-23 00:14:32,729: update.0.child      : update.0                        : update.0.child.idler._idle_cb: DEBUG   : bulk update result: {'nModified': 4, 'nUpserted': 0, 'nMatched': 4, 'writeErrors': [], 'upserted': [], 'writeConcernErrors': [], 'nRemoved': 0, 'nInserted': 0}
2017-11-23 00:17:30,568: update.0.child      : update.0                        : MainThread     : ERROR   : abort: KeyboardInterrupt()
Traceback (most recent call last):
  File "/home/george/Stream_ve/local/lib/python2.7/site-packages/radical/utils/process.py", line 608, in _run
    if not self.work_cb():
  File "/home/george/Stream_ve/local/lib/python2.7/site-packages/radical/pilot/utils/component.py", line 1181, in work_cb
    time.sleep(0.1)
KeyboardInterrupt
2017-11-23 00:17:30,569: update.0.child      : update.0                        : MainThread     : INFO    : send message: [update.0.child] abort: KeyboardInterrupt()
2017-11-23 00:17:30,570: update.0.child      : update.0                        : MainThread     : DEBUG   : TERM : update.0.child unregister idler update.0.child.idler._idle_cb
2017-11-23 00:17:30,570: update.0.child      : update.0                        : MainThread     : INFO    : parent stops child
2017-11-23 00:17:30,570: update.0.child      : update.0                        : MainThread     : DEBUG   : ru_finalize_parent (NOOP)
2017-11-23 00:17:30,570: update.0.child      : update.0                        : MainThread     : DEBUG   : ru_finalize_common (NOOP)
2017-11-23 00:17:30,605: update.0.child      : update.0                        : update.0.child.idler._idle_cb: DEBUG   : ru_finalize_child (NOOP)
2017-11-23 00:17:30,605: update.0.child      : update.0                        : update.0.child.idler._idle_cb: DEBUG   : ru_finalize_common (NOOP)
2017-11-23 00:17:30,605: update.0.child      : update.0                        : update.0.child.idler._idle_cb: INFO    : put message: [update.0.child.idler._idle_cb.thread] terminating
2017-11-23 00:17:30,634: update.0.child      : update.0                        : MainThread     : DEBUG   : TERM : update.0.child unregistered idler update.0.child.idler._idle_cb
2017-11-23 00:17:30,634: update.0.child      : update.0                        : MainThread     : DEBUG   : TERM : update.0.child unregister subscriber update.0.child.subscriber._state_cb
2017-11-23 00:17:30,634: update.0.child      : update.0                        : MainThread     : DEBUG   : unregistered subscriber update.0.child.subscriber._state_cb
2017-11-23 00:17:30,634: update.0.child      : update.0                        : MainThread     : DEBUG   : ru_finalize_common()
2017-11-23 00:17:30,634: update.0.child      : update.0                        : MainThread     : DEBUG   : TERM : update.0.child unregister publisher log_pubsub
2017-11-23 00:17:30,635: update.0.child      : update.0                        : MainThread     : DEBUG   : unregistered publisher log_pubsub
2017-11-23 00:17:30,635: update.0.child      : update.0                        : MainThread     : DEBUG   : TERM : update.0.child unregister publisher state_pubsub
2017-11-23 00:17:30,635: update.0.child      : update.0                        : MainThread     : DEBUG   : unregistered publisher state_pubsub
2017-11-23 00:17:30,635: update.0.child      : update.0                        : MainThread     : DEBUG   : TERM : update.0.child unregister publisher control_pubsub
2017-11-23 00:17:30,636: update.0.child      : update.0                        : MainThread     : DEBUG   : unregistered publisher control_pubsub
2017-11-23 00:17:30,636: update.0.child      : update.0                        : MainThread     : DEBUG   : update.0.child close prof
2017-11-23 00:17:30,636: update.0.child      : update.0                        : MainThread     : INFO    : send message: [update.0.child] terminating
2017-11-23 00:17:30,715: update.0.child      : update.0                        : update.0.child.watch: INFO    : watcher closes
2017-11-23 00:17:30,715: update.0.child      : update.0                        : update.0.child.watch: INFO    : put message: [update.0.child.watch.thread] work finished
2017-11-23 00:17:30,716: update.0.child      : update.0                        : update.0.child.watch: DEBUG   : ru_finalize_child (NOOP)
2017-11-23 00:17:30,716: update.0.child      : update.0                        : update.0.child.watch: DEBUG   : ru_finalize_common (NOOP)
2017-11-23 00:17:30,716: update.0.child      : update.0                        : update.0.child.watch: INFO    : put message: [update.0.child.watch.thread] terminating
2017-11-23 00:17:30,750: update.0.child      : update.0                        : MainThread     : INFO    : parent stops child
2017-11-23 00:17:30,750: update.0.child      : update.0                        : MainThread     : DEBUG   : ru_finalize_parent (NOOP)
2017-11-23 00:17:30,750: update.0.child      : update.0                        : update.0.child.subscriber._cancel_monitor_cb: ERROR   : abort: ZMQError('Socket operation on non-socket')
Traceback (most recent call last):
  File "/home/george/Stream_ve/local/lib/python2.7/site-packages/radical/utils/threads.py", line 375, in _run
    if not self.work_cb():
  File "/home/george/Stream_ve/local/lib/python2.7/site-packages/radical/pilot/utils/component.py", line 1088, in work_cb
    topic, msg = self._q.get_nowait(500)  # timout in ms
  File "/home/george/Stream_ve/local/lib/python2.7/site-packages/radical/pilot/utils/pubsub.py", line 352, in get_nowait
    if _uninterruptible(self._q.poll, flags=zmq.POLLIN, timeout=timeout):
  File "/home/george/Stream_ve/local/lib/python2.7/site-packages/radical/pilot/utils/pubsub.py", line 50, in _uninterruptible
    return f(*args, **kwargs)
  File "/home/george/Stream_ve/local/lib/python2.7/site-packages/zmq/sugar/socket.py", line 558, in poll
    evts = dict(p.poll(timeout))
  File "/home/george/Stream_ve/local/lib/python2.7/site-packages/zmq/sugar/poll.py", line 99, in poll
    return zmq_poll(self.sockets, timeout=timeout)
  File "zmq/backend/cython/_poll.pyx", line 123, in zmq.backend.cython._poll.zmq_poll (zmq/backend/cython/_poll.c:2186)
  File "zmq/backend/cython/_poll.pyx", line 116, in zmq.backend.cython._poll.zmq_poll (zmq/backend/cython/_poll.c:2036)
  File "zmq/backend/cython/checkrc.pxd", line 25, in zmq.backend.cython.checkrc._check_rc (zmq/backend/cython/_poll.c:2811)
    raise ZMQError(errno)
ZMQError: Socket operation on non-socket
2017-11-23 00:17:30,752: update.0.child      : update.0                        : update.0.child.subscriber._cancel_monitor_cb: INFO    : put message: [update.0.child.subscriber._cancel_monitor_cb.thread] ZMQError('Socket operation on non-socket')
2017-11-23 00:17:30,752: update.0.child      : update.0                        : update.0.child.subscriber._cancel_monitor_cb: DEBUG   : ru_finalize_child (NOOP)
2017-11-23 00:17:30,752: update.0.child      : update.0                        : update.0.child.subscriber._cancel_monitor_cb: INFO    : put message: [update.0.child.subscriber._cancel_monitor_cb.thread] terminating
2017-11-23 00:17:31,001: update.0.child      : update.0                        : MainThread     : INFO    : parent stops child
2017-11-23 00:17:31,001: update.0.child      : update.0                        : MainThread     : DEBUG   : ru_finalize_parent (NOOP)
2017-11-23 00:17:31,002: update.0.child      : update.0                        : update.0.child.subscriber._state_cb: ERROR   : abort: ZMQError('Socket operation on non-socket')
Traceback (most recent call last):
  File "/home/george/Stream_ve/local/lib/python2.7/site-packages/radical/utils/threads.py", line 375, in _run
    if not self.work_cb():
  File "/home/george/Stream_ve/local/lib/python2.7/site-packages/radical/pilot/utils/component.py", line 1088, in work_cb
    topic, msg = self._q.get_nowait(500)  # timout in ms
  File "/home/george/Stream_ve/local/lib/python2.7/site-packages/radical/pilot/utils/pubsub.py", line 352, in get_nowait
    if _uninterruptible(self._q.poll, flags=zmq.POLLIN, timeout=timeout):
  File "/home/george/Stream_ve/local/lib/python2.7/site-packages/radical/pilot/utils/pubsub.py", line 50, in _uninterruptible
    return f(*args, **kwargs)
  File "/home/george/Stream_ve/local/lib/python2.7/site-packages/zmq/sugar/socket.py", line 558, in poll
    evts = dict(p.poll(timeout))
  File "/home/george/Stream_ve/local/lib/python2.7/site-packages/zmq/sugar/poll.py", line 99, in poll
    return zmq_poll(self.sockets, timeout=timeout)
  File "zmq/backend/cython/_poll.pyx", line 123, in zmq.backend.cython._poll.zmq_poll (zmq/backend/cython/_poll.c:2186)
  File "zmq/backend/cython/_poll.pyx", line 116, in zmq.backend.cython._poll.zmq_poll (zmq/backend/cython/_poll.c:2036)
  File "zmq/backend/cython/checkrc.pxd", line 25, in zmq.backend.cython.checkrc._check_rc (zmq/backend/cython/_poll.c:2811)
    raise ZMQError(errno)
ZMQError: Socket operation on non-socket
2017-11-23 00:17:31,002: update.0.child      : update.0                        : update.0.child.subscriber._state_cb: INFO    : put message: [update.0.child.subscriber._state_cb.thread] ZMQError('Socket operation on non-socket')
2017-11-23 00:17:31,003: update.0.child      : update.0                        : update.0.child.subscriber._state_cb: DEBUG   : ru_finalize_child (NOOP)
2017-11-23 00:17:31,003: update.0.child      : update.0                        : update.0.child.subscriber._state_cb: INFO    : put message: [update.0.child.subscriber._state_cb.thread] terminating
2017-11-23 00:17:31,252: update.0.child      : update.0                        : MainThread     : INFO    : parent stops child
