[2017-08-06 21:17:27,726] DEBUG preRegister called. Server=com.sun.jmx.mbeanserver.JmxMBeanServer@66d3c617, name=log4j:logger=kafka.controller (kafka.controller)
[2017-08-06 21:35:10,467] INFO [Controller 0]: Controller starting up (kafka.controller.KafkaController)
[2017-08-06 21:35:10,496] INFO [Controller 0]: Broker 0 starting become controller state transition (kafka.controller.KafkaController)
[2017-08-06 21:35:10,522] INFO [Controller 0]: Controller 0 incremented epoch to 1 (kafka.controller.KafkaController)
[2017-08-06 21:35:10,533] INFO [Controller 0]: Partitions undergoing preferred replica election:  (kafka.controller.KafkaController)
[2017-08-06 21:35:10,534] INFO [Controller 0]: Partitions that completed preferred replica election:  (kafka.controller.KafkaController)
[2017-08-06 21:35:10,534] INFO [Controller 0]: Resuming preferred replica election for partitions:  (kafka.controller.KafkaController)
[2017-08-06 21:35:10,536] INFO [Controller 0]: Partitions being reassigned: Map() (kafka.controller.KafkaController)
[2017-08-06 21:35:10,536] INFO [Controller 0]: Partitions already reassigned: List() (kafka.controller.KafkaController)
[2017-08-06 21:35:10,537] INFO [Controller 0]: Resuming reassignment of partitions: Map() (kafka.controller.KafkaController)
[2017-08-06 21:35:10,539] INFO [Controller 0]: List of topics to be deleted:  (kafka.controller.KafkaController)
[2017-08-06 21:35:10,539] INFO [Controller 0]: List of topics ineligible for deletion:  (kafka.controller.KafkaController)
[2017-08-06 21:35:10,541] INFO [Controller 0]: Currently active brokers in the cluster: Set() (kafka.controller.KafkaController)
[2017-08-06 21:35:10,541] INFO [Controller 0]: Currently shutting brokers in the cluster: Set() (kafka.controller.KafkaController)
[2017-08-06 21:35:10,542] INFO [Controller 0]: Current list of topics in the cluster: Set() (kafka.controller.KafkaController)
[2017-08-06 21:35:10,543] INFO [Replica state machine on controller 0]: Started replica state machine with initial state -> Map() (kafka.controller.ReplicaStateMachine)
[2017-08-06 21:35:10,546] INFO [Partition state machine on Controller 0]: Started partition state machine with initial state -> Map() (kafka.controller.PartitionStateMachine)
[2017-08-06 21:35:10,547] INFO [Controller 0]: Broker 0 is ready to serve as the new controller with epoch 1 (kafka.controller.KafkaController)
[2017-08-06 21:35:10,548] INFO [Controller 0]: Starting preferred replica leader election for partitions  (kafka.controller.KafkaController)
[2017-08-06 21:35:10,548] INFO [Partition state machine on Controller 0]: Invoking state change to OnlinePartition for partitions  (kafka.controller.PartitionStateMachine)
[2017-08-06 21:35:10,562] INFO [Controller 0]: starting the partition rebalance scheduler (kafka.controller.KafkaController)
[2017-08-06 21:35:10,563] INFO [Controller 0]: Controller startup complete (kafka.controller.KafkaController)
[2017-08-06 21:35:10,563] INFO [delete-topics-thread-0], Starting  (kafka.controller.TopicDeletionManager$DeleteTopicsThread)
[2017-08-06 21:35:10,564] DEBUG [Topic Deletion Manager 0], Waiting for signal to start or continue topic deletion (kafka.controller.TopicDeletionManager)
[2017-08-06 21:35:10,616] INFO [BrokerChangeListener on Controller 0]: Broker change listener fired for path /brokers/ids with children 0 (kafka.controller.ReplicaStateMachine$BrokerChangeListener)
[2017-08-06 21:35:10,634] INFO [BrokerChangeListener on Controller 0]: Newly added brokers: 0, deleted brokers: , all live brokers: 0 (kafka.controller.ReplicaStateMachine$BrokerChangeListener)
[2017-08-06 21:35:10,635] DEBUG [Channel manager on controller 0]: Controller 0 trying to connect to broker 0 (kafka.controller.ControllerChannelManager)
[2017-08-06 21:35:10,639] INFO [Controller-0-to-broker-0-send-thread], Controller 0 connected to id:0,host:c251-110.wrangler.tacc.utexas.edu,port:9092 for sending state change requests (kafka.controller.RequestSendThread)
[2017-08-06 21:35:10,640] INFO [Controller-0-to-broker-0-send-thread], Starting  (kafka.controller.RequestSendThread)
[2017-08-06 21:35:10,640] INFO [Controller 0]: New broker startup callback for 0 (kafka.controller.KafkaController)
[2017-08-06 21:35:15,563] TRACE [Controller 0]: checking need to trigger partition rebalance (kafka.controller.KafkaController)
[2017-08-06 21:35:15,564] DEBUG [Controller 0]: preferred replicas by broker Map() (kafka.controller.KafkaController)
[2017-08-06 21:44:00,764] INFO [Controller 0]: Controller starting up (kafka.controller.KafkaController)
[2017-08-06 21:44:00,794] INFO [Controller 0]: Broker 0 starting become controller state transition (kafka.controller.KafkaController)
[2017-08-06 21:44:00,820] INFO [Controller 0]: Controller 0 incremented epoch to 1 (kafka.controller.KafkaController)
[2017-08-06 21:44:00,832] INFO [Controller 0]: Partitions undergoing preferred replica election:  (kafka.controller.KafkaController)
[2017-08-06 21:44:00,833] INFO [Controller 0]: Partitions that completed preferred replica election:  (kafka.controller.KafkaController)
[2017-08-06 21:44:00,833] INFO [Controller 0]: Resuming preferred replica election for partitions:  (kafka.controller.KafkaController)
[2017-08-06 21:44:00,835] INFO [Controller 0]: Partitions being reassigned: Map() (kafka.controller.KafkaController)
[2017-08-06 21:44:00,835] INFO [Controller 0]: Partitions already reassigned: List() (kafka.controller.KafkaController)
[2017-08-06 21:44:00,836] INFO [Controller 0]: Resuming reassignment of partitions: Map() (kafka.controller.KafkaController)
[2017-08-06 21:44:00,838] INFO [Controller 0]: List of topics to be deleted:  (kafka.controller.KafkaController)
[2017-08-06 21:44:00,838] INFO [Controller 0]: List of topics ineligible for deletion:  (kafka.controller.KafkaController)
[2017-08-06 21:44:00,840] INFO [Controller 0]: Currently active brokers in the cluster: Set() (kafka.controller.KafkaController)
[2017-08-06 21:44:00,841] INFO [Controller 0]: Currently shutting brokers in the cluster: Set() (kafka.controller.KafkaController)
[2017-08-06 21:44:00,841] INFO [Controller 0]: Current list of topics in the cluster: Set() (kafka.controller.KafkaController)
[2017-08-06 21:44:00,844] INFO [Replica state machine on controller 0]: Started replica state machine with initial state -> Map() (kafka.controller.ReplicaStateMachine)
[2017-08-06 21:44:00,847] INFO [Partition state machine on Controller 0]: Started partition state machine with initial state -> Map() (kafka.controller.PartitionStateMachine)
[2017-08-06 21:44:00,848] INFO [Controller 0]: Broker 0 is ready to serve as the new controller with epoch 1 (kafka.controller.KafkaController)
[2017-08-06 21:44:00,848] INFO [Controller 0]: Starting preferred replica leader election for partitions  (kafka.controller.KafkaController)
[2017-08-06 21:44:00,849] INFO [Partition state machine on Controller 0]: Invoking state change to OnlinePartition for partitions  (kafka.controller.PartitionStateMachine)
[2017-08-06 21:44:00,864] INFO [Controller 0]: starting the partition rebalance scheduler (kafka.controller.KafkaController)
[2017-08-06 21:44:00,865] INFO [Controller 0]: Controller startup complete (kafka.controller.KafkaController)
[2017-08-06 21:44:00,866] INFO [delete-topics-thread-0], Starting  (kafka.controller.TopicDeletionManager$DeleteTopicsThread)
[2017-08-06 21:44:00,866] DEBUG [Topic Deletion Manager 0], Waiting for signal to start or continue topic deletion (kafka.controller.TopicDeletionManager)
[2017-08-06 21:44:00,921] INFO [BrokerChangeListener on Controller 0]: Broker change listener fired for path /brokers/ids with children 0 (kafka.controller.ReplicaStateMachine$BrokerChangeListener)
[2017-08-06 21:44:00,939] INFO [BrokerChangeListener on Controller 0]: Newly added brokers: 0, deleted brokers: , all live brokers: 0 (kafka.controller.ReplicaStateMachine$BrokerChangeListener)
[2017-08-06 21:44:00,940] DEBUG [Channel manager on controller 0]: Controller 0 trying to connect to broker 0 (kafka.controller.ControllerChannelManager)
[2017-08-06 21:44:00,945] INFO [Controller-0-to-broker-0-send-thread], Controller 0 connected to id:0,host:c251-110.wrangler.tacc.utexas.edu,port:9092 for sending state change requests (kafka.controller.RequestSendThread)
[2017-08-06 21:44:00,946] INFO [Controller-0-to-broker-0-send-thread], Starting  (kafka.controller.RequestSendThread)
[2017-08-06 21:44:00,946] INFO [Controller 0]: New broker startup callback for 0 (kafka.controller.KafkaController)
[2017-08-06 21:44:05,865] TRACE [Controller 0]: checking need to trigger partition rebalance (kafka.controller.KafkaController)
[2017-08-06 21:44:05,866] DEBUG [Controller 0]: preferred replicas by broker Map() (kafka.controller.KafkaController)
[2017-08-06 21:49:05,865] TRACE [Controller 0]: checking need to trigger partition rebalance (kafka.controller.KafkaController)
[2017-08-06 21:49:05,865] DEBUG [Controller 0]: preferred replicas by broker Map() (kafka.controller.KafkaController)
