[2017-08-06 21:44:00,324] INFO Verifying properties (kafka.utils.VerifiableProperties)
[2017-08-06 21:44:00,349] WARN Property advertised.listeners is not valid (kafka.utils.VerifiableProperties)
[2017-08-06 21:44:00,350] INFO Property broker.id is overridden to 0 (kafka.utils.VerifiableProperties)
[2017-08-06 21:44:00,350] INFO Property delete.topic.enable is overridden to true (kafka.utils.VerifiableProperties)
[2017-08-06 21:44:00,350] INFO Property host.name is overridden to c251-110.wrangler.tacc.utexas.edu (kafka.utils.VerifiableProperties)
[2017-08-06 21:44:00,350] INFO Property log.cleaner.enable is overridden to false (kafka.utils.VerifiableProperties)
[2017-08-06 21:44:00,351] INFO Property log.dirs is overridden to /tmp/kafka-logs (kafka.utils.VerifiableProperties)
[2017-08-06 21:44:00,351] INFO Property log.retention.check.interval.ms is overridden to 300000 (kafka.utils.VerifiableProperties)
[2017-08-06 21:44:00,351] INFO Property log.retention.hours is overridden to 168 (kafka.utils.VerifiableProperties)
[2017-08-06 21:44:00,351] INFO Property log.segment.bytes is overridden to 1073741824 (kafka.utils.VerifiableProperties)
[2017-08-06 21:44:00,351] INFO Property num.io.threads is overridden to 8 (kafka.utils.VerifiableProperties)
[2017-08-06 21:44:00,352] INFO Property num.network.threads is overridden to 3 (kafka.utils.VerifiableProperties)
[2017-08-06 21:44:00,352] INFO Property num.partitions is overridden to 1 (kafka.utils.VerifiableProperties)
[2017-08-06 21:44:00,352] INFO Property num.recovery.threads.per.data.dir is overridden to 1 (kafka.utils.VerifiableProperties)
[2017-08-06 21:44:00,352] INFO Property port is overridden to 9092 (kafka.utils.VerifiableProperties)
[2017-08-06 21:44:00,352] INFO Property socket.receive.buffer.bytes is overridden to 102400 (kafka.utils.VerifiableProperties)
[2017-08-06 21:44:00,352] INFO Property socket.request.max.bytes is overridden to 104857600 (kafka.utils.VerifiableProperties)
[2017-08-06 21:44:00,352] INFO Property socket.send.buffer.bytes is overridden to 102400 (kafka.utils.VerifiableProperties)
[2017-08-06 21:44:00,353] INFO Property zookeeper.connect is overridden to c251-108:2181 (kafka.utils.VerifiableProperties)
[2017-08-06 21:44:00,353] INFO Property zookeeper.connection.timeout.ms is overridden to 6000 (kafka.utils.VerifiableProperties)
[2017-08-06 21:44:00,383] INFO [Kafka Server 0], starting (kafka.server.KafkaServer)
[2017-08-06 21:44:00,384] INFO [Kafka Server 0], Connecting to zookeeper on c251-108:2181 (kafka.server.KafkaServer)
[2017-08-06 21:44:00,697] INFO Log directory '/tmp/kafka-logs' not found, creating it. (kafka.log.LogManager)
[2017-08-06 21:44:00,701] INFO Loading logs. (kafka.log.LogManager)
[2017-08-06 21:44:00,705] INFO Logs loading complete. (kafka.log.LogManager)
[2017-08-06 21:44:00,705] INFO Starting log cleanup with a period of 300000 ms. (kafka.log.LogManager)
[2017-08-06 21:44:00,707] INFO Starting log flusher with a default period of 9223372036854775807 ms. (kafka.log.LogManager)
[2017-08-06 21:44:00,724] INFO Awaiting socket connections on c251-110.wrangler.tacc.utexas.edu:9092. (kafka.network.Acceptor)
[2017-08-06 21:44:00,724] INFO [Socket Server on Broker 0], Started (kafka.network.SocketServer)
[2017-08-06 21:44:00,764] INFO Will not load MX4J, mx4j-tools.jar is not in the classpath (kafka.utils.Mx4jLoader$)
[2017-08-06 21:44:00,793] INFO 0 successfully elected as leader (kafka.server.ZookeeperLeaderElector)
[2017-08-06 21:44:00,888] INFO Registered broker 0 at path /brokers/ids/0 with address c251-110.wrangler.tacc.utexas.edu:9092. (kafka.utils.ZkUtils$)
[2017-08-06 21:44:00,904] INFO [Kafka Server 0], started (kafka.server.KafkaServer)
[2017-08-06 21:44:00,920] INFO New leader is 0 (kafka.server.ZookeeperLeaderElector$LeaderChangeListener)
