2018-04-22 16:41:38,749: control.pubsub.pub.0000: update.0                        : MainThread     : INFO    : python.interpreter   version: 2.7.14 |Anaconda, Inc.| (default, Mar 27 2018, 12:28:59) [GCC 4.2.1 Compatible Clang 4.0.1 (tags/RELEASE_401/final)]
2018-04-22 16:41:38,750: control.pubsub.pub.0000: update.0                        : MainThread     : INFO    :                      pid: 2585
2018-04-22 16:41:38,750: control.pubsub.pub.0000: update.0                        : MainThread     : INFO    :                      tid: MainThread
2018-04-22 16:41:38,750: control.pubsub.pub.0000: update.0                        : MainThread     : INFO    : radical.pilot        version: 0.47.5-v0.47.5-153-g5bd2455@devel
2018-04-22 16:41:38,751: control.pubsub.pub.0000: update.0                        : MainThread     : INFO    : create control_pubsub - pub - tcp://192.168.1.16:51559
2018-04-22 16:41:38,751: control.pubsub.pub.0000: update.0                        : MainThread     : DEBUG   : start process
2018-04-22 16:41:38,752: control.pubsub.pub.0000: update.0                        : MainThread     : DEBUG   : ru_initialize_common (NOOP)
2018-04-22 16:41:38,752: control.pubsub.pub.0000: update.0                        : MainThread     : DEBUG   : ru_initialize_parent (NOOP)
2018-04-22 16:41:38,752: control.pubsub.pub.0000: update.0                        : MainThread     : DEBUG   : process class started (no child)
2018-04-22 16:41:38,937: control.pubsub.pub.0000: MainProcess                     : MainThread     : INFO    : python.interpreter   version: 2.7.14 |Anaconda, Inc.| (default, Mar 27 2018, 12:28:59) [GCC 4.2.1 Compatible Clang 4.0.1 (tags/RELEASE_401/final)]
2018-04-22 16:41:38,938: control.pubsub.pub.0000: MainProcess                     : MainThread     : INFO    :                      pid: 2571
2018-04-22 16:41:38,938: control.pubsub.pub.0000: MainProcess                     : MainThread     : INFO    :                      tid: MainThread
2018-04-22 16:41:38,938: control.pubsub.pub.0000: MainProcess                     : MainThread     : INFO    : radical.pilot        version: 0.47.5-v0.47.5-153-g5bd2455@devel
2018-04-22 16:41:38,938: control.pubsub.pub.0000: MainProcess                     : MainThread     : INFO    : create control_pubsub - pub - tcp://192.168.1.16:51559
2018-04-22 16:41:38,938: control.pubsub.pub.0000: MainProcess                     : MainThread     : DEBUG   : start process
2018-04-22 16:41:38,939: control.pubsub.pub.0000: MainProcess                     : MainThread     : DEBUG   : ru_initialize_common (NOOP)
2018-04-22 16:41:38,939: control.pubsub.pub.0000: MainProcess                     : MainThread     : DEBUG   : ru_initialize_parent (NOOP)
2018-04-22 16:41:38,939: control.pubsub.pub.0000: MainProcess                     : MainThread     : DEBUG   : process class started (no child)
2018-04-22 16:41:43,072: control.pubsub.pub.0000: MainProcess                     : MainThread     : INFO    : parent stops child  2571 -> None [control.pubsub.pub.0000]
2018-04-22 16:41:43,072: control.pubsub.pub.0000: MainProcess                     : MainThread     : DEBUG   : ru_finalize_parent (NOOP)
