2018-04-22 16:41:38,148: rp.session.WCheng.home.willcheng.017643.0002: MainProcess                     : MainThread     : INFO    : python.interpreter   version: 2.7.14 |Anaconda, Inc.| (default, Mar 27 2018, 12:28:59) [GCC 4.2.1 Compatible Clang 4.0.1 (tags/RELEASE_401/final)]
2018-04-22 16:41:38,148: rp.session.WCheng.home.willcheng.017643.0002: MainProcess                     : MainThread     : INFO    :                      pid: 2571
2018-04-22 16:41:38,148: rp.session.WCheng.home.willcheng.017643.0002: MainProcess                     : MainThread     : INFO    :                      tid: MainThread
2018-04-22 16:41:38,149: rp.session.WCheng.home.willcheng.017643.0002: MainProcess                     : MainThread     : INFO    : radical.pilot        version: 0.47.5-v0.47.5-153-g5bd2455@devel
2018-04-22 16:41:38,240: rp.session.WCheng.home.willcheng.017643.0002: MainProcess                     : MainThread     : INFO    : using database mongodb://rp:rp@ds015335.mlab.com:15335/rp
2018-04-22 16:41:38,242: rp.session.WCheng.home.willcheng.017643.0002: MainProcess                     : MainThread     : INFO    : Load resource configurations from /Users/WillC/Documents/Rutgers/Research/RADICAL/watershed/midas/watershed/Vanilla/myenv/lib/python2.7/site-packages/radical/pilot/configs/resource_nersc.json
2018-04-22 16:41:38,252: rp.session.WCheng.home.willcheng.017643.0002: MainProcess                     : MainThread     : INFO    : Load resource configurations for nersc.edison_ccm_ssh
2018-04-22 16:41:38,252: rp.session.WCheng.home.willcheng.017643.0002: MainProcess                     : MainThread     : DEBUG   : read rcfg for nersc.edison_ccm_ssh (None)
2018-04-22 16:41:38,252: rp.session.WCheng.home.willcheng.017643.0002: MainProcess                     : MainThread     : INFO    : Load resource configurations for nersc.hopper_orte
2018-04-22 16:41:38,253: rp.session.WCheng.home.willcheng.017643.0002: MainProcess                     : MainThread     : DEBUG   : read rcfg for nersc.hopper_orte (None)
2018-04-22 16:41:38,253: rp.session.WCheng.home.willcheng.017643.0002: MainProcess                     : MainThread     : INFO    : Load resource configurations for nersc.hopper_ccm_ssh
2018-04-22 16:41:38,253: rp.session.WCheng.home.willcheng.017643.0002: MainProcess                     : MainThread     : DEBUG   : read rcfg for nersc.hopper_ccm_ssh (24)
2018-04-22 16:41:38,253: rp.session.WCheng.home.willcheng.017643.0002: MainProcess                     : MainThread     : INFO    : Load resource configurations for nersc.edison_aprun
2018-04-22 16:41:38,254: rp.session.WCheng.home.willcheng.017643.0002: MainProcess                     : MainThread     : DEBUG   : read rcfg for nersc.edison_aprun (None)
2018-04-22 16:41:38,254: rp.session.WCheng.home.willcheng.017643.0002: MainProcess                     : MainThread     : INFO    : Load resource configurations for nersc.hopper_aprun
2018-04-22 16:41:38,254: rp.session.WCheng.home.willcheng.017643.0002: MainProcess                     : MainThread     : DEBUG   : read rcfg for nersc.hopper_aprun (24)
2018-04-22 16:41:38,254: rp.session.WCheng.home.willcheng.017643.0002: MainProcess                     : MainThread     : INFO    : Load resource configurations for nersc.edison_orte
2018-04-22 16:41:38,255: rp.session.WCheng.home.willcheng.017643.0002: MainProcess                     : MainThread     : DEBUG   : read rcfg for nersc.edison_orte (None)
2018-04-22 16:41:38,255: rp.session.WCheng.home.willcheng.017643.0002: MainProcess                     : MainThread     : INFO    : Load resource configurations from /Users/WillC/Documents/Rutgers/Research/RADICAL/watershed/midas/watershed/Vanilla/myenv/lib/python2.7/site-packages/radical/pilot/configs/resource_stfc.json
2018-04-22 16:41:38,257: rp.session.WCheng.home.willcheng.017643.0002: MainProcess                     : MainThread     : INFO    : Load resource configurations for stfc.joule_runjob
2018-04-22 16:41:38,257: rp.session.WCheng.home.willcheng.017643.0002: MainProcess                     : MainThread     : DEBUG   : read rcfg for stfc.joule_runjob (None)
2018-04-22 16:41:38,257: rp.session.WCheng.home.willcheng.017643.0002: MainProcess                     : MainThread     : INFO    : Load resource configurations from /Users/WillC/Documents/Rutgers/Research/RADICAL/watershed/midas/watershed/Vanilla/myenv/lib/python2.7/site-packages/radical/pilot/configs/resource_das4.json
2018-04-22 16:41:38,259: rp.session.WCheng.home.willcheng.017643.0002: MainProcess                     : MainThread     : INFO    : Load resource configurations for das4.fs2_ssh
2018-04-22 16:41:38,259: rp.session.WCheng.home.willcheng.017643.0002: MainProcess                     : MainThread     : DEBUG   : read rcfg for das4.fs2_ssh (None)
2018-04-22 16:41:38,259: rp.session.WCheng.home.willcheng.017643.0002: MainProcess                     : MainThread     : INFO    : Load resource configurations from /Users/WillC/Documents/Rutgers/Research/RADICAL/watershed/midas/watershed/Vanilla/myenv/lib/python2.7/site-packages/radical/pilot/configs/resource_futuregrid.json
2018-04-22 16:41:38,268: rp.session.WCheng.home.willcheng.017643.0002: MainProcess                     : MainThread     : INFO    : Load resource configurations for futuregrid.delta_ssh
2018-04-22 16:41:38,268: rp.session.WCheng.home.willcheng.017643.0002: MainProcess                     : MainThread     : DEBUG   : read rcfg for futuregrid.delta_ssh (None)
2018-04-22 16:41:38,268: rp.session.WCheng.home.willcheng.017643.0002: MainProcess                     : MainThread     : INFO    : Load resource configurations for futuregrid.india_ssh
2018-04-22 16:41:38,269: rp.session.WCheng.home.willcheng.017643.0002: MainProcess                     : MainThread     : DEBUG   : read rcfg for futuregrid.india_ssh (None)
2018-04-22 16:41:38,269: rp.session.WCheng.home.willcheng.017643.0002: MainProcess                     : MainThread     : INFO    : Load resource configurations for futuregrid.echo_ssh
2018-04-22 16:41:38,269: rp.session.WCheng.home.willcheng.017643.0002: MainProcess                     : MainThread     : DEBUG   : read rcfg for futuregrid.echo_ssh (None)
2018-04-22 16:41:38,269: rp.session.WCheng.home.willcheng.017643.0002: MainProcess                     : MainThread     : INFO    : Load resource configurations for futuregrid.xray_ccm
2018-04-22 16:41:38,270: rp.session.WCheng.home.willcheng.017643.0002: MainProcess                     : MainThread     : DEBUG   : read rcfg for futuregrid.xray_ccm (None)
2018-04-22 16:41:38,270: rp.session.WCheng.home.willcheng.017643.0002: MainProcess                     : MainThread     : INFO    : Load resource configurations for futuregrid.bravo_ssh
2018-04-22 16:41:38,270: rp.session.WCheng.home.willcheng.017643.0002: MainProcess                     : MainThread     : DEBUG   : read rcfg for futuregrid.bravo_ssh (None)
2018-04-22 16:41:38,270: rp.session.WCheng.home.willcheng.017643.0002: MainProcess                     : MainThread     : INFO    : Load resource configurations for futuregrid.xray_aprun
2018-04-22 16:41:38,271: rp.session.WCheng.home.willcheng.017643.0002: MainProcess                     : MainThread     : DEBUG   : read rcfg for futuregrid.xray_aprun (None)
2018-04-22 16:41:38,271: rp.session.WCheng.home.willcheng.017643.0002: MainProcess                     : MainThread     : INFO    : Load resource configurations from /Users/WillC/Documents/Rutgers/Research/RADICAL/watershed/midas/watershed/Vanilla/myenv/lib/python2.7/site-packages/radical/pilot/configs/resource_chameleon.json
2018-04-22 16:41:38,272: rp.session.WCheng.home.willcheng.017643.0002: MainProcess                     : MainThread     : INFO    : Load resource configurations for chameleon.cloud_vm_yarn
2018-04-22 16:41:38,273: rp.session.WCheng.home.willcheng.017643.0002: MainProcess                     : MainThread     : DEBUG   : read rcfg for chameleon.cloud_vm_yarn (None)
2018-04-22 16:41:38,273: rp.session.WCheng.home.willcheng.017643.0002: MainProcess                     : MainThread     : INFO    : Load resource configurations from /Users/WillC/Documents/Rutgers/Research/RADICAL/watershed/midas/watershed/Vanilla/myenv/lib/python2.7/site-packages/radical/pilot/configs/resource_das5.json
2018-04-22 16:41:38,274: rp.session.WCheng.home.willcheng.017643.0002: MainProcess                     : MainThread     : INFO    : Load resource configurations for das5.fs1_ssh
2018-04-22 16:41:38,275: rp.session.WCheng.home.willcheng.017643.0002: MainProcess                     : MainThread     : DEBUG   : read rcfg for das5.fs1_ssh (None)
2018-04-22 16:41:38,275: rp.session.WCheng.home.willcheng.017643.0002: MainProcess                     : MainThread     : INFO    : Load resource configurations from /Users/WillC/Documents/Rutgers/Research/RADICAL/watershed/midas/watershed/Vanilla/myenv/lib/python2.7/site-packages/radical/pilot/configs/resource_fub.json
2018-04-22 16:41:38,276: rp.session.WCheng.home.willcheng.017643.0002: MainProcess                     : MainThread     : INFO    : Load resource configurations for fub.allegro_rsh
2018-04-22 16:41:38,277: rp.session.WCheng.home.willcheng.017643.0002: MainProcess                     : MainThread     : DEBUG   : read rcfg for fub.allegro_rsh (None)
2018-04-22 16:41:38,277: rp.session.WCheng.home.willcheng.017643.0002: MainProcess                     : MainThread     : INFO    : Load resource configurations from /Users/WillC/Documents/Rutgers/Research/RADICAL/watershed/midas/watershed/Vanilla/myenv/lib/python2.7/site-packages/radical/pilot/configs/resource_lrz.json
2018-04-22 16:41:38,279: rp.session.WCheng.home.willcheng.017643.0002: MainProcess                     : MainThread     : INFO    : Load resource configurations for lrz.supermuc_ssh
2018-04-22 16:41:38,279: rp.session.WCheng.home.willcheng.017643.0002: MainProcess                     : MainThread     : DEBUG   : read rcfg for lrz.supermuc_ssh (None)
2018-04-22 16:41:38,280: rp.session.WCheng.home.willcheng.017643.0002: MainProcess                     : MainThread     : INFO    : Load resource configurations from /Users/WillC/Documents/Rutgers/Research/RADICAL/watershed/midas/watershed/Vanilla/myenv/lib/python2.7/site-packages/radical/pilot/configs/resource_osg.json
2018-04-22 16:41:38,283: rp.session.WCheng.home.willcheng.017643.0002: MainProcess                     : MainThread     : INFO    : Load resource configurations for osg.xsede-virt-clust
2018-04-22 16:41:38,284: rp.session.WCheng.home.willcheng.017643.0002: MainProcess                     : MainThread     : DEBUG   : read rcfg for osg.xsede-virt-clust (None)
2018-04-22 16:41:38,284: rp.session.WCheng.home.willcheng.017643.0002: MainProcess                     : MainThread     : INFO    : Load resource configurations for osg.connect
2018-04-22 16:41:38,284: rp.session.WCheng.home.willcheng.017643.0002: MainProcess                     : MainThread     : DEBUG   : read rcfg for osg.connect (None)
2018-04-22 16:41:38,284: rp.session.WCheng.home.willcheng.017643.0002: MainProcess                     : MainThread     : INFO    : Load resource configurations from /Users/WillC/Documents/Rutgers/Research/RADICAL/watershed/midas/watershed/Vanilla/myenv/lib/python2.7/site-packages/radical/pilot/configs/resource_yale.json
2018-04-22 16:41:38,286: rp.session.WCheng.home.willcheng.017643.0002: MainProcess                     : MainThread     : INFO    : Load resource configurations for yale.grace_ssh
2018-04-22 16:41:38,287: rp.session.WCheng.home.willcheng.017643.0002: MainProcess                     : MainThread     : DEBUG   : read rcfg for yale.grace_ssh (None)
2018-04-22 16:41:38,287: rp.session.WCheng.home.willcheng.017643.0002: MainProcess                     : MainThread     : INFO    : Load resource configurations from /Users/WillC/Documents/Rutgers/Research/RADICAL/watershed/midas/watershed/Vanilla/myenv/lib/python2.7/site-packages/radical/pilot/configs/resource_lumc.json
2018-04-22 16:41:38,290: rp.session.WCheng.home.willcheng.017643.0002: MainProcess                     : MainThread     : INFO    : Load resource configurations for lumc.gb-ui_ssh
2018-04-22 16:41:38,290: rp.session.WCheng.home.willcheng.017643.0002: MainProcess                     : MainThread     : DEBUG   : read rcfg for lumc.gb-ui_ssh (None)
2018-04-22 16:41:38,290: rp.session.WCheng.home.willcheng.017643.0002: MainProcess                     : MainThread     : INFO    : Load resource configurations for lumc.shark_ssh
2018-04-22 16:41:38,291: rp.session.WCheng.home.willcheng.017643.0002: MainProcess                     : MainThread     : DEBUG   : read rcfg for lumc.shark_ssh (None)
2018-04-22 16:41:38,291: rp.session.WCheng.home.willcheng.017643.0002: MainProcess                     : MainThread     : INFO    : Load resource configurations from /Users/WillC/Documents/Rutgers/Research/RADICAL/watershed/midas/watershed/Vanilla/myenv/lib/python2.7/site-packages/radical/pilot/configs/resource_ornl.json
2018-04-22 16:41:38,300: rp.session.WCheng.home.willcheng.017643.0002: MainProcess                     : MainThread     : INFO    : Load resource configurations for ornl.titan_orte
2018-04-22 16:41:38,300: rp.session.WCheng.home.willcheng.017643.0002: MainProcess                     : MainThread     : DEBUG   : read rcfg for ornl.titan_orte (16)
2018-04-22 16:41:38,300: rp.session.WCheng.home.willcheng.017643.0002: MainProcess                     : MainThread     : INFO    : Load resource configurations for ornl.titan_aprun
2018-04-22 16:41:38,301: rp.session.WCheng.home.willcheng.017643.0002: MainProcess                     : MainThread     : DEBUG   : read rcfg for ornl.titan_aprun (None)
2018-04-22 16:41:38,301: rp.session.WCheng.home.willcheng.017643.0002: MainProcess                     : MainThread     : INFO    : Load resource configurations for ornl.rhea
2018-04-22 16:41:38,301: rp.session.WCheng.home.willcheng.017643.0002: MainProcess                     : MainThread     : DEBUG   : read rcfg for ornl.rhea (16)
2018-04-22 16:41:38,301: rp.session.WCheng.home.willcheng.017643.0002: MainProcess                     : MainThread     : INFO    : Load resource configurations for ornl.rhea_aprun
2018-04-22 16:41:38,302: rp.session.WCheng.home.willcheng.017643.0002: MainProcess                     : MainThread     : DEBUG   : read rcfg for ornl.rhea_aprun (None)
2018-04-22 16:41:38,302: rp.session.WCheng.home.willcheng.017643.0002: MainProcess                     : MainThread     : INFO    : Load resource configurations for ornl.titan_ortelib
2018-04-22 16:41:38,302: rp.session.WCheng.home.willcheng.017643.0002: MainProcess                     : MainThread     : DEBUG   : read rcfg for ornl.titan_ortelib (None)
2018-04-22 16:41:38,303: rp.session.WCheng.home.willcheng.017643.0002: MainProcess                     : MainThread     : INFO    : Load resource configurations from /Users/WillC/Documents/Rutgers/Research/RADICAL/watershed/midas/watershed/Vanilla/myenv/lib/python2.7/site-packages/radical/pilot/configs/resource_ncar.json
2018-04-22 16:41:38,306: rp.session.WCheng.home.willcheng.017643.0002: MainProcess                     : MainThread     : INFO    : Load resource configurations for ncar.cheyenne_mpirun
2018-04-22 16:41:38,306: rp.session.WCheng.home.willcheng.017643.0002: MainProcess                     : MainThread     : DEBUG   : read rcfg for ncar.cheyenne_mpirun (None)
2018-04-22 16:41:38,306: rp.session.WCheng.home.willcheng.017643.0002: MainProcess                     : MainThread     : INFO    : Load resource configurations for ncar.yellowstone_ssh
2018-04-22 16:41:38,306: rp.session.WCheng.home.willcheng.017643.0002: MainProcess                     : MainThread     : DEBUG   : read rcfg for ncar.yellowstone_ssh (None)
2018-04-22 16:41:38,306: rp.session.WCheng.home.willcheng.017643.0002: MainProcess                     : MainThread     : INFO    : Load resource configurations from /Users/WillC/Documents/Rutgers/Research/RADICAL/watershed/midas/watershed/Vanilla/myenv/lib/python2.7/site-packages/radical/pilot/configs/resource_local.json
2018-04-22 16:41:38,318: rp.session.WCheng.home.willcheng.017643.0002: MainProcess                     : MainThread     : INFO    : Load resource configurations for local.localhost_orte
2018-04-22 16:41:38,318: rp.session.WCheng.home.willcheng.017643.0002: MainProcess                     : MainThread     : DEBUG   : read rcfg for local.localhost_orte (None)
2018-04-22 16:41:38,319: rp.session.WCheng.home.willcheng.017643.0002: MainProcess                     : MainThread     : INFO    : Load resource configurations for local.localhost_anaconda
2018-04-22 16:41:38,319: rp.session.WCheng.home.willcheng.017643.0002: MainProcess                     : MainThread     : DEBUG   : read rcfg for local.localhost_anaconda (None)
2018-04-22 16:41:38,319: rp.session.WCheng.home.willcheng.017643.0002: MainProcess                     : MainThread     : INFO    : Load resource configurations for local.localhost_ortelib
2018-04-22 16:41:38,319: rp.session.WCheng.home.willcheng.017643.0002: MainProcess                     : MainThread     : DEBUG   : read rcfg for local.localhost_ortelib (None)
2018-04-22 16:41:38,319: rp.session.WCheng.home.willcheng.017643.0002: MainProcess                     : MainThread     : INFO    : Load resource configurations for local.localhost_aprun
2018-04-22 16:41:38,320: rp.session.WCheng.home.willcheng.017643.0002: MainProcess                     : MainThread     : DEBUG   : read rcfg for local.localhost_aprun (8)
2018-04-22 16:41:38,320: rp.session.WCheng.home.willcheng.017643.0002: MainProcess                     : MainThread     : INFO    : Load resource configurations for local.localhost
2018-04-22 16:41:38,320: rp.session.WCheng.home.willcheng.017643.0002: MainProcess                     : MainThread     : DEBUG   : read rcfg for local.localhost (8)
2018-04-22 16:41:38,320: rp.session.WCheng.home.willcheng.017643.0002: MainProcess                     : MainThread     : INFO    : Load resource configurations for local.localhost_spark
2018-04-22 16:41:38,321: rp.session.WCheng.home.willcheng.017643.0002: MainProcess                     : MainThread     : DEBUG   : read rcfg for local.localhost_spark (None)
2018-04-22 16:41:38,321: rp.session.WCheng.home.willcheng.017643.0002: MainProcess                     : MainThread     : INFO    : Load resource configurations for local.localhost_spark_anaconda
2018-04-22 16:41:38,321: rp.session.WCheng.home.willcheng.017643.0002: MainProcess                     : MainThread     : DEBUG   : read rcfg for local.localhost_spark_anaconda (None)
2018-04-22 16:41:38,321: rp.session.WCheng.home.willcheng.017643.0002: MainProcess                     : MainThread     : INFO    : Load resource configurations for local.localhost_yarn
2018-04-22 16:41:38,321: rp.session.WCheng.home.willcheng.017643.0002: MainProcess                     : MainThread     : DEBUG   : read rcfg for local.localhost_yarn (None)
2018-04-22 16:41:38,322: rp.session.WCheng.home.willcheng.017643.0002: MainProcess                     : MainThread     : INFO    : Load resource configurations from /Users/WillC/Documents/Rutgers/Research/RADICAL/watershed/midas/watershed/Vanilla/myenv/lib/python2.7/site-packages/radical/pilot/configs/resource_ncsa.json
2018-04-22 16:41:38,330: rp.session.WCheng.home.willcheng.017643.0002: MainProcess                     : MainThread     : INFO    : Load resource configurations for ncsa.bw_orte
2018-04-22 16:41:38,331: rp.session.WCheng.home.willcheng.017643.0002: MainProcess                     : MainThread     : DEBUG   : read rcfg for ncsa.bw_orte (None)
2018-04-22 16:41:38,331: rp.session.WCheng.home.willcheng.017643.0002: MainProcess                     : MainThread     : INFO    : Load resource configurations for ncsa.bw_ccm_ssh
2018-04-22 16:41:38,331: rp.session.WCheng.home.willcheng.017643.0002: MainProcess                     : MainThread     : DEBUG   : read rcfg for ncsa.bw_ccm_ssh (None)
2018-04-22 16:41:38,331: rp.session.WCheng.home.willcheng.017643.0002: MainProcess                     : MainThread     : INFO    : Load resource configurations for ncsa.bw_ortelib
2018-04-22 16:41:38,332: rp.session.WCheng.home.willcheng.017643.0002: MainProcess                     : MainThread     : DEBUG   : read rcfg for ncsa.bw_ortelib (None)
2018-04-22 16:41:38,332: rp.session.WCheng.home.willcheng.017643.0002: MainProcess                     : MainThread     : INFO    : Load resource configurations for ncsa.bw_aprun
2018-04-22 16:41:38,332: rp.session.WCheng.home.willcheng.017643.0002: MainProcess                     : MainThread     : DEBUG   : read rcfg for ncsa.bw_aprun (None)
2018-04-22 16:41:38,332: rp.session.WCheng.home.willcheng.017643.0002: MainProcess                     : MainThread     : INFO    : Load resource configurations for ncsa.bw_local_orte
2018-04-22 16:41:38,333: rp.session.WCheng.home.willcheng.017643.0002: MainProcess                     : MainThread     : DEBUG   : read rcfg for ncsa.bw_local_orte (None)
2018-04-22 16:41:38,333: rp.session.WCheng.home.willcheng.017643.0002: MainProcess                     : MainThread     : INFO    : Load resource configurations from /Users/WillC/Documents/Rutgers/Research/RADICAL/watershed/midas/watershed/Vanilla/myenv/lib/python2.7/site-packages/radical/pilot/configs/resource_radical.json
2018-04-22 16:41:38,337: rp.session.WCheng.home.willcheng.017643.0002: MainProcess                     : MainThread     : INFO    : Load resource configurations for radical.two
2018-04-22 16:41:38,338: rp.session.WCheng.home.willcheng.017643.0002: MainProcess                     : MainThread     : DEBUG   : read rcfg for radical.two (None)
2018-04-22 16:41:38,338: rp.session.WCheng.home.willcheng.017643.0002: MainProcess                     : MainThread     : INFO    : Load resource configurations for radical.tutorial
2018-04-22 16:41:38,338: rp.session.WCheng.home.willcheng.017643.0002: MainProcess                     : MainThread     : DEBUG   : read rcfg for radical.tutorial (None)
2018-04-22 16:41:38,338: rp.session.WCheng.home.willcheng.017643.0002: MainProcess                     : MainThread     : INFO    : Load resource configurations for radical.one
2018-04-22 16:41:38,339: rp.session.WCheng.home.willcheng.017643.0002: MainProcess                     : MainThread     : DEBUG   : read rcfg for radical.one (None)
2018-04-22 16:41:38,339: rp.session.WCheng.home.willcheng.017643.0002: MainProcess                     : MainThread     : INFO    : Load resource configurations from /Users/WillC/Documents/Rutgers/Research/RADICAL/watershed/midas/watershed/Vanilla/myenv/lib/python2.7/site-packages/radical/pilot/configs/resource_iu.json
2018-04-22 16:41:38,342: rp.session.WCheng.home.willcheng.017643.0002: MainProcess                     : MainThread     : INFO    : Load resource configurations for iu.bigred2_ccm_ssh
2018-04-22 16:41:38,342: rp.session.WCheng.home.willcheng.017643.0002: MainProcess                     : MainThread     : DEBUG   : read rcfg for iu.bigred2_ccm_ssh (None)
2018-04-22 16:41:38,342: rp.session.WCheng.home.willcheng.017643.0002: MainProcess                     : MainThread     : INFO    : Load resource configurations for iu.bigred2_aprun
2018-04-22 16:41:38,343: rp.session.WCheng.home.willcheng.017643.0002: MainProcess                     : MainThread     : DEBUG   : read rcfg for iu.bigred2_aprun (None)
2018-04-22 16:41:38,343: rp.session.WCheng.home.willcheng.017643.0002: MainProcess                     : MainThread     : INFO    : Load resource configurations from /Users/WillC/Documents/Rutgers/Research/RADICAL/watershed/midas/watershed/Vanilla/myenv/lib/python2.7/site-packages/radical/pilot/configs/resource_xsede.json
2018-04-22 16:41:38,381: rp.session.WCheng.home.willcheng.017643.0002: MainProcess                     : MainThread     : INFO    : Load resource configurations for xsede.gordon_ssh
2018-04-22 16:41:38,382: rp.session.WCheng.home.willcheng.017643.0002: MainProcess                     : MainThread     : DEBUG   : read rcfg for xsede.gordon_ssh (None)
2018-04-22 16:41:38,382: rp.session.WCheng.home.willcheng.017643.0002: MainProcess                     : MainThread     : INFO    : Load resource configurations for xsede.lonestar_ssh
2018-04-22 16:41:38,382: rp.session.WCheng.home.willcheng.017643.0002: MainProcess                     : MainThread     : DEBUG   : read rcfg for xsede.lonestar_ssh (None)
2018-04-22 16:41:38,382: rp.session.WCheng.home.willcheng.017643.0002: MainProcess                     : MainThread     : INFO    : Load resource configurations for xsede.supermic_spark
2018-04-22 16:41:38,383: rp.session.WCheng.home.willcheng.017643.0002: MainProcess                     : MainThread     : DEBUG   : read rcfg for xsede.supermic_spark (20)
2018-04-22 16:41:38,383: rp.session.WCheng.home.willcheng.017643.0002: MainProcess                     : MainThread     : INFO    : Load resource configurations for xsede.wrangler_yarn
2018-04-22 16:41:38,383: rp.session.WCheng.home.willcheng.017643.0002: MainProcess                     : MainThread     : DEBUG   : read rcfg for xsede.wrangler_yarn (None)
2018-04-22 16:41:38,383: rp.session.WCheng.home.willcheng.017643.0002: MainProcess                     : MainThread     : INFO    : Load resource configurations for xsede.blacklight_ssh
2018-04-22 16:41:38,384: rp.session.WCheng.home.willcheng.017643.0002: MainProcess                     : MainThread     : DEBUG   : read rcfg for xsede.blacklight_ssh (16)
2018-04-22 16:41:38,384: rp.session.WCheng.home.willcheng.017643.0002: MainProcess                     : MainThread     : INFO    : Load resource configurations for xsede.stampede_ortelib
2018-04-22 16:41:38,384: rp.session.WCheng.home.willcheng.017643.0002: MainProcess                     : MainThread     : DEBUG   : read rcfg for xsede.stampede_ortelib (None)
2018-04-22 16:41:38,384: rp.session.WCheng.home.willcheng.017643.0002: MainProcess                     : MainThread     : INFO    : Load resource configurations for xsede.stampede_yarn
2018-04-22 16:41:38,385: rp.session.WCheng.home.willcheng.017643.0002: MainProcess                     : MainThread     : DEBUG   : read rcfg for xsede.stampede_yarn (None)
2018-04-22 16:41:38,385: rp.session.WCheng.home.willcheng.017643.0002: MainProcess                     : MainThread     : INFO    : Load resource configurations for xsede.stampede_ssh
2018-04-22 16:41:38,385: rp.session.WCheng.home.willcheng.017643.0002: MainProcess                     : MainThread     : DEBUG   : read rcfg for xsede.stampede_ssh (None)
2018-04-22 16:41:38,385: rp.session.WCheng.home.willcheng.017643.0002: MainProcess                     : MainThread     : INFO    : Load resource configurations for xsede.greenfield
2018-04-22 16:41:38,386: rp.session.WCheng.home.willcheng.017643.0002: MainProcess                     : MainThread     : DEBUG   : read rcfg for xsede.greenfield (15)
2018-04-22 16:41:38,386: rp.session.WCheng.home.willcheng.017643.0002: MainProcess                     : MainThread     : INFO    : Load resource configurations for xsede.bridges
2018-04-22 16:41:38,386: rp.session.WCheng.home.willcheng.017643.0002: MainProcess                     : MainThread     : DEBUG   : read rcfg for xsede.bridges (None)
2018-04-22 16:41:38,386: rp.session.WCheng.home.willcheng.017643.0002: MainProcess                     : MainThread     : INFO    : Load resource configurations for xsede.trestles_ssh
2018-04-22 16:41:38,387: rp.session.WCheng.home.willcheng.017643.0002: MainProcess                     : MainThread     : DEBUG   : read rcfg for xsede.trestles_ssh (None)
2018-04-22 16:41:38,387: rp.session.WCheng.home.willcheng.017643.0002: MainProcess                     : MainThread     : INFO    : Load resource configurations for xsede.supermic_ortelib
2018-04-22 16:41:38,387: rp.session.WCheng.home.willcheng.017643.0002: MainProcess                     : MainThread     : DEBUG   : read rcfg for xsede.supermic_ortelib (20)
2018-04-22 16:41:38,387: rp.session.WCheng.home.willcheng.017643.0002: MainProcess                     : MainThread     : INFO    : Load resource configurations for xsede.stampede2_ssh
2018-04-22 16:41:38,388: rp.session.WCheng.home.willcheng.017643.0002: MainProcess                     : MainThread     : DEBUG   : read rcfg for xsede.stampede2_ssh (68)
2018-04-22 16:41:38,388: rp.session.WCheng.home.willcheng.017643.0002: MainProcess                     : MainThread     : INFO    : Load resource configurations for xsede.supermic_ssh
2018-04-22 16:41:38,388: rp.session.WCheng.home.willcheng.017643.0002: MainProcess                     : MainThread     : DEBUG   : read rcfg for xsede.supermic_ssh (20)
2018-04-22 16:41:38,388: rp.session.WCheng.home.willcheng.017643.0002: MainProcess                     : MainThread     : INFO    : Load resource configurations for xsede.wrangler_ssh
2018-04-22 16:41:38,389: rp.session.WCheng.home.willcheng.017643.0002: MainProcess                     : MainThread     : DEBUG   : read rcfg for xsede.wrangler_ssh (None)
2018-04-22 16:41:38,389: rp.session.WCheng.home.willcheng.017643.0002: MainProcess                     : MainThread     : INFO    : Load resource configurations for xsede.supermic_orte
2018-04-22 16:41:38,389: rp.session.WCheng.home.willcheng.017643.0002: MainProcess                     : MainThread     : DEBUG   : read rcfg for xsede.supermic_orte (20)
2018-04-22 16:41:38,389: rp.session.WCheng.home.willcheng.017643.0002: MainProcess                     : MainThread     : INFO    : Load resource configurations for xsede.wrangler_spark
2018-04-22 16:41:38,390: rp.session.WCheng.home.willcheng.017643.0002: MainProcess                     : MainThread     : DEBUG   : read rcfg for xsede.wrangler_spark (None)
2018-04-22 16:41:38,390: rp.session.WCheng.home.willcheng.017643.0002: MainProcess                     : MainThread     : INFO    : Load resource configurations for xsede.stampede_orte
2018-04-22 16:41:38,390: rp.session.WCheng.home.willcheng.017643.0002: MainProcess                     : MainThread     : DEBUG   : read rcfg for xsede.stampede_orte (None)
2018-04-22 16:41:38,390: rp.session.WCheng.home.willcheng.017643.0002: MainProcess                     : MainThread     : INFO    : Load resource configurations for xsede.comet_ortelib
2018-04-22 16:41:38,391: rp.session.WCheng.home.willcheng.017643.0002: MainProcess                     : MainThread     : DEBUG   : read rcfg for xsede.comet_ortelib (24)
2018-04-22 16:41:38,391: rp.session.WCheng.home.willcheng.017643.0002: MainProcess                     : MainThread     : INFO    : Load resource configurations for xsede.comet_orte
2018-04-22 16:41:38,391: rp.session.WCheng.home.willcheng.017643.0002: MainProcess                     : MainThread     : DEBUG   : read rcfg for xsede.comet_orte (24)
2018-04-22 16:41:38,391: rp.session.WCheng.home.willcheng.017643.0002: MainProcess                     : MainThread     : INFO    : Load resource configurations for xsede.comet_spark
2018-04-22 16:41:38,392: rp.session.WCheng.home.willcheng.017643.0002: MainProcess                     : MainThread     : DEBUG   : read rcfg for xsede.comet_spark (24)
2018-04-22 16:41:38,392: rp.session.WCheng.home.willcheng.017643.0002: MainProcess                     : MainThread     : INFO    : Load resource configurations for xsede.comet_ssh
2018-04-22 16:41:38,392: rp.session.WCheng.home.willcheng.017643.0002: MainProcess                     : MainThread     : DEBUG   : read rcfg for xsede.comet_ssh (24)
2018-04-22 16:41:38,392: rp.session.WCheng.home.willcheng.017643.0002: MainProcess                     : MainThread     : INFO    : Load resource configurations for xsede.stampede_spark
2018-04-22 16:41:38,393: rp.session.WCheng.home.willcheng.017643.0002: MainProcess                     : MainThread     : DEBUG   : read rcfg for xsede.stampede_spark (None)
2018-04-22 16:41:38,393: rp.session.WCheng.home.willcheng.017643.0002: MainProcess                     : MainThread     : INFO    : Load resource configurations from /Users/WillC/Documents/Rutgers/Research/RADICAL/watershed/midas/watershed/Vanilla/myenv/lib/python2.7/site-packages/radical/pilot/configs/resource_epsrc.json
2018-04-22 16:41:38,397: rp.session.WCheng.home.willcheng.017643.0002: MainProcess                     : MainThread     : INFO    : Load resource configurations for epsrc.archer_orte
2018-04-22 16:41:38,397: rp.session.WCheng.home.willcheng.017643.0002: MainProcess                     : MainThread     : DEBUG   : read rcfg for epsrc.archer_orte (None)
2018-04-22 16:41:38,397: rp.session.WCheng.home.willcheng.017643.0002: MainProcess                     : MainThread     : INFO    : Load resource configurations for epsrc.archer_aprun
2018-04-22 16:41:38,398: rp.session.WCheng.home.willcheng.017643.0002: MainProcess                     : MainThread     : DEBUG   : read rcfg for epsrc.archer_aprun (None)
2018-04-22 16:41:38,398: rp.session.WCheng.home.willcheng.017643.0002: MainProcess                     : MainThread     : INFO    : Load resource configurations from /Users/WillC/Documents/Rutgers/Research/RADICAL/watershed/midas/watershed/Vanilla/myenv/lib/python2.7/site-packages/radical/pilot/configs/resource_aliases.json
2018-04-22 16:41:38,398: rp.session.WCheng.home.willcheng.017643.0002: MainProcess                     : MainThread     : INFO    : Load resource configurations from /Users/WillC/Documents/Rutgers/Research/RADICAL/watershed/midas/watershed/Vanilla/myenv/lib/python2.7/site-packages/radical/pilot/configs/resource_rice.json
2018-04-22 16:41:38,401: rp.session.WCheng.home.willcheng.017643.0002: MainProcess                     : MainThread     : INFO    : Load resource configurations for rice.davinci_ssh
2018-04-22 16:41:38,402: rp.session.WCheng.home.willcheng.017643.0002: MainProcess                     : MainThread     : DEBUG   : read rcfg for rice.davinci_ssh (None)
2018-04-22 16:41:38,402: rp.session.WCheng.home.willcheng.017643.0002: MainProcess                     : MainThread     : INFO    : Load resource configurations for rice.biou_ssh
2018-04-22 16:41:38,402: rp.session.WCheng.home.willcheng.017643.0002: MainProcess                     : MainThread     : DEBUG   : read rcfg for rice.biou_ssh (None)
2018-04-22 16:41:38,645: rp.session.WCheng.home.willcheng.017643.0002: MainProcess                     : MainThread     : INFO    : New Session created: rp.session.WCheng.home.willcheng.017643.0002.
2018-04-22 16:41:38,646: rp.session.WCheng.home.willcheng.017643.0002: MainProcess                     : MainThread     : DEBUG   : start bridges   : {u'control_pubsub': {u'bulk_size': 0, u'log_level': u'debug', u'stall_hwm': 1},
 u'log_pubsub': {u'bulk_size': 0, u'log_level': u'debug', u'stall_hwm': 1},
 u'state_pubsub': {u'bulk_size': 0, u'log_level': u'debug', u'stall_hwm': 1}}
2018-04-22 16:41:38,646: rp.session.WCheng.home.willcheng.017643.0002: MainProcess                     : MainThread     : INFO    : create bridge control_pubsub
2018-04-22 16:41:38,676: rp.session.WCheng.home.willcheng.017643.0002: MainProcess                     : MainThread     : INFO    : created bridge control_pubsub (control.pubsub.bridge.0000)
2018-04-22 16:41:38,676: rp.session.WCheng.home.willcheng.017643.0002: MainProcess                     : MainThread     : INFO    : create bridge state_pubsub
2018-04-22 16:41:38,698: rp.session.WCheng.home.willcheng.017643.0002: MainProcess                     : MainThread     : INFO    : created bridge state_pubsub (state.pubsub.bridge.0000)
2018-04-22 16:41:38,698: rp.session.WCheng.home.willcheng.017643.0002: MainProcess                     : MainThread     : INFO    : create bridge log_pubsub
2018-04-22 16:41:38,722: rp.session.WCheng.home.willcheng.017643.0002: MainProcess                     : MainThread     : INFO    : created bridge log_pubsub (log.pubsub.bridge.0000)
2018-04-22 16:41:38,723: rp.session.WCheng.home.willcheng.017643.0002: MainProcess                     : MainThread     : DEBUG   : start components: {u'UpdateWorker': {u'count': 1}}
2018-04-22 16:41:38,723: rp.session.WCheng.home.willcheng.017643.0002: MainProcess                     : MainThread     : DEBUG   : start 1 component(s) UpdateWorker
2018-04-22 16:41:38,941: rp.session.WCheng.home.willcheng.017643.0002: MainProcess                     : MainThread     : INFO    : rp.session.WCheng.home.willcheng.017643.0002 starts update.0
2018-04-22 16:41:39,131: rp.session.WCheng.home.willcheng.017643.0002: MainProcess                     : MainThread     : WARNING : using alias 'xsede.comet_orte' for deprecated resource key 'xsede.comet'
2018-04-22 16:41:39,132: rp.session.WCheng.home.willcheng.017643.0002: MainProcess                     : MainThread     : DEBUG   : get rcfg 1 for xsede.comet_orte (24)
2018-04-22 16:41:39,132: rp.session.WCheng.home.willcheng.017643.0002: MainProcess                     : MainThread     : DEBUG   : get rcfg 2 for xsede.comet_orte (24)
2018-04-22 16:41:39,132: rp.session.WCheng.home.willcheng.017643.0002: MainProcess                     : MainThread     : WARNING : using alias 'xsede.comet_orte' for deprecated resource key 'xsede.comet'
2018-04-22 16:41:39,132: rp.session.WCheng.home.willcheng.017643.0002: MainProcess                     : MainThread     : DEBUG   : get rcfg 1 for xsede.comet_orte (24)
2018-04-22 16:41:39,132: rp.session.WCheng.home.willcheng.017643.0002: MainProcess                     : MainThread     : DEBUG   : get rcfg 2 for xsede.comet_orte (24)
2018-04-22 16:41:39,132: rp.session.WCheng.home.willcheng.017643.0002: MainProcess                     : MainThread     : DEBUG   : rsup.PTYShell('ssh://comet.sdsc.xsede.org/')
2018-04-22 16:41:40,979: rp.session.WCheng.home.willcheng.017643.0002: MainProcess                     : MainThread     : DEBUG   : session rp.session.WCheng.home.willcheng.017643.0002 closing
2018-04-22 16:41:40,979: rp.session.WCheng.home.willcheng.017643.0002: MainProcess                     : MainThread     : DEBUG   : session rp.session.WCheng.home.willcheng.017643.0002 closes pmgr   pmgr.0000
2018-04-22 16:41:43,067: rp.session.WCheng.home.willcheng.017643.0002: MainProcess                     : MainThread     : DEBUG   : session rp.session.WCheng.home.willcheng.017643.0002 closed pmgr   pmgr.0000
2018-04-22 16:41:43,067: rp.session.WCheng.home.willcheng.017643.0002: MainProcess                     : MainThread     : DEBUG   : session rp.session.WCheng.home.willcheng.017643.0002 closes comp   update.0
2018-04-22 16:41:43,067: rp.session.WCheng.home.willcheng.017643.0002: MainProcess                     : MainThread     : DEBUG   : update.0 stop called
2018-04-22 16:41:45,091: rp.session.WCheng.home.willcheng.017643.0002: MainProcess                     : MainThread     : DEBUG   : session rp.session.WCheng.home.willcheng.017643.0002 closed comp   update.0
2018-04-22 16:41:45,091: rp.session.WCheng.home.willcheng.017643.0002: MainProcess                     : MainThread     : DEBUG   : session rp.session.WCheng.home.willcheng.017643.0002 closes bridge control.pubsub.bridge.0000
2018-04-22 16:41:46,108: rp.session.WCheng.home.willcheng.017643.0002: MainProcess                     : MainThread     : DEBUG   : session rp.session.WCheng.home.willcheng.017643.0002 closed bridge control.pubsub.bridge.0000
2018-04-22 16:41:46,109: rp.session.WCheng.home.willcheng.017643.0002: MainProcess                     : MainThread     : DEBUG   : session rp.session.WCheng.home.willcheng.017643.0002 closes bridge state.pubsub.bridge.0000
2018-04-22 16:41:47,135: rp.session.WCheng.home.willcheng.017643.0002: MainProcess                     : MainThread     : DEBUG   : session rp.session.WCheng.home.willcheng.017643.0002 closed bridge state.pubsub.bridge.0000
2018-04-22 16:41:47,135: rp.session.WCheng.home.willcheng.017643.0002: MainProcess                     : MainThread     : DEBUG   : session rp.session.WCheng.home.willcheng.017643.0002 closes bridge log.pubsub.bridge.0000
2018-04-22 16:41:49,263: rp.session.WCheng.home.willcheng.017643.0002: MainProcess                     : MainThread     : DEBUG   : session rp.session.WCheng.home.willcheng.017643.0002 closed bridge log.pubsub.bridge.0000
2018-04-22 16:41:49,263: rp.session.WCheng.home.willcheng.017643.0002: MainProcess                     : MainThread     : DEBUG   : session rp.session.WCheng.home.willcheng.017643.0002 closes db (False)
2018-04-22 16:41:49,264: rp.session.WCheng.home.willcheng.017643.0002: MainProcess                     : MainThread     : DEBUG   : session rp.session.WCheng.home.willcheng.017643.0002 closed (delete=False)
2018-04-22 16:41:49,264: rp.session.WCheng.home.willcheng.017643.0002: MainProcess                     : MainThread     : DEBUG   : update.0 stop called
