2018-04-22 16:41:38,907: state.pubsub.sub.0000: update.0                        : MainThread     : INFO    : python.interpreter   version: 2.7.14 |Anaconda, Inc.| (default, Mar 27 2018, 12:28:59) [GCC 4.2.1 Compatible Clang 4.0.1 (tags/RELEASE_401/final)]
2018-04-22 16:41:38,907: state.pubsub.sub.0000: update.0                        : MainThread     : INFO    :                      pid: 2585
2018-04-22 16:41:38,908: state.pubsub.sub.0000: update.0                        : MainThread     : INFO    :                      tid: MainThread
2018-04-22 16:41:38,908: state.pubsub.sub.0000: update.0                        : MainThread     : INFO    : radical.pilot        version: 0.47.5-v0.47.5-153-g5bd2455@devel
2018-04-22 16:41:38,908: state.pubsub.sub.0000: update.0                        : MainThread     : INFO    : create state_pubsub - sub - tcp://192.168.1.16:51562
2018-04-22 16:41:38,909: state.pubsub.sub.0000: update.0                        : MainThread     : DEBUG   : start process
2018-04-22 16:41:38,910: state.pubsub.sub.0000: update.0                        : MainThread     : DEBUG   : ru_initialize_common (NOOP)
2018-04-22 16:41:38,910: state.pubsub.sub.0000: update.0                        : MainThread     : DEBUG   : ru_initialize_parent (NOOP)
2018-04-22 16:41:38,910: state.pubsub.sub.0000: update.0                        : MainThread     : DEBUG   : process class started (no child)
2018-04-22 16:41:39,083: state.pubsub.sub.0000: MainProcess                     : MainThread     : INFO    : python.interpreter   version: 2.7.14 |Anaconda, Inc.| (default, Mar 27 2018, 12:28:59) [GCC 4.2.1 Compatible Clang 4.0.1 (tags/RELEASE_401/final)]
2018-04-22 16:41:39,083: state.pubsub.sub.0000: MainProcess                     : MainThread     : INFO    :                      pid: 2571
2018-04-22 16:41:39,084: state.pubsub.sub.0000: MainProcess                     : MainThread     : INFO    :                      tid: MainThread
2018-04-22 16:41:39,084: state.pubsub.sub.0000: MainProcess                     : MainThread     : INFO    : radical.pilot        version: 0.47.5-v0.47.5-153-g5bd2455@devel
2018-04-22 16:41:39,084: state.pubsub.sub.0000: MainProcess                     : MainThread     : INFO    : create state_pubsub - sub - tcp://192.168.1.16:51562
2018-04-22 16:41:39,084: state.pubsub.sub.0000: MainProcess                     : MainThread     : DEBUG   : start process
2018-04-22 16:41:39,085: state.pubsub.sub.0000: MainProcess                     : MainThread     : DEBUG   : ru_initialize_common (NOOP)
2018-04-22 16:41:39,085: state.pubsub.sub.0000: MainProcess                     : MainThread     : DEBUG   : ru_initialize_parent (NOOP)
2018-04-22 16:41:39,085: state.pubsub.sub.0000: MainProcess                     : MainThread     : DEBUG   : process class started (no child)
2018-04-22 16:41:42,996: state.pubsub.sub.0000: MainProcess                     : MainThread     : INFO    : parent stops child  2571 -> None [state.pubsub.sub.0000]
2018-04-22 16:41:42,996: state.pubsub.sub.0000: MainProcess                     : MainThread     : DEBUG   : ru_finalize_parent (NOOP)
