2018-04-22 16:41:38,732: update.0.child      : update.0                        : MainThread     : INFO    : python.interpreter   version: 2.7.14 |Anaconda, Inc.| (default, Mar 27 2018, 12:28:59) [GCC 4.2.1 Compatible Clang 4.0.1 (tags/RELEASE_401/final)]
2018-04-22 16:41:38,733: update.0.child      : update.0                        : MainThread     : INFO    :                      pid: 2585
2018-04-22 16:41:38,733: update.0.child      : update.0                        : MainThread     : INFO    :                      tid: MainThread
2018-04-22 16:41:38,734: update.0.child      : update.0                        : MainThread     : INFO    : radical.pilot        version: 0.47.5-v0.47.5-153-g5bd2455@devel
2018-04-22 16:41:38,734: update.0.child      : update.0                        : MainThread     : INFO    : initialize update.0.child
2018-04-22 16:41:38,737: update.0.child      : update.0                        : MainThread     : INFO    : cfg: {'agents': {},
 u'bridges': {u'control_pubsub': {'addr_in': 'tcp://192.168.1.16:51559',
                                  'addr_out': 'tcp://192.168.1.16:51560',
                                  u'bulk_size': 0,
                                  u'log_level': u'debug',
                                  u'stall_hwm': 1},
              u'log_pubsub': {'addr_in': 'tcp://192.168.1.16:51563',
                              'addr_out': 'tcp://192.168.1.16:51564',
                              u'bulk_size': 0,
                              u'log_level': u'debug',
                              u'stall_hwm': 1},
              u'state_pubsub': {'addr_in': 'tcp://192.168.1.16:51561',
                                'addr_out': 'tcp://192.168.1.16:51562',
                                u'bulk_size': 0,
                                u'log_level': u'debug',
                                u'stall_hwm': 1}},
 'cname': u'UpdateWorker',
 u'components': {},
 u'count': 1,
 'dburl': 'mongodb://rp:rp@ds015335.mlab.com:15335/rp',
 'debug': 'DEBUG',
 u'default_dburl': u'mongodb://rp:rp@ds015335.mlab.com:15335/rp',
 'logdir': '/Users/WillC/Documents/Rutgers/Research/RADICAL/watershed/midas/watershed/Vanilla/rp.session.WCheng.home.willcheng.017643.0002',
 'number': 0,
 'owner': 'rp.session.WCheng.home.willcheng.017643.0002',
 'session_id': 'rp.session.WCheng.home.willcheng.017643.0002'}
2018-04-22 16:41:38,737: update.0.child      : update.0                        : MainThread     : DEBUG   : start components: {}
2018-04-22 16:41:38,737: update.0.child      : update.0                        : MainThread     : DEBUG   : alive check in term
2018-04-22 16:41:38,738: update.0.child      : update.0                        : MainThread     : DEBUG   : START: update.0.child register publisher log_pubsub
2018-04-22 16:41:38,738: update.0.child      : update.0                        : MainThread     : DEBUG   : using addr tcp://192.168.1.16:51563 for pubsub log_pubsub
2018-04-22 16:41:38,743: update.0.child      : update.0                        : MainThread     : DEBUG   : registered publisher : log_pubsub : log.pubsub.pub.0000
2018-04-22 16:41:38,743: update.0.child      : update.0                        : MainThread     : DEBUG   : alive check in term
2018-04-22 16:41:38,744: update.0.child      : update.0                        : MainThread     : DEBUG   : START: update.0.child register publisher state_pubsub
2018-04-22 16:41:38,744: update.0.child      : update.0                        : MainThread     : DEBUG   : using addr tcp://192.168.1.16:51561 for pubsub state_pubsub
2018-04-22 16:41:38,748: update.0.child      : update.0                        : MainThread     : DEBUG   : registered publisher : state_pubsub : state.pubsub.pub.0000
2018-04-22 16:41:38,748: update.0.child      : update.0                        : MainThread     : DEBUG   : alive check in term
2018-04-22 16:41:38,748: update.0.child      : update.0                        : MainThread     : DEBUG   : START: update.0.child register publisher control_pubsub
2018-04-22 16:41:38,749: update.0.child      : update.0                        : MainThread     : DEBUG   : using addr tcp://192.168.1.16:51559 for pubsub control_pubsub
2018-04-22 16:41:38,753: update.0.child      : update.0                        : MainThread     : DEBUG   : registered publisher : control_pubsub : control.pubsub.pub.0000
2018-04-22 16:41:38,753: update.0.child      : update.0                        : MainThread     : DEBUG   : alive check in term
2018-04-22 16:41:38,754: update.0.child      : update.0                        : MainThread     : DEBUG   : START: update.0.child register subscriber update.0.child.subscriber._cancel_monitor_cb
2018-04-22 16:41:38,754: update.0.child      : update.0                        : MainThread     : DEBUG   : using addr tcp://192.168.1.16:51560 for pubsub control_pubsub
2018-04-22 16:41:38,759: update.0.child      : update.0                        : MainThread     : DEBUG   : parent name: update.0.child.subscriber._cancel_monitor_cb
2018-04-22 16:41:38,759: update.0.child      : update.0                        : MainThread     : DEBUG   : start thread
2018-04-22 16:41:38,760: update.0.child      : update.0                        : update.0.child.subscriber._cancel_monitor_cb: DEBUG   : child name: update.0.child.subscriber._cancel_monitor_cb.thread
2018-04-22 16:41:38,760: update.0.child      : update.0                        : update.0.child.subscriber._cancel_monitor_cb: INFO    : child (me) initializing
2018-04-22 16:41:38,761: update.0.child      : update.0                        : update.0.child.subscriber._cancel_monitor_cb: DEBUG   : ru_initialize_common (NOOP)
2018-04-22 16:41:38,761: update.0.child      : update.0                        : update.0.child.subscriber._cancel_monitor_cb: DEBUG   : ru_initialize_child (NOOP)
2018-04-22 16:41:38,761: update.0.child      : update.0                        : update.0.child.subscriber._cancel_monitor_cb: INFO    : send alive
2018-04-22 16:41:38,761: update.0.child      : update.0                        : update.0.child.subscriber._cancel_monitor_cb: INFO    : put message: [update.0.child.subscriber._cancel_monitor_cb.thread] alive
2018-04-22 16:41:38,764: update.0.child      : update.0                        : MainThread     : INFO    : get msg: alive
2018-04-22 16:41:38,765: update.0.child      : update.0                        : MainThread     : DEBUG   : ru_initialize_common (NOOP)
2018-04-22 16:41:38,765: update.0.child      : update.0                        : MainThread     : DEBUG   : ru_initialize_parent (NOOP)
2018-04-22 16:41:38,765: update.0.child      : update.0                        : MainThread     : DEBUG   : child thread update.0.child.subscriber._cancel_monitor_cb started
2018-04-22 16:41:38,766: update.0.child      : update.0                        : MainThread     : DEBUG   : update.0.child registered control_pubsub subscriber update.0.child.subscriber._cancel_monitor_cb
2018-04-22 16:41:38,905: update.0.child      : update.0                        : MainThread     : DEBUG   : alive check in term
2018-04-22 16:41:38,905: update.0.child      : update.0                        : MainThread     : DEBUG   : START: update.0.child register subscriber update.0.child.subscriber._state_cb
2018-04-22 16:41:38,906: update.0.child      : update.0                        : MainThread     : DEBUG   : using addr tcp://192.168.1.16:51562 for pubsub state_pubsub
2018-04-22 16:41:38,911: update.0.child      : update.0                        : MainThread     : DEBUG   : parent name: update.0.child.subscriber._state_cb
2018-04-22 16:41:38,911: update.0.child      : update.0                        : MainThread     : DEBUG   : start thread
2018-04-22 16:41:38,912: update.0.child      : update.0                        : update.0.child.subscriber._state_cb: DEBUG   : child name: update.0.child.subscriber._state_cb.thread
2018-04-22 16:41:38,912: update.0.child      : update.0                        : update.0.child.subscriber._state_cb: INFO    : child (me) initializing
2018-04-22 16:41:38,912: update.0.child      : update.0                        : update.0.child.subscriber._state_cb: DEBUG   : ru_initialize_common (NOOP)
2018-04-22 16:41:38,913: update.0.child      : update.0                        : update.0.child.subscriber._state_cb: DEBUG   : ru_initialize_child (NOOP)
2018-04-22 16:41:38,913: update.0.child      : update.0                        : update.0.child.subscriber._state_cb: INFO    : send alive
2018-04-22 16:41:38,913: update.0.child      : update.0                        : update.0.child.subscriber._state_cb: INFO    : put message: [update.0.child.subscriber._state_cb.thread] alive
2018-04-22 16:41:38,913: update.0.child      : update.0                        : MainThread     : INFO    : get msg: alive
2018-04-22 16:41:38,914: update.0.child      : update.0                        : MainThread     : DEBUG   : ru_initialize_common (NOOP)
2018-04-22 16:41:38,914: update.0.child      : update.0                        : MainThread     : DEBUG   : ru_initialize_parent (NOOP)
2018-04-22 16:41:38,914: update.0.child      : update.0                        : MainThread     : DEBUG   : child thread update.0.child.subscriber._state_cb started
2018-04-22 16:41:38,915: update.0.child      : update.0                        : MainThread     : DEBUG   : update.0.child registered state_pubsub subscriber update.0.child.subscriber._state_cb
2018-04-22 16:41:38,915: update.0.child      : update.0                        : MainThread     : DEBUG   : alive check in term
2018-04-22 16:41:38,915: update.0.child      : update.0                        : MainThread     : DEBUG   : START: update.0.child register idler update.0.child.idler._idle_cb
2018-04-22 16:41:38,915: update.0.child      : update.0                        : MainThread     : DEBUG   : parent name: update.0.child.idler._idle_cb
2018-04-22 16:41:38,916: update.0.child      : update.0                        : MainThread     : DEBUG   : start thread
2018-04-22 16:41:38,916: update.0.child      : update.0                        : update.0.child.idler._idle_cb: DEBUG   : child name: update.0.child.idler._idle_cb.thread
2018-04-22 16:41:38,917: update.0.child      : update.0                        : update.0.child.idler._idle_cb: INFO    : child (me) initializing
2018-04-22 16:41:38,917: update.0.child      : update.0                        : update.0.child.idler._idle_cb: DEBUG   : ru_initialize_common (NOOP)
2018-04-22 16:41:38,917: update.0.child      : update.0                        : update.0.child.idler._idle_cb: DEBUG   : ru_initialize_child (NOOP)
2018-04-22 16:41:38,917: update.0.child      : update.0                        : update.0.child.idler._idle_cb: INFO    : send alive
2018-04-22 16:41:38,918: update.0.child      : update.0                        : update.0.child.idler._idle_cb: INFO    : put message: [update.0.child.idler._idle_cb.thread] alive
2018-04-22 16:41:38,920: update.0.child      : update.0                        : MainThread     : INFO    : get msg: alive
2018-04-22 16:41:38,920: update.0.child      : update.0                        : MainThread     : DEBUG   : ru_initialize_common (NOOP)
2018-04-22 16:41:38,921: update.0.child      : update.0                        : MainThread     : DEBUG   : ru_initialize_parent (NOOP)
2018-04-22 16:41:38,921: update.0.child      : update.0                        : MainThread     : DEBUG   : child thread update.0.child.idler._idle_cb started
2018-04-22 16:41:38,921: update.0.child      : update.0                        : MainThread     : DEBUG   : update.0.child registered idler update.0.child.idler._idle_cb
2018-04-22 16:41:38,921: update.0.child      : update.0                        : MainThread     : INFO    : child (me) initializing
2018-04-22 16:41:38,922: update.0.child      : update.0                        : MainThread     : DEBUG   : parent name: update.0.child.watch
2018-04-22 16:41:38,922: update.0.child      : update.0                        : MainThread     : DEBUG   : start thread
2018-04-22 16:41:38,923: update.0.child      : update.0                        : update.0.child.watch: DEBUG   : child name: update.0.child.watch.thread
2018-04-22 16:41:38,923: update.0.child      : update.0                        : update.0.child.watch: INFO    : child (me) initializing
2018-04-22 16:41:38,923: update.0.child      : update.0                        : update.0.child.watch: DEBUG   : ru_initialize_common (NOOP)
2018-04-22 16:41:38,923: update.0.child      : update.0                        : update.0.child.watch: DEBUG   : ru_initialize_child (NOOP)
2018-04-22 16:41:38,924: update.0.child      : update.0                        : update.0.child.watch: INFO    : send alive
2018-04-22 16:41:38,924: update.0.child      : update.0                        : update.0.child.watch: INFO    : put message: [update.0.child.watch.thread] alive
2018-04-22 16:41:38,926: update.0.child      : update.0                        : MainThread     : INFO    : get msg: alive
2018-04-22 16:41:38,927: update.0.child      : update.0                        : MainThread     : DEBUG   : ru_initialize_common (NOOP)
2018-04-22 16:41:38,927: update.0.child      : update.0                        : MainThread     : DEBUG   : ru_initialize_parent (NOOP)
2018-04-22 16:41:38,927: update.0.child      : update.0                        : MainThread     : DEBUG   : child thread update.0.child.watch started
2018-04-22 16:41:38,928: update.0.child      : update.0                        : MainThread     : INFO    : child (me) is alive
2018-04-22 16:41:38,928: update.0.child      : update.0                        : MainThread     : INFO    : send alive
2018-04-22 16:41:38,928: update.0.child      : update.0                        : MainThread     : INFO    : send message: [update.0.child] alive
2018-04-22 16:41:40,982: update.0.child      : update.0                        : update.0.child.subscriber._cancel_monitor_cb: DEBUG   : command ignored: cancel_pilots
2018-04-22 16:41:43,078: update.0.child      : update.0                        : update.0.child.watch: INFO    : recv message: STOP
2018-04-22 16:41:43,079: update.0.child      : update.0                        : update.0.child.watch: INFO    : message received: STOP
2018-04-22 16:41:43,079: update.0.child      : update.0                        : update.0.child.watch: INFO    : STOP received: STOP
2018-04-22 16:41:43,079: update.0.child      : update.0                        : update.0.child.watch: INFO    : watcher closes
2018-04-22 16:41:43,080: update.0.child      : update.0                        : update.0.child.watch: ERROR   : abort: error(57, 'Socket is not connected')
Traceback (most recent call last):
  File "/Users/WillC/Documents/Rutgers/Research/RADICAL/watershed/midas/watershed/Vanilla/myenv/lib/python2.7/site-packages/radical/utils/threads.py", line 375, in _run
    if not self.work_cb():
  File "/Users/WillC/Documents/Rutgers/Research/RADICAL/watershed/midas/watershed/Vanilla/myenv/lib/python2.7/site-packages/radical/utils/process.py", line 300, in _ru_watch
    self._ru_endpoint.shutdown(socket.SHUT_RDWR)
error: [Errno 57] Socket is not connected
2018-04-22 16:41:43,081: update.0.child      : update.0                        : update.0.child.watch: INFO    : put message: [update.0.child.watch.thread] error(57, 'Socket is not connected')
2018-04-22 16:41:43,081: update.0.child      : update.0                        : update.0.child.watch: DEBUG   : ru_finalize_child (NOOP)
2018-04-22 16:41:43,082: update.0.child      : update.0                        : update.0.child.watch: DEBUG   : ru_finalize_common (NOOP)
2018-04-22 16:41:43,082: update.0.child      : update.0                        : update.0.child.watch: INFO    : put message: [update.0.child.watch.thread] terminating
