2018-04-22 16:41:38,724: update.0            : MainProcess                     : MainThread     : INFO    : python.interpreter   version: 2.7.14 |Anaconda, Inc.| (default, Mar 27 2018, 12:28:59) [GCC 4.2.1 Compatible Clang 4.0.1 (tags/RELEASE_401/final)]
2018-04-22 16:41:38,725: update.0            : MainProcess                     : MainThread     : INFO    :                      pid: 2571
2018-04-22 16:41:38,725: update.0            : MainProcess                     : MainThread     : INFO    :                      tid: MainThread
2018-04-22 16:41:38,725: update.0            : MainProcess                     : MainThread     : INFO    : radical.pilot        version: 0.47.5-v0.47.5-153-g5bd2455@devel
2018-04-22 16:41:38,725: update.0            : MainProcess                     : MainThread     : DEBUG   : alive check in term
2018-04-22 16:41:38,725: update.0            : MainProcess                     : MainThread     : DEBUG   : start process
2018-04-22 16:41:38,928: update.0            : MainProcess                     : MainThread     : INFO    : recv message: alive
2018-04-22 16:41:38,929: update.0            : MainProcess                     : MainThread     : INFO    : initialize update.0
2018-04-22 16:41:38,931: update.0            : MainProcess                     : MainThread     : INFO    : cfg: {'agents': {},
 u'bridges': {u'control_pubsub': {'addr_in': 'tcp://192.168.1.16:51559',
                                  'addr_out': 'tcp://192.168.1.16:51560',
                                  u'bulk_size': 0,
                                  u'log_level': u'debug',
                                  u'stall_hwm': 1},
              u'log_pubsub': {'addr_in': 'tcp://192.168.1.16:51563',
                              'addr_out': 'tcp://192.168.1.16:51564',
                              u'bulk_size': 0,
                              u'log_level': u'debug',
                              u'stall_hwm': 1},
              u'state_pubsub': {'addr_in': 'tcp://192.168.1.16:51561',
                                'addr_out': 'tcp://192.168.1.16:51562',
                                u'bulk_size': 0,
                                u'log_level': u'debug',
                                u'stall_hwm': 1}},
 'cname': u'UpdateWorker',
 u'components': {},
 u'count': 1,
 'dburl': 'mongodb://rp:rp@ds015335.mlab.com:15335/rp',
 'debug': 'DEBUG',
 u'default_dburl': u'mongodb://rp:rp@ds015335.mlab.com:15335/rp',
 'logdir': '/Users/WillC/Documents/Rutgers/Research/RADICAL/watershed/midas/watershed/Vanilla/rp.session.WCheng.home.willcheng.017643.0002',
 'number': 0,
 'owner': 'rp.session.WCheng.home.willcheng.017643.0002',
 'session_id': 'rp.session.WCheng.home.willcheng.017643.0002'}
2018-04-22 16:41:38,931: update.0            : MainProcess                     : MainThread     : DEBUG   : alive check in term
2018-04-22 16:41:38,931: update.0            : MainProcess                     : MainThread     : DEBUG   : START: update.0 register publisher log_pubsub
2018-04-22 16:41:38,931: update.0            : MainProcess                     : MainThread     : DEBUG   : using addr tcp://192.168.1.16:51563 for pubsub log_pubsub
2018-04-22 16:41:38,934: update.0            : MainProcess                     : MainThread     : DEBUG   : registered publisher : log_pubsub : log.pubsub.pub.0000
2018-04-22 16:41:38,934: update.0            : MainProcess                     : MainThread     : DEBUG   : alive check in term
2018-04-22 16:41:38,934: update.0            : MainProcess                     : MainThread     : DEBUG   : START: update.0 register publisher state_pubsub
2018-04-22 16:41:38,934: update.0            : MainProcess                     : MainThread     : DEBUG   : using addr tcp://192.168.1.16:51561 for pubsub state_pubsub
2018-04-22 16:41:38,937: update.0            : MainProcess                     : MainThread     : DEBUG   : registered publisher : state_pubsub : state.pubsub.pub.0000
2018-04-22 16:41:38,937: update.0            : MainProcess                     : MainThread     : DEBUG   : alive check in term
2018-04-22 16:41:38,937: update.0            : MainProcess                     : MainThread     : DEBUG   : START: update.0 register publisher control_pubsub
2018-04-22 16:41:38,937: update.0            : MainProcess                     : MainThread     : DEBUG   : using addr tcp://192.168.1.16:51559 for pubsub control_pubsub
2018-04-22 16:41:38,939: update.0            : MainProcess                     : MainThread     : DEBUG   : registered publisher : control_pubsub : control.pubsub.pub.0000
2018-04-22 16:41:38,939: update.0            : MainProcess                     : MainThread     : DEBUG   : parent name: update.0.watch
2018-04-22 16:41:38,939: update.0            : MainProcess                     : MainThread     : DEBUG   : start thread
2018-04-22 16:41:38,939: update.0            : MainProcess                     : update.0.watch : DEBUG   : child name: update.0.watch.thread
2018-04-22 16:41:38,940: update.0            : MainProcess                     : update.0.watch : INFO    : child (me) initializing
2018-04-22 16:41:38,940: update.0            : MainProcess                     : update.0.watch : DEBUG   : ru_initialize_common (NOOP)
2018-04-22 16:41:38,940: update.0            : MainProcess                     : update.0.watch : DEBUG   : ru_initialize_child (NOOP)
2018-04-22 16:41:38,940: update.0            : MainProcess                     : update.0.watch : INFO    : send alive
2018-04-22 16:41:38,940: update.0            : MainProcess                     : update.0.watch : INFO    : put message: [update.0.watch.thread] alive
2018-04-22 16:41:38,941: update.0            : MainProcess                     : MainThread     : INFO    : get msg: alive
2018-04-22 16:41:38,941: update.0            : MainProcess                     : MainThread     : DEBUG   : ru_initialize_common (NOOP)
2018-04-22 16:41:38,941: update.0            : MainProcess                     : MainThread     : DEBUG   : ru_initialize_parent (NOOP)
2018-04-22 16:41:38,941: update.0            : MainProcess                     : MainThread     : DEBUG   : child thread update.0.watch started
2018-04-22 16:41:38,941: update.0            : MainProcess                     : MainThread     : INFO    : child is alive
2018-04-22 16:41:38,941: update.0            : MainProcess                     : MainThread     : DEBUG   : process class started child
2018-04-22 16:41:43,068: update.0            : MainProcess                     : MainThread     : INFO    : stop update.0 (2571 : 2585 : MainThread) [radical.pilot.worker.update.Update.stop]
2018-04-22 16:41:43,069: update.0            : MainProcess                     : MainThread     : INFO    : parent stops child  2571 -> 2585 [update.0]
2018-04-22 16:41:43,069: update.0            : MainProcess                     : MainThread     : INFO    : send message: [update.0] STOP
2018-04-22 16:41:43,069: update.0            : MainProcess                     : MainThread     : DEBUG   : ru_finalize_common()
2018-04-22 16:41:43,069: update.0            : MainProcess                     : MainThread     : DEBUG   : TERM : update.0 unregister publisher log_pubsub
2018-04-22 16:41:43,070: update.0            : MainProcess                     : MainThread     : DEBUG   : unregistered publisher log_pubsub
2018-04-22 16:41:43,070: update.0            : MainProcess                     : MainThread     : DEBUG   : TERM : update.0 unregister publisher state_pubsub
2018-04-22 16:41:43,071: update.0            : MainProcess                     : MainThread     : DEBUG   : unregistered publisher state_pubsub
2018-04-22 16:41:43,072: update.0            : MainProcess                     : MainThread     : DEBUG   : TERM : update.0 unregister publisher control_pubsub
2018-04-22 16:41:43,073: update.0            : MainProcess                     : MainThread     : DEBUG   : unregistered publisher control_pubsub
2018-04-22 16:41:43,073: update.0            : MainProcess                     : MainThread     : DEBUG   : update.0 close prof
2018-04-22 16:41:43,073: update.0            : MainProcess                     : MainThread     : INFO    : parent stops child
2018-04-22 16:41:43,073: update.0            : MainProcess                     : MainThread     : DEBUG   : ru_finalize_parent (NOOP)
2018-04-22 16:41:43,073: update.0            : MainProcess                     : MainThread     : DEBUG   : ru_finalize_common (NOOP)
2018-04-22 16:41:43,078: update.0            : MainProcess                     : update.0.watch : INFO    : watcher closes
2018-04-22 16:41:43,079: update.0            : MainProcess                     : update.0.watch : INFO    : put message: [update.0.watch.thread] work finished
2018-04-22 16:41:43,079: update.0            : MainProcess                     : update.0.watch : DEBUG   : ru_finalize_child (NOOP)
2018-04-22 16:41:43,079: update.0            : MainProcess                     : update.0.watch : DEBUG   : ru_finalize_common (NOOP)
2018-04-22 16:41:43,079: update.0            : MainProcess                     : update.0.watch : INFO    : put message: [update.0.watch.thread] terminating
2018-04-22 16:41:45,083: update.0            : MainProcess                     : MainThread     : WARNING : failed to stop child - terminate: 2571 -> 2585 [update.0]
2018-04-22 16:41:49,264: update.0            : MainProcess                     : MainThread     : INFO    : stop update.0 (2571 : 2585 : MainThread) [radical.pilot.worker.update.Update.stop]
